[ 2023-01-05 20:18:38,623 ] 15 root - INFO - >>>>>>>>>>>>>>>>>>>>>>>>>>>>>>>>>>>>>>>> Data Ingestion <<<<<<<<<<<<<<<<<<<<<<<<<<<<<<<<<<<<<<<<
[ 2023-01-05 20:18:38,623 ] 22 root - INFO - Exporting collection data as pandas dataframe
[ 2023-01-05 20:18:38,623 ] 21 root - INFO - Reading data from database: aps and collection: sensor
[ 2023-01-05 20:18:42,091 ] 23 root - INFO - Found columns: Index(['_id', 'class', 'aa_000', 'ab_000', 'ac_000', 'ad_000', 'ae_000',
       'af_000', 'ag_000', 'ag_001',
       ...
       'ee_002', 'ee_003', 'ee_004', 'ee_005', 'ee_006', 'ee_007', 'ee_008',
       'ee_009', 'ef_000', 'eg_000'],
      dtype='object', length=172)
[ 2023-01-05 20:18:42,092 ] 25 root - INFO - Dropping column: _id 
[ 2023-01-05 20:18:42,285 ] 27 root - INFO - Row and columns in df: (36188, 171)
[ 2023-01-05 20:18:42,285 ] 28 root - INFO - Save data in feature store
[ 2023-01-05 20:18:42,870 ] 34 root - INFO - Create feature store folder if not available
[ 2023-01-05 20:18:42,871 ] 38 root - INFO - Save df to feature store folder
[ 2023-01-05 20:18:45,380 ] 43 root - INFO - split dataset into train and test set
[ 2023-01-05 20:18:45,962 ] 47 root - INFO - create dataset directory folder if not available
[ 2023-01-05 20:18:45,963 ] 52 root - INFO - Save df to feature store folder
[ 2023-01-05 20:18:48,258 ] 64 root - INFO - Data ingestion artifact: DataIngestionArtifact(feature_store_file_path='/config/workspace/artifact/01052023__201838/data_ingestion/feature_store/sensor.csv', train_file_path='/config/workspace/artifact/01052023__201838/data_ingestion/dataset/train.csv', test_file_path='/config/workspace/artifact/01052023__201838/data_ingestion/dataset/test.csv')
[ 2023-01-05 20:18:48,743 ] 20 root - INFO - >>>>>>>>>>>>>>>>>>>>>>>>>>>>>>>>>>>>>>>>Data Validation <<<<<<<<<<<<<<<<<<<<<<<<<<<<<<<<<<<<<<<<
[ 2023-01-05 20:18:48,745 ] 107 root - INFO - Reading base dataframe
[ 2023-01-05 20:18:50,362 ] 109 root - INFO - Replace na value with NaN
[ 2023-01-05 20:18:51,719 ] 112 root - INFO - Drop null values column from base df
[ 2023-01-05 20:18:52,696 ] 42 root - INFO - selecting column name which contains null above to 0.2
[ 2023-01-05 20:18:52,696 ] 45 root - INFO - Columns to drop: ['ab_000', 'ad_000', 'bk_000', 'bl_000', 'bm_000', 'bn_000', 'bo_000', 'bp_000', 'bq_000', 'br_000', 'cf_000', 'cg_000', 'ch_000', 'co_000', 'cr_000', 'ct_000', 'cu_000', 'cv_000', 'cx_000', 'cy_000', 'cz_000', 'da_000', 'db_000', 'dc_000']
[ 2023-01-05 20:18:52,775 ] 115 root - INFO - Reading train dataframe
[ 2023-01-05 20:18:53,183 ] 117 root - INFO - Reading test dataframe
[ 2023-01-05 20:18:53,286 ] 120 root - INFO - Drop null values columns from train df
[ 2023-01-05 20:18:53,298 ] 42 root - INFO - selecting column name which contains null above to 0.2
[ 2023-01-05 20:18:53,298 ] 45 root - INFO - Columns to drop: ['ab_000', 'ad_000', 'bk_000', 'bl_000', 'bm_000', 'bn_000', 'bo_000', 'bp_000', 'bq_000', 'br_000', 'cf_000', 'cg_000', 'ch_000', 'co_000', 'cr_000', 'ct_000', 'cu_000', 'cv_000', 'cx_000', 'cy_000', 'cz_000', 'da_000', 'db_000', 'dc_000']
[ 2023-01-05 20:18:53,308 ] 122 root - INFO - Drop null values columns from test df
[ 2023-01-05 20:18:53,312 ] 42 root - INFO - selecting column name which contains null above to 0.2
[ 2023-01-05 20:18:53,313 ] 45 root - INFO - Columns to drop: ['ab_000', 'ad_000', 'bk_000', 'bl_000', 'bm_000', 'bn_000', 'bo_000', 'bp_000', 'bq_000', 'br_000', 'cf_000', 'cg_000', 'ch_000', 'co_000', 'cr_000', 'ct_000', 'cu_000', 'cv_000', 'cx_000', 'cy_000', 'cz_000', 'da_000', 'db_000', 'dc_000']
[ 2023-01-05 20:18:59,431 ] 130 root - INFO - Is all required columns present in train df
[ 2023-01-05 20:18:59,431 ] 132 root - INFO - Is all required columns present in test df
[ 2023-01-05 20:18:59,431 ] 136 root - INFO - As all column are available in train df hence detecting data drift
[ 2023-01-05 20:18:59,431 ] 85 root - INFO - Hypothesis class: object, object 
