[ 2023-01-07 01:22:48,075 ] 15 root - INFO - >>>>>>>>>>>>>>>>>>>>>>>>>>>>>>>>>>>>>>>> Data Ingestion <<<<<<<<<<<<<<<<<<<<<<<<<<<<<<<<<<<<<<<<
[ 2023-01-07 01:22:48,076 ] 22 root - INFO - Exporting collection data as pandas dataframe
[ 2023-01-07 01:22:48,076 ] 21 root - INFO - Reading data from database: aps and collection: sensor
[ 2023-01-07 01:22:51,666 ] 23 root - INFO - Found columns: Index(['_id', 'class', 'aa_000', 'ab_000', 'ac_000', 'ad_000', 'ae_000',
       'af_000', 'ag_000', 'ag_001',
       ...
       'ee_002', 'ee_003', 'ee_004', 'ee_005', 'ee_006', 'ee_007', 'ee_008',
       'ee_009', 'ef_000', 'eg_000'],
      dtype='object', length=172)
[ 2023-01-07 01:22:51,666 ] 25 root - INFO - Dropping column: _id 
[ 2023-01-07 01:22:51,858 ] 27 root - INFO - Row and columns in df: (36188, 171)
[ 2023-01-07 01:22:51,858 ] 28 root - INFO - Save data in feature store
[ 2023-01-07 01:22:52,376 ] 34 root - INFO - Create feature store folder if not available
[ 2023-01-07 01:22:52,376 ] 38 root - INFO - Save df to feature store folder
[ 2023-01-07 01:22:54,712 ] 43 root - INFO - split dataset into train and test set
[ 2023-01-07 01:22:55,290 ] 47 root - INFO - create dataset directory folder if not available
[ 2023-01-07 01:22:55,291 ] 52 root - INFO - Save df to feature store folder
[ 2023-01-07 01:22:57,412 ] 64 root - INFO - Data ingestion artifact: DataIngestionArtifact(feature_store_file_path='/config/workspace/artifact/01072023__012248/data_ingestion/feature_store/sensor.csv', train_file_path='/config/workspace/artifact/01072023__012248/data_ingestion/dataset/train.csv', test_file_path='/config/workspace/artifact/01072023__012248/data_ingestion/dataset/test.csv')
[ 2023-01-07 01:22:58,088 ] 20 root - INFO - >>>>>>>>>>>>>>>>>>>>>>>>>>>>>>>>>>>>>>>>Data Validation <<<<<<<<<<<<<<<<<<<<<<<<<<<<<<<<<<<<<<<<
[ 2023-01-07 01:22:58,088 ] 107 root - INFO - Reading base dataframe
[ 2023-01-07 01:22:59,650 ] 109 root - INFO - Replace na value with NaN
[ 2023-01-07 01:23:00,969 ] 112 root - INFO - Drop null values column from base df
[ 2023-01-07 01:23:01,861 ] 42 root - INFO - selecting column name which contains null above to 0.2
[ 2023-01-07 01:23:01,861 ] 45 root - INFO - Columns to drop: ['ab_000', 'ad_000', 'bk_000', 'bl_000', 'bm_000', 'bn_000', 'bo_000', 'bp_000', 'bq_000', 'br_000', 'cf_000', 'cg_000', 'ch_000', 'co_000', 'cr_000', 'ct_000', 'cu_000', 'cv_000', 'cx_000', 'cy_000', 'cz_000', 'da_000', 'db_000', 'dc_000']
[ 2023-01-07 01:23:01,941 ] 115 root - INFO - Reading train dataframe
[ 2023-01-07 01:23:02,324 ] 117 root - INFO - Reading test dataframe
[ 2023-01-07 01:23:02,440 ] 120 root - INFO - Drop null values columns from train df
[ 2023-01-07 01:23:02,452 ] 42 root - INFO - selecting column name which contains null above to 0.2
[ 2023-01-07 01:23:02,452 ] 45 root - INFO - Columns to drop: ['ab_000', 'ad_000', 'bk_000', 'bl_000', 'bm_000', 'bn_000', 'bo_000', 'bp_000', 'bq_000', 'br_000', 'cf_000', 'cg_000', 'ch_000', 'co_000', 'cr_000', 'ct_000', 'cu_000', 'cv_000', 'cx_000', 'cy_000', 'cz_000', 'da_000', 'db_000', 'dc_000']
[ 2023-01-07 01:23:02,461 ] 122 root - INFO - Drop null values columns from test df
[ 2023-01-07 01:23:02,465 ] 42 root - INFO - selecting column name which contains null above to 0.2
[ 2023-01-07 01:23:02,466 ] 45 root - INFO - Columns to drop: ['ab_000', 'ad_000', 'bk_000', 'bl_000', 'bm_000', 'bn_000', 'bo_000', 'bp_000', 'bq_000', 'br_000', 'cf_000', 'cg_000', 'ch_000', 'co_000', 'cr_000', 'ct_000', 'cu_000', 'cv_000', 'cx_000', 'cy_000', 'cz_000', 'da_000', 'db_000', 'dc_000']
[ 2023-01-07 01:23:08,359 ] 130 root - INFO - Is all required columns present in train df
[ 2023-01-07 01:23:08,359 ] 132 root - INFO - Is all required columns present in test df
[ 2023-01-07 01:23:08,359 ] 136 root - INFO - As all column are available in train df hence detecting data drift
[ 2023-01-07 01:23:08,359 ] 85 root - INFO - Hypothesis class: object, object 
[ 2023-01-07 01:23:08,495 ] 85 root - INFO - Hypothesis aa_000: float64, float64 
[ 2023-01-07 01:23:08,505 ] 85 root - INFO - Hypothesis ac_000: float64, float64 
[ 2023-01-07 01:23:08,545 ] 85 root - INFO - Hypothesis ae_000: float64, float64 
[ 2023-01-07 01:23:08,582 ] 85 root - INFO - Hypothesis af_000: float64, float64 
[ 2023-01-07 01:23:08,619 ] 85 root - INFO - Hypothesis ag_000: float64, float64 
[ 2023-01-07 01:23:08,654 ] 85 root - INFO - Hypothesis ag_001: float64, float64 
[ 2023-01-07 01:23:08,690 ] 85 root - INFO - Hypothesis ag_002: float64, float64 
[ 2023-01-07 01:23:08,725 ] 85 root - INFO - Hypothesis ag_003: float64, float64 
[ 2023-01-07 01:23:08,732 ] 85 root - INFO - Hypothesis ag_004: float64, float64 
[ 2023-01-07 01:23:08,741 ] 85 root - INFO - Hypothesis ag_005: float64, float64 
[ 2023-01-07 01:23:08,752 ] 85 root - INFO - Hypothesis ag_006: float64, float64 
[ 2023-01-07 01:23:08,762 ] 85 root - INFO - Hypothesis ag_007: float64, float64 
[ 2023-01-07 01:23:08,771 ] 85 root - INFO - Hypothesis ag_008: float64, float64 
[ 2023-01-07 01:23:08,780 ] 85 root - INFO - Hypothesis ag_009: float64, float64 
[ 2023-01-07 01:23:08,786 ] 85 root - INFO - Hypothesis ah_000: float64, float64 
[ 2023-01-07 01:23:08,797 ] 85 root - INFO - Hypothesis ai_000: float64, float64 
[ 2023-01-07 01:23:08,834 ] 85 root - INFO - Hypothesis aj_000: float64, float64 
[ 2023-01-07 01:23:08,839 ] 85 root - INFO - Hypothesis ak_000: float64, float64 
[ 2023-01-07 01:23:08,877 ] 85 root - INFO - Hypothesis al_000: float64, float64 
[ 2023-01-07 01:23:08,884 ] 85 root - INFO - Hypothesis am_0: float64, float64 
[ 2023-01-07 01:23:08,896 ] 85 root - INFO - Hypothesis an_000: float64, float64 
[ 2023-01-07 01:23:08,907 ] 85 root - INFO - Hypothesis ao_000: float64, float64 
[ 2023-01-07 01:23:08,917 ] 85 root - INFO - Hypothesis ap_000: float64, float64 
[ 2023-01-07 01:23:08,928 ] 85 root - INFO - Hypothesis aq_000: float64, float64 
[ 2023-01-07 01:23:08,939 ] 85 root - INFO - Hypothesis ar_000: float64, float64 
[ 2023-01-07 01:23:08,978 ] 85 root - INFO - Hypothesis as_000: float64, float64 
[ 2023-01-07 01:23:09,015 ] 85 root - INFO - Hypothesis at_000: float64, float64 
[ 2023-01-07 01:23:09,051 ] 85 root - INFO - Hypothesis au_000: float64, float64 
[ 2023-01-07 01:23:09,087 ] 85 root - INFO - Hypothesis av_000: float64, float64 
[ 2023-01-07 01:23:09,096 ] 85 root - INFO - Hypothesis ax_000: float64, float64 
[ 2023-01-07 01:23:09,104 ] 85 root - INFO - Hypothesis ay_000: float64, float64 
[ 2023-01-07 01:23:09,139 ] 85 root - INFO - Hypothesis ay_001: float64, float64 
[ 2023-01-07 01:23:09,175 ] 85 root - INFO - Hypothesis ay_002: float64, float64 
[ 2023-01-07 01:23:09,211 ] 85 root - INFO - Hypothesis ay_003: float64, float64 
[ 2023-01-07 01:23:09,247 ] 85 root - INFO - Hypothesis ay_004: float64, float64 
[ 2023-01-07 01:23:09,283 ] 85 root - INFO - Hypothesis ay_005: float64, float64 
[ 2023-01-07 01:23:09,324 ] 85 root - INFO - Hypothesis ay_006: float64, float64 
[ 2023-01-07 01:23:09,335 ] 85 root - INFO - Hypothesis ay_007: float64, float64 
[ 2023-01-07 01:23:09,345 ] 85 root - INFO - Hypothesis ay_008: float64, float64 
[ 2023-01-07 01:23:09,355 ] 85 root - INFO - Hypothesis ay_009: float64, float64 
[ 2023-01-07 01:23:09,390 ] 85 root - INFO - Hypothesis az_000: float64, float64 
[ 2023-01-07 01:23:09,400 ] 85 root - INFO - Hypothesis az_001: float64, float64 
[ 2023-01-07 01:23:09,410 ] 85 root - INFO - Hypothesis az_002: float64, float64 
[ 2023-01-07 01:23:09,419 ] 85 root - INFO - Hypothesis az_003: float64, float64 
[ 2023-01-07 01:23:09,429 ] 85 root - INFO - Hypothesis az_004: float64, float64 
[ 2023-01-07 01:23:09,439 ] 85 root - INFO - Hypothesis az_005: float64, float64 
[ 2023-01-07 01:23:09,450 ] 85 root - INFO - Hypothesis az_006: float64, float64 
[ 2023-01-07 01:23:09,491 ] 85 root - INFO - Hypothesis az_007: float64, float64 
[ 2023-01-07 01:23:09,528 ] 85 root - INFO - Hypothesis az_008: float64, float64 
[ 2023-01-07 01:23:09,564 ] 85 root - INFO - Hypothesis az_009: float64, float64 
[ 2023-01-07 01:23:09,600 ] 85 root - INFO - Hypothesis ba_000: float64, float64 
[ 2023-01-07 01:23:09,611 ] 85 root - INFO - Hypothesis ba_001: float64, float64 
[ 2023-01-07 01:23:09,622 ] 85 root - INFO - Hypothesis ba_002: float64, float64 
[ 2023-01-07 01:23:09,633 ] 85 root - INFO - Hypothesis ba_003: float64, float64 
[ 2023-01-07 01:23:09,643 ] 85 root - INFO - Hypothesis ba_004: float64, float64 
[ 2023-01-07 01:23:09,653 ] 85 root - INFO - Hypothesis ba_005: float64, float64 
[ 2023-01-07 01:23:09,664 ] 85 root - INFO - Hypothesis ba_006: float64, float64 
[ 2023-01-07 01:23:09,674 ] 85 root - INFO - Hypothesis ba_007: float64, float64 
[ 2023-01-07 01:23:09,683 ] 85 root - INFO - Hypothesis ba_008: float64, float64 
[ 2023-01-07 01:23:09,723 ] 85 root - INFO - Hypothesis ba_009: float64, float64 
[ 2023-01-07 01:23:09,761 ] 85 root - INFO - Hypothesis bb_000: float64, float64 
[ 2023-01-07 01:23:09,772 ] 85 root - INFO - Hypothesis bc_000: float64, float64 
[ 2023-01-07 01:23:09,811 ] 85 root - INFO - Hypothesis bd_000: float64, float64 
[ 2023-01-07 01:23:09,819 ] 85 root - INFO - Hypothesis be_000: float64, float64 
[ 2023-01-07 01:23:09,828 ] 85 root - INFO - Hypothesis bf_000: float64, float64 
[ 2023-01-07 01:23:09,834 ] 85 root - INFO - Hypothesis bg_000: float64, float64 
[ 2023-01-07 01:23:09,845 ] 85 root - INFO - Hypothesis bh_000: float64, float64 
[ 2023-01-07 01:23:09,855 ] 85 root - INFO - Hypothesis bi_000: float64, float64 
[ 2023-01-07 01:23:09,866 ] 85 root - INFO - Hypothesis bj_000: float64, float64 
[ 2023-01-07 01:23:09,876 ] 85 root - INFO - Hypothesis bs_000: float64, float64 
[ 2023-01-07 01:23:09,887 ] 85 root - INFO - Hypothesis bt_000: float64, float64 
[ 2023-01-07 01:23:09,897 ] 85 root - INFO - Hypothesis bu_000: float64, float64 
[ 2023-01-07 01:23:09,907 ] 85 root - INFO - Hypothesis bv_000: float64, float64 
[ 2023-01-07 01:23:09,918 ] 85 root - INFO - Hypothesis bx_000: float64, float64 
[ 2023-01-07 01:23:09,928 ] 85 root - INFO - Hypothesis by_000: float64, float64 
[ 2023-01-07 01:23:09,938 ] 85 root - INFO - Hypothesis bz_000: float64, float64 
[ 2023-01-07 01:23:09,947 ] 85 root - INFO - Hypothesis ca_000: float64, float64 
[ 2023-01-07 01:23:09,958 ] 85 root - INFO - Hypothesis cb_000: float64, float64 
[ 2023-01-07 01:23:09,969 ] 85 root - INFO - Hypothesis cc_000: float64, float64 
[ 2023-01-07 01:23:09,980 ] 85 root - INFO - Hypothesis cd_000: float64, float64 
[ 2023-01-07 01:23:10,018 ] 85 root - INFO - Hypothesis ce_000: float64, float64 
[ 2023-01-07 01:23:10,028 ] 85 root - INFO - Hypothesis ci_000: float64, float64 
[ 2023-01-07 01:23:10,038 ] 85 root - INFO - Hypothesis cj_000: float64, float64 
[ 2023-01-07 01:23:10,076 ] 85 root - INFO - Hypothesis ck_000: float64, float64 
[ 2023-01-07 01:23:10,087 ] 85 root - INFO - Hypothesis cl_000: float64, float64 
[ 2023-01-07 01:23:10,093 ] 85 root - INFO - Hypothesis cm_000: float64, float64 
[ 2023-01-07 01:23:10,100 ] 85 root - INFO - Hypothesis cn_000: float64, float64 
[ 2023-01-07 01:23:10,135 ] 85 root - INFO - Hypothesis cn_001: float64, float64 
[ 2023-01-07 01:23:10,173 ] 85 root - INFO - Hypothesis cn_002: float64, float64 
[ 2023-01-07 01:23:10,181 ] 85 root - INFO - Hypothesis cn_003: float64, float64 
[ 2023-01-07 01:23:10,191 ] 85 root - INFO - Hypothesis cn_004: float64, float64 
[ 2023-01-07 01:23:10,202 ] 85 root - INFO - Hypothesis cn_005: float64, float64 
[ 2023-01-07 01:23:10,212 ] 85 root - INFO - Hypothesis cn_006: float64, float64 
[ 2023-01-07 01:23:10,222 ] 85 root - INFO - Hypothesis cn_007: float64, float64 
[ 2023-01-07 01:23:10,232 ] 85 root - INFO - Hypothesis cn_008: float64, float64 
[ 2023-01-07 01:23:10,240 ] 85 root - INFO - Hypothesis cn_009: float64, float64 
[ 2023-01-07 01:23:10,280 ] 85 root - INFO - Hypothesis cp_000: float64, float64 
[ 2023-01-07 01:23:10,324 ] 85 root - INFO - Hypothesis cq_000: float64, float64 
[ 2023-01-07 01:23:10,336 ] 85 root - INFO - Hypothesis cs_000: float64, float64 
[ 2023-01-07 01:23:10,348 ] 85 root - INFO - Hypothesis cs_001: float64, float64 
[ 2023-01-07 01:23:10,357 ] 85 root - INFO - Hypothesis cs_002: float64, float64 
[ 2023-01-07 01:23:10,367 ] 85 root - INFO - Hypothesis cs_003: float64, float64 
[ 2023-01-07 01:23:10,380 ] 85 root - INFO - Hypothesis cs_004: float64, float64 
[ 2023-01-07 01:23:10,390 ] 85 root - INFO - Hypothesis cs_005: float64, float64 
[ 2023-01-07 01:23:10,401 ] 85 root - INFO - Hypothesis cs_006: float64, float64 
[ 2023-01-07 01:23:10,411 ] 85 root - INFO - Hypothesis cs_007: float64, float64 
[ 2023-01-07 01:23:10,422 ] 85 root - INFO - Hypothesis cs_008: float64, float64 
[ 2023-01-07 01:23:10,462 ] 85 root - INFO - Hypothesis cs_009: float64, float64 
[ 2023-01-07 01:23:10,498 ] 85 root - INFO - Hypothesis dd_000: float64, float64 
[ 2023-01-07 01:23:10,507 ] 85 root - INFO - Hypothesis de_000: float64, float64 
[ 2023-01-07 01:23:10,515 ] 85 root - INFO - Hypothesis df_000: float64, float64 
[ 2023-01-07 01:23:10,551 ] 85 root - INFO - Hypothesis dg_000: float64, float64 
[ 2023-01-07 01:23:10,588 ] 85 root - INFO - Hypothesis dh_000: float64, float64 
[ 2023-01-07 01:23:10,593 ] 85 root - INFO - Hypothesis di_000: float64, float64 
[ 2023-01-07 01:23:10,631 ] 85 root - INFO - Hypothesis dj_000: float64, float64 
[ 2023-01-07 01:23:10,668 ] 85 root - INFO - Hypothesis dk_000: float64, float64 
[ 2023-01-07 01:23:10,706 ] 85 root - INFO - Hypothesis dl_000: float64, float64 
[ 2023-01-07 01:23:10,742 ] 85 root - INFO - Hypothesis dm_000: float64, float64 
[ 2023-01-07 01:23:10,778 ] 85 root - INFO - Hypothesis dn_000: float64, float64 
[ 2023-01-07 01:23:10,788 ] 85 root - INFO - Hypothesis do_000: float64, float64 
[ 2023-01-07 01:23:10,798 ] 85 root - INFO - Hypothesis dp_000: float64, float64 
[ 2023-01-07 01:23:10,807 ] 85 root - INFO - Hypothesis dq_000: float64, float64 
[ 2023-01-07 01:23:10,845 ] 85 root - INFO - Hypothesis dr_000: float64, float64 
[ 2023-01-07 01:23:10,883 ] 85 root - INFO - Hypothesis ds_000: float64, float64 
[ 2023-01-07 01:23:10,893 ] 85 root - INFO - Hypothesis dt_000: float64, float64 
[ 2023-01-07 01:23:10,903 ] 85 root - INFO - Hypothesis du_000: float64, float64 
[ 2023-01-07 01:23:10,913 ] 85 root - INFO - Hypothesis dv_000: float64, float64 
[ 2023-01-07 01:23:10,923 ] 85 root - INFO - Hypothesis dx_000: float64, float64 
[ 2023-01-07 01:23:10,963 ] 85 root - INFO - Hypothesis dy_000: float64, float64 
[ 2023-01-07 01:23:11,003 ] 85 root - INFO - Hypothesis dz_000: float64, float64 
[ 2023-01-07 01:23:11,038 ] 85 root - INFO - Hypothesis ea_000: float64, float64 
[ 2023-01-07 01:23:11,074 ] 85 root - INFO - Hypothesis eb_000: float64, float64 
[ 2023-01-07 01:23:11,083 ] 85 root - INFO - Hypothesis ec_00: float64, float64 
[ 2023-01-07 01:23:11,093 ] 85 root - INFO - Hypothesis ed_000: float64, float64 
[ 2023-01-07 01:23:11,101 ] 85 root - INFO - Hypothesis ee_000: float64, float64 
[ 2023-01-07 01:23:11,112 ] 85 root - INFO - Hypothesis ee_001: float64, float64 
[ 2023-01-07 01:23:11,123 ] 85 root - INFO - Hypothesis ee_002: float64, float64 
[ 2023-01-07 01:23:11,133 ] 85 root - INFO - Hypothesis ee_003: float64, float64 
[ 2023-01-07 01:23:11,143 ] 85 root - INFO - Hypothesis ee_004: float64, float64 
[ 2023-01-07 01:23:11,153 ] 85 root - INFO - Hypothesis ee_005: float64, float64 
[ 2023-01-07 01:23:11,163 ] 85 root - INFO - Hypothesis ee_006: float64, float64 
[ 2023-01-07 01:23:11,173 ] 85 root - INFO - Hypothesis ee_007: float64, float64 
[ 2023-01-07 01:23:11,183 ] 85 root - INFO - Hypothesis ee_008: float64, float64 
[ 2023-01-07 01:23:11,191 ] 85 root - INFO - Hypothesis ee_009: float64, float64 
[ 2023-01-07 01:23:11,199 ] 85 root - INFO - Hypothesis ef_000: float64, float64 
[ 2023-01-07 01:23:11,235 ] 85 root - INFO - Hypothesis eg_000: float64, float64 
[ 2023-01-07 01:23:11,270 ] 140 root - INFO - As all column are available in test df hence detecting data drift
[ 2023-01-07 01:23:11,271 ] 85 root - INFO - Hypothesis class: object, object 
[ 2023-01-07 01:23:11,349 ] 85 root - INFO - Hypothesis aa_000: float64, float64 
[ 2023-01-07 01:23:11,356 ] 85 root - INFO - Hypothesis ac_000: float64, float64 
[ 2023-01-07 01:23:11,361 ] 85 root - INFO - Hypothesis ae_000: float64, float64 
[ 2023-01-07 01:23:11,376 ] 85 root - INFO - Hypothesis af_000: float64, float64 
[ 2023-01-07 01:23:11,391 ] 85 root - INFO - Hypothesis ag_000: float64, float64 
[ 2023-01-07 01:23:11,406 ] 85 root - INFO - Hypothesis ag_001: float64, float64 
[ 2023-01-07 01:23:11,421 ] 85 root - INFO - Hypothesis ag_002: float64, float64 
[ 2023-01-07 01:23:11,424 ] 85 root - INFO - Hypothesis ag_003: float64, float64 
[ 2023-01-07 01:23:11,428 ] 85 root - INFO - Hypothesis ag_004: float64, float64 
[ 2023-01-07 01:23:11,435 ] 85 root - INFO - Hypothesis ag_005: float64, float64 
[ 2023-01-07 01:23:11,442 ] 85 root - INFO - Hypothesis ag_006: float64, float64 
[ 2023-01-07 01:23:11,449 ] 85 root - INFO - Hypothesis ag_007: float64, float64 
[ 2023-01-07 01:23:11,455 ] 85 root - INFO - Hypothesis ag_008: float64, float64 
[ 2023-01-07 01:23:11,461 ] 85 root - INFO - Hypothesis ag_009: float64, float64 
[ 2023-01-07 01:23:11,466 ] 85 root - INFO - Hypothesis ah_000: float64, float64 
[ 2023-01-07 01:23:11,473 ] 85 root - INFO - Hypothesis ai_000: float64, float64 
[ 2023-01-07 01:23:11,476 ] 85 root - INFO - Hypothesis aj_000: float64, float64 
[ 2023-01-07 01:23:11,480 ] 85 root - INFO - Hypothesis ak_000: float64, float64 
[ 2023-01-07 01:23:11,483 ] 85 root - INFO - Hypothesis al_000: float64, float64 
[ 2023-01-07 01:23:11,488 ] 85 root - INFO - Hypothesis am_0: float64, float64 
[ 2023-01-07 01:23:11,493 ] 85 root - INFO - Hypothesis an_000: float64, float64 
[ 2023-01-07 01:23:11,500 ] 85 root - INFO - Hypothesis ao_000: float64, float64 
[ 2023-01-07 01:23:11,507 ] 85 root - INFO - Hypothesis ap_000: float64, float64 
[ 2023-01-07 01:23:11,514 ] 85 root - INFO - Hypothesis aq_000: float64, float64 
[ 2023-01-07 01:23:11,521 ] 85 root - INFO - Hypothesis ar_000: float64, float64 
[ 2023-01-07 01:23:11,536 ] 85 root - INFO - Hypothesis as_000: float64, float64 
[ 2023-01-07 01:23:11,551 ] 85 root - INFO - Hypothesis at_000: float64, float64 
[ 2023-01-07 01:23:11,566 ] 85 root - INFO - Hypothesis au_000: float64, float64 
[ 2023-01-07 01:23:11,581 ] 85 root - INFO - Hypothesis av_000: float64, float64 
[ 2023-01-07 01:23:11,586 ] 85 root - INFO - Hypothesis ax_000: float64, float64 
[ 2023-01-07 01:23:11,592 ] 85 root - INFO - Hypothesis ay_000: float64, float64 
[ 2023-01-07 01:23:11,606 ] 85 root - INFO - Hypothesis ay_001: float64, float64 
[ 2023-01-07 01:23:11,621 ] 85 root - INFO - Hypothesis ay_002: float64, float64 
[ 2023-01-07 01:23:11,636 ] 85 root - INFO - Hypothesis ay_003: float64, float64 
[ 2023-01-07 01:23:11,651 ] 85 root - INFO - Hypothesis ay_004: float64, float64 
[ 2023-01-07 01:23:11,666 ] 85 root - INFO - Hypothesis ay_005: float64, float64 
[ 2023-01-07 01:23:11,672 ] 85 root - INFO - Hypothesis ay_006: float64, float64 
[ 2023-01-07 01:23:11,678 ] 85 root - INFO - Hypothesis ay_007: float64, float64 
[ 2023-01-07 01:23:11,685 ] 85 root - INFO - Hypothesis ay_008: float64, float64 
[ 2023-01-07 01:23:11,692 ] 85 root - INFO - Hypothesis ay_009: float64, float64 
[ 2023-01-07 01:23:11,708 ] 85 root - INFO - Hypothesis az_000: float64, float64 
[ 2023-01-07 01:23:11,715 ] 85 root - INFO - Hypothesis az_001: float64, float64 
[ 2023-01-07 01:23:11,721 ] 85 root - INFO - Hypothesis az_002: float64, float64 
[ 2023-01-07 01:23:11,727 ] 85 root - INFO - Hypothesis az_003: float64, float64 
[ 2023-01-07 01:23:11,734 ] 85 root - INFO - Hypothesis az_004: float64, float64 
[ 2023-01-07 01:23:11,741 ] 85 root - INFO - Hypothesis az_005: float64, float64 
[ 2023-01-07 01:23:11,748 ] 85 root - INFO - Hypothesis az_006: float64, float64 
[ 2023-01-07 01:23:11,753 ] 85 root - INFO - Hypothesis az_007: float64, float64 
[ 2023-01-07 01:23:11,762 ] 85 root - INFO - Hypothesis az_008: float64, float64 
[ 2023-01-07 01:23:11,777 ] 85 root - INFO - Hypothesis az_009: float64, float64 
[ 2023-01-07 01:23:11,793 ] 85 root - INFO - Hypothesis ba_000: float64, float64 
[ 2023-01-07 01:23:11,800 ] 85 root - INFO - Hypothesis ba_001: float64, float64 
[ 2023-01-07 01:23:11,807 ] 85 root - INFO - Hypothesis ba_002: float64, float64 
[ 2023-01-07 01:23:11,814 ] 85 root - INFO - Hypothesis ba_003: float64, float64 
[ 2023-01-07 01:23:11,820 ] 85 root - INFO - Hypothesis ba_004: float64, float64 
[ 2023-01-07 01:23:11,827 ] 85 root - INFO - Hypothesis ba_005: float64, float64 
[ 2023-01-07 01:23:11,834 ] 85 root - INFO - Hypothesis ba_006: float64, float64 
[ 2023-01-07 01:23:11,841 ] 85 root - INFO - Hypothesis ba_007: float64, float64 
[ 2023-01-07 01:23:11,847 ] 85 root - INFO - Hypothesis ba_008: float64, float64 
[ 2023-01-07 01:23:11,852 ] 85 root - INFO - Hypothesis ba_009: float64, float64 
[ 2023-01-07 01:23:11,857 ] 85 root - INFO - Hypothesis bb_000: float64, float64 
[ 2023-01-07 01:23:11,864 ] 85 root - INFO - Hypothesis bc_000: float64, float64 
[ 2023-01-07 01:23:11,869 ] 85 root - INFO - Hypothesis bd_000: float64, float64 
[ 2023-01-07 01:23:11,875 ] 85 root - INFO - Hypothesis be_000: float64, float64 
[ 2023-01-07 01:23:11,880 ] 85 root - INFO - Hypothesis bf_000: float64, float64 
[ 2023-01-07 01:23:11,885 ] 85 root - INFO - Hypothesis bg_000: float64, float64 
[ 2023-01-07 01:23:11,892 ] 85 root - INFO - Hypothesis bh_000: float64, float64 
[ 2023-01-07 01:23:11,899 ] 85 root - INFO - Hypothesis bi_000: float64, float64 
[ 2023-01-07 01:23:11,906 ] 85 root - INFO - Hypothesis bj_000: float64, float64 
[ 2023-01-07 01:23:11,913 ] 85 root - INFO - Hypothesis bs_000: float64, float64 
[ 2023-01-07 01:23:11,920 ] 85 root - INFO - Hypothesis bt_000: float64, float64 
[ 2023-01-07 01:23:11,927 ] 85 root - INFO - Hypothesis bu_000: float64, float64 
[ 2023-01-07 01:23:11,934 ] 85 root - INFO - Hypothesis bv_000: float64, float64 
[ 2023-01-07 01:23:11,941 ] 85 root - INFO - Hypothesis bx_000: float64, float64 
[ 2023-01-07 01:23:11,947 ] 85 root - INFO - Hypothesis by_000: float64, float64 
[ 2023-01-07 01:23:11,954 ] 85 root - INFO - Hypothesis bz_000: float64, float64 
[ 2023-01-07 01:23:11,960 ] 85 root - INFO - Hypothesis ca_000: float64, float64 
[ 2023-01-07 01:23:11,967 ] 85 root - INFO - Hypothesis cb_000: float64, float64 
[ 2023-01-07 01:23:11,974 ] 85 root - INFO - Hypothesis cc_000: float64, float64 
[ 2023-01-07 01:23:11,981 ] 85 root - INFO - Hypothesis cd_000: float64, float64 
[ 2023-01-07 01:23:11,997 ] 85 root - INFO - Hypothesis ce_000: float64, float64 
[ 2023-01-07 01:23:12,003 ] 85 root - INFO - Hypothesis ci_000: float64, float64 
[ 2023-01-07 01:23:12,010 ] 85 root - INFO - Hypothesis cj_000: float64, float64 
[ 2023-01-07 01:23:12,014 ] 85 root - INFO - Hypothesis ck_000: float64, float64 
[ 2023-01-07 01:23:12,022 ] 85 root - INFO - Hypothesis cl_000: float64, float64 
[ 2023-01-07 01:23:12,026 ] 85 root - INFO - Hypothesis cm_000: float64, float64 
[ 2023-01-07 01:23:12,031 ] 85 root - INFO - Hypothesis cn_000: float64, float64 
[ 2023-01-07 01:23:12,047 ] 85 root - INFO - Hypothesis cn_001: float64, float64 
[ 2023-01-07 01:23:12,051 ] 85 root - INFO - Hypothesis cn_002: float64, float64 
[ 2023-01-07 01:23:12,056 ] 85 root - INFO - Hypothesis cn_003: float64, float64 
[ 2023-01-07 01:23:12,063 ] 85 root - INFO - Hypothesis cn_004: float64, float64 
[ 2023-01-07 01:23:12,070 ] 85 root - INFO - Hypothesis cn_005: float64, float64 
[ 2023-01-07 01:23:12,077 ] 85 root - INFO - Hypothesis cn_006: float64, float64 
[ 2023-01-07 01:23:12,084 ] 85 root - INFO - Hypothesis cn_007: float64, float64 
[ 2023-01-07 01:23:12,091 ] 85 root - INFO - Hypothesis cn_008: float64, float64 
[ 2023-01-07 01:23:12,097 ] 85 root - INFO - Hypothesis cn_009: float64, float64 
[ 2023-01-07 01:23:12,102 ] 85 root - INFO - Hypothesis cp_000: float64, float64 
[ 2023-01-07 01:23:12,107 ] 85 root - INFO - Hypothesis cq_000: float64, float64 
[ 2023-01-07 01:23:12,114 ] 85 root - INFO - Hypothesis cs_000: float64, float64 
[ 2023-01-07 01:23:12,121 ] 85 root - INFO - Hypothesis cs_001: float64, float64 
[ 2023-01-07 01:23:12,126 ] 85 root - INFO - Hypothesis cs_002: float64, float64 
[ 2023-01-07 01:23:12,133 ] 85 root - INFO - Hypothesis cs_003: float64, float64 
[ 2023-01-07 01:23:12,140 ] 85 root - INFO - Hypothesis cs_004: float64, float64 
[ 2023-01-07 01:23:12,147 ] 85 root - INFO - Hypothesis cs_005: float64, float64 
[ 2023-01-07 01:23:12,154 ] 85 root - INFO - Hypothesis cs_006: float64, float64 
[ 2023-01-07 01:23:12,161 ] 85 root - INFO - Hypothesis cs_007: float64, float64 
[ 2023-01-07 01:23:12,168 ] 85 root - INFO - Hypothesis cs_008: float64, float64 
[ 2023-01-07 01:23:12,173 ] 85 root - INFO - Hypothesis cs_009: float64, float64 
[ 2023-01-07 01:23:12,188 ] 85 root - INFO - Hypothesis dd_000: float64, float64 
[ 2023-01-07 01:23:12,194 ] 85 root - INFO - Hypothesis de_000: float64, float64 
[ 2023-01-07 01:23:12,200 ] 85 root - INFO - Hypothesis df_000: float64, float64 
[ 2023-01-07 01:23:12,204 ] 85 root - INFO - Hypothesis dg_000: float64, float64 
[ 2023-01-07 01:23:12,208 ] 85 root - INFO - Hypothesis dh_000: float64, float64 
[ 2023-01-07 01:23:12,212 ] 85 root - INFO - Hypothesis di_000: float64, float64 
[ 2023-01-07 01:23:12,216 ] 85 root - INFO - Hypothesis dj_000: float64, float64 
[ 2023-01-07 01:23:12,231 ] 85 root - INFO - Hypothesis dk_000: float64, float64 
[ 2023-01-07 01:23:12,234 ] 85 root - INFO - Hypothesis dl_000: float64, float64 
[ 2023-01-07 01:23:12,249 ] 85 root - INFO - Hypothesis dm_000: float64, float64 
[ 2023-01-07 01:23:12,265 ] 85 root - INFO - Hypothesis dn_000: float64, float64 
[ 2023-01-07 01:23:12,272 ] 85 root - INFO - Hypothesis do_000: float64, float64 
[ 2023-01-07 01:23:12,278 ] 85 root - INFO - Hypothesis dp_000: float64, float64 
[ 2023-01-07 01:23:12,284 ] 85 root - INFO - Hypothesis dq_000: float64, float64 
[ 2023-01-07 01:23:12,289 ] 85 root - INFO - Hypothesis dr_000: float64, float64 
[ 2023-01-07 01:23:12,293 ] 85 root - INFO - Hypothesis ds_000: float64, float64 
[ 2023-01-07 01:23:12,300 ] 85 root - INFO - Hypothesis dt_000: float64, float64 
[ 2023-01-07 01:23:12,306 ] 85 root - INFO - Hypothesis du_000: float64, float64 
[ 2023-01-07 01:23:12,313 ] 85 root - INFO - Hypothesis dv_000: float64, float64 
[ 2023-01-07 01:23:12,322 ] 85 root - INFO - Hypothesis dx_000: float64, float64 
[ 2023-01-07 01:23:12,327 ] 85 root - INFO - Hypothesis dy_000: float64, float64 
[ 2023-01-07 01:23:12,332 ] 85 root - INFO - Hypothesis dz_000: float64, float64 
[ 2023-01-07 01:23:12,349 ] 85 root - INFO - Hypothesis ea_000: float64, float64 
[ 2023-01-07 01:23:12,366 ] 85 root - INFO - Hypothesis eb_000: float64, float64 
[ 2023-01-07 01:23:12,372 ] 85 root - INFO - Hypothesis ec_00: float64, float64 
[ 2023-01-07 01:23:12,379 ] 85 root - INFO - Hypothesis ed_000: float64, float64 
[ 2023-01-07 01:23:12,386 ] 85 root - INFO - Hypothesis ee_000: float64, float64 
[ 2023-01-07 01:23:12,393 ] 85 root - INFO - Hypothesis ee_001: float64, float64 
[ 2023-01-07 01:23:12,400 ] 85 root - INFO - Hypothesis ee_002: float64, float64 
[ 2023-01-07 01:23:12,408 ] 85 root - INFO - Hypothesis ee_003: float64, float64 
[ 2023-01-07 01:23:12,415 ] 85 root - INFO - Hypothesis ee_004: float64, float64 
[ 2023-01-07 01:23:12,422 ] 85 root - INFO - Hypothesis ee_005: float64, float64 
[ 2023-01-07 01:23:12,428 ] 85 root - INFO - Hypothesis ee_006: float64, float64 
[ 2023-01-07 01:23:12,435 ] 85 root - INFO - Hypothesis ee_007: float64, float64 
[ 2023-01-07 01:23:12,442 ] 85 root - INFO - Hypothesis ee_008: float64, float64 
[ 2023-01-07 01:23:12,448 ] 85 root - INFO - Hypothesis ee_009: float64, float64 
[ 2023-01-07 01:23:12,454 ] 85 root - INFO - Hypothesis ef_000: float64, float64 
[ 2023-01-07 01:23:12,469 ] 85 root - INFO - Hypothesis eg_000: float64, float64 
[ 2023-01-07 01:23:12,483 ] 144 root - INFO - Write reprt in yaml file
[ 2023-01-07 01:23:12,522 ] 148 root - INFO - Data validation artifact: DataValidationArtifact(report_file_path='/config/workspace/artifact/01072023__012248/data_validation/report.yaml')
[ 2023-01-07 01:23:13,430 ] 71 root - INFO - Before resampling in training set Input: (28950, 170) Target:(28950,)
[ 2023-01-07 01:23:19,824 ] 73 root - INFO - After resampling in training set Input: (56152, 170) Target:(56152,)
[ 2023-01-07 01:23:19,824 ] 75 root - INFO - Before resampling in testing set Input: (7238, 170) Target:(7238,)
[ 2023-01-07 01:23:20,437 ] 77 root - INFO - After resampling in testing set Input: (14072, 170) Target:(14072,)
