[ 2023-01-07 01:28:07,245 ] 15 root - INFO - >>>>>>>>>>>>>>>>>>>>>>>>>>>>>>>>>>>>>>>> Data Ingestion <<<<<<<<<<<<<<<<<<<<<<<<<<<<<<<<<<<<<<<<
[ 2023-01-07 01:28:07,246 ] 22 root - INFO - Exporting collection data as pandas dataframe
[ 2023-01-07 01:28:07,246 ] 21 root - INFO - Reading data from database: aps and collection: sensor
[ 2023-01-07 01:28:10,875 ] 23 root - INFO - Found columns: Index(['_id', 'class', 'aa_000', 'ab_000', 'ac_000', 'ad_000', 'ae_000',
       'af_000', 'ag_000', 'ag_001',
       ...
       'ee_002', 'ee_003', 'ee_004', 'ee_005', 'ee_006', 'ee_007', 'ee_008',
       'ee_009', 'ef_000', 'eg_000'],
      dtype='object', length=172)
[ 2023-01-07 01:28:10,876 ] 25 root - INFO - Dropping column: _id 
[ 2023-01-07 01:28:11,070 ] 27 root - INFO - Row and columns in df: (36188, 171)
[ 2023-01-07 01:28:11,071 ] 28 root - INFO - Save data in feature store
[ 2023-01-07 01:28:11,593 ] 34 root - INFO - Create feature store folder if not available
[ 2023-01-07 01:28:11,594 ] 38 root - INFO - Save df to feature store folder
[ 2023-01-07 01:28:13,927 ] 43 root - INFO - split dataset into train and test set
[ 2023-01-07 01:28:14,472 ] 47 root - INFO - create dataset directory folder if not available
[ 2023-01-07 01:28:14,473 ] 52 root - INFO - Save df to feature store folder
[ 2023-01-07 01:28:16,539 ] 64 root - INFO - Data ingestion artifact: DataIngestionArtifact(feature_store_file_path='/config/workspace/artifact/01072023__012807/data_ingestion/feature_store/sensor.csv', train_file_path='/config/workspace/artifact/01072023__012807/data_ingestion/dataset/train.csv', test_file_path='/config/workspace/artifact/01072023__012807/data_ingestion/dataset/test.csv')
[ 2023-01-07 01:28:16,964 ] 20 root - INFO - >>>>>>>>>>>>>>>>>>>>>>>>>>>>>>>>>>>>>>>>Data Validation <<<<<<<<<<<<<<<<<<<<<<<<<<<<<<<<<<<<<<<<
[ 2023-01-07 01:28:16,964 ] 107 root - INFO - Reading base dataframe
[ 2023-01-07 01:28:18,559 ] 109 root - INFO - Replace na value with NaN
[ 2023-01-07 01:28:19,891 ] 112 root - INFO - Drop null values column from base df
[ 2023-01-07 01:28:20,807 ] 42 root - INFO - selecting column name which contains null above to 0.2
[ 2023-01-07 01:28:20,808 ] 45 root - INFO - Columns to drop: ['ab_000', 'ad_000', 'bk_000', 'bl_000', 'bm_000', 'bn_000', 'bo_000', 'bp_000', 'bq_000', 'br_000', 'cf_000', 'cg_000', 'ch_000', 'co_000', 'cr_000', 'ct_000', 'cu_000', 'cv_000', 'cx_000', 'cy_000', 'cz_000', 'da_000', 'db_000', 'dc_000']
[ 2023-01-07 01:28:20,887 ] 115 root - INFO - Reading train dataframe
[ 2023-01-07 01:28:21,283 ] 117 root - INFO - Reading test dataframe
[ 2023-01-07 01:28:21,384 ] 120 root - INFO - Drop null values columns from train df
[ 2023-01-07 01:28:21,395 ] 42 root - INFO - selecting column name which contains null above to 0.2
[ 2023-01-07 01:28:21,396 ] 45 root - INFO - Columns to drop: ['ab_000', 'ad_000', 'bk_000', 'bl_000', 'bm_000', 'bn_000', 'bo_000', 'bp_000', 'bq_000', 'br_000', 'cf_000', 'cg_000', 'ch_000', 'co_000', 'cr_000', 'ct_000', 'cu_000', 'cv_000', 'cx_000', 'cy_000', 'cz_000', 'da_000', 'db_000', 'dc_000']
[ 2023-01-07 01:28:21,404 ] 122 root - INFO - Drop null values columns from test df
[ 2023-01-07 01:28:21,409 ] 42 root - INFO - selecting column name which contains null above to 0.2
[ 2023-01-07 01:28:21,409 ] 45 root - INFO - Columns to drop: ['ab_000', 'ad_000', 'bk_000', 'bl_000', 'bm_000', 'bn_000', 'bo_000', 'bp_000', 'bq_000', 'br_000', 'cf_000', 'cg_000', 'ch_000', 'co_000', 'cr_000', 'ct_000', 'cu_000', 'cv_000', 'cx_000', 'cy_000', 'cz_000', 'da_000', 'db_000', 'dc_000']
[ 2023-01-07 01:28:27,360 ] 130 root - INFO - Is all required columns present in train df
[ 2023-01-07 01:28:27,360 ] 132 root - INFO - Is all required columns present in test df
[ 2023-01-07 01:28:27,360 ] 136 root - INFO - As all column are available in train df hence detecting data drift
[ 2023-01-07 01:28:27,361 ] 85 root - INFO - Hypothesis class: object, object 
[ 2023-01-07 01:28:27,500 ] 85 root - INFO - Hypothesis aa_000: float64, float64 
[ 2023-01-07 01:28:27,511 ] 85 root - INFO - Hypothesis ac_000: float64, float64 
[ 2023-01-07 01:28:27,550 ] 85 root - INFO - Hypothesis ae_000: float64, float64 
[ 2023-01-07 01:28:27,585 ] 85 root - INFO - Hypothesis af_000: float64, float64 
[ 2023-01-07 01:28:27,623 ] 85 root - INFO - Hypothesis ag_000: float64, float64 
[ 2023-01-07 01:28:27,657 ] 85 root - INFO - Hypothesis ag_001: float64, float64 
[ 2023-01-07 01:28:27,694 ] 85 root - INFO - Hypothesis ag_002: float64, float64 
[ 2023-01-07 01:28:27,729 ] 85 root - INFO - Hypothesis ag_003: float64, float64 
[ 2023-01-07 01:28:27,736 ] 85 root - INFO - Hypothesis ag_004: float64, float64 
[ 2023-01-07 01:28:27,747 ] 85 root - INFO - Hypothesis ag_005: float64, float64 
[ 2023-01-07 01:28:27,758 ] 85 root - INFO - Hypothesis ag_006: float64, float64 
[ 2023-01-07 01:28:27,768 ] 85 root - INFO - Hypothesis ag_007: float64, float64 
[ 2023-01-07 01:28:27,777 ] 85 root - INFO - Hypothesis ag_008: float64, float64 
[ 2023-01-07 01:28:27,786 ] 85 root - INFO - Hypothesis ag_009: float64, float64 
[ 2023-01-07 01:28:27,793 ] 85 root - INFO - Hypothesis ah_000: float64, float64 
[ 2023-01-07 01:28:27,804 ] 85 root - INFO - Hypothesis ai_000: float64, float64 
[ 2023-01-07 01:28:27,841 ] 85 root - INFO - Hypothesis aj_000: float64, float64 
[ 2023-01-07 01:28:27,846 ] 85 root - INFO - Hypothesis ak_000: float64, float64 
[ 2023-01-07 01:28:27,883 ] 85 root - INFO - Hypothesis al_000: float64, float64 
[ 2023-01-07 01:28:27,890 ] 85 root - INFO - Hypothesis am_0: float64, float64 
[ 2023-01-07 01:28:27,897 ] 85 root - INFO - Hypothesis an_000: float64, float64 
[ 2023-01-07 01:28:27,908 ] 85 root - INFO - Hypothesis ao_000: float64, float64 
[ 2023-01-07 01:28:27,918 ] 85 root - INFO - Hypothesis ap_000: float64, float64 
[ 2023-01-07 01:28:27,929 ] 85 root - INFO - Hypothesis aq_000: float64, float64 
[ 2023-01-07 01:28:27,940 ] 85 root - INFO - Hypothesis ar_000: float64, float64 
[ 2023-01-07 01:28:27,976 ] 85 root - INFO - Hypothesis as_000: float64, float64 
[ 2023-01-07 01:28:28,011 ] 85 root - INFO - Hypothesis at_000: float64, float64 
[ 2023-01-07 01:28:28,047 ] 85 root - INFO - Hypothesis au_000: float64, float64 
[ 2023-01-07 01:28:28,082 ] 85 root - INFO - Hypothesis av_000: float64, float64 
[ 2023-01-07 01:28:28,090 ] 85 root - INFO - Hypothesis ax_000: float64, float64 
[ 2023-01-07 01:28:28,098 ] 85 root - INFO - Hypothesis ay_000: float64, float64 
[ 2023-01-07 01:28:28,133 ] 85 root - INFO - Hypothesis ay_001: float64, float64 
[ 2023-01-07 01:28:28,169 ] 85 root - INFO - Hypothesis ay_002: float64, float64 
[ 2023-01-07 01:28:28,204 ] 85 root - INFO - Hypothesis ay_003: float64, float64 
[ 2023-01-07 01:28:28,240 ] 85 root - INFO - Hypothesis ay_004: float64, float64 
[ 2023-01-07 01:28:28,275 ] 85 root - INFO - Hypothesis ay_005: float64, float64 
[ 2023-01-07 01:28:28,316 ] 85 root - INFO - Hypothesis ay_006: float64, float64 
[ 2023-01-07 01:28:28,325 ] 85 root - INFO - Hypothesis ay_007: float64, float64 
[ 2023-01-07 01:28:28,335 ] 85 root - INFO - Hypothesis ay_008: float64, float64 
[ 2023-01-07 01:28:28,345 ] 85 root - INFO - Hypothesis ay_009: float64, float64 
[ 2023-01-07 01:28:28,383 ] 85 root - INFO - Hypothesis az_000: float64, float64 
[ 2023-01-07 01:28:28,393 ] 85 root - INFO - Hypothesis az_001: float64, float64 
[ 2023-01-07 01:28:28,402 ] 85 root - INFO - Hypothesis az_002: float64, float64 
[ 2023-01-07 01:28:28,411 ] 85 root - INFO - Hypothesis az_003: float64, float64 
[ 2023-01-07 01:28:28,421 ] 85 root - INFO - Hypothesis az_004: float64, float64 
[ 2023-01-07 01:28:28,431 ] 85 root - INFO - Hypothesis az_005: float64, float64 
[ 2023-01-07 01:28:28,442 ] 85 root - INFO - Hypothesis az_006: float64, float64 
[ 2023-01-07 01:28:28,482 ] 85 root - INFO - Hypothesis az_007: float64, float64 
[ 2023-01-07 01:28:28,520 ] 85 root - INFO - Hypothesis az_008: float64, float64 
[ 2023-01-07 01:28:28,556 ] 85 root - INFO - Hypothesis az_009: float64, float64 
[ 2023-01-07 01:28:28,591 ] 85 root - INFO - Hypothesis ba_000: float64, float64 
[ 2023-01-07 01:28:28,602 ] 85 root - INFO - Hypothesis ba_001: float64, float64 
[ 2023-01-07 01:28:28,612 ] 85 root - INFO - Hypothesis ba_002: float64, float64 
[ 2023-01-07 01:28:28,622 ] 85 root - INFO - Hypothesis ba_003: float64, float64 
[ 2023-01-07 01:28:28,632 ] 85 root - INFO - Hypothesis ba_004: float64, float64 
[ 2023-01-07 01:28:28,642 ] 85 root - INFO - Hypothesis ba_005: float64, float64 
[ 2023-01-07 01:28:28,652 ] 85 root - INFO - Hypothesis ba_006: float64, float64 
[ 2023-01-07 01:28:28,662 ] 85 root - INFO - Hypothesis ba_007: float64, float64 
[ 2023-01-07 01:28:28,671 ] 85 root - INFO - Hypothesis ba_008: float64, float64 
[ 2023-01-07 01:28:28,711 ] 85 root - INFO - Hypothesis ba_009: float64, float64 
[ 2023-01-07 01:28:28,750 ] 85 root - INFO - Hypothesis bb_000: float64, float64 
[ 2023-01-07 01:28:28,760 ] 85 root - INFO - Hypothesis bc_000: float64, float64 
[ 2023-01-07 01:28:28,799 ] 85 root - INFO - Hypothesis bd_000: float64, float64 
[ 2023-01-07 01:28:28,807 ] 85 root - INFO - Hypothesis be_000: float64, float64 
[ 2023-01-07 01:28:28,816 ] 85 root - INFO - Hypothesis bf_000: float64, float64 
[ 2023-01-07 01:28:28,822 ] 85 root - INFO - Hypothesis bg_000: float64, float64 
[ 2023-01-07 01:28:28,833 ] 85 root - INFO - Hypothesis bh_000: float64, float64 
[ 2023-01-07 01:28:28,843 ] 85 root - INFO - Hypothesis bi_000: float64, float64 
[ 2023-01-07 01:28:28,853 ] 85 root - INFO - Hypothesis bj_000: float64, float64 
[ 2023-01-07 01:28:28,864 ] 85 root - INFO - Hypothesis bs_000: float64, float64 
[ 2023-01-07 01:28:28,874 ] 85 root - INFO - Hypothesis bt_000: float64, float64 
[ 2023-01-07 01:28:28,885 ] 85 root - INFO - Hypothesis bu_000: float64, float64 
[ 2023-01-07 01:28:28,895 ] 85 root - INFO - Hypothesis bv_000: float64, float64 
[ 2023-01-07 01:28:28,905 ] 85 root - INFO - Hypothesis bx_000: float64, float64 
[ 2023-01-07 01:28:28,915 ] 85 root - INFO - Hypothesis by_000: float64, float64 
[ 2023-01-07 01:28:28,925 ] 85 root - INFO - Hypothesis bz_000: float64, float64 
[ 2023-01-07 01:28:28,934 ] 85 root - INFO - Hypothesis ca_000: float64, float64 
[ 2023-01-07 01:28:28,945 ] 85 root - INFO - Hypothesis cb_000: float64, float64 
[ 2023-01-07 01:28:28,956 ] 85 root - INFO - Hypothesis cc_000: float64, float64 
[ 2023-01-07 01:28:28,966 ] 85 root - INFO - Hypothesis cd_000: float64, float64 
[ 2023-01-07 01:28:29,003 ] 85 root - INFO - Hypothesis ce_000: float64, float64 
[ 2023-01-07 01:28:29,013 ] 85 root - INFO - Hypothesis ci_000: float64, float64 
[ 2023-01-07 01:28:29,023 ] 85 root - INFO - Hypothesis cj_000: float64, float64 
[ 2023-01-07 01:28:29,060 ] 85 root - INFO - Hypothesis ck_000: float64, float64 
[ 2023-01-07 01:28:29,070 ] 85 root - INFO - Hypothesis cl_000: float64, float64 
[ 2023-01-07 01:28:29,076 ] 85 root - INFO - Hypothesis cm_000: float64, float64 
[ 2023-01-07 01:28:29,083 ] 85 root - INFO - Hypothesis cn_000: float64, float64 
[ 2023-01-07 01:28:29,119 ] 85 root - INFO - Hypothesis cn_001: float64, float64 
[ 2023-01-07 01:28:29,155 ] 85 root - INFO - Hypothesis cn_002: float64, float64 
[ 2023-01-07 01:28:29,163 ] 85 root - INFO - Hypothesis cn_003: float64, float64 
[ 2023-01-07 01:28:29,174 ] 85 root - INFO - Hypothesis cn_004: float64, float64 
[ 2023-01-07 01:28:29,184 ] 85 root - INFO - Hypothesis cn_005: float64, float64 
[ 2023-01-07 01:28:29,195 ] 85 root - INFO - Hypothesis cn_006: float64, float64 
[ 2023-01-07 01:28:29,205 ] 85 root - INFO - Hypothesis cn_007: float64, float64 
[ 2023-01-07 01:28:29,214 ] 85 root - INFO - Hypothesis cn_008: float64, float64 
[ 2023-01-07 01:28:29,223 ] 85 root - INFO - Hypothesis cn_009: float64, float64 
[ 2023-01-07 01:28:29,263 ] 85 root - INFO - Hypothesis cp_000: float64, float64 
[ 2023-01-07 01:28:29,302 ] 85 root - INFO - Hypothesis cq_000: float64, float64 
[ 2023-01-07 01:28:29,313 ] 85 root - INFO - Hypothesis cs_000: float64, float64 
[ 2023-01-07 01:28:29,325 ] 85 root - INFO - Hypothesis cs_001: float64, float64 
[ 2023-01-07 01:28:29,337 ] 85 root - INFO - Hypothesis cs_002: float64, float64 
[ 2023-01-07 01:28:29,347 ] 85 root - INFO - Hypothesis cs_003: float64, float64 
[ 2023-01-07 01:28:29,359 ] 85 root - INFO - Hypothesis cs_004: float64, float64 
[ 2023-01-07 01:28:29,371 ] 85 root - INFO - Hypothesis cs_005: float64, float64 
[ 2023-01-07 01:28:29,382 ] 85 root - INFO - Hypothesis cs_006: float64, float64 
[ 2023-01-07 01:28:29,393 ] 85 root - INFO - Hypothesis cs_007: float64, float64 
[ 2023-01-07 01:28:29,404 ] 85 root - INFO - Hypothesis cs_008: float64, float64 
[ 2023-01-07 01:28:29,443 ] 85 root - INFO - Hypothesis cs_009: float64, float64 
[ 2023-01-07 01:28:29,478 ] 85 root - INFO - Hypothesis dd_000: float64, float64 
[ 2023-01-07 01:28:29,488 ] 85 root - INFO - Hypothesis de_000: float64, float64 
[ 2023-01-07 01:28:29,496 ] 85 root - INFO - Hypothesis df_000: float64, float64 
[ 2023-01-07 01:28:29,532 ] 85 root - INFO - Hypothesis dg_000: float64, float64 
[ 2023-01-07 01:28:29,568 ] 85 root - INFO - Hypothesis dh_000: float64, float64 
[ 2023-01-07 01:28:29,573 ] 85 root - INFO - Hypothesis di_000: float64, float64 
[ 2023-01-07 01:28:29,610 ] 85 root - INFO - Hypothesis dj_000: float64, float64 
[ 2023-01-07 01:28:29,645 ] 85 root - INFO - Hypothesis dk_000: float64, float64 
[ 2023-01-07 01:28:29,681 ] 85 root - INFO - Hypothesis dl_000: float64, float64 
[ 2023-01-07 01:28:29,717 ] 85 root - INFO - Hypothesis dm_000: float64, float64 
[ 2023-01-07 01:28:29,752 ] 85 root - INFO - Hypothesis dn_000: float64, float64 
[ 2023-01-07 01:28:29,762 ] 85 root - INFO - Hypothesis do_000: float64, float64 
[ 2023-01-07 01:28:29,771 ] 85 root - INFO - Hypothesis dp_000: float64, float64 
[ 2023-01-07 01:28:29,780 ] 85 root - INFO - Hypothesis dq_000: float64, float64 
[ 2023-01-07 01:28:29,818 ] 85 root - INFO - Hypothesis dr_000: float64, float64 
[ 2023-01-07 01:28:29,856 ] 85 root - INFO - Hypothesis ds_000: float64, float64 
[ 2023-01-07 01:28:29,866 ] 85 root - INFO - Hypothesis dt_000: float64, float64 
[ 2023-01-07 01:28:29,876 ] 85 root - INFO - Hypothesis du_000: float64, float64 
[ 2023-01-07 01:28:29,886 ] 85 root - INFO - Hypothesis dv_000: float64, float64 
[ 2023-01-07 01:28:29,896 ] 85 root - INFO - Hypothesis dx_000: float64, float64 
[ 2023-01-07 01:28:29,934 ] 85 root - INFO - Hypothesis dy_000: float64, float64 
[ 2023-01-07 01:28:29,973 ] 85 root - INFO - Hypothesis dz_000: float64, float64 
[ 2023-01-07 01:28:30,008 ] 85 root - INFO - Hypothesis ea_000: float64, float64 
[ 2023-01-07 01:28:30,046 ] 85 root - INFO - Hypothesis eb_000: float64, float64 
[ 2023-01-07 01:28:30,055 ] 85 root - INFO - Hypothesis ec_00: float64, float64 
[ 2023-01-07 01:28:30,065 ] 85 root - INFO - Hypothesis ed_000: float64, float64 
[ 2023-01-07 01:28:30,074 ] 85 root - INFO - Hypothesis ee_000: float64, float64 
[ 2023-01-07 01:28:30,085 ] 85 root - INFO - Hypothesis ee_001: float64, float64 
[ 2023-01-07 01:28:30,095 ] 85 root - INFO - Hypothesis ee_002: float64, float64 
[ 2023-01-07 01:28:30,105 ] 85 root - INFO - Hypothesis ee_003: float64, float64 
[ 2023-01-07 01:28:30,116 ] 85 root - INFO - Hypothesis ee_004: float64, float64 
[ 2023-01-07 01:28:30,126 ] 85 root - INFO - Hypothesis ee_005: float64, float64 
[ 2023-01-07 01:28:30,136 ] 85 root - INFO - Hypothesis ee_006: float64, float64 
[ 2023-01-07 01:28:30,146 ] 85 root - INFO - Hypothesis ee_007: float64, float64 
[ 2023-01-07 01:28:30,155 ] 85 root - INFO - Hypothesis ee_008: float64, float64 
[ 2023-01-07 01:28:30,164 ] 85 root - INFO - Hypothesis ee_009: float64, float64 
[ 2023-01-07 01:28:30,172 ] 85 root - INFO - Hypothesis ef_000: float64, float64 
[ 2023-01-07 01:28:30,207 ] 85 root - INFO - Hypothesis eg_000: float64, float64 
[ 2023-01-07 01:28:30,242 ] 140 root - INFO - As all column are available in test df hence detecting data drift
[ 2023-01-07 01:28:30,243 ] 85 root - INFO - Hypothesis class: object, object 
[ 2023-01-07 01:28:30,320 ] 85 root - INFO - Hypothesis aa_000: float64, float64 
[ 2023-01-07 01:28:30,327 ] 85 root - INFO - Hypothesis ac_000: float64, float64 
[ 2023-01-07 01:28:30,332 ] 85 root - INFO - Hypothesis ae_000: float64, float64 
[ 2023-01-07 01:28:30,347 ] 85 root - INFO - Hypothesis af_000: float64, float64 
[ 2023-01-07 01:28:30,363 ] 85 root - INFO - Hypothesis ag_000: float64, float64 
[ 2023-01-07 01:28:30,377 ] 85 root - INFO - Hypothesis ag_001: float64, float64 
[ 2023-01-07 01:28:30,392 ] 85 root - INFO - Hypothesis ag_002: float64, float64 
[ 2023-01-07 01:28:30,395 ] 85 root - INFO - Hypothesis ag_003: float64, float64 
[ 2023-01-07 01:28:30,399 ] 85 root - INFO - Hypothesis ag_004: float64, float64 
[ 2023-01-07 01:28:30,406 ] 85 root - INFO - Hypothesis ag_005: float64, float64 
[ 2023-01-07 01:28:30,413 ] 85 root - INFO - Hypothesis ag_006: float64, float64 
[ 2023-01-07 01:28:30,420 ] 85 root - INFO - Hypothesis ag_007: float64, float64 
[ 2023-01-07 01:28:30,426 ] 85 root - INFO - Hypothesis ag_008: float64, float64 
[ 2023-01-07 01:28:30,432 ] 85 root - INFO - Hypothesis ag_009: float64, float64 
[ 2023-01-07 01:28:30,436 ] 85 root - INFO - Hypothesis ah_000: float64, float64 
[ 2023-01-07 01:28:30,443 ] 85 root - INFO - Hypothesis ai_000: float64, float64 
[ 2023-01-07 01:28:30,447 ] 85 root - INFO - Hypothesis aj_000: float64, float64 
[ 2023-01-07 01:28:30,450 ] 85 root - INFO - Hypothesis ak_000: float64, float64 
[ 2023-01-07 01:28:30,454 ] 85 root - INFO - Hypothesis al_000: float64, float64 
[ 2023-01-07 01:28:30,458 ] 85 root - INFO - Hypothesis am_0: float64, float64 
[ 2023-01-07 01:28:30,463 ] 85 root - INFO - Hypothesis an_000: float64, float64 
[ 2023-01-07 01:28:30,470 ] 85 root - INFO - Hypothesis ao_000: float64, float64 
[ 2023-01-07 01:28:30,477 ] 85 root - INFO - Hypothesis ap_000: float64, float64 
[ 2023-01-07 01:28:30,484 ] 85 root - INFO - Hypothesis aq_000: float64, float64 
[ 2023-01-07 01:28:30,491 ] 85 root - INFO - Hypothesis ar_000: float64, float64 
[ 2023-01-07 01:28:30,506 ] 85 root - INFO - Hypothesis as_000: float64, float64 
[ 2023-01-07 01:28:30,521 ] 85 root - INFO - Hypothesis at_000: float64, float64 
[ 2023-01-07 01:28:30,537 ] 85 root - INFO - Hypothesis au_000: float64, float64 
[ 2023-01-07 01:28:30,551 ] 85 root - INFO - Hypothesis av_000: float64, float64 
[ 2023-01-07 01:28:30,562 ] 85 root - INFO - Hypothesis ax_000: float64, float64 
[ 2023-01-07 01:28:30,567 ] 85 root - INFO - Hypothesis ay_000: float64, float64 
[ 2023-01-07 01:28:30,582 ] 85 root - INFO - Hypothesis ay_001: float64, float64 
[ 2023-01-07 01:28:30,596 ] 85 root - INFO - Hypothesis ay_002: float64, float64 
[ 2023-01-07 01:28:30,611 ] 85 root - INFO - Hypothesis ay_003: float64, float64 
[ 2023-01-07 01:28:30,626 ] 85 root - INFO - Hypothesis ay_004: float64, float64 
[ 2023-01-07 01:28:30,641 ] 85 root - INFO - Hypothesis ay_005: float64, float64 
[ 2023-01-07 01:28:30,647 ] 85 root - INFO - Hypothesis ay_006: float64, float64 
[ 2023-01-07 01:28:30,653 ] 85 root - INFO - Hypothesis ay_007: float64, float64 
[ 2023-01-07 01:28:30,660 ] 85 root - INFO - Hypothesis ay_008: float64, float64 
[ 2023-01-07 01:28:30,667 ] 85 root - INFO - Hypothesis ay_009: float64, float64 
[ 2023-01-07 01:28:30,681 ] 85 root - INFO - Hypothesis az_000: float64, float64 
[ 2023-01-07 01:28:30,688 ] 85 root - INFO - Hypothesis az_001: float64, float64 
[ 2023-01-07 01:28:30,694 ] 85 root - INFO - Hypothesis az_002: float64, float64 
[ 2023-01-07 01:28:30,700 ] 85 root - INFO - Hypothesis az_003: float64, float64 
[ 2023-01-07 01:28:30,707 ] 85 root - INFO - Hypothesis az_004: float64, float64 
[ 2023-01-07 01:28:30,714 ] 85 root - INFO - Hypothesis az_005: float64, float64 
[ 2023-01-07 01:28:30,721 ] 85 root - INFO - Hypothesis az_006: float64, float64 
[ 2023-01-07 01:28:30,727 ] 85 root - INFO - Hypothesis az_007: float64, float64 
[ 2023-01-07 01:28:30,731 ] 85 root - INFO - Hypothesis az_008: float64, float64 
[ 2023-01-07 01:28:30,746 ] 85 root - INFO - Hypothesis az_009: float64, float64 
[ 2023-01-07 01:28:30,761 ] 85 root - INFO - Hypothesis ba_000: float64, float64 
[ 2023-01-07 01:28:30,768 ] 85 root - INFO - Hypothesis ba_001: float64, float64 
[ 2023-01-07 01:28:30,775 ] 85 root - INFO - Hypothesis ba_002: float64, float64 
[ 2023-01-07 01:28:30,782 ] 85 root - INFO - Hypothesis ba_003: float64, float64 
[ 2023-01-07 01:28:30,789 ] 85 root - INFO - Hypothesis ba_004: float64, float64 
[ 2023-01-07 01:28:30,796 ] 85 root - INFO - Hypothesis ba_005: float64, float64 
[ 2023-01-07 01:28:30,802 ] 85 root - INFO - Hypothesis ba_006: float64, float64 
[ 2023-01-07 01:28:30,809 ] 85 root - INFO - Hypothesis ba_007: float64, float64 
[ 2023-01-07 01:28:30,816 ] 85 root - INFO - Hypothesis ba_008: float64, float64 
[ 2023-01-07 01:28:30,821 ] 85 root - INFO - Hypothesis ba_009: float64, float64 
[ 2023-01-07 01:28:30,825 ] 85 root - INFO - Hypothesis bb_000: float64, float64 
[ 2023-01-07 01:28:30,832 ] 85 root - INFO - Hypothesis bc_000: float64, float64 
[ 2023-01-07 01:28:30,837 ] 85 root - INFO - Hypothesis bd_000: float64, float64 
[ 2023-01-07 01:28:30,843 ] 85 root - INFO - Hypothesis be_000: float64, float64 
[ 2023-01-07 01:28:30,849 ] 85 root - INFO - Hypothesis bf_000: float64, float64 
[ 2023-01-07 01:28:30,853 ] 85 root - INFO - Hypothesis bg_000: float64, float64 
[ 2023-01-07 01:28:30,861 ] 85 root - INFO - Hypothesis bh_000: float64, float64 
[ 2023-01-07 01:28:30,867 ] 85 root - INFO - Hypothesis bi_000: float64, float64 
[ 2023-01-07 01:28:30,875 ] 85 root - INFO - Hypothesis bj_000: float64, float64 
[ 2023-01-07 01:28:30,882 ] 85 root - INFO - Hypothesis bs_000: float64, float64 
[ 2023-01-07 01:28:30,889 ] 85 root - INFO - Hypothesis bt_000: float64, float64 
[ 2023-01-07 01:28:30,896 ] 85 root - INFO - Hypothesis bu_000: float64, float64 
[ 2023-01-07 01:28:30,903 ] 85 root - INFO - Hypothesis bv_000: float64, float64 
[ 2023-01-07 01:28:30,909 ] 85 root - INFO - Hypothesis bx_000: float64, float64 
[ 2023-01-07 01:28:30,916 ] 85 root - INFO - Hypothesis by_000: float64, float64 
[ 2023-01-07 01:28:30,923 ] 85 root - INFO - Hypothesis bz_000: float64, float64 
[ 2023-01-07 01:28:30,929 ] 85 root - INFO - Hypothesis ca_000: float64, float64 
[ 2023-01-07 01:28:30,936 ] 85 root - INFO - Hypothesis cb_000: float64, float64 
[ 2023-01-07 01:28:30,943 ] 85 root - INFO - Hypothesis cc_000: float64, float64 
[ 2023-01-07 01:28:30,950 ] 85 root - INFO - Hypothesis cd_000: float64, float64 
[ 2023-01-07 01:28:30,965 ] 85 root - INFO - Hypothesis ce_000: float64, float64 
[ 2023-01-07 01:28:30,971 ] 85 root - INFO - Hypothesis ci_000: float64, float64 
[ 2023-01-07 01:28:30,978 ] 85 root - INFO - Hypothesis cj_000: float64, float64 
[ 2023-01-07 01:28:30,982 ] 85 root - INFO - Hypothesis ck_000: float64, float64 
[ 2023-01-07 01:28:30,989 ] 85 root - INFO - Hypothesis cl_000: float64, float64 
[ 2023-01-07 01:28:30,993 ] 85 root - INFO - Hypothesis cm_000: float64, float64 
[ 2023-01-07 01:28:30,998 ] 85 root - INFO - Hypothesis cn_000: float64, float64 
[ 2023-01-07 01:28:31,013 ] 85 root - INFO - Hypothesis cn_001: float64, float64 
[ 2023-01-07 01:28:31,017 ] 85 root - INFO - Hypothesis cn_002: float64, float64 
[ 2023-01-07 01:28:31,023 ] 85 root - INFO - Hypothesis cn_003: float64, float64 
[ 2023-01-07 01:28:31,030 ] 85 root - INFO - Hypothesis cn_004: float64, float64 
[ 2023-01-07 01:28:31,038 ] 85 root - INFO - Hypothesis cn_005: float64, float64 
[ 2023-01-07 01:28:31,045 ] 85 root - INFO - Hypothesis cn_006: float64, float64 
[ 2023-01-07 01:28:31,052 ] 85 root - INFO - Hypothesis cn_007: float64, float64 
[ 2023-01-07 01:28:31,060 ] 85 root - INFO - Hypothesis cn_008: float64, float64 
[ 2023-01-07 01:28:31,066 ] 85 root - INFO - Hypothesis cn_009: float64, float64 
[ 2023-01-07 01:28:31,071 ] 85 root - INFO - Hypothesis cp_000: float64, float64 
[ 2023-01-07 01:28:31,076 ] 85 root - INFO - Hypothesis cq_000: float64, float64 
[ 2023-01-07 01:28:31,083 ] 85 root - INFO - Hypothesis cs_000: float64, float64 
[ 2023-01-07 01:28:31,090 ] 85 root - INFO - Hypothesis cs_001: float64, float64 
[ 2023-01-07 01:28:31,096 ] 85 root - INFO - Hypothesis cs_002: float64, float64 
[ 2023-01-07 01:28:31,102 ] 85 root - INFO - Hypothesis cs_003: float64, float64 
[ 2023-01-07 01:28:31,109 ] 85 root - INFO - Hypothesis cs_004: float64, float64 
[ 2023-01-07 01:28:31,116 ] 85 root - INFO - Hypothesis cs_005: float64, float64 
[ 2023-01-07 01:28:31,123 ] 85 root - INFO - Hypothesis cs_006: float64, float64 
[ 2023-01-07 01:28:31,130 ] 85 root - INFO - Hypothesis cs_007: float64, float64 
[ 2023-01-07 01:28:31,137 ] 85 root - INFO - Hypothesis cs_008: float64, float64 
[ 2023-01-07 01:28:31,142 ] 85 root - INFO - Hypothesis cs_009: float64, float64 
[ 2023-01-07 01:28:31,157 ] 85 root - INFO - Hypothesis dd_000: float64, float64 
[ 2023-01-07 01:28:31,163 ] 85 root - INFO - Hypothesis de_000: float64, float64 
[ 2023-01-07 01:28:31,169 ] 85 root - INFO - Hypothesis df_000: float64, float64 
[ 2023-01-07 01:28:31,172 ] 85 root - INFO - Hypothesis dg_000: float64, float64 
[ 2023-01-07 01:28:31,175 ] 85 root - INFO - Hypothesis dh_000: float64, float64 
[ 2023-01-07 01:28:31,179 ] 85 root - INFO - Hypothesis di_000: float64, float64 
[ 2023-01-07 01:28:31,183 ] 85 root - INFO - Hypothesis dj_000: float64, float64 
[ 2023-01-07 01:28:31,198 ] 85 root - INFO - Hypothesis dk_000: float64, float64 
[ 2023-01-07 01:28:31,202 ] 85 root - INFO - Hypothesis dl_000: float64, float64 
[ 2023-01-07 01:28:31,216 ] 85 root - INFO - Hypothesis dm_000: float64, float64 
[ 2023-01-07 01:28:31,232 ] 85 root - INFO - Hypothesis dn_000: float64, float64 
[ 2023-01-07 01:28:31,239 ] 85 root - INFO - Hypothesis do_000: float64, float64 
[ 2023-01-07 01:28:31,245 ] 85 root - INFO - Hypothesis dp_000: float64, float64 
[ 2023-01-07 01:28:31,251 ] 85 root - INFO - Hypothesis dq_000: float64, float64 
[ 2023-01-07 01:28:31,255 ] 85 root - INFO - Hypothesis dr_000: float64, float64 
[ 2023-01-07 01:28:31,260 ] 85 root - INFO - Hypothesis ds_000: float64, float64 
[ 2023-01-07 01:28:31,268 ] 85 root - INFO - Hypothesis dt_000: float64, float64 
[ 2023-01-07 01:28:31,275 ] 85 root - INFO - Hypothesis du_000: float64, float64 
[ 2023-01-07 01:28:31,284 ] 85 root - INFO - Hypothesis dv_000: float64, float64 
[ 2023-01-07 01:28:31,292 ] 85 root - INFO - Hypothesis dx_000: float64, float64 
[ 2023-01-07 01:28:31,298 ] 85 root - INFO - Hypothesis dy_000: float64, float64 
[ 2023-01-07 01:28:31,304 ] 85 root - INFO - Hypothesis dz_000: float64, float64 
[ 2023-01-07 01:28:31,320 ] 85 root - INFO - Hypothesis ea_000: float64, float64 
[ 2023-01-07 01:28:31,336 ] 85 root - INFO - Hypothesis eb_000: float64, float64 
[ 2023-01-07 01:28:31,343 ] 85 root - INFO - Hypothesis ec_00: float64, float64 
[ 2023-01-07 01:28:31,350 ] 85 root - INFO - Hypothesis ed_000: float64, float64 
[ 2023-01-07 01:28:31,356 ] 85 root - INFO - Hypothesis ee_000: float64, float64 
[ 2023-01-07 01:28:31,363 ] 85 root - INFO - Hypothesis ee_001: float64, float64 
[ 2023-01-07 01:28:31,370 ] 85 root - INFO - Hypothesis ee_002: float64, float64 
[ 2023-01-07 01:28:31,377 ] 85 root - INFO - Hypothesis ee_003: float64, float64 
[ 2023-01-07 01:28:31,384 ] 85 root - INFO - Hypothesis ee_004: float64, float64 
[ 2023-01-07 01:28:31,391 ] 85 root - INFO - Hypothesis ee_005: float64, float64 
[ 2023-01-07 01:28:31,398 ] 85 root - INFO - Hypothesis ee_006: float64, float64 
[ 2023-01-07 01:28:31,404 ] 85 root - INFO - Hypothesis ee_007: float64, float64 
[ 2023-01-07 01:28:31,411 ] 85 root - INFO - Hypothesis ee_008: float64, float64 
[ 2023-01-07 01:28:31,417 ] 85 root - INFO - Hypothesis ee_009: float64, float64 
[ 2023-01-07 01:28:31,422 ] 85 root - INFO - Hypothesis ef_000: float64, float64 
[ 2023-01-07 01:28:31,437 ] 85 root - INFO - Hypothesis eg_000: float64, float64 
[ 2023-01-07 01:28:31,452 ] 144 root - INFO - Write reprt in yaml file
[ 2023-01-07 01:28:31,489 ] 148 root - INFO - Data validation artifact: DataValidationArtifact(report_file_path='/config/workspace/artifact/01072023__012807/data_validation/report.yaml')
[ 2023-01-07 01:28:32,386 ] 71 root - INFO - Before resampling in training set Input: (28950, 170) Target:(28950,)
[ 2023-01-07 01:28:37,666 ] 73 root - INFO - After resampling in training set Input: (56152, 170) Target:(56152,)
[ 2023-01-07 01:28:37,666 ] 75 root - INFO - Before resampling in testing set Input: (7238, 170) Target:(7238,)
[ 2023-01-07 01:28:38,499 ] 77 root - INFO - After resampling in testing set Input: (14072, 170) Target:(14072,)
[ 2023-01-07 01:28:38,612 ] 53 root - INFO - Entered the save_object method of utils
[ 2023-01-07 01:28:38,616 ] 57 root - INFO - Exited the save_object method of utils
[ 2023-01-07 01:28:38,616 ] 53 root - INFO - Entered the save_object method of utils
[ 2023-01-07 01:28:38,617 ] 57 root - INFO - Exited the save_object method of utils
[ 2023-01-07 01:28:38,617 ] 108 root - INFO - Data transformation object DataTransformationArtifact(transform_object_path='/config/workspace/artifact/01072023__012807/data_transformation/transformer/transformer.pkl', transformed_train_path='/config/workspace/artifact/01072023__012807/data_transformation/transformed/train.npz', transformed_test_path='/config/workspace/artifact/01072023__012807/data_transformation/transformed/test.npz', target_encoder_path='/config/workspace/artifact/01072023__012807/data_transformation/target_encoder/target_encoder.pkl')
[ 2023-01-07 01:28:38,618 ] 16 root - INFO - >>>>>>>>>>>>>>>>>>>>>>>>>>>>>>>>>>>>>>>> Model Trainer <<<<<<<<<<<<<<<<<<<<<<<<<<<<<<<<<<<<<<<<
[ 2023-01-07 01:28:38,618 ] 45 root - INFO - Loading train and test array.
[ 2023-01-07 01:28:38,649 ] 49 root - INFO - Splitting input and target feature from both train and test arr.
[ 2023-01-07 01:28:38,649 ] 53 root - INFO - Train the model
