[ 2023-01-07 01:11:54,388 ] 15 root - INFO - >>>>>>>>>>>>>>>>>>>>>>>>>>>>>>>>>>>>>>>> Data Ingestion <<<<<<<<<<<<<<<<<<<<<<<<<<<<<<<<<<<<<<<<
[ 2023-01-07 01:11:54,388 ] 22 root - INFO - Exporting collection data as pandas dataframe
[ 2023-01-07 01:11:54,388 ] 21 root - INFO - Reading data from database: aps and collection: sensor
[ 2023-01-07 01:11:58,361 ] 23 root - INFO - Found columns: Index(['_id', 'class', 'aa_000', 'ab_000', 'ac_000', 'ad_000', 'ae_000',
       'af_000', 'ag_000', 'ag_001',
       ...
       'ee_002', 'ee_003', 'ee_004', 'ee_005', 'ee_006', 'ee_007', 'ee_008',
       'ee_009', 'ef_000', 'eg_000'],
      dtype='object', length=172)
[ 2023-01-07 01:11:58,362 ] 25 root - INFO - Dropping column: _id 
[ 2023-01-07 01:11:58,708 ] 27 root - INFO - Row and columns in df: (36188, 171)
[ 2023-01-07 01:11:58,709 ] 28 root - INFO - Save data in feature store
[ 2023-01-07 01:11:59,432 ] 34 root - INFO - Create feature store folder if not available
[ 2023-01-07 01:11:59,433 ] 38 root - INFO - Save df to feature store folder
[ 2023-01-07 01:12:01,978 ] 43 root - INFO - split dataset into train and test set
[ 2023-01-07 01:12:02,570 ] 47 root - INFO - create dataset directory folder if not available
[ 2023-01-07 01:12:02,571 ] 52 root - INFO - Save df to feature store folder
[ 2023-01-07 01:12:04,746 ] 64 root - INFO - Data ingestion artifact: DataIngestionArtifact(feature_store_file_path='/config/workspace/artifact/01072023__011154/data_ingestion/feature_store/sensor.csv', train_file_path='/config/workspace/artifact/01072023__011154/data_ingestion/dataset/train.csv', test_file_path='/config/workspace/artifact/01072023__011154/data_ingestion/dataset/test.csv')
[ 2023-01-07 01:12:05,195 ] 20 root - INFO - >>>>>>>>>>>>>>>>>>>>>>>>>>>>>>>>>>>>>>>>Data Validation <<<<<<<<<<<<<<<<<<<<<<<<<<<<<<<<<<<<<<<<
[ 2023-01-07 01:12:05,195 ] 107 root - INFO - Reading base dataframe
[ 2023-01-07 01:12:06,805 ] 109 root - INFO - Replace na value with NaN
[ 2023-01-07 01:12:08,053 ] 112 root - INFO - Drop null values column from base df
[ 2023-01-07 01:12:08,991 ] 42 root - INFO - selecting column name which contains null above to 0.2
[ 2023-01-07 01:12:08,992 ] 45 root - INFO - Columns to drop: ['ab_000', 'ad_000', 'bk_000', 'bl_000', 'bm_000', 'bn_000', 'bo_000', 'bp_000', 'bq_000', 'br_000', 'cf_000', 'cg_000', 'ch_000', 'co_000', 'cr_000', 'ct_000', 'cu_000', 'cv_000', 'cx_000', 'cy_000', 'cz_000', 'da_000', 'db_000', 'dc_000']
[ 2023-01-07 01:12:09,084 ] 115 root - INFO - Reading train dataframe
[ 2023-01-07 01:12:09,478 ] 117 root - INFO - Reading test dataframe
[ 2023-01-07 01:12:09,577 ] 120 root - INFO - Drop null values columns from train df
[ 2023-01-07 01:12:09,589 ] 42 root - INFO - selecting column name which contains null above to 0.2
[ 2023-01-07 01:12:09,590 ] 45 root - INFO - Columns to drop: ['ab_000', 'ad_000', 'bk_000', 'bl_000', 'bm_000', 'bn_000', 'bo_000', 'bp_000', 'bq_000', 'br_000', 'cf_000', 'cg_000', 'ch_000', 'co_000', 'cr_000', 'ct_000', 'cu_000', 'cv_000', 'cx_000', 'cy_000', 'cz_000', 'da_000', 'db_000', 'dc_000']
[ 2023-01-07 01:12:09,599 ] 122 root - INFO - Drop null values columns from test df
[ 2023-01-07 01:12:09,604 ] 42 root - INFO - selecting column name which contains null above to 0.2
[ 2023-01-07 01:12:09,605 ] 45 root - INFO - Columns to drop: ['ab_000', 'ad_000', 'bk_000', 'bl_000', 'bm_000', 'bn_000', 'bo_000', 'bp_000', 'bq_000', 'br_000', 'cf_000', 'cg_000', 'ch_000', 'co_000', 'cr_000', 'ct_000', 'cu_000', 'cv_000', 'cx_000', 'cy_000', 'cz_000', 'da_000', 'db_000', 'dc_000']
[ 2023-01-07 01:12:15,632 ] 130 root - INFO - Is all required columns present in train df
[ 2023-01-07 01:12:15,633 ] 132 root - INFO - Is all required columns present in test df
[ 2023-01-07 01:12:15,633 ] 136 root - INFO - As all column are available in train df hence detecting data drift
[ 2023-01-07 01:12:15,633 ] 85 root - INFO - Hypothesis class: object, object 
[ 2023-01-07 01:12:15,767 ] 85 root - INFO - Hypothesis aa_000: float64, float64 
[ 2023-01-07 01:12:15,778 ] 85 root - INFO - Hypothesis ac_000: float64, float64 
[ 2023-01-07 01:12:15,818 ] 85 root - INFO - Hypothesis ae_000: float64, float64 
[ 2023-01-07 01:12:15,855 ] 85 root - INFO - Hypothesis af_000: float64, float64 
[ 2023-01-07 01:12:15,892 ] 85 root - INFO - Hypothesis ag_000: float64, float64 
[ 2023-01-07 01:12:15,926 ] 85 root - INFO - Hypothesis ag_001: float64, float64 
[ 2023-01-07 01:12:15,962 ] 85 root - INFO - Hypothesis ag_002: float64, float64 
[ 2023-01-07 01:12:15,999 ] 85 root - INFO - Hypothesis ag_003: float64, float64 
[ 2023-01-07 01:12:16,006 ] 85 root - INFO - Hypothesis ag_004: float64, float64 
[ 2023-01-07 01:12:16,017 ] 85 root - INFO - Hypothesis ag_005: float64, float64 
[ 2023-01-07 01:12:16,028 ] 85 root - INFO - Hypothesis ag_006: float64, float64 
[ 2023-01-07 01:12:16,039 ] 85 root - INFO - Hypothesis ag_007: float64, float64 
[ 2023-01-07 01:12:16,048 ] 85 root - INFO - Hypothesis ag_008: float64, float64 
[ 2023-01-07 01:12:16,056 ] 85 root - INFO - Hypothesis ag_009: float64, float64 
[ 2023-01-07 01:12:16,063 ] 85 root - INFO - Hypothesis ah_000: float64, float64 
[ 2023-01-07 01:12:16,074 ] 85 root - INFO - Hypothesis ai_000: float64, float64 
[ 2023-01-07 01:12:16,111 ] 85 root - INFO - Hypothesis aj_000: float64, float64 
[ 2023-01-07 01:12:16,116 ] 85 root - INFO - Hypothesis ak_000: float64, float64 
[ 2023-01-07 01:12:16,153 ] 85 root - INFO - Hypothesis al_000: float64, float64 
[ 2023-01-07 01:12:16,161 ] 85 root - INFO - Hypothesis am_0: float64, float64 
[ 2023-01-07 01:12:16,168 ] 85 root - INFO - Hypothesis an_000: float64, float64 
[ 2023-01-07 01:12:16,178 ] 85 root - INFO - Hypothesis ao_000: float64, float64 
[ 2023-01-07 01:12:16,189 ] 85 root - INFO - Hypothesis ap_000: float64, float64 
[ 2023-01-07 01:12:16,199 ] 85 root - INFO - Hypothesis aq_000: float64, float64 
[ 2023-01-07 01:12:16,210 ] 85 root - INFO - Hypothesis ar_000: float64, float64 
[ 2023-01-07 01:12:16,245 ] 85 root - INFO - Hypothesis as_000: float64, float64 
[ 2023-01-07 01:12:16,280 ] 85 root - INFO - Hypothesis at_000: float64, float64 
[ 2023-01-07 01:12:16,316 ] 85 root - INFO - Hypothesis au_000: float64, float64 
[ 2023-01-07 01:12:16,351 ] 85 root - INFO - Hypothesis av_000: float64, float64 
[ 2023-01-07 01:12:16,361 ] 85 root - INFO - Hypothesis ax_000: float64, float64 
[ 2023-01-07 01:12:16,370 ] 85 root - INFO - Hypothesis ay_000: float64, float64 
[ 2023-01-07 01:12:16,405 ] 85 root - INFO - Hypothesis ay_001: float64, float64 
[ 2023-01-07 01:12:16,441 ] 85 root - INFO - Hypothesis ay_002: float64, float64 
[ 2023-01-07 01:12:16,476 ] 85 root - INFO - Hypothesis ay_003: float64, float64 
[ 2023-01-07 01:12:16,511 ] 85 root - INFO - Hypothesis ay_004: float64, float64 
[ 2023-01-07 01:12:16,547 ] 85 root - INFO - Hypothesis ay_005: float64, float64 
[ 2023-01-07 01:12:16,586 ] 85 root - INFO - Hypothesis ay_006: float64, float64 
[ 2023-01-07 01:12:16,596 ] 85 root - INFO - Hypothesis ay_007: float64, float64 
[ 2023-01-07 01:12:16,606 ] 85 root - INFO - Hypothesis ay_008: float64, float64 
[ 2023-01-07 01:12:16,616 ] 85 root - INFO - Hypothesis ay_009: float64, float64 
[ 2023-01-07 01:12:16,655 ] 85 root - INFO - Hypothesis az_000: float64, float64 
[ 2023-01-07 01:12:16,665 ] 85 root - INFO - Hypothesis az_001: float64, float64 
[ 2023-01-07 01:12:16,675 ] 85 root - INFO - Hypothesis az_002: float64, float64 
[ 2023-01-07 01:12:16,684 ] 85 root - INFO - Hypothesis az_003: float64, float64 
[ 2023-01-07 01:12:16,694 ] 85 root - INFO - Hypothesis az_004: float64, float64 
[ 2023-01-07 01:12:16,704 ] 85 root - INFO - Hypothesis az_005: float64, float64 
[ 2023-01-07 01:12:16,715 ] 85 root - INFO - Hypothesis az_006: float64, float64 
[ 2023-01-07 01:12:16,755 ] 85 root - INFO - Hypothesis az_007: float64, float64 
[ 2023-01-07 01:12:16,792 ] 85 root - INFO - Hypothesis az_008: float64, float64 
[ 2023-01-07 01:12:16,829 ] 85 root - INFO - Hypothesis az_009: float64, float64 
[ 2023-01-07 01:12:16,865 ] 85 root - INFO - Hypothesis ba_000: float64, float64 
[ 2023-01-07 01:12:16,875 ] 85 root - INFO - Hypothesis ba_001: float64, float64 
[ 2023-01-07 01:12:16,886 ] 85 root - INFO - Hypothesis ba_002: float64, float64 
[ 2023-01-07 01:12:16,897 ] 85 root - INFO - Hypothesis ba_003: float64, float64 
[ 2023-01-07 01:12:16,908 ] 85 root - INFO - Hypothesis ba_004: float64, float64 
[ 2023-01-07 01:12:16,918 ] 85 root - INFO - Hypothesis ba_005: float64, float64 
[ 2023-01-07 01:12:16,929 ] 85 root - INFO - Hypothesis ba_006: float64, float64 
[ 2023-01-07 01:12:16,939 ] 85 root - INFO - Hypothesis ba_007: float64, float64 
[ 2023-01-07 01:12:16,948 ] 85 root - INFO - Hypothesis ba_008: float64, float64 
[ 2023-01-07 01:12:16,988 ] 85 root - INFO - Hypothesis ba_009: float64, float64 
[ 2023-01-07 01:12:17,025 ] 85 root - INFO - Hypothesis bb_000: float64, float64 
[ 2023-01-07 01:12:17,036 ] 85 root - INFO - Hypothesis bc_000: float64, float64 
[ 2023-01-07 01:12:17,075 ] 85 root - INFO - Hypothesis bd_000: float64, float64 
[ 2023-01-07 01:12:17,083 ] 85 root - INFO - Hypothesis be_000: float64, float64 
[ 2023-01-07 01:12:17,092 ] 85 root - INFO - Hypothesis bf_000: float64, float64 
[ 2023-01-07 01:12:17,098 ] 85 root - INFO - Hypothesis bg_000: float64, float64 
[ 2023-01-07 01:12:17,109 ] 85 root - INFO - Hypothesis bh_000: float64, float64 
[ 2023-01-07 01:12:17,119 ] 85 root - INFO - Hypothesis bi_000: float64, float64 
[ 2023-01-07 01:12:17,130 ] 85 root - INFO - Hypothesis bj_000: float64, float64 
[ 2023-01-07 01:12:17,140 ] 85 root - INFO - Hypothesis bs_000: float64, float64 
[ 2023-01-07 01:12:17,151 ] 85 root - INFO - Hypothesis bt_000: float64, float64 
[ 2023-01-07 01:12:17,162 ] 85 root - INFO - Hypothesis bu_000: float64, float64 
[ 2023-01-07 01:12:17,172 ] 85 root - INFO - Hypothesis bv_000: float64, float64 
[ 2023-01-07 01:12:17,182 ] 85 root - INFO - Hypothesis bx_000: float64, float64 
[ 2023-01-07 01:12:17,192 ] 85 root - INFO - Hypothesis by_000: float64, float64 
[ 2023-01-07 01:12:17,202 ] 85 root - INFO - Hypothesis bz_000: float64, float64 
[ 2023-01-07 01:12:17,211 ] 85 root - INFO - Hypothesis ca_000: float64, float64 
[ 2023-01-07 01:12:17,222 ] 85 root - INFO - Hypothesis cb_000: float64, float64 
[ 2023-01-07 01:12:17,232 ] 85 root - INFO - Hypothesis cc_000: float64, float64 
[ 2023-01-07 01:12:17,243 ] 85 root - INFO - Hypothesis cd_000: float64, float64 
[ 2023-01-07 01:12:17,278 ] 85 root - INFO - Hypothesis ce_000: float64, float64 
[ 2023-01-07 01:12:17,287 ] 85 root - INFO - Hypothesis ci_000: float64, float64 
[ 2023-01-07 01:12:17,298 ] 85 root - INFO - Hypothesis cj_000: float64, float64 
[ 2023-01-07 01:12:17,335 ] 85 root - INFO - Hypothesis ck_000: float64, float64 
[ 2023-01-07 01:12:17,346 ] 85 root - INFO - Hypothesis cl_000: float64, float64 
[ 2023-01-07 01:12:17,352 ] 85 root - INFO - Hypothesis cm_000: float64, float64 
[ 2023-01-07 01:12:17,360 ] 85 root - INFO - Hypothesis cn_000: float64, float64 
[ 2023-01-07 01:12:17,395 ] 85 root - INFO - Hypothesis cn_001: float64, float64 
[ 2023-01-07 01:12:17,432 ] 85 root - INFO - Hypothesis cn_002: float64, float64 
[ 2023-01-07 01:12:17,440 ] 85 root - INFO - Hypothesis cn_003: float64, float64 
[ 2023-01-07 01:12:17,450 ] 85 root - INFO - Hypothesis cn_004: float64, float64 
[ 2023-01-07 01:12:17,461 ] 85 root - INFO - Hypothesis cn_005: float64, float64 
[ 2023-01-07 01:12:17,471 ] 85 root - INFO - Hypothesis cn_006: float64, float64 
[ 2023-01-07 01:12:17,481 ] 85 root - INFO - Hypothesis cn_007: float64, float64 
[ 2023-01-07 01:12:17,491 ] 85 root - INFO - Hypothesis cn_008: float64, float64 
[ 2023-01-07 01:12:17,499 ] 85 root - INFO - Hypothesis cn_009: float64, float64 
[ 2023-01-07 01:12:17,539 ] 85 root - INFO - Hypothesis cp_000: float64, float64 
[ 2023-01-07 01:12:17,577 ] 85 root - INFO - Hypothesis cq_000: float64, float64 
[ 2023-01-07 01:12:17,587 ] 85 root - INFO - Hypothesis cs_000: float64, float64 
[ 2023-01-07 01:12:17,597 ] 85 root - INFO - Hypothesis cs_001: float64, float64 
[ 2023-01-07 01:12:17,606 ] 85 root - INFO - Hypothesis cs_002: float64, float64 
[ 2023-01-07 01:12:17,616 ] 85 root - INFO - Hypothesis cs_003: float64, float64 
[ 2023-01-07 01:12:17,626 ] 85 root - INFO - Hypothesis cs_004: float64, float64 
[ 2023-01-07 01:12:17,636 ] 85 root - INFO - Hypothesis cs_005: float64, float64 
[ 2023-01-07 01:12:17,647 ] 85 root - INFO - Hypothesis cs_006: float64, float64 
[ 2023-01-07 01:12:17,657 ] 85 root - INFO - Hypothesis cs_007: float64, float64 
[ 2023-01-07 01:12:17,668 ] 85 root - INFO - Hypothesis cs_008: float64, float64 
[ 2023-01-07 01:12:17,706 ] 85 root - INFO - Hypothesis cs_009: float64, float64 
[ 2023-01-07 01:12:17,742 ] 85 root - INFO - Hypothesis dd_000: float64, float64 
[ 2023-01-07 01:12:17,751 ] 85 root - INFO - Hypothesis de_000: float64, float64 
[ 2023-01-07 01:12:17,760 ] 85 root - INFO - Hypothesis df_000: float64, float64 
[ 2023-01-07 01:12:17,795 ] 85 root - INFO - Hypothesis dg_000: float64, float64 
[ 2023-01-07 01:12:17,832 ] 85 root - INFO - Hypothesis dh_000: float64, float64 
[ 2023-01-07 01:12:17,837 ] 85 root - INFO - Hypothesis di_000: float64, float64 
[ 2023-01-07 01:12:17,875 ] 85 root - INFO - Hypothesis dj_000: float64, float64 
[ 2023-01-07 01:12:17,910 ] 85 root - INFO - Hypothesis dk_000: float64, float64 
[ 2023-01-07 01:12:17,946 ] 85 root - INFO - Hypothesis dl_000: float64, float64 
[ 2023-01-07 01:12:17,983 ] 85 root - INFO - Hypothesis dm_000: float64, float64 
[ 2023-01-07 01:12:18,019 ] 85 root - INFO - Hypothesis dn_000: float64, float64 
[ 2023-01-07 01:12:18,030 ] 85 root - INFO - Hypothesis do_000: float64, float64 
[ 2023-01-07 01:12:18,040 ] 85 root - INFO - Hypothesis dp_000: float64, float64 
[ 2023-01-07 01:12:18,049 ] 85 root - INFO - Hypothesis dq_000: float64, float64 
[ 2023-01-07 01:12:18,087 ] 85 root - INFO - Hypothesis dr_000: float64, float64 
[ 2023-01-07 01:12:18,125 ] 85 root - INFO - Hypothesis ds_000: float64, float64 
[ 2023-01-07 01:12:18,135 ] 85 root - INFO - Hypothesis dt_000: float64, float64 
[ 2023-01-07 01:12:18,145 ] 85 root - INFO - Hypothesis du_000: float64, float64 
[ 2023-01-07 01:12:18,155 ] 85 root - INFO - Hypothesis dv_000: float64, float64 
[ 2023-01-07 01:12:18,165 ] 85 root - INFO - Hypothesis dx_000: float64, float64 
[ 2023-01-07 01:12:18,208 ] 85 root - INFO - Hypothesis dy_000: float64, float64 
[ 2023-01-07 01:12:18,246 ] 85 root - INFO - Hypothesis dz_000: float64, float64 
[ 2023-01-07 01:12:18,283 ] 85 root - INFO - Hypothesis ea_000: float64, float64 
[ 2023-01-07 01:12:18,319 ] 85 root - INFO - Hypothesis eb_000: float64, float64 
[ 2023-01-07 01:12:18,328 ] 85 root - INFO - Hypothesis ec_00: float64, float64 
[ 2023-01-07 01:12:18,337 ] 85 root - INFO - Hypothesis ed_000: float64, float64 
[ 2023-01-07 01:12:18,346 ] 85 root - INFO - Hypothesis ee_000: float64, float64 
[ 2023-01-07 01:12:18,357 ] 85 root - INFO - Hypothesis ee_001: float64, float64 
[ 2023-01-07 01:12:18,367 ] 85 root - INFO - Hypothesis ee_002: float64, float64 
[ 2023-01-07 01:12:18,378 ] 85 root - INFO - Hypothesis ee_003: float64, float64 
[ 2023-01-07 01:12:18,389 ] 85 root - INFO - Hypothesis ee_004: float64, float64 
[ 2023-01-07 01:12:18,400 ] 85 root - INFO - Hypothesis ee_005: float64, float64 
[ 2023-01-07 01:12:18,410 ] 85 root - INFO - Hypothesis ee_006: float64, float64 
[ 2023-01-07 01:12:18,420 ] 85 root - INFO - Hypothesis ee_007: float64, float64 
[ 2023-01-07 01:12:18,429 ] 85 root - INFO - Hypothesis ee_008: float64, float64 
[ 2023-01-07 01:12:18,438 ] 85 root - INFO - Hypothesis ee_009: float64, float64 
[ 2023-01-07 01:12:18,446 ] 85 root - INFO - Hypothesis ef_000: float64, float64 
[ 2023-01-07 01:12:18,481 ] 85 root - INFO - Hypothesis eg_000: float64, float64 
[ 2023-01-07 01:12:18,516 ] 140 root - INFO - As all column are available in test df hence detecting data drift
[ 2023-01-07 01:12:18,517 ] 85 root - INFO - Hypothesis class: object, object 
[ 2023-01-07 01:12:18,591 ] 85 root - INFO - Hypothesis aa_000: float64, float64 
[ 2023-01-07 01:12:18,598 ] 85 root - INFO - Hypothesis ac_000: float64, float64 
[ 2023-01-07 01:12:18,604 ] 85 root - INFO - Hypothesis ae_000: float64, float64 
[ 2023-01-07 01:12:18,619 ] 85 root - INFO - Hypothesis af_000: float64, float64 
[ 2023-01-07 01:12:18,634 ] 85 root - INFO - Hypothesis ag_000: float64, float64 
[ 2023-01-07 01:12:18,649 ] 85 root - INFO - Hypothesis ag_001: float64, float64 
[ 2023-01-07 01:12:18,664 ] 85 root - INFO - Hypothesis ag_002: float64, float64 
[ 2023-01-07 01:12:18,667 ] 85 root - INFO - Hypothesis ag_003: float64, float64 
[ 2023-01-07 01:12:18,671 ] 85 root - INFO - Hypothesis ag_004: float64, float64 
[ 2023-01-07 01:12:18,678 ] 85 root - INFO - Hypothesis ag_005: float64, float64 
[ 2023-01-07 01:12:18,685 ] 85 root - INFO - Hypothesis ag_006: float64, float64 
[ 2023-01-07 01:12:18,692 ] 85 root - INFO - Hypothesis ag_007: float64, float64 
[ 2023-01-07 01:12:18,698 ] 85 root - INFO - Hypothesis ag_008: float64, float64 
[ 2023-01-07 01:12:18,704 ] 85 root - INFO - Hypothesis ag_009: float64, float64 
[ 2023-01-07 01:12:18,708 ] 85 root - INFO - Hypothesis ah_000: float64, float64 
[ 2023-01-07 01:12:18,715 ] 85 root - INFO - Hypothesis ai_000: float64, float64 
[ 2023-01-07 01:12:18,719 ] 85 root - INFO - Hypothesis aj_000: float64, float64 
[ 2023-01-07 01:12:18,723 ] 85 root - INFO - Hypothesis ak_000: float64, float64 
[ 2023-01-07 01:12:18,726 ] 85 root - INFO - Hypothesis al_000: float64, float64 
[ 2023-01-07 01:12:18,731 ] 85 root - INFO - Hypothesis am_0: float64, float64 
[ 2023-01-07 01:12:18,736 ] 85 root - INFO - Hypothesis an_000: float64, float64 
[ 2023-01-07 01:12:18,743 ] 85 root - INFO - Hypothesis ao_000: float64, float64 
[ 2023-01-07 01:12:18,750 ] 85 root - INFO - Hypothesis ap_000: float64, float64 
[ 2023-01-07 01:12:18,757 ] 85 root - INFO - Hypothesis aq_000: float64, float64 
[ 2023-01-07 01:12:18,764 ] 85 root - INFO - Hypothesis ar_000: float64, float64 
[ 2023-01-07 01:12:18,781 ] 85 root - INFO - Hypothesis as_000: float64, float64 
[ 2023-01-07 01:12:18,795 ] 85 root - INFO - Hypothesis at_000: float64, float64 
[ 2023-01-07 01:12:18,811 ] 85 root - INFO - Hypothesis au_000: float64, float64 
[ 2023-01-07 01:12:18,826 ] 85 root - INFO - Hypothesis av_000: float64, float64 
[ 2023-01-07 01:12:18,832 ] 85 root - INFO - Hypothesis ax_000: float64, float64 
[ 2023-01-07 01:12:18,837 ] 85 root - INFO - Hypothesis ay_000: float64, float64 
[ 2023-01-07 01:12:18,853 ] 85 root - INFO - Hypothesis ay_001: float64, float64 
[ 2023-01-07 01:12:18,868 ] 85 root - INFO - Hypothesis ay_002: float64, float64 
[ 2023-01-07 01:12:18,884 ] 85 root - INFO - Hypothesis ay_003: float64, float64 
[ 2023-01-07 01:12:18,900 ] 85 root - INFO - Hypothesis ay_004: float64, float64 
[ 2023-01-07 01:12:18,915 ] 85 root - INFO - Hypothesis ay_005: float64, float64 
[ 2023-01-07 01:12:18,920 ] 85 root - INFO - Hypothesis ay_006: float64, float64 
[ 2023-01-07 01:12:18,926 ] 85 root - INFO - Hypothesis ay_007: float64, float64 
[ 2023-01-07 01:12:18,933 ] 85 root - INFO - Hypothesis ay_008: float64, float64 
[ 2023-01-07 01:12:18,940 ] 85 root - INFO - Hypothesis ay_009: float64, float64 
[ 2023-01-07 01:12:18,954 ] 85 root - INFO - Hypothesis az_000: float64, float64 
[ 2023-01-07 01:12:18,961 ] 85 root - INFO - Hypothesis az_001: float64, float64 
[ 2023-01-07 01:12:18,968 ] 85 root - INFO - Hypothesis az_002: float64, float64 
[ 2023-01-07 01:12:18,975 ] 85 root - INFO - Hypothesis az_003: float64, float64 
[ 2023-01-07 01:12:18,982 ] 85 root - INFO - Hypothesis az_004: float64, float64 
[ 2023-01-07 01:12:18,991 ] 85 root - INFO - Hypothesis az_005: float64, float64 
[ 2023-01-07 01:12:18,999 ] 85 root - INFO - Hypothesis az_006: float64, float64 
[ 2023-01-07 01:12:19,005 ] 85 root - INFO - Hypothesis az_007: float64, float64 
[ 2023-01-07 01:12:19,009 ] 85 root - INFO - Hypothesis az_008: float64, float64 
[ 2023-01-07 01:12:19,025 ] 85 root - INFO - Hypothesis az_009: float64, float64 
[ 2023-01-07 01:12:19,040 ] 85 root - INFO - Hypothesis ba_000: float64, float64 
[ 2023-01-07 01:12:19,047 ] 85 root - INFO - Hypothesis ba_001: float64, float64 
[ 2023-01-07 01:12:19,055 ] 85 root - INFO - Hypothesis ba_002: float64, float64 
[ 2023-01-07 01:12:19,063 ] 85 root - INFO - Hypothesis ba_003: float64, float64 
[ 2023-01-07 01:12:19,071 ] 85 root - INFO - Hypothesis ba_004: float64, float64 
[ 2023-01-07 01:12:19,078 ] 85 root - INFO - Hypothesis ba_005: float64, float64 
[ 2023-01-07 01:12:19,085 ] 85 root - INFO - Hypothesis ba_006: float64, float64 
[ 2023-01-07 01:12:19,092 ] 85 root - INFO - Hypothesis ba_007: float64, float64 
[ 2023-01-07 01:12:19,098 ] 85 root - INFO - Hypothesis ba_008: float64, float64 
[ 2023-01-07 01:12:19,104 ] 85 root - INFO - Hypothesis ba_009: float64, float64 
[ 2023-01-07 01:12:19,108 ] 85 root - INFO - Hypothesis bb_000: float64, float64 
[ 2023-01-07 01:12:19,115 ] 85 root - INFO - Hypothesis bc_000: float64, float64 
[ 2023-01-07 01:12:19,121 ] 85 root - INFO - Hypothesis bd_000: float64, float64 
[ 2023-01-07 01:12:19,126 ] 85 root - INFO - Hypothesis be_000: float64, float64 
[ 2023-01-07 01:12:19,132 ] 85 root - INFO - Hypothesis bf_000: float64, float64 
[ 2023-01-07 01:12:19,137 ] 85 root - INFO - Hypothesis bg_000: float64, float64 
[ 2023-01-07 01:12:19,144 ] 85 root - INFO - Hypothesis bh_000: float64, float64 
[ 2023-01-07 01:12:19,151 ] 85 root - INFO - Hypothesis bi_000: float64, float64 
[ 2023-01-07 01:12:19,158 ] 85 root - INFO - Hypothesis bj_000: float64, float64 
[ 2023-01-07 01:12:19,165 ] 85 root - INFO - Hypothesis bs_000: float64, float64 
[ 2023-01-07 01:12:19,172 ] 85 root - INFO - Hypothesis bt_000: float64, float64 
[ 2023-01-07 01:12:19,179 ] 85 root - INFO - Hypothesis bu_000: float64, float64 
[ 2023-01-07 01:12:19,186 ] 85 root - INFO - Hypothesis bv_000: float64, float64 
[ 2023-01-07 01:12:19,193 ] 85 root - INFO - Hypothesis bx_000: float64, float64 
[ 2023-01-07 01:12:19,200 ] 85 root - INFO - Hypothesis by_000: float64, float64 
[ 2023-01-07 01:12:19,206 ] 85 root - INFO - Hypothesis bz_000: float64, float64 
[ 2023-01-07 01:12:19,212 ] 85 root - INFO - Hypothesis ca_000: float64, float64 
[ 2023-01-07 01:12:19,219 ] 85 root - INFO - Hypothesis cb_000: float64, float64 
[ 2023-01-07 01:12:19,226 ] 85 root - INFO - Hypothesis cc_000: float64, float64 
[ 2023-01-07 01:12:19,233 ] 85 root - INFO - Hypothesis cd_000: float64, float64 
[ 2023-01-07 01:12:19,248 ] 85 root - INFO - Hypothesis ce_000: float64, float64 
[ 2023-01-07 01:12:19,255 ] 85 root - INFO - Hypothesis ci_000: float64, float64 
[ 2023-01-07 01:12:19,261 ] 85 root - INFO - Hypothesis cj_000: float64, float64 
[ 2023-01-07 01:12:19,265 ] 85 root - INFO - Hypothesis ck_000: float64, float64 
[ 2023-01-07 01:12:19,273 ] 85 root - INFO - Hypothesis cl_000: float64, float64 
[ 2023-01-07 01:12:19,277 ] 85 root - INFO - Hypothesis cm_000: float64, float64 
[ 2023-01-07 01:12:19,281 ] 85 root - INFO - Hypothesis cn_000: float64, float64 
[ 2023-01-07 01:12:19,296 ] 85 root - INFO - Hypothesis cn_001: float64, float64 
[ 2023-01-07 01:12:19,301 ] 85 root - INFO - Hypothesis cn_002: float64, float64 
[ 2023-01-07 01:12:19,306 ] 85 root - INFO - Hypothesis cn_003: float64, float64 
[ 2023-01-07 01:12:19,313 ] 85 root - INFO - Hypothesis cn_004: float64, float64 
[ 2023-01-07 01:12:19,320 ] 85 root - INFO - Hypothesis cn_005: float64, float64 
[ 2023-01-07 01:12:19,327 ] 85 root - INFO - Hypothesis cn_006: float64, float64 
[ 2023-01-07 01:12:19,334 ] 85 root - INFO - Hypothesis cn_007: float64, float64 
[ 2023-01-07 01:12:19,341 ] 85 root - INFO - Hypothesis cn_008: float64, float64 
[ 2023-01-07 01:12:19,348 ] 85 root - INFO - Hypothesis cn_009: float64, float64 
[ 2023-01-07 01:12:19,353 ] 85 root - INFO - Hypothesis cp_000: float64, float64 
[ 2023-01-07 01:12:19,358 ] 85 root - INFO - Hypothesis cq_000: float64, float64 
[ 2023-01-07 01:12:19,365 ] 85 root - INFO - Hypothesis cs_000: float64, float64 
[ 2023-01-07 01:12:19,372 ] 85 root - INFO - Hypothesis cs_001: float64, float64 
[ 2023-01-07 01:12:19,378 ] 85 root - INFO - Hypothesis cs_002: float64, float64 
[ 2023-01-07 01:12:19,384 ] 85 root - INFO - Hypothesis cs_003: float64, float64 
[ 2023-01-07 01:12:19,391 ] 85 root - INFO - Hypothesis cs_004: float64, float64 
[ 2023-01-07 01:12:19,398 ] 85 root - INFO - Hypothesis cs_005: float64, float64 
[ 2023-01-07 01:12:19,405 ] 85 root - INFO - Hypothesis cs_006: float64, float64 
[ 2023-01-07 01:12:19,412 ] 85 root - INFO - Hypothesis cs_007: float64, float64 
[ 2023-01-07 01:12:19,419 ] 85 root - INFO - Hypothesis cs_008: float64, float64 
[ 2023-01-07 01:12:19,424 ] 85 root - INFO - Hypothesis cs_009: float64, float64 
[ 2023-01-07 01:12:19,439 ] 85 root - INFO - Hypothesis dd_000: float64, float64 
[ 2023-01-07 01:12:19,446 ] 85 root - INFO - Hypothesis de_000: float64, float64 
[ 2023-01-07 01:12:19,451 ] 85 root - INFO - Hypothesis df_000: float64, float64 
[ 2023-01-07 01:12:19,455 ] 85 root - INFO - Hypothesis dg_000: float64, float64 
[ 2023-01-07 01:12:19,458 ] 85 root - INFO - Hypothesis dh_000: float64, float64 
[ 2023-01-07 01:12:19,461 ] 85 root - INFO - Hypothesis di_000: float64, float64 
[ 2023-01-07 01:12:19,465 ] 85 root - INFO - Hypothesis dj_000: float64, float64 
[ 2023-01-07 01:12:19,481 ] 85 root - INFO - Hypothesis dk_000: float64, float64 
[ 2023-01-07 01:12:19,484 ] 85 root - INFO - Hypothesis dl_000: float64, float64 
[ 2023-01-07 01:12:19,499 ] 85 root - INFO - Hypothesis dm_000: float64, float64 
[ 2023-01-07 01:12:19,515 ] 85 root - INFO - Hypothesis dn_000: float64, float64 
[ 2023-01-07 01:12:19,521 ] 85 root - INFO - Hypothesis do_000: float64, float64 
[ 2023-01-07 01:12:19,528 ] 85 root - INFO - Hypothesis dp_000: float64, float64 
[ 2023-01-07 01:12:19,536 ] 85 root - INFO - Hypothesis dq_000: float64, float64 
[ 2023-01-07 01:12:19,540 ] 85 root - INFO - Hypothesis dr_000: float64, float64 
[ 2023-01-07 01:12:19,544 ] 85 root - INFO - Hypothesis ds_000: float64, float64 
[ 2023-01-07 01:12:19,551 ] 85 root - INFO - Hypothesis dt_000: float64, float64 
[ 2023-01-07 01:12:19,558 ] 85 root - INFO - Hypothesis du_000: float64, float64 
[ 2023-01-07 01:12:19,565 ] 85 root - INFO - Hypothesis dv_000: float64, float64 
[ 2023-01-07 01:12:19,571 ] 85 root - INFO - Hypothesis dx_000: float64, float64 
[ 2023-01-07 01:12:19,576 ] 85 root - INFO - Hypothesis dy_000: float64, float64 
[ 2023-01-07 01:12:19,581 ] 85 root - INFO - Hypothesis dz_000: float64, float64 
[ 2023-01-07 01:12:19,596 ] 85 root - INFO - Hypothesis ea_000: float64, float64 
[ 2023-01-07 01:12:19,610 ] 85 root - INFO - Hypothesis eb_000: float64, float64 
[ 2023-01-07 01:12:19,616 ] 85 root - INFO - Hypothesis ec_00: float64, float64 
[ 2023-01-07 01:12:19,623 ] 85 root - INFO - Hypothesis ed_000: float64, float64 
[ 2023-01-07 01:12:19,629 ] 85 root - INFO - Hypothesis ee_000: float64, float64 
[ 2023-01-07 01:12:19,636 ] 85 root - INFO - Hypothesis ee_001: float64, float64 
[ 2023-01-07 01:12:19,643 ] 85 root - INFO - Hypothesis ee_002: float64, float64 
[ 2023-01-07 01:12:19,650 ] 85 root - INFO - Hypothesis ee_003: float64, float64 
[ 2023-01-07 01:12:19,656 ] 85 root - INFO - Hypothesis ee_004: float64, float64 
[ 2023-01-07 01:12:19,663 ] 85 root - INFO - Hypothesis ee_005: float64, float64 
[ 2023-01-07 01:12:19,670 ] 85 root - INFO - Hypothesis ee_006: float64, float64 
[ 2023-01-07 01:12:19,676 ] 85 root - INFO - Hypothesis ee_007: float64, float64 
[ 2023-01-07 01:12:19,683 ] 85 root - INFO - Hypothesis ee_008: float64, float64 
[ 2023-01-07 01:12:19,689 ] 85 root - INFO - Hypothesis ee_009: float64, float64 
[ 2023-01-07 01:12:19,694 ] 85 root - INFO - Hypothesis ef_000: float64, float64 
[ 2023-01-07 01:12:19,709 ] 85 root - INFO - Hypothesis eg_000: float64, float64 
[ 2023-01-07 01:12:19,724 ] 144 root - INFO - Write reprt in yaml file
[ 2023-01-07 01:12:19,763 ] 148 root - INFO - Data validation artifact: DataValidationArtifact(report_file_path='/config/workspace/artifact/01072023__011154/data_validation/report.yaml')
