[ 2023-01-07 01:16:38,373 ] 15 root - INFO - >>>>>>>>>>>>>>>>>>>>>>>>>>>>>>>>>>>>>>>> Data Ingestion <<<<<<<<<<<<<<<<<<<<<<<<<<<<<<<<<<<<<<<<
[ 2023-01-07 01:16:38,373 ] 22 root - INFO - Exporting collection data as pandas dataframe
[ 2023-01-07 01:16:38,373 ] 21 root - INFO - Reading data from database: aps and collection: sensor
[ 2023-01-07 01:16:41,992 ] 23 root - INFO - Found columns: Index(['_id', 'class', 'aa_000', 'ab_000', 'ac_000', 'ad_000', 'ae_000',
       'af_000', 'ag_000', 'ag_001',
       ...
       'ee_002', 'ee_003', 'ee_004', 'ee_005', 'ee_006', 'ee_007', 'ee_008',
       'ee_009', 'ef_000', 'eg_000'],
      dtype='object', length=172)
[ 2023-01-07 01:16:41,993 ] 25 root - INFO - Dropping column: _id 
[ 2023-01-07 01:16:42,198 ] 27 root - INFO - Row and columns in df: (36188, 171)
[ 2023-01-07 01:16:42,199 ] 28 root - INFO - Save data in feature store
[ 2023-01-07 01:16:42,748 ] 34 root - INFO - Create feature store folder if not available
[ 2023-01-07 01:16:42,748 ] 38 root - INFO - Save df to feature store folder
[ 2023-01-07 01:16:45,377 ] 43 root - INFO - split dataset into train and test set
[ 2023-01-07 01:16:46,039 ] 47 root - INFO - create dataset directory folder if not available
[ 2023-01-07 01:16:46,040 ] 52 root - INFO - Save df to feature store folder
[ 2023-01-07 01:16:48,345 ] 64 root - INFO - Data ingestion artifact: DataIngestionArtifact(feature_store_file_path='/config/workspace/artifact/01072023__011638/data_ingestion/feature_store/sensor.csv', train_file_path='/config/workspace/artifact/01072023__011638/data_ingestion/dataset/train.csv', test_file_path='/config/workspace/artifact/01072023__011638/data_ingestion/dataset/test.csv')
[ 2023-01-07 01:16:48,768 ] 20 root - INFO - >>>>>>>>>>>>>>>>>>>>>>>>>>>>>>>>>>>>>>>>Data Validation <<<<<<<<<<<<<<<<<<<<<<<<<<<<<<<<<<<<<<<<
[ 2023-01-07 01:16:48,768 ] 107 root - INFO - Reading base dataframe
[ 2023-01-07 01:16:50,363 ] 109 root - INFO - Replace na value with NaN
[ 2023-01-07 01:16:51,723 ] 112 root - INFO - Drop null values column from base df
[ 2023-01-07 01:16:52,661 ] 42 root - INFO - selecting column name which contains null above to 0.2
[ 2023-01-07 01:16:52,661 ] 45 root - INFO - Columns to drop: ['ab_000', 'ad_000', 'bk_000', 'bl_000', 'bm_000', 'bn_000', 'bo_000', 'bp_000', 'bq_000', 'br_000', 'cf_000', 'cg_000', 'ch_000', 'co_000', 'cr_000', 'ct_000', 'cu_000', 'cv_000', 'cx_000', 'cy_000', 'cz_000', 'da_000', 'db_000', 'dc_000']
[ 2023-01-07 01:16:52,771 ] 115 root - INFO - Reading train dataframe
[ 2023-01-07 01:16:53,163 ] 117 root - INFO - Reading test dataframe
[ 2023-01-07 01:16:53,265 ] 120 root - INFO - Drop null values columns from train df
[ 2023-01-07 01:16:53,276 ] 42 root - INFO - selecting column name which contains null above to 0.2
[ 2023-01-07 01:16:53,277 ] 45 root - INFO - Columns to drop: ['ab_000', 'ad_000', 'bk_000', 'bl_000', 'bm_000', 'bn_000', 'bo_000', 'bp_000', 'bq_000', 'br_000', 'cf_000', 'cg_000', 'ch_000', 'co_000', 'cr_000', 'ct_000', 'cu_000', 'cv_000', 'cx_000', 'cy_000', 'cz_000', 'da_000', 'db_000', 'dc_000']
[ 2023-01-07 01:16:53,286 ] 122 root - INFO - Drop null values columns from test df
[ 2023-01-07 01:16:53,290 ] 42 root - INFO - selecting column name which contains null above to 0.2
[ 2023-01-07 01:16:53,291 ] 45 root - INFO - Columns to drop: ['ab_000', 'ad_000', 'bk_000', 'bl_000', 'bm_000', 'bn_000', 'bo_000', 'bp_000', 'bq_000', 'br_000', 'cf_000', 'cg_000', 'ch_000', 'co_000', 'cr_000', 'ct_000', 'cu_000', 'cv_000', 'cx_000', 'cy_000', 'cz_000', 'da_000', 'db_000', 'dc_000']
[ 2023-01-07 01:16:59,296 ] 130 root - INFO - Is all required columns present in train df
[ 2023-01-07 01:16:59,297 ] 132 root - INFO - Is all required columns present in test df
[ 2023-01-07 01:16:59,297 ] 136 root - INFO - As all column are available in train df hence detecting data drift
[ 2023-01-07 01:16:59,297 ] 85 root - INFO - Hypothesis class: object, object 
[ 2023-01-07 01:16:59,436 ] 85 root - INFO - Hypothesis aa_000: float64, float64 
[ 2023-01-07 01:16:59,446 ] 85 root - INFO - Hypothesis ac_000: float64, float64 
[ 2023-01-07 01:16:59,486 ] 85 root - INFO - Hypothesis ae_000: float64, float64 
[ 2023-01-07 01:16:59,522 ] 85 root - INFO - Hypothesis af_000: float64, float64 
[ 2023-01-07 01:16:59,557 ] 85 root - INFO - Hypothesis ag_000: float64, float64 
[ 2023-01-07 01:16:59,593 ] 85 root - INFO - Hypothesis ag_001: float64, float64 
[ 2023-01-07 01:16:59,628 ] 85 root - INFO - Hypothesis ag_002: float64, float64 
[ 2023-01-07 01:16:59,665 ] 85 root - INFO - Hypothesis ag_003: float64, float64 
[ 2023-01-07 01:16:59,671 ] 85 root - INFO - Hypothesis ag_004: float64, float64 
[ 2023-01-07 01:16:59,681 ] 85 root - INFO - Hypothesis ag_005: float64, float64 
[ 2023-01-07 01:16:59,691 ] 85 root - INFO - Hypothesis ag_006: float64, float64 
[ 2023-01-07 01:16:59,701 ] 85 root - INFO - Hypothesis ag_007: float64, float64 
[ 2023-01-07 01:16:59,711 ] 85 root - INFO - Hypothesis ag_008: float64, float64 
[ 2023-01-07 01:16:59,719 ] 85 root - INFO - Hypothesis ag_009: float64, float64 
[ 2023-01-07 01:16:59,726 ] 85 root - INFO - Hypothesis ah_000: float64, float64 
[ 2023-01-07 01:16:59,737 ] 85 root - INFO - Hypothesis ai_000: float64, float64 
[ 2023-01-07 01:16:59,774 ] 85 root - INFO - Hypothesis aj_000: float64, float64 
[ 2023-01-07 01:16:59,780 ] 85 root - INFO - Hypothesis ak_000: float64, float64 
[ 2023-01-07 01:16:59,818 ] 85 root - INFO - Hypothesis al_000: float64, float64 
[ 2023-01-07 01:16:59,825 ] 85 root - INFO - Hypothesis am_0: float64, float64 
[ 2023-01-07 01:16:59,833 ] 85 root - INFO - Hypothesis an_000: float64, float64 
[ 2023-01-07 01:16:59,843 ] 85 root - INFO - Hypothesis ao_000: float64, float64 
[ 2023-01-07 01:16:59,853 ] 85 root - INFO - Hypothesis ap_000: float64, float64 
[ 2023-01-07 01:16:59,864 ] 85 root - INFO - Hypothesis aq_000: float64, float64 
[ 2023-01-07 01:16:59,874 ] 85 root - INFO - Hypothesis ar_000: float64, float64 
[ 2023-01-07 01:16:59,910 ] 85 root - INFO - Hypothesis as_000: float64, float64 
[ 2023-01-07 01:16:59,945 ] 85 root - INFO - Hypothesis at_000: float64, float64 
[ 2023-01-07 01:16:59,982 ] 85 root - INFO - Hypothesis au_000: float64, float64 
[ 2023-01-07 01:17:00,018 ] 85 root - INFO - Hypothesis av_000: float64, float64 
[ 2023-01-07 01:17:00,027 ] 85 root - INFO - Hypothesis ax_000: float64, float64 
[ 2023-01-07 01:17:00,035 ] 85 root - INFO - Hypothesis ay_000: float64, float64 
[ 2023-01-07 01:17:00,072 ] 85 root - INFO - Hypothesis ay_001: float64, float64 
[ 2023-01-07 01:17:00,108 ] 85 root - INFO - Hypothesis ay_002: float64, float64 
[ 2023-01-07 01:17:00,146 ] 85 root - INFO - Hypothesis ay_003: float64, float64 
[ 2023-01-07 01:17:00,183 ] 85 root - INFO - Hypothesis ay_004: float64, float64 
[ 2023-01-07 01:17:00,223 ] 85 root - INFO - Hypothesis ay_005: float64, float64 
[ 2023-01-07 01:17:00,264 ] 85 root - INFO - Hypothesis ay_006: float64, float64 
[ 2023-01-07 01:17:00,274 ] 85 root - INFO - Hypothesis ay_007: float64, float64 
[ 2023-01-07 01:17:00,284 ] 85 root - INFO - Hypothesis ay_008: float64, float64 
[ 2023-01-07 01:17:00,295 ] 85 root - INFO - Hypothesis ay_009: float64, float64 
[ 2023-01-07 01:17:00,333 ] 85 root - INFO - Hypothesis az_000: float64, float64 
[ 2023-01-07 01:17:00,344 ] 85 root - INFO - Hypothesis az_001: float64, float64 
[ 2023-01-07 01:17:00,353 ] 85 root - INFO - Hypothesis az_002: float64, float64 
[ 2023-01-07 01:17:00,363 ] 85 root - INFO - Hypothesis az_003: float64, float64 
[ 2023-01-07 01:17:00,374 ] 85 root - INFO - Hypothesis az_004: float64, float64 
[ 2023-01-07 01:17:00,385 ] 85 root - INFO - Hypothesis az_005: float64, float64 
[ 2023-01-07 01:17:00,399 ] 85 root - INFO - Hypothesis az_006: float64, float64 
[ 2023-01-07 01:17:00,441 ] 85 root - INFO - Hypothesis az_007: float64, float64 
[ 2023-01-07 01:17:00,479 ] 85 root - INFO - Hypothesis az_008: float64, float64 
[ 2023-01-07 01:17:00,515 ] 85 root - INFO - Hypothesis az_009: float64, float64 
[ 2023-01-07 01:17:00,550 ] 85 root - INFO - Hypothesis ba_000: float64, float64 
[ 2023-01-07 01:17:00,561 ] 85 root - INFO - Hypothesis ba_001: float64, float64 
[ 2023-01-07 01:17:00,571 ] 85 root - INFO - Hypothesis ba_002: float64, float64 
[ 2023-01-07 01:17:00,582 ] 85 root - INFO - Hypothesis ba_003: float64, float64 
[ 2023-01-07 01:17:00,592 ] 85 root - INFO - Hypothesis ba_004: float64, float64 
[ 2023-01-07 01:17:00,602 ] 85 root - INFO - Hypothesis ba_005: float64, float64 
[ 2023-01-07 01:17:00,612 ] 85 root - INFO - Hypothesis ba_006: float64, float64 
[ 2023-01-07 01:17:00,622 ] 85 root - INFO - Hypothesis ba_007: float64, float64 
[ 2023-01-07 01:17:00,632 ] 85 root - INFO - Hypothesis ba_008: float64, float64 
[ 2023-01-07 01:17:00,671 ] 85 root - INFO - Hypothesis ba_009: float64, float64 
[ 2023-01-07 01:17:00,709 ] 85 root - INFO - Hypothesis bb_000: float64, float64 
[ 2023-01-07 01:17:00,720 ] 85 root - INFO - Hypothesis bc_000: float64, float64 
[ 2023-01-07 01:17:00,759 ] 85 root - INFO - Hypothesis bd_000: float64, float64 
[ 2023-01-07 01:17:00,768 ] 85 root - INFO - Hypothesis be_000: float64, float64 
[ 2023-01-07 01:17:00,776 ] 85 root - INFO - Hypothesis bf_000: float64, float64 
[ 2023-01-07 01:17:00,783 ] 85 root - INFO - Hypothesis bg_000: float64, float64 
[ 2023-01-07 01:17:00,794 ] 85 root - INFO - Hypothesis bh_000: float64, float64 
[ 2023-01-07 01:17:00,804 ] 85 root - INFO - Hypothesis bi_000: float64, float64 
[ 2023-01-07 01:17:00,814 ] 85 root - INFO - Hypothesis bj_000: float64, float64 
[ 2023-01-07 01:17:00,825 ] 85 root - INFO - Hypothesis bs_000: float64, float64 
[ 2023-01-07 01:17:00,836 ] 85 root - INFO - Hypothesis bt_000: float64, float64 
[ 2023-01-07 01:17:00,846 ] 85 root - INFO - Hypothesis bu_000: float64, float64 
[ 2023-01-07 01:17:00,856 ] 85 root - INFO - Hypothesis bv_000: float64, float64 
[ 2023-01-07 01:17:00,867 ] 85 root - INFO - Hypothesis bx_000: float64, float64 
[ 2023-01-07 01:17:00,877 ] 85 root - INFO - Hypothesis by_000: float64, float64 
[ 2023-01-07 01:17:00,887 ] 85 root - INFO - Hypothesis bz_000: float64, float64 
[ 2023-01-07 01:17:00,896 ] 85 root - INFO - Hypothesis ca_000: float64, float64 
[ 2023-01-07 01:17:00,906 ] 85 root - INFO - Hypothesis cb_000: float64, float64 
[ 2023-01-07 01:17:00,917 ] 85 root - INFO - Hypothesis cc_000: float64, float64 
[ 2023-01-07 01:17:00,927 ] 85 root - INFO - Hypothesis cd_000: float64, float64 
[ 2023-01-07 01:17:00,963 ] 85 root - INFO - Hypothesis ce_000: float64, float64 
[ 2023-01-07 01:17:00,972 ] 85 root - INFO - Hypothesis ci_000: float64, float64 
[ 2023-01-07 01:17:00,983 ] 85 root - INFO - Hypothesis cj_000: float64, float64 
[ 2023-01-07 01:17:01,020 ] 85 root - INFO - Hypothesis ck_000: float64, float64 
[ 2023-01-07 01:17:01,031 ] 85 root - INFO - Hypothesis cl_000: float64, float64 
[ 2023-01-07 01:17:01,037 ] 85 root - INFO - Hypothesis cm_000: float64, float64 
[ 2023-01-07 01:17:01,044 ] 85 root - INFO - Hypothesis cn_000: float64, float64 
[ 2023-01-07 01:17:01,080 ] 85 root - INFO - Hypothesis cn_001: float64, float64 
[ 2023-01-07 01:17:01,118 ] 85 root - INFO - Hypothesis cn_002: float64, float64 
[ 2023-01-07 01:17:01,126 ] 85 root - INFO - Hypothesis cn_003: float64, float64 
[ 2023-01-07 01:17:01,137 ] 85 root - INFO - Hypothesis cn_004: float64, float64 
[ 2023-01-07 01:17:01,147 ] 85 root - INFO - Hypothesis cn_005: float64, float64 
[ 2023-01-07 01:17:01,157 ] 85 root - INFO - Hypothesis cn_006: float64, float64 
[ 2023-01-07 01:17:01,167 ] 85 root - INFO - Hypothesis cn_007: float64, float64 
[ 2023-01-07 01:17:01,177 ] 85 root - INFO - Hypothesis cn_008: float64, float64 
[ 2023-01-07 01:17:01,186 ] 85 root - INFO - Hypothesis cn_009: float64, float64 
[ 2023-01-07 01:17:01,225 ] 85 root - INFO - Hypothesis cp_000: float64, float64 
[ 2023-01-07 01:17:01,265 ] 85 root - INFO - Hypothesis cq_000: float64, float64 
[ 2023-01-07 01:17:01,276 ] 85 root - INFO - Hypothesis cs_000: float64, float64 
[ 2023-01-07 01:17:01,286 ] 85 root - INFO - Hypothesis cs_001: float64, float64 
[ 2023-01-07 01:17:01,295 ] 85 root - INFO - Hypothesis cs_002: float64, float64 
[ 2023-01-07 01:17:01,305 ] 85 root - INFO - Hypothesis cs_003: float64, float64 
[ 2023-01-07 01:17:01,315 ] 85 root - INFO - Hypothesis cs_004: float64, float64 
[ 2023-01-07 01:17:01,327 ] 85 root - INFO - Hypothesis cs_005: float64, float64 
[ 2023-01-07 01:17:01,337 ] 85 root - INFO - Hypothesis cs_006: float64, float64 
[ 2023-01-07 01:17:01,348 ] 85 root - INFO - Hypothesis cs_007: float64, float64 
[ 2023-01-07 01:17:01,359 ] 85 root - INFO - Hypothesis cs_008: float64, float64 
[ 2023-01-07 01:17:01,399 ] 85 root - INFO - Hypothesis cs_009: float64, float64 
[ 2023-01-07 01:17:01,435 ] 85 root - INFO - Hypothesis dd_000: float64, float64 
[ 2023-01-07 01:17:01,445 ] 85 root - INFO - Hypothesis de_000: float64, float64 
[ 2023-01-07 01:17:01,454 ] 85 root - INFO - Hypothesis df_000: float64, float64 
[ 2023-01-07 01:17:01,490 ] 85 root - INFO - Hypothesis dg_000: float64, float64 
[ 2023-01-07 01:17:01,528 ] 85 root - INFO - Hypothesis dh_000: float64, float64 
[ 2023-01-07 01:17:01,533 ] 85 root - INFO - Hypothesis di_000: float64, float64 
[ 2023-01-07 01:17:01,572 ] 85 root - INFO - Hypothesis dj_000: float64, float64 
[ 2023-01-07 01:17:01,608 ] 85 root - INFO - Hypothesis dk_000: float64, float64 
[ 2023-01-07 01:17:01,647 ] 85 root - INFO - Hypothesis dl_000: float64, float64 
[ 2023-01-07 01:17:01,686 ] 85 root - INFO - Hypothesis dm_000: float64, float64 
[ 2023-01-07 01:17:01,723 ] 85 root - INFO - Hypothesis dn_000: float64, float64 
[ 2023-01-07 01:17:01,733 ] 85 root - INFO - Hypothesis do_000: float64, float64 
[ 2023-01-07 01:17:01,743 ] 85 root - INFO - Hypothesis dp_000: float64, float64 
[ 2023-01-07 01:17:01,752 ] 85 root - INFO - Hypothesis dq_000: float64, float64 
[ 2023-01-07 01:17:01,790 ] 85 root - INFO - Hypothesis dr_000: float64, float64 
[ 2023-01-07 01:17:01,829 ] 85 root - INFO - Hypothesis ds_000: float64, float64 
[ 2023-01-07 01:17:01,839 ] 85 root - INFO - Hypothesis dt_000: float64, float64 
[ 2023-01-07 01:17:01,849 ] 85 root - INFO - Hypothesis du_000: float64, float64 
[ 2023-01-07 01:17:01,859 ] 85 root - INFO - Hypothesis dv_000: float64, float64 
[ 2023-01-07 01:17:01,869 ] 85 root - INFO - Hypothesis dx_000: float64, float64 
[ 2023-01-07 01:17:01,908 ] 85 root - INFO - Hypothesis dy_000: float64, float64 
[ 2023-01-07 01:17:01,948 ] 85 root - INFO - Hypothesis dz_000: float64, float64 
[ 2023-01-07 01:17:01,986 ] 85 root - INFO - Hypothesis ea_000: float64, float64 
[ 2023-01-07 01:17:02,024 ] 85 root - INFO - Hypothesis eb_000: float64, float64 
[ 2023-01-07 01:17:02,034 ] 85 root - INFO - Hypothesis ec_00: float64, float64 
[ 2023-01-07 01:17:02,044 ] 85 root - INFO - Hypothesis ed_000: float64, float64 
[ 2023-01-07 01:17:02,052 ] 85 root - INFO - Hypothesis ee_000: float64, float64 
[ 2023-01-07 01:17:02,063 ] 85 root - INFO - Hypothesis ee_001: float64, float64 
[ 2023-01-07 01:17:02,073 ] 85 root - INFO - Hypothesis ee_002: float64, float64 
[ 2023-01-07 01:17:02,084 ] 85 root - INFO - Hypothesis ee_003: float64, float64 
[ 2023-01-07 01:17:02,094 ] 85 root - INFO - Hypothesis ee_004: float64, float64 
[ 2023-01-07 01:17:02,104 ] 85 root - INFO - Hypothesis ee_005: float64, float64 
[ 2023-01-07 01:17:02,115 ] 85 root - INFO - Hypothesis ee_006: float64, float64 
[ 2023-01-07 01:17:02,125 ] 85 root - INFO - Hypothesis ee_007: float64, float64 
[ 2023-01-07 01:17:02,135 ] 85 root - INFO - Hypothesis ee_008: float64, float64 
[ 2023-01-07 01:17:02,143 ] 85 root - INFO - Hypothesis ee_009: float64, float64 
[ 2023-01-07 01:17:02,151 ] 85 root - INFO - Hypothesis ef_000: float64, float64 
[ 2023-01-07 01:17:02,187 ] 85 root - INFO - Hypothesis eg_000: float64, float64 
[ 2023-01-07 01:17:02,224 ] 140 root - INFO - As all column are available in test df hence detecting data drift
[ 2023-01-07 01:17:02,225 ] 85 root - INFO - Hypothesis class: object, object 
[ 2023-01-07 01:17:02,301 ] 85 root - INFO - Hypothesis aa_000: float64, float64 
[ 2023-01-07 01:17:02,308 ] 85 root - INFO - Hypothesis ac_000: float64, float64 
[ 2023-01-07 01:17:02,313 ] 85 root - INFO - Hypothesis ae_000: float64, float64 
[ 2023-01-07 01:17:02,329 ] 85 root - INFO - Hypothesis af_000: float64, float64 
[ 2023-01-07 01:17:02,346 ] 85 root - INFO - Hypothesis ag_000: float64, float64 
[ 2023-01-07 01:17:02,364 ] 85 root - INFO - Hypothesis ag_001: float64, float64 
[ 2023-01-07 01:17:02,379 ] 85 root - INFO - Hypothesis ag_002: float64, float64 
[ 2023-01-07 01:17:02,383 ] 85 root - INFO - Hypothesis ag_003: float64, float64 
[ 2023-01-07 01:17:02,387 ] 85 root - INFO - Hypothesis ag_004: float64, float64 
[ 2023-01-07 01:17:02,394 ] 85 root - INFO - Hypothesis ag_005: float64, float64 
[ 2023-01-07 01:17:02,401 ] 85 root - INFO - Hypothesis ag_006: float64, float64 
[ 2023-01-07 01:17:02,408 ] 85 root - INFO - Hypothesis ag_007: float64, float64 
[ 2023-01-07 01:17:02,415 ] 85 root - INFO - Hypothesis ag_008: float64, float64 
[ 2023-01-07 01:17:02,421 ] 85 root - INFO - Hypothesis ag_009: float64, float64 
[ 2023-01-07 01:17:02,426 ] 85 root - INFO - Hypothesis ah_000: float64, float64 
[ 2023-01-07 01:17:02,433 ] 85 root - INFO - Hypothesis ai_000: float64, float64 
[ 2023-01-07 01:17:02,437 ] 85 root - INFO - Hypothesis aj_000: float64, float64 
[ 2023-01-07 01:17:02,441 ] 85 root - INFO - Hypothesis ak_000: float64, float64 
[ 2023-01-07 01:17:02,444 ] 85 root - INFO - Hypothesis al_000: float64, float64 
[ 2023-01-07 01:17:02,449 ] 85 root - INFO - Hypothesis am_0: float64, float64 
[ 2023-01-07 01:17:02,454 ] 85 root - INFO - Hypothesis an_000: float64, float64 
[ 2023-01-07 01:17:02,461 ] 85 root - INFO - Hypothesis ao_000: float64, float64 
[ 2023-01-07 01:17:02,468 ] 85 root - INFO - Hypothesis ap_000: float64, float64 
[ 2023-01-07 01:17:02,475 ] 85 root - INFO - Hypothesis aq_000: float64, float64 
[ 2023-01-07 01:17:02,482 ] 85 root - INFO - Hypothesis ar_000: float64, float64 
[ 2023-01-07 01:17:02,498 ] 85 root - INFO - Hypothesis as_000: float64, float64 
[ 2023-01-07 01:17:02,513 ] 85 root - INFO - Hypothesis at_000: float64, float64 
[ 2023-01-07 01:17:02,529 ] 85 root - INFO - Hypothesis au_000: float64, float64 
[ 2023-01-07 01:17:02,544 ] 85 root - INFO - Hypothesis av_000: float64, float64 
[ 2023-01-07 01:17:02,549 ] 85 root - INFO - Hypothesis ax_000: float64, float64 
[ 2023-01-07 01:17:02,555 ] 85 root - INFO - Hypothesis ay_000: float64, float64 
[ 2023-01-07 01:17:02,570 ] 85 root - INFO - Hypothesis ay_001: float64, float64 
[ 2023-01-07 01:17:02,585 ] 85 root - INFO - Hypothesis ay_002: float64, float64 
[ 2023-01-07 01:17:02,600 ] 85 root - INFO - Hypothesis ay_003: float64, float64 
[ 2023-01-07 01:17:02,615 ] 85 root - INFO - Hypothesis ay_004: float64, float64 
[ 2023-01-07 01:17:02,631 ] 85 root - INFO - Hypothesis ay_005: float64, float64 
[ 2023-01-07 01:17:02,636 ] 85 root - INFO - Hypothesis ay_006: float64, float64 
[ 2023-01-07 01:17:02,642 ] 85 root - INFO - Hypothesis ay_007: float64, float64 
[ 2023-01-07 01:17:02,649 ] 85 root - INFO - Hypothesis ay_008: float64, float64 
[ 2023-01-07 01:17:02,656 ] 85 root - INFO - Hypothesis ay_009: float64, float64 
[ 2023-01-07 01:17:02,671 ] 85 root - INFO - Hypothesis az_000: float64, float64 
[ 2023-01-07 01:17:02,677 ] 85 root - INFO - Hypothesis az_001: float64, float64 
[ 2023-01-07 01:17:02,684 ] 85 root - INFO - Hypothesis az_002: float64, float64 
[ 2023-01-07 01:17:02,690 ] 85 root - INFO - Hypothesis az_003: float64, float64 
[ 2023-01-07 01:17:02,697 ] 85 root - INFO - Hypothesis az_004: float64, float64 
[ 2023-01-07 01:17:02,703 ] 85 root - INFO - Hypothesis az_005: float64, float64 
[ 2023-01-07 01:17:02,711 ] 85 root - INFO - Hypothesis az_006: float64, float64 
[ 2023-01-07 01:17:02,717 ] 85 root - INFO - Hypothesis az_007: float64, float64 
[ 2023-01-07 01:17:02,721 ] 85 root - INFO - Hypothesis az_008: float64, float64 
[ 2023-01-07 01:17:02,738 ] 85 root - INFO - Hypothesis az_009: float64, float64 
[ 2023-01-07 01:17:02,753 ] 85 root - INFO - Hypothesis ba_000: float64, float64 
[ 2023-01-07 01:17:02,760 ] 85 root - INFO - Hypothesis ba_001: float64, float64 
[ 2023-01-07 01:17:02,767 ] 85 root - INFO - Hypothesis ba_002: float64, float64 
[ 2023-01-07 01:17:02,774 ] 85 root - INFO - Hypothesis ba_003: float64, float64 
[ 2023-01-07 01:17:02,781 ] 85 root - INFO - Hypothesis ba_004: float64, float64 
[ 2023-01-07 01:17:02,788 ] 85 root - INFO - Hypothesis ba_005: float64, float64 
[ 2023-01-07 01:17:02,795 ] 85 root - INFO - Hypothesis ba_006: float64, float64 
[ 2023-01-07 01:17:02,801 ] 85 root - INFO - Hypothesis ba_007: float64, float64 
[ 2023-01-07 01:17:02,808 ] 85 root - INFO - Hypothesis ba_008: float64, float64 
[ 2023-01-07 01:17:02,813 ] 85 root - INFO - Hypothesis ba_009: float64, float64 
[ 2023-01-07 01:17:02,818 ] 85 root - INFO - Hypothesis bb_000: float64, float64 
[ 2023-01-07 01:17:02,825 ] 85 root - INFO - Hypothesis bc_000: float64, float64 
[ 2023-01-07 01:17:02,831 ] 85 root - INFO - Hypothesis bd_000: float64, float64 
[ 2023-01-07 01:17:02,837 ] 85 root - INFO - Hypothesis be_000: float64, float64 
[ 2023-01-07 01:17:02,843 ] 85 root - INFO - Hypothesis bf_000: float64, float64 
[ 2023-01-07 01:17:02,848 ] 85 root - INFO - Hypothesis bg_000: float64, float64 
[ 2023-01-07 01:17:02,855 ] 85 root - INFO - Hypothesis bh_000: float64, float64 
[ 2023-01-07 01:17:02,863 ] 85 root - INFO - Hypothesis bi_000: float64, float64 
[ 2023-01-07 01:17:02,870 ] 85 root - INFO - Hypothesis bj_000: float64, float64 
[ 2023-01-07 01:17:02,877 ] 85 root - INFO - Hypothesis bs_000: float64, float64 
[ 2023-01-07 01:17:02,884 ] 85 root - INFO - Hypothesis bt_000: float64, float64 
[ 2023-01-07 01:17:02,891 ] 85 root - INFO - Hypothesis bu_000: float64, float64 
[ 2023-01-07 01:17:02,898 ] 85 root - INFO - Hypothesis bv_000: float64, float64 
[ 2023-01-07 01:17:02,905 ] 85 root - INFO - Hypothesis bx_000: float64, float64 
[ 2023-01-07 01:17:02,912 ] 85 root - INFO - Hypothesis by_000: float64, float64 
[ 2023-01-07 01:17:02,919 ] 85 root - INFO - Hypothesis bz_000: float64, float64 
[ 2023-01-07 01:17:02,925 ] 85 root - INFO - Hypothesis ca_000: float64, float64 
[ 2023-01-07 01:17:02,932 ] 85 root - INFO - Hypothesis cb_000: float64, float64 
[ 2023-01-07 01:17:02,939 ] 85 root - INFO - Hypothesis cc_000: float64, float64 
[ 2023-01-07 01:17:02,946 ] 85 root - INFO - Hypothesis cd_000: float64, float64 
[ 2023-01-07 01:17:02,962 ] 85 root - INFO - Hypothesis ce_000: float64, float64 
[ 2023-01-07 01:17:02,969 ] 85 root - INFO - Hypothesis ci_000: float64, float64 
[ 2023-01-07 01:17:02,977 ] 85 root - INFO - Hypothesis cj_000: float64, float64 
[ 2023-01-07 01:17:02,981 ] 85 root - INFO - Hypothesis ck_000: float64, float64 
[ 2023-01-07 01:17:02,988 ] 85 root - INFO - Hypothesis cl_000: float64, float64 
[ 2023-01-07 01:17:02,993 ] 85 root - INFO - Hypothesis cm_000: float64, float64 
[ 2023-01-07 01:17:02,997 ] 85 root - INFO - Hypothesis cn_000: float64, float64 
[ 2023-01-07 01:17:03,013 ] 85 root - INFO - Hypothesis cn_001: float64, float64 
[ 2023-01-07 01:17:03,017 ] 85 root - INFO - Hypothesis cn_002: float64, float64 
[ 2023-01-07 01:17:03,023 ] 85 root - INFO - Hypothesis cn_003: float64, float64 
[ 2023-01-07 01:17:03,030 ] 85 root - INFO - Hypothesis cn_004: float64, float64 
[ 2023-01-07 01:17:03,037 ] 85 root - INFO - Hypothesis cn_005: float64, float64 
[ 2023-01-07 01:17:03,045 ] 85 root - INFO - Hypothesis cn_006: float64, float64 
[ 2023-01-07 01:17:03,052 ] 85 root - INFO - Hypothesis cn_007: float64, float64 
[ 2023-01-07 01:17:03,058 ] 85 root - INFO - Hypothesis cn_008: float64, float64 
[ 2023-01-07 01:17:03,064 ] 85 root - INFO - Hypothesis cn_009: float64, float64 
[ 2023-01-07 01:17:03,070 ] 85 root - INFO - Hypothesis cp_000: float64, float64 
[ 2023-01-07 01:17:03,075 ] 85 root - INFO - Hypothesis cq_000: float64, float64 
[ 2023-01-07 01:17:03,082 ] 85 root - INFO - Hypothesis cs_000: float64, float64 
[ 2023-01-07 01:17:03,088 ] 85 root - INFO - Hypothesis cs_001: float64, float64 
[ 2023-01-07 01:17:03,095 ] 85 root - INFO - Hypothesis cs_002: float64, float64 
[ 2023-01-07 01:17:03,101 ] 85 root - INFO - Hypothesis cs_003: float64, float64 
[ 2023-01-07 01:17:03,109 ] 85 root - INFO - Hypothesis cs_004: float64, float64 
[ 2023-01-07 01:17:03,116 ] 85 root - INFO - Hypothesis cs_005: float64, float64 
[ 2023-01-07 01:17:03,123 ] 85 root - INFO - Hypothesis cs_006: float64, float64 
[ 2023-01-07 01:17:03,130 ] 85 root - INFO - Hypothesis cs_007: float64, float64 
[ 2023-01-07 01:17:03,137 ] 85 root - INFO - Hypothesis cs_008: float64, float64 
[ 2023-01-07 01:17:03,145 ] 85 root - INFO - Hypothesis cs_009: float64, float64 
[ 2023-01-07 01:17:03,161 ] 85 root - INFO - Hypothesis dd_000: float64, float64 
[ 2023-01-07 01:17:03,168 ] 85 root - INFO - Hypothesis de_000: float64, float64 
[ 2023-01-07 01:17:03,174 ] 85 root - INFO - Hypothesis df_000: float64, float64 
[ 2023-01-07 01:17:03,177 ] 85 root - INFO - Hypothesis dg_000: float64, float64 
[ 2023-01-07 01:17:03,180 ] 85 root - INFO - Hypothesis dh_000: float64, float64 
[ 2023-01-07 01:17:03,184 ] 85 root - INFO - Hypothesis di_000: float64, float64 
[ 2023-01-07 01:17:03,188 ] 85 root - INFO - Hypothesis dj_000: float64, float64 
[ 2023-01-07 01:17:03,203 ] 85 root - INFO - Hypothesis dk_000: float64, float64 
[ 2023-01-07 01:17:03,206 ] 85 root - INFO - Hypothesis dl_000: float64, float64 
[ 2023-01-07 01:17:03,222 ] 85 root - INFO - Hypothesis dm_000: float64, float64 
[ 2023-01-07 01:17:03,238 ] 85 root - INFO - Hypothesis dn_000: float64, float64 
[ 2023-01-07 01:17:03,245 ] 85 root - INFO - Hypothesis do_000: float64, float64 
[ 2023-01-07 01:17:03,251 ] 85 root - INFO - Hypothesis dp_000: float64, float64 
[ 2023-01-07 01:17:03,257 ] 85 root - INFO - Hypothesis dq_000: float64, float64 
[ 2023-01-07 01:17:03,262 ] 85 root - INFO - Hypothesis dr_000: float64, float64 
[ 2023-01-07 01:17:03,266 ] 85 root - INFO - Hypothesis ds_000: float64, float64 
[ 2023-01-07 01:17:03,273 ] 85 root - INFO - Hypothesis dt_000: float64, float64 
[ 2023-01-07 01:17:03,279 ] 85 root - INFO - Hypothesis du_000: float64, float64 
[ 2023-01-07 01:17:03,286 ] 85 root - INFO - Hypothesis dv_000: float64, float64 
[ 2023-01-07 01:17:03,293 ] 85 root - INFO - Hypothesis dx_000: float64, float64 
[ 2023-01-07 01:17:03,297 ] 85 root - INFO - Hypothesis dy_000: float64, float64 
[ 2023-01-07 01:17:03,302 ] 85 root - INFO - Hypothesis dz_000: float64, float64 
[ 2023-01-07 01:17:03,318 ] 85 root - INFO - Hypothesis ea_000: float64, float64 
[ 2023-01-07 01:17:03,335 ] 85 root - INFO - Hypothesis eb_000: float64, float64 
[ 2023-01-07 01:17:03,341 ] 85 root - INFO - Hypothesis ec_00: float64, float64 
[ 2023-01-07 01:17:03,348 ] 85 root - INFO - Hypothesis ed_000: float64, float64 
[ 2023-01-07 01:17:03,354 ] 85 root - INFO - Hypothesis ee_000: float64, float64 
[ 2023-01-07 01:17:03,361 ] 85 root - INFO - Hypothesis ee_001: float64, float64 
[ 2023-01-07 01:17:03,368 ] 85 root - INFO - Hypothesis ee_002: float64, float64 
[ 2023-01-07 01:17:03,375 ] 85 root - INFO - Hypothesis ee_003: float64, float64 
[ 2023-01-07 01:17:03,382 ] 85 root - INFO - Hypothesis ee_004: float64, float64 
[ 2023-01-07 01:17:03,389 ] 85 root - INFO - Hypothesis ee_005: float64, float64 
[ 2023-01-07 01:17:03,396 ] 85 root - INFO - Hypothesis ee_006: float64, float64 
[ 2023-01-07 01:17:03,403 ] 85 root - INFO - Hypothesis ee_007: float64, float64 
[ 2023-01-07 01:17:03,410 ] 85 root - INFO - Hypothesis ee_008: float64, float64 
[ 2023-01-07 01:17:03,416 ] 85 root - INFO - Hypothesis ee_009: float64, float64 
[ 2023-01-07 01:17:03,422 ] 85 root - INFO - Hypothesis ef_000: float64, float64 
[ 2023-01-07 01:17:03,439 ] 85 root - INFO - Hypothesis eg_000: float64, float64 
[ 2023-01-07 01:17:03,455 ] 144 root - INFO - Write reprt in yaml file
[ 2023-01-07 01:17:03,494 ] 148 root - INFO - Data validation artifact: DataValidationArtifact(report_file_path='/config/workspace/artifact/01072023__011638/data_validation/report.yaml')
