[ 2023-01-07 01:30:18,093 ] 15 root - INFO - >>>>>>>>>>>>>>>>>>>>>>>>>>>>>>>>>>>>>>>> Data Ingestion <<<<<<<<<<<<<<<<<<<<<<<<<<<<<<<<<<<<<<<<
[ 2023-01-07 01:30:18,093 ] 22 root - INFO - Exporting collection data as pandas dataframe
[ 2023-01-07 01:30:18,093 ] 21 root - INFO - Reading data from database: aps and collection: sensor
[ 2023-01-07 01:30:21,792 ] 23 root - INFO - Found columns: Index(['_id', 'class', 'aa_000', 'ab_000', 'ac_000', 'ad_000', 'ae_000',
       'af_000', 'ag_000', 'ag_001',
       ...
       'ee_002', 'ee_003', 'ee_004', 'ee_005', 'ee_006', 'ee_007', 'ee_008',
       'ee_009', 'ef_000', 'eg_000'],
      dtype='object', length=172)
[ 2023-01-07 01:30:21,793 ] 25 root - INFO - Dropping column: _id 
[ 2023-01-07 01:30:21,990 ] 27 root - INFO - Row and columns in df: (36188, 171)
[ 2023-01-07 01:30:21,990 ] 28 root - INFO - Save data in feature store
[ 2023-01-07 01:30:22,514 ] 34 root - INFO - Create feature store folder if not available
[ 2023-01-07 01:30:22,515 ] 38 root - INFO - Save df to feature store folder
[ 2023-01-07 01:30:25,040 ] 43 root - INFO - split dataset into train and test set
[ 2023-01-07 01:30:25,649 ] 47 root - INFO - create dataset directory folder if not available
[ 2023-01-07 01:30:25,650 ] 52 root - INFO - Save df to feature store folder
[ 2023-01-07 01:30:27,951 ] 64 root - INFO - Data ingestion artifact: DataIngestionArtifact(feature_store_file_path='/config/workspace/artifact/01072023__013018/data_ingestion/feature_store/sensor.csv', train_file_path='/config/workspace/artifact/01072023__013018/data_ingestion/dataset/train.csv', test_file_path='/config/workspace/artifact/01072023__013018/data_ingestion/dataset/test.csv')
[ 2023-01-07 01:30:28,416 ] 20 root - INFO - >>>>>>>>>>>>>>>>>>>>>>>>>>>>>>>>>>>>>>>>Data Validation <<<<<<<<<<<<<<<<<<<<<<<<<<<<<<<<<<<<<<<<
[ 2023-01-07 01:30:28,417 ] 107 root - INFO - Reading base dataframe
[ 2023-01-07 01:30:30,031 ] 109 root - INFO - Replace na value with NaN
[ 2023-01-07 01:30:31,340 ] 112 root - INFO - Drop null values column from base df
[ 2023-01-07 01:30:32,269 ] 42 root - INFO - selecting column name which contains null above to 0.2
[ 2023-01-07 01:30:32,270 ] 45 root - INFO - Columns to drop: ['ab_000', 'ad_000', 'bk_000', 'bl_000', 'bm_000', 'bn_000', 'bo_000', 'bp_000', 'bq_000', 'br_000', 'cf_000', 'cg_000', 'ch_000', 'co_000', 'cr_000', 'ct_000', 'cu_000', 'cv_000', 'cx_000', 'cy_000', 'cz_000', 'da_000', 'db_000', 'dc_000']
[ 2023-01-07 01:30:32,364 ] 115 root - INFO - Reading train dataframe
[ 2023-01-07 01:30:32,760 ] 117 root - INFO - Reading test dataframe
[ 2023-01-07 01:30:32,860 ] 120 root - INFO - Drop null values columns from train df
[ 2023-01-07 01:30:32,872 ] 42 root - INFO - selecting column name which contains null above to 0.2
[ 2023-01-07 01:30:32,872 ] 45 root - INFO - Columns to drop: ['ab_000', 'ad_000', 'bk_000', 'bl_000', 'bm_000', 'bn_000', 'bo_000', 'bp_000', 'bq_000', 'br_000', 'cf_000', 'cg_000', 'ch_000', 'co_000', 'cr_000', 'ct_000', 'cu_000', 'cv_000', 'cx_000', 'cy_000', 'cz_000', 'da_000', 'db_000', 'dc_000']
[ 2023-01-07 01:30:32,881 ] 122 root - INFO - Drop null values columns from test df
[ 2023-01-07 01:30:32,885 ] 42 root - INFO - selecting column name which contains null above to 0.2
[ 2023-01-07 01:30:32,886 ] 45 root - INFO - Columns to drop: ['ab_000', 'ad_000', 'bk_000', 'bl_000', 'bm_000', 'bn_000', 'bo_000', 'bp_000', 'bq_000', 'br_000', 'cf_000', 'cg_000', 'ch_000', 'co_000', 'cr_000', 'ct_000', 'cu_000', 'cv_000', 'cx_000', 'cy_000', 'cz_000', 'da_000', 'db_000', 'dc_000']
[ 2023-01-07 01:30:38,906 ] 130 root - INFO - Is all required columns present in train df
[ 2023-01-07 01:30:38,906 ] 132 root - INFO - Is all required columns present in test df
[ 2023-01-07 01:30:38,907 ] 136 root - INFO - As all column are available in train df hence detecting data drift
[ 2023-01-07 01:30:38,907 ] 85 root - INFO - Hypothesis class: object, object 
[ 2023-01-07 01:30:39,042 ] 85 root - INFO - Hypothesis aa_000: float64, float64 
[ 2023-01-07 01:30:39,052 ] 85 root - INFO - Hypothesis ac_000: float64, float64 
[ 2023-01-07 01:30:39,092 ] 85 root - INFO - Hypothesis ae_000: float64, float64 
[ 2023-01-07 01:30:39,128 ] 85 root - INFO - Hypothesis af_000: float64, float64 
[ 2023-01-07 01:30:39,164 ] 85 root - INFO - Hypothesis ag_000: float64, float64 
[ 2023-01-07 01:30:39,200 ] 85 root - INFO - Hypothesis ag_001: float64, float64 
[ 2023-01-07 01:30:39,236 ] 85 root - INFO - Hypothesis ag_002: float64, float64 
[ 2023-01-07 01:30:39,272 ] 85 root - INFO - Hypothesis ag_003: float64, float64 
[ 2023-01-07 01:30:39,279 ] 85 root - INFO - Hypothesis ag_004: float64, float64 
[ 2023-01-07 01:30:39,289 ] 85 root - INFO - Hypothesis ag_005: float64, float64 
[ 2023-01-07 01:30:39,299 ] 85 root - INFO - Hypothesis ag_006: float64, float64 
[ 2023-01-07 01:30:39,310 ] 85 root - INFO - Hypothesis ag_007: float64, float64 
[ 2023-01-07 01:30:39,319 ] 85 root - INFO - Hypothesis ag_008: float64, float64 
[ 2023-01-07 01:30:39,327 ] 85 root - INFO - Hypothesis ag_009: float64, float64 
[ 2023-01-07 01:30:39,334 ] 85 root - INFO - Hypothesis ah_000: float64, float64 
[ 2023-01-07 01:30:39,345 ] 85 root - INFO - Hypothesis ai_000: float64, float64 
[ 2023-01-07 01:30:39,382 ] 85 root - INFO - Hypothesis aj_000: float64, float64 
[ 2023-01-07 01:30:39,387 ] 85 root - INFO - Hypothesis ak_000: float64, float64 
[ 2023-01-07 01:30:39,424 ] 85 root - INFO - Hypothesis al_000: float64, float64 
[ 2023-01-07 01:30:39,431 ] 85 root - INFO - Hypothesis am_0: float64, float64 
[ 2023-01-07 01:30:39,438 ] 85 root - INFO - Hypothesis an_000: float64, float64 
[ 2023-01-07 01:30:39,449 ] 85 root - INFO - Hypothesis ao_000: float64, float64 
[ 2023-01-07 01:30:39,459 ] 85 root - INFO - Hypothesis ap_000: float64, float64 
[ 2023-01-07 01:30:39,470 ] 85 root - INFO - Hypothesis aq_000: float64, float64 
[ 2023-01-07 01:30:39,480 ] 85 root - INFO - Hypothesis ar_000: float64, float64 
[ 2023-01-07 01:30:39,516 ] 85 root - INFO - Hypothesis as_000: float64, float64 
[ 2023-01-07 01:30:39,551 ] 85 root - INFO - Hypothesis at_000: float64, float64 
[ 2023-01-07 01:30:39,587 ] 85 root - INFO - Hypothesis au_000: float64, float64 
[ 2023-01-07 01:30:39,623 ] 85 root - INFO - Hypothesis av_000: float64, float64 
[ 2023-01-07 01:30:39,631 ] 85 root - INFO - Hypothesis ax_000: float64, float64 
[ 2023-01-07 01:30:39,639 ] 85 root - INFO - Hypothesis ay_000: float64, float64 
[ 2023-01-07 01:30:39,674 ] 85 root - INFO - Hypothesis ay_001: float64, float64 
[ 2023-01-07 01:30:39,709 ] 85 root - INFO - Hypothesis ay_002: float64, float64 
[ 2023-01-07 01:30:39,745 ] 85 root - INFO - Hypothesis ay_003: float64, float64 
[ 2023-01-07 01:30:39,785 ] 85 root - INFO - Hypothesis ay_004: float64, float64 
[ 2023-01-07 01:30:39,821 ] 85 root - INFO - Hypothesis ay_005: float64, float64 
[ 2023-01-07 01:30:39,861 ] 85 root - INFO - Hypothesis ay_006: float64, float64 
[ 2023-01-07 01:30:39,871 ] 85 root - INFO - Hypothesis ay_007: float64, float64 
[ 2023-01-07 01:30:39,881 ] 85 root - INFO - Hypothesis ay_008: float64, float64 
[ 2023-01-07 01:30:39,891 ] 85 root - INFO - Hypothesis ay_009: float64, float64 
[ 2023-01-07 01:30:39,927 ] 85 root - INFO - Hypothesis az_000: float64, float64 
[ 2023-01-07 01:30:39,937 ] 85 root - INFO - Hypothesis az_001: float64, float64 
[ 2023-01-07 01:30:39,946 ] 85 root - INFO - Hypothesis az_002: float64, float64 
[ 2023-01-07 01:30:39,955 ] 85 root - INFO - Hypothesis az_003: float64, float64 
[ 2023-01-07 01:30:39,965 ] 85 root - INFO - Hypothesis az_004: float64, float64 
[ 2023-01-07 01:30:39,976 ] 85 root - INFO - Hypothesis az_005: float64, float64 
[ 2023-01-07 01:30:39,986 ] 85 root - INFO - Hypothesis az_006: float64, float64 
[ 2023-01-07 01:30:40,027 ] 85 root - INFO - Hypothesis az_007: float64, float64 
[ 2023-01-07 01:30:40,064 ] 85 root - INFO - Hypothesis az_008: float64, float64 
[ 2023-01-07 01:30:40,101 ] 85 root - INFO - Hypothesis az_009: float64, float64 
[ 2023-01-07 01:30:40,136 ] 85 root - INFO - Hypothesis ba_000: float64, float64 
[ 2023-01-07 01:30:40,147 ] 85 root - INFO - Hypothesis ba_001: float64, float64 
[ 2023-01-07 01:30:40,157 ] 85 root - INFO - Hypothesis ba_002: float64, float64 
[ 2023-01-07 01:30:40,167 ] 85 root - INFO - Hypothesis ba_003: float64, float64 
[ 2023-01-07 01:30:40,177 ] 85 root - INFO - Hypothesis ba_004: float64, float64 
[ 2023-01-07 01:30:40,188 ] 85 root - INFO - Hypothesis ba_005: float64, float64 
[ 2023-01-07 01:30:40,197 ] 85 root - INFO - Hypothesis ba_006: float64, float64 
[ 2023-01-07 01:30:40,207 ] 85 root - INFO - Hypothesis ba_007: float64, float64 
[ 2023-01-07 01:30:40,217 ] 85 root - INFO - Hypothesis ba_008: float64, float64 
[ 2023-01-07 01:30:40,256 ] 85 root - INFO - Hypothesis ba_009: float64, float64 
[ 2023-01-07 01:30:40,295 ] 85 root - INFO - Hypothesis bb_000: float64, float64 
[ 2023-01-07 01:30:40,305 ] 85 root - INFO - Hypothesis bc_000: float64, float64 
[ 2023-01-07 01:30:40,344 ] 85 root - INFO - Hypothesis bd_000: float64, float64 
[ 2023-01-07 01:30:40,353 ] 85 root - INFO - Hypothesis be_000: float64, float64 
[ 2023-01-07 01:30:40,362 ] 85 root - INFO - Hypothesis bf_000: float64, float64 
[ 2023-01-07 01:30:40,368 ] 85 root - INFO - Hypothesis bg_000: float64, float64 
[ 2023-01-07 01:30:40,379 ] 85 root - INFO - Hypothesis bh_000: float64, float64 
[ 2023-01-07 01:30:40,389 ] 85 root - INFO - Hypothesis bi_000: float64, float64 
[ 2023-01-07 01:30:40,400 ] 85 root - INFO - Hypothesis bj_000: float64, float64 
[ 2023-01-07 01:30:40,411 ] 85 root - INFO - Hypothesis bs_000: float64, float64 
[ 2023-01-07 01:30:40,421 ] 85 root - INFO - Hypothesis bt_000: float64, float64 
[ 2023-01-07 01:30:40,432 ] 85 root - INFO - Hypothesis bu_000: float64, float64 
[ 2023-01-07 01:30:40,442 ] 85 root - INFO - Hypothesis bv_000: float64, float64 
[ 2023-01-07 01:30:40,452 ] 85 root - INFO - Hypothesis bx_000: float64, float64 
[ 2023-01-07 01:30:40,463 ] 85 root - INFO - Hypothesis by_000: float64, float64 
[ 2023-01-07 01:30:40,473 ] 85 root - INFO - Hypothesis bz_000: float64, float64 
[ 2023-01-07 01:30:40,482 ] 85 root - INFO - Hypothesis ca_000: float64, float64 
[ 2023-01-07 01:30:40,492 ] 85 root - INFO - Hypothesis cb_000: float64, float64 
[ 2023-01-07 01:30:40,503 ] 85 root - INFO - Hypothesis cc_000: float64, float64 
[ 2023-01-07 01:30:40,513 ] 85 root - INFO - Hypothesis cd_000: float64, float64 
[ 2023-01-07 01:30:40,550 ] 85 root - INFO - Hypothesis ce_000: float64, float64 
[ 2023-01-07 01:30:40,559 ] 85 root - INFO - Hypothesis ci_000: float64, float64 
[ 2023-01-07 01:30:40,570 ] 85 root - INFO - Hypothesis cj_000: float64, float64 
[ 2023-01-07 01:30:40,607 ] 85 root - INFO - Hypothesis ck_000: float64, float64 
[ 2023-01-07 01:30:40,618 ] 85 root - INFO - Hypothesis cl_000: float64, float64 
[ 2023-01-07 01:30:40,623 ] 85 root - INFO - Hypothesis cm_000: float64, float64 
[ 2023-01-07 01:30:40,631 ] 85 root - INFO - Hypothesis cn_000: float64, float64 
[ 2023-01-07 01:30:40,666 ] 85 root - INFO - Hypothesis cn_001: float64, float64 
[ 2023-01-07 01:30:40,703 ] 85 root - INFO - Hypothesis cn_002: float64, float64 
[ 2023-01-07 01:30:40,711 ] 85 root - INFO - Hypothesis cn_003: float64, float64 
[ 2023-01-07 01:30:40,722 ] 85 root - INFO - Hypothesis cn_004: float64, float64 
[ 2023-01-07 01:30:40,732 ] 85 root - INFO - Hypothesis cn_005: float64, float64 
[ 2023-01-07 01:30:40,743 ] 85 root - INFO - Hypothesis cn_006: float64, float64 
[ 2023-01-07 01:30:40,753 ] 85 root - INFO - Hypothesis cn_007: float64, float64 
[ 2023-01-07 01:30:40,762 ] 85 root - INFO - Hypothesis cn_008: float64, float64 
[ 2023-01-07 01:30:40,771 ] 85 root - INFO - Hypothesis cn_009: float64, float64 
[ 2023-01-07 01:30:40,810 ] 85 root - INFO - Hypothesis cp_000: float64, float64 
[ 2023-01-07 01:30:40,849 ] 85 root - INFO - Hypothesis cq_000: float64, float64 
[ 2023-01-07 01:30:40,860 ] 85 root - INFO - Hypothesis cs_000: float64, float64 
[ 2023-01-07 01:30:40,870 ] 85 root - INFO - Hypothesis cs_001: float64, float64 
[ 2023-01-07 01:30:40,878 ] 85 root - INFO - Hypothesis cs_002: float64, float64 
[ 2023-01-07 01:30:40,888 ] 85 root - INFO - Hypothesis cs_003: float64, float64 
[ 2023-01-07 01:30:40,899 ] 85 root - INFO - Hypothesis cs_004: float64, float64 
[ 2023-01-07 01:30:40,909 ] 85 root - INFO - Hypothesis cs_005: float64, float64 
[ 2023-01-07 01:30:40,920 ] 85 root - INFO - Hypothesis cs_006: float64, float64 
[ 2023-01-07 01:30:40,931 ] 85 root - INFO - Hypothesis cs_007: float64, float64 
[ 2023-01-07 01:30:40,941 ] 85 root - INFO - Hypothesis cs_008: float64, float64 
[ 2023-01-07 01:30:40,981 ] 85 root - INFO - Hypothesis cs_009: float64, float64 
[ 2023-01-07 01:30:41,020 ] 85 root - INFO - Hypothesis dd_000: float64, float64 
[ 2023-01-07 01:30:41,030 ] 85 root - INFO - Hypothesis de_000: float64, float64 
[ 2023-01-07 01:30:41,039 ] 85 root - INFO - Hypothesis df_000: float64, float64 
[ 2023-01-07 01:30:41,075 ] 85 root - INFO - Hypothesis dg_000: float64, float64 
[ 2023-01-07 01:30:41,111 ] 85 root - INFO - Hypothesis dh_000: float64, float64 
[ 2023-01-07 01:30:41,116 ] 85 root - INFO - Hypothesis di_000: float64, float64 
[ 2023-01-07 01:30:41,155 ] 85 root - INFO - Hypothesis dj_000: float64, float64 
[ 2023-01-07 01:30:41,190 ] 85 root - INFO - Hypothesis dk_000: float64, float64 
[ 2023-01-07 01:30:41,226 ] 85 root - INFO - Hypothesis dl_000: float64, float64 
[ 2023-01-07 01:30:41,263 ] 85 root - INFO - Hypothesis dm_000: float64, float64 
[ 2023-01-07 01:30:41,299 ] 85 root - INFO - Hypothesis dn_000: float64, float64 
[ 2023-01-07 01:30:41,310 ] 85 root - INFO - Hypothesis do_000: float64, float64 
[ 2023-01-07 01:30:41,319 ] 85 root - INFO - Hypothesis dp_000: float64, float64 
[ 2023-01-07 01:30:41,328 ] 85 root - INFO - Hypothesis dq_000: float64, float64 
[ 2023-01-07 01:30:41,368 ] 85 root - INFO - Hypothesis dr_000: float64, float64 
[ 2023-01-07 01:30:41,414 ] 85 root - INFO - Hypothesis ds_000: float64, float64 
[ 2023-01-07 01:30:41,425 ] 85 root - INFO - Hypothesis dt_000: float64, float64 
[ 2023-01-07 01:30:41,435 ] 85 root - INFO - Hypothesis du_000: float64, float64 
[ 2023-01-07 01:30:41,446 ] 85 root - INFO - Hypothesis dv_000: float64, float64 
[ 2023-01-07 01:30:41,456 ] 85 root - INFO - Hypothesis dx_000: float64, float64 
[ 2023-01-07 01:30:41,494 ] 85 root - INFO - Hypothesis dy_000: float64, float64 
[ 2023-01-07 01:30:41,532 ] 85 root - INFO - Hypothesis dz_000: float64, float64 
[ 2023-01-07 01:30:41,568 ] 85 root - INFO - Hypothesis ea_000: float64, float64 
[ 2023-01-07 01:30:41,603 ] 85 root - INFO - Hypothesis eb_000: float64, float64 
[ 2023-01-07 01:30:41,612 ] 85 root - INFO - Hypothesis ec_00: float64, float64 
[ 2023-01-07 01:30:41,622 ] 85 root - INFO - Hypothesis ed_000: float64, float64 
[ 2023-01-07 01:30:41,631 ] 85 root - INFO - Hypothesis ee_000: float64, float64 
[ 2023-01-07 01:30:41,641 ] 85 root - INFO - Hypothesis ee_001: float64, float64 
[ 2023-01-07 01:30:41,651 ] 85 root - INFO - Hypothesis ee_002: float64, float64 
[ 2023-01-07 01:30:41,662 ] 85 root - INFO - Hypothesis ee_003: float64, float64 
[ 2023-01-07 01:30:41,672 ] 85 root - INFO - Hypothesis ee_004: float64, float64 
[ 2023-01-07 01:30:41,682 ] 85 root - INFO - Hypothesis ee_005: float64, float64 
[ 2023-01-07 01:30:41,692 ] 85 root - INFO - Hypothesis ee_006: float64, float64 
[ 2023-01-07 01:30:41,702 ] 85 root - INFO - Hypothesis ee_007: float64, float64 
[ 2023-01-07 01:30:41,711 ] 85 root - INFO - Hypothesis ee_008: float64, float64 
[ 2023-01-07 01:30:41,720 ] 85 root - INFO - Hypothesis ee_009: float64, float64 
[ 2023-01-07 01:30:41,728 ] 85 root - INFO - Hypothesis ef_000: float64, float64 
[ 2023-01-07 01:30:41,764 ] 85 root - INFO - Hypothesis eg_000: float64, float64 
[ 2023-01-07 01:30:41,799 ] 140 root - INFO - As all column are available in test df hence detecting data drift
[ 2023-01-07 01:30:41,799 ] 85 root - INFO - Hypothesis class: object, object 
[ 2023-01-07 01:30:41,873 ] 85 root - INFO - Hypothesis aa_000: float64, float64 
[ 2023-01-07 01:30:41,880 ] 85 root - INFO - Hypothesis ac_000: float64, float64 
[ 2023-01-07 01:30:41,885 ] 85 root - INFO - Hypothesis ae_000: float64, float64 
[ 2023-01-07 01:30:41,900 ] 85 root - INFO - Hypothesis af_000: float64, float64 
[ 2023-01-07 01:30:41,916 ] 85 root - INFO - Hypothesis ag_000: float64, float64 
[ 2023-01-07 01:30:41,930 ] 85 root - INFO - Hypothesis ag_001: float64, float64 
[ 2023-01-07 01:30:41,945 ] 85 root - INFO - Hypothesis ag_002: float64, float64 
[ 2023-01-07 01:30:41,949 ] 85 root - INFO - Hypothesis ag_003: float64, float64 
[ 2023-01-07 01:30:41,953 ] 85 root - INFO - Hypothesis ag_004: float64, float64 
[ 2023-01-07 01:30:41,960 ] 85 root - INFO - Hypothesis ag_005: float64, float64 
[ 2023-01-07 01:30:41,967 ] 85 root - INFO - Hypothesis ag_006: float64, float64 
[ 2023-01-07 01:30:41,975 ] 85 root - INFO - Hypothesis ag_007: float64, float64 
[ 2023-01-07 01:30:41,982 ] 85 root - INFO - Hypothesis ag_008: float64, float64 
[ 2023-01-07 01:30:41,990 ] 85 root - INFO - Hypothesis ag_009: float64, float64 
[ 2023-01-07 01:30:41,995 ] 85 root - INFO - Hypothesis ah_000: float64, float64 
[ 2023-01-07 01:30:42,002 ] 85 root - INFO - Hypothesis ai_000: float64, float64 
[ 2023-01-07 01:30:42,006 ] 85 root - INFO - Hypothesis aj_000: float64, float64 
[ 2023-01-07 01:30:42,010 ] 85 root - INFO - Hypothesis ak_000: float64, float64 
[ 2023-01-07 01:30:42,013 ] 85 root - INFO - Hypothesis al_000: float64, float64 
[ 2023-01-07 01:30:42,018 ] 85 root - INFO - Hypothesis am_0: float64, float64 
[ 2023-01-07 01:30:42,023 ] 85 root - INFO - Hypothesis an_000: float64, float64 
[ 2023-01-07 01:30:42,031 ] 85 root - INFO - Hypothesis ao_000: float64, float64 
[ 2023-01-07 01:30:42,038 ] 85 root - INFO - Hypothesis ap_000: float64, float64 
[ 2023-01-07 01:30:42,045 ] 85 root - INFO - Hypothesis aq_000: float64, float64 
[ 2023-01-07 01:30:42,052 ] 85 root - INFO - Hypothesis ar_000: float64, float64 
[ 2023-01-07 01:30:42,067 ] 85 root - INFO - Hypothesis as_000: float64, float64 
[ 2023-01-07 01:30:42,082 ] 85 root - INFO - Hypothesis at_000: float64, float64 
[ 2023-01-07 01:30:42,097 ] 85 root - INFO - Hypothesis au_000: float64, float64 
[ 2023-01-07 01:30:42,112 ] 85 root - INFO - Hypothesis av_000: float64, float64 
[ 2023-01-07 01:30:42,118 ] 85 root - INFO - Hypothesis ax_000: float64, float64 
[ 2023-01-07 01:30:42,123 ] 85 root - INFO - Hypothesis ay_000: float64, float64 
[ 2023-01-07 01:30:42,138 ] 85 root - INFO - Hypothesis ay_001: float64, float64 
[ 2023-01-07 01:30:42,153 ] 85 root - INFO - Hypothesis ay_002: float64, float64 
[ 2023-01-07 01:30:42,167 ] 85 root - INFO - Hypothesis ay_003: float64, float64 
[ 2023-01-07 01:30:42,182 ] 85 root - INFO - Hypothesis ay_004: float64, float64 
[ 2023-01-07 01:30:42,197 ] 85 root - INFO - Hypothesis ay_005: float64, float64 
[ 2023-01-07 01:30:42,202 ] 85 root - INFO - Hypothesis ay_006: float64, float64 
[ 2023-01-07 01:30:42,208 ] 85 root - INFO - Hypothesis ay_007: float64, float64 
[ 2023-01-07 01:30:42,215 ] 85 root - INFO - Hypothesis ay_008: float64, float64 
[ 2023-01-07 01:30:42,222 ] 85 root - INFO - Hypothesis ay_009: float64, float64 
[ 2023-01-07 01:30:42,236 ] 85 root - INFO - Hypothesis az_000: float64, float64 
[ 2023-01-07 01:30:42,243 ] 85 root - INFO - Hypothesis az_001: float64, float64 
[ 2023-01-07 01:30:42,249 ] 85 root - INFO - Hypothesis az_002: float64, float64 
[ 2023-01-07 01:30:42,256 ] 85 root - INFO - Hypothesis az_003: float64, float64 
[ 2023-01-07 01:30:42,262 ] 85 root - INFO - Hypothesis az_004: float64, float64 
[ 2023-01-07 01:30:42,269 ] 85 root - INFO - Hypothesis az_005: float64, float64 
[ 2023-01-07 01:30:42,276 ] 85 root - INFO - Hypothesis az_006: float64, float64 
[ 2023-01-07 01:30:42,282 ] 85 root - INFO - Hypothesis az_007: float64, float64 
[ 2023-01-07 01:30:42,286 ] 85 root - INFO - Hypothesis az_008: float64, float64 
[ 2023-01-07 01:30:42,302 ] 85 root - INFO - Hypothesis az_009: float64, float64 
[ 2023-01-07 01:30:42,317 ] 85 root - INFO - Hypothesis ba_000: float64, float64 
[ 2023-01-07 01:30:42,324 ] 85 root - INFO - Hypothesis ba_001: float64, float64 
[ 2023-01-07 01:30:42,331 ] 85 root - INFO - Hypothesis ba_002: float64, float64 
[ 2023-01-07 01:30:42,338 ] 85 root - INFO - Hypothesis ba_003: float64, float64 
[ 2023-01-07 01:30:42,345 ] 85 root - INFO - Hypothesis ba_004: float64, float64 
[ 2023-01-07 01:30:42,351 ] 85 root - INFO - Hypothesis ba_005: float64, float64 
[ 2023-01-07 01:30:42,358 ] 85 root - INFO - Hypothesis ba_006: float64, float64 
[ 2023-01-07 01:30:42,365 ] 85 root - INFO - Hypothesis ba_007: float64, float64 
[ 2023-01-07 01:30:42,371 ] 85 root - INFO - Hypothesis ba_008: float64, float64 
[ 2023-01-07 01:30:42,376 ] 85 root - INFO - Hypothesis ba_009: float64, float64 
[ 2023-01-07 01:30:42,381 ] 85 root - INFO - Hypothesis bb_000: float64, float64 
[ 2023-01-07 01:30:42,388 ] 85 root - INFO - Hypothesis bc_000: float64, float64 
[ 2023-01-07 01:30:42,393 ] 85 root - INFO - Hypothesis bd_000: float64, float64 
[ 2023-01-07 01:30:42,399 ] 85 root - INFO - Hypothesis be_000: float64, float64 
[ 2023-01-07 01:30:42,404 ] 85 root - INFO - Hypothesis bf_000: float64, float64 
[ 2023-01-07 01:30:42,409 ] 85 root - INFO - Hypothesis bg_000: float64, float64 
[ 2023-01-07 01:30:42,416 ] 85 root - INFO - Hypothesis bh_000: float64, float64 
[ 2023-01-07 01:30:42,423 ] 85 root - INFO - Hypothesis bi_000: float64, float64 
[ 2023-01-07 01:30:42,430 ] 85 root - INFO - Hypothesis bj_000: float64, float64 
[ 2023-01-07 01:30:42,437 ] 85 root - INFO - Hypothesis bs_000: float64, float64 
[ 2023-01-07 01:30:42,444 ] 85 root - INFO - Hypothesis bt_000: float64, float64 
[ 2023-01-07 01:30:42,451 ] 85 root - INFO - Hypothesis bu_000: float64, float64 
[ 2023-01-07 01:30:42,458 ] 85 root - INFO - Hypothesis bv_000: float64, float64 
[ 2023-01-07 01:30:42,465 ] 85 root - INFO - Hypothesis bx_000: float64, float64 
[ 2023-01-07 01:30:42,474 ] 85 root - INFO - Hypothesis by_000: float64, float64 
[ 2023-01-07 01:30:42,481 ] 85 root - INFO - Hypothesis bz_000: float64, float64 
[ 2023-01-07 01:30:42,487 ] 85 root - INFO - Hypothesis ca_000: float64, float64 
[ 2023-01-07 01:30:42,494 ] 85 root - INFO - Hypothesis cb_000: float64, float64 
[ 2023-01-07 01:30:42,501 ] 85 root - INFO - Hypothesis cc_000: float64, float64 
[ 2023-01-07 01:30:42,508 ] 85 root - INFO - Hypothesis cd_000: float64, float64 
[ 2023-01-07 01:30:42,523 ] 85 root - INFO - Hypothesis ce_000: float64, float64 
[ 2023-01-07 01:30:42,529 ] 85 root - INFO - Hypothesis ci_000: float64, float64 
[ 2023-01-07 01:30:42,536 ] 85 root - INFO - Hypothesis cj_000: float64, float64 
[ 2023-01-07 01:30:42,540 ] 85 root - INFO - Hypothesis ck_000: float64, float64 
[ 2023-01-07 01:30:42,547 ] 85 root - INFO - Hypothesis cl_000: float64, float64 
[ 2023-01-07 01:30:42,551 ] 85 root - INFO - Hypothesis cm_000: float64, float64 
[ 2023-01-07 01:30:42,556 ] 85 root - INFO - Hypothesis cn_000: float64, float64 
[ 2023-01-07 01:30:42,571 ] 85 root - INFO - Hypothesis cn_001: float64, float64 
[ 2023-01-07 01:30:42,575 ] 85 root - INFO - Hypothesis cn_002: float64, float64 
[ 2023-01-07 01:30:42,580 ] 85 root - INFO - Hypothesis cn_003: float64, float64 
[ 2023-01-07 01:30:42,587 ] 85 root - INFO - Hypothesis cn_004: float64, float64 
[ 2023-01-07 01:30:42,594 ] 85 root - INFO - Hypothesis cn_005: float64, float64 
[ 2023-01-07 01:30:42,601 ] 85 root - INFO - Hypothesis cn_006: float64, float64 
[ 2023-01-07 01:30:42,608 ] 85 root - INFO - Hypothesis cn_007: float64, float64 
[ 2023-01-07 01:30:42,614 ] 85 root - INFO - Hypothesis cn_008: float64, float64 
[ 2023-01-07 01:30:42,620 ] 85 root - INFO - Hypothesis cn_009: float64, float64 
[ 2023-01-07 01:30:42,625 ] 85 root - INFO - Hypothesis cp_000: float64, float64 
[ 2023-01-07 01:30:42,631 ] 85 root - INFO - Hypothesis cq_000: float64, float64 
[ 2023-01-07 01:30:42,638 ] 85 root - INFO - Hypothesis cs_000: float64, float64 
[ 2023-01-07 01:30:42,644 ] 85 root - INFO - Hypothesis cs_001: float64, float64 
[ 2023-01-07 01:30:42,650 ] 85 root - INFO - Hypothesis cs_002: float64, float64 
[ 2023-01-07 01:30:42,657 ] 85 root - INFO - Hypothesis cs_003: float64, float64 
[ 2023-01-07 01:30:42,664 ] 85 root - INFO - Hypothesis cs_004: float64, float64 
[ 2023-01-07 01:30:42,671 ] 85 root - INFO - Hypothesis cs_005: float64, float64 
[ 2023-01-07 01:30:42,678 ] 85 root - INFO - Hypothesis cs_006: float64, float64 
[ 2023-01-07 01:30:42,685 ] 85 root - INFO - Hypothesis cs_007: float64, float64 
[ 2023-01-07 01:30:42,692 ] 85 root - INFO - Hypothesis cs_008: float64, float64 
[ 2023-01-07 01:30:42,697 ] 85 root - INFO - Hypothesis cs_009: float64, float64 
[ 2023-01-07 01:30:42,712 ] 85 root - INFO - Hypothesis dd_000: float64, float64 
[ 2023-01-07 01:30:42,718 ] 85 root - INFO - Hypothesis de_000: float64, float64 
[ 2023-01-07 01:30:42,724 ] 85 root - INFO - Hypothesis df_000: float64, float64 
[ 2023-01-07 01:30:42,727 ] 85 root - INFO - Hypothesis dg_000: float64, float64 
[ 2023-01-07 01:30:42,730 ] 85 root - INFO - Hypothesis dh_000: float64, float64 
[ 2023-01-07 01:30:42,734 ] 85 root - INFO - Hypothesis di_000: float64, float64 
[ 2023-01-07 01:30:42,738 ] 85 root - INFO - Hypothesis dj_000: float64, float64 
[ 2023-01-07 01:30:42,753 ] 85 root - INFO - Hypothesis dk_000: float64, float64 
[ 2023-01-07 01:30:42,757 ] 85 root - INFO - Hypothesis dl_000: float64, float64 
[ 2023-01-07 01:30:42,772 ] 85 root - INFO - Hypothesis dm_000: float64, float64 
[ 2023-01-07 01:30:42,787 ] 85 root - INFO - Hypothesis dn_000: float64, float64 
[ 2023-01-07 01:30:42,794 ] 85 root - INFO - Hypothesis do_000: float64, float64 
[ 2023-01-07 01:30:42,800 ] 85 root - INFO - Hypothesis dp_000: float64, float64 
[ 2023-01-07 01:30:42,807 ] 85 root - INFO - Hypothesis dq_000: float64, float64 
[ 2023-01-07 01:30:42,811 ] 85 root - INFO - Hypothesis dr_000: float64, float64 
[ 2023-01-07 01:30:42,815 ] 85 root - INFO - Hypothesis ds_000: float64, float64 
[ 2023-01-07 01:30:42,822 ] 85 root - INFO - Hypothesis dt_000: float64, float64 
[ 2023-01-07 01:30:42,829 ] 85 root - INFO - Hypothesis du_000: float64, float64 
[ 2023-01-07 01:30:42,836 ] 85 root - INFO - Hypothesis dv_000: float64, float64 
[ 2023-01-07 01:30:42,842 ] 85 root - INFO - Hypothesis dx_000: float64, float64 
[ 2023-01-07 01:30:42,847 ] 85 root - INFO - Hypothesis dy_000: float64, float64 
[ 2023-01-07 01:30:42,852 ] 85 root - INFO - Hypothesis dz_000: float64, float64 
[ 2023-01-07 01:30:42,867 ] 85 root - INFO - Hypothesis ea_000: float64, float64 
[ 2023-01-07 01:30:42,882 ] 85 root - INFO - Hypothesis eb_000: float64, float64 
[ 2023-01-07 01:30:42,888 ] 85 root - INFO - Hypothesis ec_00: float64, float64 
[ 2023-01-07 01:30:42,895 ] 85 root - INFO - Hypothesis ed_000: float64, float64 
[ 2023-01-07 01:30:42,901 ] 85 root - INFO - Hypothesis ee_000: float64, float64 
[ 2023-01-07 01:30:42,908 ] 85 root - INFO - Hypothesis ee_001: float64, float64 
[ 2023-01-07 01:30:42,915 ] 85 root - INFO - Hypothesis ee_002: float64, float64 
[ 2023-01-07 01:30:42,922 ] 85 root - INFO - Hypothesis ee_003: float64, float64 
[ 2023-01-07 01:30:42,929 ] 85 root - INFO - Hypothesis ee_004: float64, float64 
[ 2023-01-07 01:30:42,936 ] 85 root - INFO - Hypothesis ee_005: float64, float64 
[ 2023-01-07 01:30:42,942 ] 85 root - INFO - Hypothesis ee_006: float64, float64 
[ 2023-01-07 01:30:42,949 ] 85 root - INFO - Hypothesis ee_007: float64, float64 
[ 2023-01-07 01:30:42,955 ] 85 root - INFO - Hypothesis ee_008: float64, float64 
[ 2023-01-07 01:30:42,962 ] 85 root - INFO - Hypothesis ee_009: float64, float64 
[ 2023-01-07 01:30:42,967 ] 85 root - INFO - Hypothesis ef_000: float64, float64 
[ 2023-01-07 01:30:42,982 ] 85 root - INFO - Hypothesis eg_000: float64, float64 
[ 2023-01-07 01:30:42,997 ] 144 root - INFO - Write reprt in yaml file
[ 2023-01-07 01:30:43,037 ] 148 root - INFO - Data validation artifact: DataValidationArtifact(report_file_path='/config/workspace/artifact/01072023__013018/data_validation/report.yaml')
[ 2023-01-07 01:30:43,941 ] 71 root - INFO - Before resampling in training set Input: (28950, 170) Target:(28950,)
[ 2023-01-07 01:30:49,701 ] 73 root - INFO - After resampling in training set Input: (56152, 170) Target:(56152,)
[ 2023-01-07 01:30:49,702 ] 75 root - INFO - Before resampling in testing set Input: (7238, 170) Target:(7238,)
[ 2023-01-07 01:30:50,537 ] 77 root - INFO - After resampling in testing set Input: (14072, 170) Target:(14072,)
[ 2023-01-07 01:30:50,652 ] 53 root - INFO - Entered the save_object method of utils
[ 2023-01-07 01:30:50,655 ] 57 root - INFO - Exited the save_object method of utils
[ 2023-01-07 01:30:50,655 ] 53 root - INFO - Entered the save_object method of utils
[ 2023-01-07 01:30:50,656 ] 57 root - INFO - Exited the save_object method of utils
[ 2023-01-07 01:30:50,656 ] 108 root - INFO - Data transformation object DataTransformationArtifact(transform_object_path='/config/workspace/artifact/01072023__013018/data_transformation/transformer/transformer.pkl', transformed_train_path='/config/workspace/artifact/01072023__013018/data_transformation/transformed/train.npz', transformed_test_path='/config/workspace/artifact/01072023__013018/data_transformation/transformed/test.npz', target_encoder_path='/config/workspace/artifact/01072023__013018/data_transformation/target_encoder/target_encoder.pkl')
[ 2023-01-07 01:30:50,657 ] 16 root - INFO - >>>>>>>>>>>>>>>>>>>>>>>>>>>>>>>>>>>>>>>> Model Trainer <<<<<<<<<<<<<<<<<<<<<<<<<<<<<<<<<<<<<<<<
[ 2023-01-07 01:30:50,657 ] 45 root - INFO - Loading train and test array.
[ 2023-01-07 01:30:50,688 ] 49 root - INFO - Splitting input and target feature from both train and test arr.
[ 2023-01-07 01:30:50,688 ] 53 root - INFO - Train the model
[ 2023-01-07 01:30:59,637 ] 56 root - INFO - Calculating f1 train score
[ 2023-01-07 01:30:59,688 ] 60 root - INFO - Calculating f1 test score
[ 2023-01-07 01:30:59,706 ] 64 root - INFO - train score:0.9999821908781678 and tests score 0.9694011365292147
[ 2023-01-07 01:30:59,706 ] 66 root - INFO - Checking if our model is underfitting or not
[ 2023-01-07 01:30:59,706 ] 71 root - INFO - Checking if our model is overfiiting or not
[ 2023-01-07 01:30:59,706 ] 78 root - INFO - Saving mode object
[ 2023-01-07 01:30:59,706 ] 53 root - INFO - Entered the save_object method of utils
[ 2023-01-07 01:30:59,712 ] 57 root - INFO - Exited the save_object method of utils
[ 2023-01-07 01:30:59,713 ] 82 root - INFO - Prepare the artifact
[ 2023-01-07 01:30:59,713 ] 85 root - INFO - Model trainer artifact: ModelTrainerArtifact(model_path='/config/workspace/artifact/01072023__013018/model_trainer/model/model.pkl', f1_train_score=0.9999821908781678, f1_test_score=0.9694011365292147)
