[ 2023-01-07 01:15:09,009 ] 15 root - INFO - >>>>>>>>>>>>>>>>>>>>>>>>>>>>>>>>>>>>>>>> Data Ingestion <<<<<<<<<<<<<<<<<<<<<<<<<<<<<<<<<<<<<<<<
[ 2023-01-07 01:15:09,010 ] 22 root - INFO - Exporting collection data as pandas dataframe
[ 2023-01-07 01:15:09,010 ] 21 root - INFO - Reading data from database: aps and collection: sensor
[ 2023-01-07 01:15:12,610 ] 23 root - INFO - Found columns: Index(['_id', 'class', 'aa_000', 'ab_000', 'ac_000', 'ad_000', 'ae_000',
       'af_000', 'ag_000', 'ag_001',
       ...
       'ee_002', 'ee_003', 'ee_004', 'ee_005', 'ee_006', 'ee_007', 'ee_008',
       'ee_009', 'ef_000', 'eg_000'],
      dtype='object', length=172)
[ 2023-01-07 01:15:12,610 ] 25 root - INFO - Dropping column: _id 
[ 2023-01-07 01:15:12,807 ] 27 root - INFO - Row and columns in df: (36188, 171)
[ 2023-01-07 01:15:12,808 ] 28 root - INFO - Save data in feature store
[ 2023-01-07 01:15:13,351 ] 34 root - INFO - Create feature store folder if not available
[ 2023-01-07 01:15:13,352 ] 38 root - INFO - Save df to feature store folder
[ 2023-01-07 01:15:15,713 ] 43 root - INFO - split dataset into train and test set
[ 2023-01-07 01:15:16,263 ] 47 root - INFO - create dataset directory folder if not available
[ 2023-01-07 01:15:16,264 ] 52 root - INFO - Save df to feature store folder
[ 2023-01-07 01:15:18,365 ] 64 root - INFO - Data ingestion artifact: DataIngestionArtifact(feature_store_file_path='/config/workspace/artifact/01072023__011509/data_ingestion/feature_store/sensor.csv', train_file_path='/config/workspace/artifact/01072023__011509/data_ingestion/dataset/train.csv', test_file_path='/config/workspace/artifact/01072023__011509/data_ingestion/dataset/test.csv')
[ 2023-01-07 01:15:18,768 ] 20 root - INFO - >>>>>>>>>>>>>>>>>>>>>>>>>>>>>>>>>>>>>>>>Data Validation <<<<<<<<<<<<<<<<<<<<<<<<<<<<<<<<<<<<<<<<
[ 2023-01-07 01:15:18,769 ] 107 root - INFO - Reading base dataframe
[ 2023-01-07 01:15:20,341 ] 109 root - INFO - Replace na value with NaN
[ 2023-01-07 01:15:21,650 ] 112 root - INFO - Drop null values column from base df
[ 2023-01-07 01:15:22,551 ] 42 root - INFO - selecting column name which contains null above to 0.2
[ 2023-01-07 01:15:22,552 ] 45 root - INFO - Columns to drop: ['ab_000', 'ad_000', 'bk_000', 'bl_000', 'bm_000', 'bn_000', 'bo_000', 'bp_000', 'bq_000', 'br_000', 'cf_000', 'cg_000', 'ch_000', 'co_000', 'cr_000', 'ct_000', 'cu_000', 'cv_000', 'cx_000', 'cy_000', 'cz_000', 'da_000', 'db_000', 'dc_000']
[ 2023-01-07 01:15:22,631 ] 115 root - INFO - Reading train dataframe
[ 2023-01-07 01:15:23,021 ] 117 root - INFO - Reading test dataframe
[ 2023-01-07 01:15:23,121 ] 120 root - INFO - Drop null values columns from train df
[ 2023-01-07 01:15:23,132 ] 42 root - INFO - selecting column name which contains null above to 0.2
[ 2023-01-07 01:15:23,132 ] 45 root - INFO - Columns to drop: ['ab_000', 'ad_000', 'bk_000', 'bl_000', 'bm_000', 'bn_000', 'bo_000', 'bp_000', 'bq_000', 'br_000', 'cf_000', 'cg_000', 'ch_000', 'co_000', 'cr_000', 'ct_000', 'cu_000', 'cv_000', 'cx_000', 'cy_000', 'cz_000', 'da_000', 'db_000', 'dc_000']
[ 2023-01-07 01:15:23,141 ] 122 root - INFO - Drop null values columns from test df
[ 2023-01-07 01:15:23,145 ] 42 root - INFO - selecting column name which contains null above to 0.2
[ 2023-01-07 01:15:23,146 ] 45 root - INFO - Columns to drop: ['ab_000', 'ad_000', 'bk_000', 'bl_000', 'bm_000', 'bn_000', 'bo_000', 'bp_000', 'bq_000', 'br_000', 'cf_000', 'cg_000', 'ch_000', 'co_000', 'cr_000', 'ct_000', 'cu_000', 'cv_000', 'cx_000', 'cy_000', 'cz_000', 'da_000', 'db_000', 'dc_000']
[ 2023-01-07 01:15:29,105 ] 130 root - INFO - Is all required columns present in train df
[ 2023-01-07 01:15:29,105 ] 132 root - INFO - Is all required columns present in test df
[ 2023-01-07 01:15:29,105 ] 136 root - INFO - As all column are available in train df hence detecting data drift
[ 2023-01-07 01:15:29,106 ] 85 root - INFO - Hypothesis class: object, object 
[ 2023-01-07 01:15:29,236 ] 85 root - INFO - Hypothesis aa_000: float64, float64 
[ 2023-01-07 01:15:29,246 ] 85 root - INFO - Hypothesis ac_000: float64, float64 
[ 2023-01-07 01:15:29,287 ] 85 root - INFO - Hypothesis ae_000: float64, float64 
[ 2023-01-07 01:15:29,323 ] 85 root - INFO - Hypothesis af_000: float64, float64 
[ 2023-01-07 01:15:29,360 ] 85 root - INFO - Hypothesis ag_000: float64, float64 
[ 2023-01-07 01:15:29,396 ] 85 root - INFO - Hypothesis ag_001: float64, float64 
[ 2023-01-07 01:15:29,432 ] 85 root - INFO - Hypothesis ag_002: float64, float64 
[ 2023-01-07 01:15:29,469 ] 85 root - INFO - Hypothesis ag_003: float64, float64 
[ 2023-01-07 01:15:29,475 ] 85 root - INFO - Hypothesis ag_004: float64, float64 
[ 2023-01-07 01:15:29,485 ] 85 root - INFO - Hypothesis ag_005: float64, float64 
[ 2023-01-07 01:15:29,496 ] 85 root - INFO - Hypothesis ag_006: float64, float64 
[ 2023-01-07 01:15:29,506 ] 85 root - INFO - Hypothesis ag_007: float64, float64 
[ 2023-01-07 01:15:29,515 ] 85 root - INFO - Hypothesis ag_008: float64, float64 
[ 2023-01-07 01:15:29,524 ] 85 root - INFO - Hypothesis ag_009: float64, float64 
[ 2023-01-07 01:15:29,530 ] 85 root - INFO - Hypothesis ah_000: float64, float64 
[ 2023-01-07 01:15:29,542 ] 85 root - INFO - Hypothesis ai_000: float64, float64 
[ 2023-01-07 01:15:29,578 ] 85 root - INFO - Hypothesis aj_000: float64, float64 
[ 2023-01-07 01:15:29,584 ] 85 root - INFO - Hypothesis ak_000: float64, float64 
[ 2023-01-07 01:15:29,621 ] 85 root - INFO - Hypothesis al_000: float64, float64 
[ 2023-01-07 01:15:29,628 ] 85 root - INFO - Hypothesis am_0: float64, float64 
[ 2023-01-07 01:15:29,635 ] 85 root - INFO - Hypothesis an_000: float64, float64 
[ 2023-01-07 01:15:29,646 ] 85 root - INFO - Hypothesis ao_000: float64, float64 
[ 2023-01-07 01:15:29,656 ] 85 root - INFO - Hypothesis ap_000: float64, float64 
[ 2023-01-07 01:15:29,667 ] 85 root - INFO - Hypothesis aq_000: float64, float64 
[ 2023-01-07 01:15:29,679 ] 85 root - INFO - Hypothesis ar_000: float64, float64 
[ 2023-01-07 01:15:29,716 ] 85 root - INFO - Hypothesis as_000: float64, float64 
[ 2023-01-07 01:15:29,752 ] 85 root - INFO - Hypothesis at_000: float64, float64 
[ 2023-01-07 01:15:29,788 ] 85 root - INFO - Hypothesis au_000: float64, float64 
[ 2023-01-07 01:15:29,824 ] 85 root - INFO - Hypothesis av_000: float64, float64 
[ 2023-01-07 01:15:29,833 ] 85 root - INFO - Hypothesis ax_000: float64, float64 
[ 2023-01-07 01:15:29,841 ] 85 root - INFO - Hypothesis ay_000: float64, float64 
[ 2023-01-07 01:15:29,876 ] 85 root - INFO - Hypothesis ay_001: float64, float64 
[ 2023-01-07 01:15:29,911 ] 85 root - INFO - Hypothesis ay_002: float64, float64 
[ 2023-01-07 01:15:29,947 ] 85 root - INFO - Hypothesis ay_003: float64, float64 
[ 2023-01-07 01:15:29,982 ] 85 root - INFO - Hypothesis ay_004: float64, float64 
[ 2023-01-07 01:15:30,021 ] 85 root - INFO - Hypothesis ay_005: float64, float64 
[ 2023-01-07 01:15:30,063 ] 85 root - INFO - Hypothesis ay_006: float64, float64 
[ 2023-01-07 01:15:30,073 ] 85 root - INFO - Hypothesis ay_007: float64, float64 
[ 2023-01-07 01:15:30,083 ] 85 root - INFO - Hypothesis ay_008: float64, float64 
[ 2023-01-07 01:15:30,093 ] 85 root - INFO - Hypothesis ay_009: float64, float64 
[ 2023-01-07 01:15:30,129 ] 85 root - INFO - Hypothesis az_000: float64, float64 
[ 2023-01-07 01:15:30,139 ] 85 root - INFO - Hypothesis az_001: float64, float64 
[ 2023-01-07 01:15:30,148 ] 85 root - INFO - Hypothesis az_002: float64, float64 
[ 2023-01-07 01:15:30,157 ] 85 root - INFO - Hypothesis az_003: float64, float64 
[ 2023-01-07 01:15:30,167 ] 85 root - INFO - Hypothesis az_004: float64, float64 
[ 2023-01-07 01:15:30,177 ] 85 root - INFO - Hypothesis az_005: float64, float64 
[ 2023-01-07 01:15:30,188 ] 85 root - INFO - Hypothesis az_006: float64, float64 
[ 2023-01-07 01:15:30,229 ] 85 root - INFO - Hypothesis az_007: float64, float64 
[ 2023-01-07 01:15:30,267 ] 85 root - INFO - Hypothesis az_008: float64, float64 
[ 2023-01-07 01:15:30,304 ] 85 root - INFO - Hypothesis az_009: float64, float64 
[ 2023-01-07 01:15:30,341 ] 85 root - INFO - Hypothesis ba_000: float64, float64 
[ 2023-01-07 01:15:30,352 ] 85 root - INFO - Hypothesis ba_001: float64, float64 
[ 2023-01-07 01:15:30,362 ] 85 root - INFO - Hypothesis ba_002: float64, float64 
[ 2023-01-07 01:15:30,373 ] 85 root - INFO - Hypothesis ba_003: float64, float64 
[ 2023-01-07 01:15:30,384 ] 85 root - INFO - Hypothesis ba_004: float64, float64 
[ 2023-01-07 01:15:30,397 ] 85 root - INFO - Hypothesis ba_005: float64, float64 
[ 2023-01-07 01:15:30,408 ] 85 root - INFO - Hypothesis ba_006: float64, float64 
[ 2023-01-07 01:15:30,418 ] 85 root - INFO - Hypothesis ba_007: float64, float64 
[ 2023-01-07 01:15:30,428 ] 85 root - INFO - Hypothesis ba_008: float64, float64 
[ 2023-01-07 01:15:30,468 ] 85 root - INFO - Hypothesis ba_009: float64, float64 
[ 2023-01-07 01:15:30,507 ] 85 root - INFO - Hypothesis bb_000: float64, float64 
[ 2023-01-07 01:15:30,517 ] 85 root - INFO - Hypothesis bc_000: float64, float64 
[ 2023-01-07 01:15:30,557 ] 85 root - INFO - Hypothesis bd_000: float64, float64 
[ 2023-01-07 01:15:30,565 ] 85 root - INFO - Hypothesis be_000: float64, float64 
[ 2023-01-07 01:15:30,574 ] 85 root - INFO - Hypothesis bf_000: float64, float64 
[ 2023-01-07 01:15:30,580 ] 85 root - INFO - Hypothesis bg_000: float64, float64 
[ 2023-01-07 01:15:30,591 ] 85 root - INFO - Hypothesis bh_000: float64, float64 
[ 2023-01-07 01:15:30,601 ] 85 root - INFO - Hypothesis bi_000: float64, float64 
[ 2023-01-07 01:15:30,612 ] 85 root - INFO - Hypothesis bj_000: float64, float64 
[ 2023-01-07 01:15:30,622 ] 85 root - INFO - Hypothesis bs_000: float64, float64 
[ 2023-01-07 01:15:30,633 ] 85 root - INFO - Hypothesis bt_000: float64, float64 
[ 2023-01-07 01:15:30,643 ] 85 root - INFO - Hypothesis bu_000: float64, float64 
[ 2023-01-07 01:15:30,654 ] 85 root - INFO - Hypothesis bv_000: float64, float64 
[ 2023-01-07 01:15:30,664 ] 85 root - INFO - Hypothesis bx_000: float64, float64 
[ 2023-01-07 01:15:30,674 ] 85 root - INFO - Hypothesis by_000: float64, float64 
[ 2023-01-07 01:15:30,684 ] 85 root - INFO - Hypothesis bz_000: float64, float64 
[ 2023-01-07 01:15:30,693 ] 85 root - INFO - Hypothesis ca_000: float64, float64 
[ 2023-01-07 01:15:30,704 ] 85 root - INFO - Hypothesis cb_000: float64, float64 
[ 2023-01-07 01:15:30,715 ] 85 root - INFO - Hypothesis cc_000: float64, float64 
[ 2023-01-07 01:15:30,726 ] 85 root - INFO - Hypothesis cd_000: float64, float64 
[ 2023-01-07 01:15:30,762 ] 85 root - INFO - Hypothesis ce_000: float64, float64 
[ 2023-01-07 01:15:30,772 ] 85 root - INFO - Hypothesis ci_000: float64, float64 
[ 2023-01-07 01:15:30,782 ] 85 root - INFO - Hypothesis cj_000: float64, float64 
[ 2023-01-07 01:15:30,820 ] 85 root - INFO - Hypothesis ck_000: float64, float64 
[ 2023-01-07 01:15:30,830 ] 85 root - INFO - Hypothesis cl_000: float64, float64 
[ 2023-01-07 01:15:30,836 ] 85 root - INFO - Hypothesis cm_000: float64, float64 
[ 2023-01-07 01:15:30,843 ] 85 root - INFO - Hypothesis cn_000: float64, float64 
[ 2023-01-07 01:15:30,879 ] 85 root - INFO - Hypothesis cn_001: float64, float64 
[ 2023-01-07 01:15:30,917 ] 85 root - INFO - Hypothesis cn_002: float64, float64 
[ 2023-01-07 01:15:30,925 ] 85 root - INFO - Hypothesis cn_003: float64, float64 
[ 2023-01-07 01:15:30,935 ] 85 root - INFO - Hypothesis cn_004: float64, float64 
[ 2023-01-07 01:15:30,945 ] 85 root - INFO - Hypothesis cn_005: float64, float64 
[ 2023-01-07 01:15:30,956 ] 85 root - INFO - Hypothesis cn_006: float64, float64 
[ 2023-01-07 01:15:30,966 ] 85 root - INFO - Hypothesis cn_007: float64, float64 
[ 2023-01-07 01:15:30,976 ] 85 root - INFO - Hypothesis cn_008: float64, float64 
[ 2023-01-07 01:15:30,985 ] 85 root - INFO - Hypothesis cn_009: float64, float64 
[ 2023-01-07 01:15:31,024 ] 85 root - INFO - Hypothesis cp_000: float64, float64 
[ 2023-01-07 01:15:31,064 ] 85 root - INFO - Hypothesis cq_000: float64, float64 
[ 2023-01-07 01:15:31,074 ] 85 root - INFO - Hypothesis cs_000: float64, float64 
[ 2023-01-07 01:15:31,084 ] 85 root - INFO - Hypothesis cs_001: float64, float64 
[ 2023-01-07 01:15:31,093 ] 85 root - INFO - Hypothesis cs_002: float64, float64 
[ 2023-01-07 01:15:31,102 ] 85 root - INFO - Hypothesis cs_003: float64, float64 
[ 2023-01-07 01:15:31,113 ] 85 root - INFO - Hypothesis cs_004: float64, float64 
[ 2023-01-07 01:15:31,123 ] 85 root - INFO - Hypothesis cs_005: float64, float64 
[ 2023-01-07 01:15:31,133 ] 85 root - INFO - Hypothesis cs_006: float64, float64 
[ 2023-01-07 01:15:31,144 ] 85 root - INFO - Hypothesis cs_007: float64, float64 
[ 2023-01-07 01:15:31,154 ] 85 root - INFO - Hypothesis cs_008: float64, float64 
[ 2023-01-07 01:15:31,193 ] 85 root - INFO - Hypothesis cs_009: float64, float64 
[ 2023-01-07 01:15:31,229 ] 85 root - INFO - Hypothesis dd_000: float64, float64 
[ 2023-01-07 01:15:31,238 ] 85 root - INFO - Hypothesis de_000: float64, float64 
[ 2023-01-07 01:15:31,247 ] 85 root - INFO - Hypothesis df_000: float64, float64 
[ 2023-01-07 01:15:31,284 ] 85 root - INFO - Hypothesis dg_000: float64, float64 
[ 2023-01-07 01:15:31,321 ] 85 root - INFO - Hypothesis dh_000: float64, float64 
[ 2023-01-07 01:15:31,326 ] 85 root - INFO - Hypothesis di_000: float64, float64 
[ 2023-01-07 01:15:31,366 ] 85 root - INFO - Hypothesis dj_000: float64, float64 
[ 2023-01-07 01:15:31,402 ] 85 root - INFO - Hypothesis dk_000: float64, float64 
[ 2023-01-07 01:15:31,438 ] 85 root - INFO - Hypothesis dl_000: float64, float64 
[ 2023-01-07 01:15:31,475 ] 85 root - INFO - Hypothesis dm_000: float64, float64 
[ 2023-01-07 01:15:31,512 ] 85 root - INFO - Hypothesis dn_000: float64, float64 
[ 2023-01-07 01:15:31,522 ] 85 root - INFO - Hypothesis do_000: float64, float64 
[ 2023-01-07 01:15:31,532 ] 85 root - INFO - Hypothesis dp_000: float64, float64 
[ 2023-01-07 01:15:31,541 ] 85 root - INFO - Hypothesis dq_000: float64, float64 
[ 2023-01-07 01:15:31,579 ] 85 root - INFO - Hypothesis dr_000: float64, float64 
[ 2023-01-07 01:15:31,618 ] 85 root - INFO - Hypothesis ds_000: float64, float64 
[ 2023-01-07 01:15:31,628 ] 85 root - INFO - Hypothesis dt_000: float64, float64 
[ 2023-01-07 01:15:31,638 ] 85 root - INFO - Hypothesis du_000: float64, float64 
[ 2023-01-07 01:15:31,648 ] 85 root - INFO - Hypothesis dv_000: float64, float64 
[ 2023-01-07 01:15:31,658 ] 85 root - INFO - Hypothesis dx_000: float64, float64 
[ 2023-01-07 01:15:31,698 ] 85 root - INFO - Hypothesis dy_000: float64, float64 
[ 2023-01-07 01:15:31,738 ] 85 root - INFO - Hypothesis dz_000: float64, float64 
[ 2023-01-07 01:15:31,775 ] 85 root - INFO - Hypothesis ea_000: float64, float64 
[ 2023-01-07 01:15:31,811 ] 85 root - INFO - Hypothesis eb_000: float64, float64 
[ 2023-01-07 01:15:31,820 ] 85 root - INFO - Hypothesis ec_00: float64, float64 
[ 2023-01-07 01:15:31,830 ] 85 root - INFO - Hypothesis ed_000: float64, float64 
[ 2023-01-07 01:15:31,839 ] 85 root - INFO - Hypothesis ee_000: float64, float64 
[ 2023-01-07 01:15:31,849 ] 85 root - INFO - Hypothesis ee_001: float64, float64 
[ 2023-01-07 01:15:31,859 ] 85 root - INFO - Hypothesis ee_002: float64, float64 
[ 2023-01-07 01:15:31,870 ] 85 root - INFO - Hypothesis ee_003: float64, float64 
[ 2023-01-07 01:15:31,880 ] 85 root - INFO - Hypothesis ee_004: float64, float64 
[ 2023-01-07 01:15:31,890 ] 85 root - INFO - Hypothesis ee_005: float64, float64 
[ 2023-01-07 01:15:31,900 ] 85 root - INFO - Hypothesis ee_006: float64, float64 
[ 2023-01-07 01:15:31,910 ] 85 root - INFO - Hypothesis ee_007: float64, float64 
[ 2023-01-07 01:15:31,920 ] 85 root - INFO - Hypothesis ee_008: float64, float64 
[ 2023-01-07 01:15:31,928 ] 85 root - INFO - Hypothesis ee_009: float64, float64 
[ 2023-01-07 01:15:31,936 ] 85 root - INFO - Hypothesis ef_000: float64, float64 
[ 2023-01-07 01:15:31,971 ] 85 root - INFO - Hypothesis eg_000: float64, float64 
[ 2023-01-07 01:15:32,008 ] 140 root - INFO - As all column are available in test df hence detecting data drift
[ 2023-01-07 01:15:32,009 ] 85 root - INFO - Hypothesis class: object, object 
[ 2023-01-07 01:15:32,088 ] 85 root - INFO - Hypothesis aa_000: float64, float64 
[ 2023-01-07 01:15:32,095 ] 85 root - INFO - Hypothesis ac_000: float64, float64 
[ 2023-01-07 01:15:32,100 ] 85 root - INFO - Hypothesis ae_000: float64, float64 
[ 2023-01-07 01:15:32,115 ] 85 root - INFO - Hypothesis af_000: float64, float64 
[ 2023-01-07 01:15:32,131 ] 85 root - INFO - Hypothesis ag_000: float64, float64 
[ 2023-01-07 01:15:32,146 ] 85 root - INFO - Hypothesis ag_001: float64, float64 
[ 2023-01-07 01:15:32,161 ] 85 root - INFO - Hypothesis ag_002: float64, float64 
[ 2023-01-07 01:15:32,164 ] 85 root - INFO - Hypothesis ag_003: float64, float64 
[ 2023-01-07 01:15:32,168 ] 85 root - INFO - Hypothesis ag_004: float64, float64 
[ 2023-01-07 01:15:32,175 ] 85 root - INFO - Hypothesis ag_005: float64, float64 
[ 2023-01-07 01:15:32,182 ] 85 root - INFO - Hypothesis ag_006: float64, float64 
[ 2023-01-07 01:15:32,189 ] 85 root - INFO - Hypothesis ag_007: float64, float64 
[ 2023-01-07 01:15:32,195 ] 85 root - INFO - Hypothesis ag_008: float64, float64 
[ 2023-01-07 01:15:32,201 ] 85 root - INFO - Hypothesis ag_009: float64, float64 
[ 2023-01-07 01:15:32,205 ] 85 root - INFO - Hypothesis ah_000: float64, float64 
[ 2023-01-07 01:15:32,212 ] 85 root - INFO - Hypothesis ai_000: float64, float64 
[ 2023-01-07 01:15:32,216 ] 85 root - INFO - Hypothesis aj_000: float64, float64 
[ 2023-01-07 01:15:32,219 ] 85 root - INFO - Hypothesis ak_000: float64, float64 
[ 2023-01-07 01:15:32,223 ] 85 root - INFO - Hypothesis al_000: float64, float64 
[ 2023-01-07 01:15:32,228 ] 85 root - INFO - Hypothesis am_0: float64, float64 
[ 2023-01-07 01:15:32,233 ] 85 root - INFO - Hypothesis an_000: float64, float64 
[ 2023-01-07 01:15:32,240 ] 85 root - INFO - Hypothesis ao_000: float64, float64 
[ 2023-01-07 01:15:32,247 ] 85 root - INFO - Hypothesis ap_000: float64, float64 
[ 2023-01-07 01:15:32,254 ] 85 root - INFO - Hypothesis aq_000: float64, float64 
[ 2023-01-07 01:15:32,261 ] 85 root - INFO - Hypothesis ar_000: float64, float64 
[ 2023-01-07 01:15:32,277 ] 85 root - INFO - Hypothesis as_000: float64, float64 
[ 2023-01-07 01:15:32,292 ] 85 root - INFO - Hypothesis at_000: float64, float64 
[ 2023-01-07 01:15:32,312 ] 85 root - INFO - Hypothesis au_000: float64, float64 
[ 2023-01-07 01:15:32,327 ] 85 root - INFO - Hypothesis av_000: float64, float64 
[ 2023-01-07 01:15:32,333 ] 85 root - INFO - Hypothesis ax_000: float64, float64 
[ 2023-01-07 01:15:32,339 ] 85 root - INFO - Hypothesis ay_000: float64, float64 
[ 2023-01-07 01:15:32,357 ] 85 root - INFO - Hypothesis ay_001: float64, float64 
[ 2023-01-07 01:15:32,372 ] 85 root - INFO - Hypothesis ay_002: float64, float64 
[ 2023-01-07 01:15:32,388 ] 85 root - INFO - Hypothesis ay_003: float64, float64 
[ 2023-01-07 01:15:32,403 ] 85 root - INFO - Hypothesis ay_004: float64, float64 
[ 2023-01-07 01:15:32,418 ] 85 root - INFO - Hypothesis ay_005: float64, float64 
[ 2023-01-07 01:15:32,423 ] 85 root - INFO - Hypothesis ay_006: float64, float64 
[ 2023-01-07 01:15:32,429 ] 85 root - INFO - Hypothesis ay_007: float64, float64 
[ 2023-01-07 01:15:32,436 ] 85 root - INFO - Hypothesis ay_008: float64, float64 
[ 2023-01-07 01:15:32,443 ] 85 root - INFO - Hypothesis ay_009: float64, float64 
[ 2023-01-07 01:15:32,458 ] 85 root - INFO - Hypothesis az_000: float64, float64 
[ 2023-01-07 01:15:32,465 ] 85 root - INFO - Hypothesis az_001: float64, float64 
[ 2023-01-07 01:15:32,471 ] 85 root - INFO - Hypothesis az_002: float64, float64 
[ 2023-01-07 01:15:32,477 ] 85 root - INFO - Hypothesis az_003: float64, float64 
[ 2023-01-07 01:15:32,484 ] 85 root - INFO - Hypothesis az_004: float64, float64 
[ 2023-01-07 01:15:32,491 ] 85 root - INFO - Hypothesis az_005: float64, float64 
[ 2023-01-07 01:15:32,498 ] 85 root - INFO - Hypothesis az_006: float64, float64 
[ 2023-01-07 01:15:32,504 ] 85 root - INFO - Hypothesis az_007: float64, float64 
[ 2023-01-07 01:15:32,508 ] 85 root - INFO - Hypothesis az_008: float64, float64 
[ 2023-01-07 01:15:32,524 ] 85 root - INFO - Hypothesis az_009: float64, float64 
[ 2023-01-07 01:15:32,539 ] 85 root - INFO - Hypothesis ba_000: float64, float64 
[ 2023-01-07 01:15:32,546 ] 85 root - INFO - Hypothesis ba_001: float64, float64 
[ 2023-01-07 01:15:32,553 ] 85 root - INFO - Hypothesis ba_002: float64, float64 
[ 2023-01-07 01:15:32,560 ] 85 root - INFO - Hypothesis ba_003: float64, float64 
[ 2023-01-07 01:15:32,567 ] 85 root - INFO - Hypothesis ba_004: float64, float64 
[ 2023-01-07 01:15:32,574 ] 85 root - INFO - Hypothesis ba_005: float64, float64 
[ 2023-01-07 01:15:32,581 ] 85 root - INFO - Hypothesis ba_006: float64, float64 
[ 2023-01-07 01:15:32,587 ] 85 root - INFO - Hypothesis ba_007: float64, float64 
[ 2023-01-07 01:15:32,594 ] 85 root - INFO - Hypothesis ba_008: float64, float64 
[ 2023-01-07 01:15:32,599 ] 85 root - INFO - Hypothesis ba_009: float64, float64 
[ 2023-01-07 01:15:32,604 ] 85 root - INFO - Hypothesis bb_000: float64, float64 
[ 2023-01-07 01:15:32,611 ] 85 root - INFO - Hypothesis bc_000: float64, float64 
[ 2023-01-07 01:15:32,616 ] 85 root - INFO - Hypothesis bd_000: float64, float64 
[ 2023-01-07 01:15:32,621 ] 85 root - INFO - Hypothesis be_000: float64, float64 
[ 2023-01-07 01:15:32,627 ] 85 root - INFO - Hypothesis bf_000: float64, float64 
[ 2023-01-07 01:15:32,632 ] 85 root - INFO - Hypothesis bg_000: float64, float64 
[ 2023-01-07 01:15:32,639 ] 85 root - INFO - Hypothesis bh_000: float64, float64 
[ 2023-01-07 01:15:32,645 ] 85 root - INFO - Hypothesis bi_000: float64, float64 
[ 2023-01-07 01:15:32,653 ] 85 root - INFO - Hypothesis bj_000: float64, float64 
[ 2023-01-07 01:15:32,660 ] 85 root - INFO - Hypothesis bs_000: float64, float64 
[ 2023-01-07 01:15:32,667 ] 85 root - INFO - Hypothesis bt_000: float64, float64 
[ 2023-01-07 01:15:32,674 ] 85 root - INFO - Hypothesis bu_000: float64, float64 
[ 2023-01-07 01:15:32,681 ] 85 root - INFO - Hypothesis bv_000: float64, float64 
[ 2023-01-07 01:15:32,688 ] 85 root - INFO - Hypothesis bx_000: float64, float64 
[ 2023-01-07 01:15:32,695 ] 85 root - INFO - Hypothesis by_000: float64, float64 
[ 2023-01-07 01:15:32,702 ] 85 root - INFO - Hypothesis bz_000: float64, float64 
[ 2023-01-07 01:15:32,708 ] 85 root - INFO - Hypothesis ca_000: float64, float64 
[ 2023-01-07 01:15:32,714 ] 85 root - INFO - Hypothesis cb_000: float64, float64 
[ 2023-01-07 01:15:32,722 ] 85 root - INFO - Hypothesis cc_000: float64, float64 
[ 2023-01-07 01:15:32,729 ] 85 root - INFO - Hypothesis cd_000: float64, float64 
[ 2023-01-07 01:15:32,744 ] 85 root - INFO - Hypothesis ce_000: float64, float64 
[ 2023-01-07 01:15:32,750 ] 85 root - INFO - Hypothesis ci_000: float64, float64 
[ 2023-01-07 01:15:32,757 ] 85 root - INFO - Hypothesis cj_000: float64, float64 
[ 2023-01-07 01:15:32,761 ] 85 root - INFO - Hypothesis ck_000: float64, float64 
[ 2023-01-07 01:15:32,768 ] 85 root - INFO - Hypothesis cl_000: float64, float64 
[ 2023-01-07 01:15:32,772 ] 85 root - INFO - Hypothesis cm_000: float64, float64 
[ 2023-01-07 01:15:32,777 ] 85 root - INFO - Hypothesis cn_000: float64, float64 
[ 2023-01-07 01:15:32,792 ] 85 root - INFO - Hypothesis cn_001: float64, float64 
[ 2023-01-07 01:15:32,796 ] 85 root - INFO - Hypothesis cn_002: float64, float64 
[ 2023-01-07 01:15:32,802 ] 85 root - INFO - Hypothesis cn_003: float64, float64 
[ 2023-01-07 01:15:32,809 ] 85 root - INFO - Hypothesis cn_004: float64, float64 
[ 2023-01-07 01:15:32,817 ] 85 root - INFO - Hypothesis cn_005: float64, float64 
[ 2023-01-07 01:15:32,824 ] 85 root - INFO - Hypothesis cn_006: float64, float64 
[ 2023-01-07 01:15:32,831 ] 85 root - INFO - Hypothesis cn_007: float64, float64 
[ 2023-01-07 01:15:32,837 ] 85 root - INFO - Hypothesis cn_008: float64, float64 
[ 2023-01-07 01:15:32,843 ] 85 root - INFO - Hypothesis cn_009: float64, float64 
[ 2023-01-07 01:15:32,849 ] 85 root - INFO - Hypothesis cp_000: float64, float64 
[ 2023-01-07 01:15:32,854 ] 85 root - INFO - Hypothesis cq_000: float64, float64 
[ 2023-01-07 01:15:32,861 ] 85 root - INFO - Hypothesis cs_000: float64, float64 
[ 2023-01-07 01:15:32,868 ] 85 root - INFO - Hypothesis cs_001: float64, float64 
[ 2023-01-07 01:15:32,874 ] 85 root - INFO - Hypothesis cs_002: float64, float64 
[ 2023-01-07 01:15:32,880 ] 85 root - INFO - Hypothesis cs_003: float64, float64 
[ 2023-01-07 01:15:32,888 ] 85 root - INFO - Hypothesis cs_004: float64, float64 
[ 2023-01-07 01:15:32,895 ] 85 root - INFO - Hypothesis cs_005: float64, float64 
[ 2023-01-07 01:15:32,902 ] 85 root - INFO - Hypothesis cs_006: float64, float64 
[ 2023-01-07 01:15:32,909 ] 85 root - INFO - Hypothesis cs_007: float64, float64 
[ 2023-01-07 01:15:32,916 ] 85 root - INFO - Hypothesis cs_008: float64, float64 
[ 2023-01-07 01:15:32,921 ] 85 root - INFO - Hypothesis cs_009: float64, float64 
[ 2023-01-07 01:15:32,937 ] 85 root - INFO - Hypothesis dd_000: float64, float64 
[ 2023-01-07 01:15:32,943 ] 85 root - INFO - Hypothesis de_000: float64, float64 
[ 2023-01-07 01:15:32,949 ] 85 root - INFO - Hypothesis df_000: float64, float64 
[ 2023-01-07 01:15:32,952 ] 85 root - INFO - Hypothesis dg_000: float64, float64 
[ 2023-01-07 01:15:32,955 ] 85 root - INFO - Hypothesis dh_000: float64, float64 
[ 2023-01-07 01:15:32,959 ] 85 root - INFO - Hypothesis di_000: float64, float64 
[ 2023-01-07 01:15:32,963 ] 85 root - INFO - Hypothesis dj_000: float64, float64 
[ 2023-01-07 01:15:32,979 ] 85 root - INFO - Hypothesis dk_000: float64, float64 
[ 2023-01-07 01:15:32,983 ] 85 root - INFO - Hypothesis dl_000: float64, float64 
[ 2023-01-07 01:15:32,998 ] 85 root - INFO - Hypothesis dm_000: float64, float64 
[ 2023-01-07 01:15:33,014 ] 85 root - INFO - Hypothesis dn_000: float64, float64 
[ 2023-01-07 01:15:33,021 ] 85 root - INFO - Hypothesis do_000: float64, float64 
[ 2023-01-07 01:15:33,027 ] 85 root - INFO - Hypothesis dp_000: float64, float64 
[ 2023-01-07 01:15:33,033 ] 85 root - INFO - Hypothesis dq_000: float64, float64 
[ 2023-01-07 01:15:33,037 ] 85 root - INFO - Hypothesis dr_000: float64, float64 
[ 2023-01-07 01:15:33,042 ] 85 root - INFO - Hypothesis ds_000: float64, float64 
[ 2023-01-07 01:15:33,048 ] 85 root - INFO - Hypothesis dt_000: float64, float64 
[ 2023-01-07 01:15:33,055 ] 85 root - INFO - Hypothesis du_000: float64, float64 
[ 2023-01-07 01:15:33,062 ] 85 root - INFO - Hypothesis dv_000: float64, float64 
[ 2023-01-07 01:15:33,068 ] 85 root - INFO - Hypothesis dx_000: float64, float64 
[ 2023-01-07 01:15:33,073 ] 85 root - INFO - Hypothesis dy_000: float64, float64 
[ 2023-01-07 01:15:33,078 ] 85 root - INFO - Hypothesis dz_000: float64, float64 
[ 2023-01-07 01:15:33,093 ] 85 root - INFO - Hypothesis ea_000: float64, float64 
[ 2023-01-07 01:15:33,108 ] 85 root - INFO - Hypothesis eb_000: float64, float64 
[ 2023-01-07 01:15:33,114 ] 85 root - INFO - Hypothesis ec_00: float64, float64 
[ 2023-01-07 01:15:33,121 ] 85 root - INFO - Hypothesis ed_000: float64, float64 
[ 2023-01-07 01:15:33,127 ] 85 root - INFO - Hypothesis ee_000: float64, float64 
[ 2023-01-07 01:15:33,134 ] 85 root - INFO - Hypothesis ee_001: float64, float64 
[ 2023-01-07 01:15:33,141 ] 85 root - INFO - Hypothesis ee_002: float64, float64 
[ 2023-01-07 01:15:33,148 ] 85 root - INFO - Hypothesis ee_003: float64, float64 
[ 2023-01-07 01:15:33,155 ] 85 root - INFO - Hypothesis ee_004: float64, float64 
[ 2023-01-07 01:15:33,162 ] 85 root - INFO - Hypothesis ee_005: float64, float64 
[ 2023-01-07 01:15:33,169 ] 85 root - INFO - Hypothesis ee_006: float64, float64 
[ 2023-01-07 01:15:33,175 ] 85 root - INFO - Hypothesis ee_007: float64, float64 
[ 2023-01-07 01:15:33,182 ] 85 root - INFO - Hypothesis ee_008: float64, float64 
[ 2023-01-07 01:15:33,188 ] 85 root - INFO - Hypothesis ee_009: float64, float64 
[ 2023-01-07 01:15:33,193 ] 85 root - INFO - Hypothesis ef_000: float64, float64 
[ 2023-01-07 01:15:33,208 ] 85 root - INFO - Hypothesis eg_000: float64, float64 
[ 2023-01-07 01:15:33,223 ] 144 root - INFO - Write reprt in yaml file
[ 2023-01-07 01:15:33,260 ] 148 root - INFO - Data validation artifact: DataValidationArtifact(report_file_path='/config/workspace/artifact/01072023__011509/data_validation/report.yaml')
