[ 2023-01-08 01:05:48,614 ] 15 root - INFO - >>>>>>>>>>>>>>>>>>>>>>>>>>>>>>>>>>>>>>>> Data Ingestion <<<<<<<<<<<<<<<<<<<<<<<<<<<<<<<<<<<<<<<<
[ 2023-01-08 01:05:48,614 ] 22 root - INFO - Exporting collection data as pandas dataframe
[ 2023-01-08 01:05:48,614 ] 21 root - INFO - Reading data from database: aps and collection: sensor
[ 2023-01-08 01:05:52,184 ] 23 root - INFO - Found columns: Index(['_id', 'class', 'aa_000', 'ab_000', 'ac_000', 'ad_000', 'ae_000',
       'af_000', 'ag_000', 'ag_001',
       ...
       'ee_002', 'ee_003', 'ee_004', 'ee_005', 'ee_006', 'ee_007', 'ee_008',
       'ee_009', 'ef_000', 'eg_000'],
      dtype='object', length=172)
[ 2023-01-08 01:05:52,184 ] 25 root - INFO - Dropping column: _id 
[ 2023-01-08 01:05:52,379 ] 27 root - INFO - Row and columns in df: (36188, 171)
[ 2023-01-08 01:05:52,379 ] 28 root - INFO - Save data in feature store
[ 2023-01-08 01:05:52,898 ] 34 root - INFO - Create feature store folder if not available
[ 2023-01-08 01:05:52,898 ] 38 root - INFO - Save df to feature store folder
[ 2023-01-08 01:05:55,272 ] 43 root - INFO - split dataset into train and test set
[ 2023-01-08 01:05:55,817 ] 47 root - INFO - create dataset directory folder if not available
[ 2023-01-08 01:05:55,818 ] 52 root - INFO - Save df to feature store folder
[ 2023-01-08 01:05:57,953 ] 64 root - INFO - Data ingestion artifact: DataIngestionArtifact(feature_store_file_path='/config/workspace/artifact/01082023__010548/data_ingestion/feature_store/sensor.csv', train_file_path='/config/workspace/artifact/01082023__010548/data_ingestion/dataset/train.csv', test_file_path='/config/workspace/artifact/01082023__010548/data_ingestion/dataset/test.csv')
[ 2023-01-08 01:05:58,399 ] 20 root - INFO - >>>>>>>>>>>>>>>>>>>>>>>>>>>>>>>>>>>>>>>>Data Validation <<<<<<<<<<<<<<<<<<<<<<<<<<<<<<<<<<<<<<<<
[ 2023-01-08 01:05:58,400 ] 107 root - INFO - Reading base dataframe
[ 2023-01-08 01:05:59,991 ] 109 root - INFO - Replace na value with NaN
[ 2023-01-08 01:06:01,287 ] 112 root - INFO - Drop null values column from base df
[ 2023-01-08 01:06:02,168 ] 42 root - INFO - selecting column name which contains null above to 0.2
[ 2023-01-08 01:06:02,168 ] 45 root - INFO - Columns to drop: ['ab_000', 'ad_000', 'bk_000', 'bl_000', 'bm_000', 'bn_000', 'bo_000', 'bp_000', 'bq_000', 'br_000', 'cf_000', 'cg_000', 'ch_000', 'co_000', 'cr_000', 'ct_000', 'cu_000', 'cv_000', 'cx_000', 'cy_000', 'cz_000', 'da_000', 'db_000', 'dc_000']
[ 2023-01-08 01:06:02,249 ] 115 root - INFO - Reading train dataframe
[ 2023-01-08 01:06:02,635 ] 117 root - INFO - Reading test dataframe
[ 2023-01-08 01:06:02,735 ] 120 root - INFO - Drop null values columns from train df
[ 2023-01-08 01:06:02,746 ] 42 root - INFO - selecting column name which contains null above to 0.2
[ 2023-01-08 01:06:02,746 ] 45 root - INFO - Columns to drop: ['ab_000', 'ad_000', 'bk_000', 'bl_000', 'bm_000', 'bn_000', 'bo_000', 'bp_000', 'bq_000', 'br_000', 'cf_000', 'cg_000', 'ch_000', 'co_000', 'cr_000', 'ct_000', 'cu_000', 'cv_000', 'cx_000', 'cy_000', 'cz_000', 'da_000', 'db_000', 'dc_000']
[ 2023-01-08 01:06:02,755 ] 122 root - INFO - Drop null values columns from test df
[ 2023-01-08 01:06:02,759 ] 42 root - INFO - selecting column name which contains null above to 0.2
[ 2023-01-08 01:06:02,759 ] 45 root - INFO - Columns to drop: ['ab_000', 'ad_000', 'bk_000', 'bl_000', 'bm_000', 'bn_000', 'bo_000', 'bp_000', 'bq_000', 'br_000', 'cf_000', 'cg_000', 'ch_000', 'co_000', 'cr_000', 'ct_000', 'cu_000', 'cv_000', 'cx_000', 'cy_000', 'cz_000', 'da_000', 'db_000', 'dc_000']
[ 2023-01-08 01:06:08,683 ] 130 root - INFO - Is all required columns present in train df
[ 2023-01-08 01:06:08,684 ] 132 root - INFO - Is all required columns present in test df
[ 2023-01-08 01:06:08,684 ] 136 root - INFO - As all column are available in train df hence detecting data drift
[ 2023-01-08 01:06:08,684 ] 85 root - INFO - Hypothesis class: object, object 
[ 2023-01-08 01:06:08,820 ] 85 root - INFO - Hypothesis aa_000: float64, float64 
[ 2023-01-08 01:06:08,830 ] 85 root - INFO - Hypothesis ac_000: float64, float64 
[ 2023-01-08 01:06:08,870 ] 85 root - INFO - Hypothesis ae_000: float64, float64 
[ 2023-01-08 01:06:08,906 ] 85 root - INFO - Hypothesis af_000: float64, float64 
[ 2023-01-08 01:06:08,941 ] 85 root - INFO - Hypothesis ag_000: float64, float64 
[ 2023-01-08 01:06:08,975 ] 85 root - INFO - Hypothesis ag_001: float64, float64 
[ 2023-01-08 01:06:09,010 ] 85 root - INFO - Hypothesis ag_002: float64, float64 
[ 2023-01-08 01:06:09,050 ] 85 root - INFO - Hypothesis ag_003: float64, float64 
[ 2023-01-08 01:06:09,056 ] 85 root - INFO - Hypothesis ag_004: float64, float64 
[ 2023-01-08 01:06:09,066 ] 85 root - INFO - Hypothesis ag_005: float64, float64 
[ 2023-01-08 01:06:09,077 ] 85 root - INFO - Hypothesis ag_006: float64, float64 
[ 2023-01-08 01:06:09,087 ] 85 root - INFO - Hypothesis ag_007: float64, float64 
[ 2023-01-08 01:06:09,096 ] 85 root - INFO - Hypothesis ag_008: float64, float64 
[ 2023-01-08 01:06:09,105 ] 85 root - INFO - Hypothesis ag_009: float64, float64 
[ 2023-01-08 01:06:09,112 ] 85 root - INFO - Hypothesis ah_000: float64, float64 
[ 2023-01-08 01:06:09,123 ] 85 root - INFO - Hypothesis ai_000: float64, float64 
[ 2023-01-08 01:06:09,159 ] 85 root - INFO - Hypothesis aj_000: float64, float64 
[ 2023-01-08 01:06:09,165 ] 85 root - INFO - Hypothesis ak_000: float64, float64 
[ 2023-01-08 01:06:09,201 ] 85 root - INFO - Hypothesis al_000: float64, float64 
[ 2023-01-08 01:06:09,209 ] 85 root - INFO - Hypothesis am_0: float64, float64 
[ 2023-01-08 01:06:09,216 ] 85 root - INFO - Hypothesis an_000: float64, float64 
[ 2023-01-08 01:06:09,226 ] 85 root - INFO - Hypothesis ao_000: float64, float64 
[ 2023-01-08 01:06:09,237 ] 85 root - INFO - Hypothesis ap_000: float64, float64 
[ 2023-01-08 01:06:09,247 ] 85 root - INFO - Hypothesis aq_000: float64, float64 
[ 2023-01-08 01:06:09,258 ] 85 root - INFO - Hypothesis ar_000: float64, float64 
[ 2023-01-08 01:06:09,293 ] 85 root - INFO - Hypothesis as_000: float64, float64 
[ 2023-01-08 01:06:09,327 ] 85 root - INFO - Hypothesis at_000: float64, float64 
[ 2023-01-08 01:06:09,363 ] 85 root - INFO - Hypothesis au_000: float64, float64 
[ 2023-01-08 01:06:09,398 ] 85 root - INFO - Hypothesis av_000: float64, float64 
[ 2023-01-08 01:06:09,406 ] 85 root - INFO - Hypothesis ax_000: float64, float64 
[ 2023-01-08 01:06:09,414 ] 85 root - INFO - Hypothesis ay_000: float64, float64 
[ 2023-01-08 01:06:09,449 ] 85 root - INFO - Hypothesis ay_001: float64, float64 
[ 2023-01-08 01:06:09,484 ] 85 root - INFO - Hypothesis ay_002: float64, float64 
[ 2023-01-08 01:06:09,519 ] 85 root - INFO - Hypothesis ay_003: float64, float64 
[ 2023-01-08 01:06:09,554 ] 85 root - INFO - Hypothesis ay_004: float64, float64 
[ 2023-01-08 01:06:09,589 ] 85 root - INFO - Hypothesis ay_005: float64, float64 
[ 2023-01-08 01:06:09,628 ] 85 root - INFO - Hypothesis ay_006: float64, float64 
[ 2023-01-08 01:06:09,637 ] 85 root - INFO - Hypothesis ay_007: float64, float64 
[ 2023-01-08 01:06:09,647 ] 85 root - INFO - Hypothesis ay_008: float64, float64 
[ 2023-01-08 01:06:09,657 ] 85 root - INFO - Hypothesis ay_009: float64, float64 
[ 2023-01-08 01:06:09,692 ] 85 root - INFO - Hypothesis az_000: float64, float64 
[ 2023-01-08 01:06:09,702 ] 85 root - INFO - Hypothesis az_001: float64, float64 
[ 2023-01-08 01:06:09,711 ] 85 root - INFO - Hypothesis az_002: float64, float64 
[ 2023-01-08 01:06:09,720 ] 85 root - INFO - Hypothesis az_003: float64, float64 
[ 2023-01-08 01:06:09,730 ] 85 root - INFO - Hypothesis az_004: float64, float64 
[ 2023-01-08 01:06:09,741 ] 85 root - INFO - Hypothesis az_005: float64, float64 
[ 2023-01-08 01:06:09,751 ] 85 root - INFO - Hypothesis az_006: float64, float64 
[ 2023-01-08 01:06:09,791 ] 85 root - INFO - Hypothesis az_007: float64, float64 
[ 2023-01-08 01:06:09,829 ] 85 root - INFO - Hypothesis az_008: float64, float64 
[ 2023-01-08 01:06:09,864 ] 85 root - INFO - Hypothesis az_009: float64, float64 
[ 2023-01-08 01:06:09,901 ] 85 root - INFO - Hypothesis ba_000: float64, float64 
[ 2023-01-08 01:06:09,911 ] 85 root - INFO - Hypothesis ba_001: float64, float64 
[ 2023-01-08 01:06:09,922 ] 85 root - INFO - Hypothesis ba_002: float64, float64 
[ 2023-01-08 01:06:09,932 ] 85 root - INFO - Hypothesis ba_003: float64, float64 
[ 2023-01-08 01:06:09,943 ] 85 root - INFO - Hypothesis ba_004: float64, float64 
[ 2023-01-08 01:06:09,953 ] 85 root - INFO - Hypothesis ba_005: float64, float64 
[ 2023-01-08 01:06:09,963 ] 85 root - INFO - Hypothesis ba_006: float64, float64 
[ 2023-01-08 01:06:09,973 ] 85 root - INFO - Hypothesis ba_007: float64, float64 
[ 2023-01-08 01:06:09,982 ] 85 root - INFO - Hypothesis ba_008: float64, float64 
[ 2023-01-08 01:06:10,022 ] 85 root - INFO - Hypothesis ba_009: float64, float64 
[ 2023-01-08 01:06:10,059 ] 85 root - INFO - Hypothesis bb_000: float64, float64 
[ 2023-01-08 01:06:10,069 ] 85 root - INFO - Hypothesis bc_000: float64, float64 
[ 2023-01-08 01:06:10,108 ] 85 root - INFO - Hypothesis bd_000: float64, float64 
[ 2023-01-08 01:06:10,116 ] 85 root - INFO - Hypothesis be_000: float64, float64 
[ 2023-01-08 01:06:10,125 ] 85 root - INFO - Hypothesis bf_000: float64, float64 
[ 2023-01-08 01:06:10,131 ] 85 root - INFO - Hypothesis bg_000: float64, float64 
[ 2023-01-08 01:06:10,142 ] 85 root - INFO - Hypothesis bh_000: float64, float64 
[ 2023-01-08 01:06:10,152 ] 85 root - INFO - Hypothesis bi_000: float64, float64 
[ 2023-01-08 01:06:10,163 ] 85 root - INFO - Hypothesis bj_000: float64, float64 
[ 2023-01-08 01:06:10,174 ] 85 root - INFO - Hypothesis bs_000: float64, float64 
[ 2023-01-08 01:06:10,184 ] 85 root - INFO - Hypothesis bt_000: float64, float64 
[ 2023-01-08 01:06:10,194 ] 85 root - INFO - Hypothesis bu_000: float64, float64 
[ 2023-01-08 01:06:10,205 ] 85 root - INFO - Hypothesis bv_000: float64, float64 
[ 2023-01-08 01:06:10,215 ] 85 root - INFO - Hypothesis bx_000: float64, float64 
[ 2023-01-08 01:06:10,226 ] 85 root - INFO - Hypothesis by_000: float64, float64 
[ 2023-01-08 01:06:10,236 ] 85 root - INFO - Hypothesis bz_000: float64, float64 
[ 2023-01-08 01:06:10,245 ] 85 root - INFO - Hypothesis ca_000: float64, float64 
[ 2023-01-08 01:06:10,256 ] 85 root - INFO - Hypothesis cb_000: float64, float64 
[ 2023-01-08 01:06:10,267 ] 85 root - INFO - Hypothesis cc_000: float64, float64 
[ 2023-01-08 01:06:10,278 ] 85 root - INFO - Hypothesis cd_000: float64, float64 
[ 2023-01-08 01:06:10,314 ] 85 root - INFO - Hypothesis ce_000: float64, float64 
[ 2023-01-08 01:06:10,324 ] 85 root - INFO - Hypothesis ci_000: float64, float64 
[ 2023-01-08 01:06:10,335 ] 85 root - INFO - Hypothesis cj_000: float64, float64 
[ 2023-01-08 01:06:10,371 ] 85 root - INFO - Hypothesis ck_000: float64, float64 
[ 2023-01-08 01:06:10,382 ] 85 root - INFO - Hypothesis cl_000: float64, float64 
[ 2023-01-08 01:06:10,388 ] 85 root - INFO - Hypothesis cm_000: float64, float64 
[ 2023-01-08 01:06:10,395 ] 85 root - INFO - Hypothesis cn_000: float64, float64 
[ 2023-01-08 01:06:10,430 ] 85 root - INFO - Hypothesis cn_001: float64, float64 
[ 2023-01-08 01:06:10,466 ] 85 root - INFO - Hypothesis cn_002: float64, float64 
[ 2023-01-08 01:06:10,474 ] 85 root - INFO - Hypothesis cn_003: float64, float64 
[ 2023-01-08 01:06:10,484 ] 85 root - INFO - Hypothesis cn_004: float64, float64 
[ 2023-01-08 01:06:10,494 ] 85 root - INFO - Hypothesis cn_005: float64, float64 
[ 2023-01-08 01:06:10,505 ] 85 root - INFO - Hypothesis cn_006: float64, float64 
[ 2023-01-08 01:06:10,515 ] 85 root - INFO - Hypothesis cn_007: float64, float64 
[ 2023-01-08 01:06:10,524 ] 85 root - INFO - Hypothesis cn_008: float64, float64 
[ 2023-01-08 01:06:10,533 ] 85 root - INFO - Hypothesis cn_009: float64, float64 
[ 2023-01-08 01:06:10,571 ] 85 root - INFO - Hypothesis cp_000: float64, float64 
[ 2023-01-08 01:06:10,610 ] 85 root - INFO - Hypothesis cq_000: float64, float64 
[ 2023-01-08 01:06:10,621 ] 85 root - INFO - Hypothesis cs_000: float64, float64 
[ 2023-01-08 01:06:10,631 ] 85 root - INFO - Hypothesis cs_001: float64, float64 
[ 2023-01-08 01:06:10,639 ] 85 root - INFO - Hypothesis cs_002: float64, float64 
[ 2023-01-08 01:06:10,649 ] 85 root - INFO - Hypothesis cs_003: float64, float64 
[ 2023-01-08 01:06:10,659 ] 85 root - INFO - Hypothesis cs_004: float64, float64 
[ 2023-01-08 01:06:10,670 ] 85 root - INFO - Hypothesis cs_005: float64, float64 
[ 2023-01-08 01:06:10,680 ] 85 root - INFO - Hypothesis cs_006: float64, float64 
[ 2023-01-08 01:06:10,690 ] 85 root - INFO - Hypothesis cs_007: float64, float64 
[ 2023-01-08 01:06:10,701 ] 85 root - INFO - Hypothesis cs_008: float64, float64 
[ 2023-01-08 01:06:10,739 ] 85 root - INFO - Hypothesis cs_009: float64, float64 
[ 2023-01-08 01:06:10,774 ] 85 root - INFO - Hypothesis dd_000: float64, float64 
[ 2023-01-08 01:06:10,784 ] 85 root - INFO - Hypothesis de_000: float64, float64 
[ 2023-01-08 01:06:10,792 ] 85 root - INFO - Hypothesis df_000: float64, float64 
[ 2023-01-08 01:06:10,829 ] 85 root - INFO - Hypothesis dg_000: float64, float64 
[ 2023-01-08 01:06:10,866 ] 85 root - INFO - Hypothesis dh_000: float64, float64 
[ 2023-01-08 01:06:10,872 ] 85 root - INFO - Hypothesis di_000: float64, float64 
[ 2023-01-08 01:06:10,910 ] 85 root - INFO - Hypothesis dj_000: float64, float64 
[ 2023-01-08 01:06:10,945 ] 85 root - INFO - Hypothesis dk_000: float64, float64 
[ 2023-01-08 01:06:10,981 ] 85 root - INFO - Hypothesis dl_000: float64, float64 
[ 2023-01-08 01:06:11,016 ] 85 root - INFO - Hypothesis dm_000: float64, float64 
[ 2023-01-08 01:06:11,051 ] 85 root - INFO - Hypothesis dn_000: float64, float64 
[ 2023-01-08 01:06:11,062 ] 85 root - INFO - Hypothesis do_000: float64, float64 
[ 2023-01-08 01:06:11,071 ] 85 root - INFO - Hypothesis dp_000: float64, float64 
[ 2023-01-08 01:06:11,080 ] 85 root - INFO - Hypothesis dq_000: float64, float64 
[ 2023-01-08 01:06:11,118 ] 85 root - INFO - Hypothesis dr_000: float64, float64 
[ 2023-01-08 01:06:11,155 ] 85 root - INFO - Hypothesis ds_000: float64, float64 
[ 2023-01-08 01:06:11,165 ] 85 root - INFO - Hypothesis dt_000: float64, float64 
[ 2023-01-08 01:06:11,175 ] 85 root - INFO - Hypothesis du_000: float64, float64 
[ 2023-01-08 01:06:11,185 ] 85 root - INFO - Hypothesis dv_000: float64, float64 
[ 2023-01-08 01:06:11,195 ] 85 root - INFO - Hypothesis dx_000: float64, float64 
[ 2023-01-08 01:06:11,233 ] 85 root - INFO - Hypothesis dy_000: float64, float64 
[ 2023-01-08 01:06:11,274 ] 85 root - INFO - Hypothesis dz_000: float64, float64 
[ 2023-01-08 01:06:11,309 ] 85 root - INFO - Hypothesis ea_000: float64, float64 
[ 2023-01-08 01:06:11,345 ] 85 root - INFO - Hypothesis eb_000: float64, float64 
[ 2023-01-08 01:06:11,353 ] 85 root - INFO - Hypothesis ec_00: float64, float64 
[ 2023-01-08 01:06:11,363 ] 85 root - INFO - Hypothesis ed_000: float64, float64 
[ 2023-01-08 01:06:11,372 ] 85 root - INFO - Hypothesis ee_000: float64, float64 
[ 2023-01-08 01:06:11,382 ] 85 root - INFO - Hypothesis ee_001: float64, float64 
[ 2023-01-08 01:06:11,393 ] 85 root - INFO - Hypothesis ee_002: float64, float64 
[ 2023-01-08 01:06:11,403 ] 85 root - INFO - Hypothesis ee_003: float64, float64 
[ 2023-01-08 01:06:11,413 ] 85 root - INFO - Hypothesis ee_004: float64, float64 
[ 2023-01-08 01:06:11,423 ] 85 root - INFO - Hypothesis ee_005: float64, float64 
[ 2023-01-08 01:06:11,433 ] 85 root - INFO - Hypothesis ee_006: float64, float64 
[ 2023-01-08 01:06:11,443 ] 85 root - INFO - Hypothesis ee_007: float64, float64 
[ 2023-01-08 01:06:11,452 ] 85 root - INFO - Hypothesis ee_008: float64, float64 
[ 2023-01-08 01:06:11,461 ] 85 root - INFO - Hypothesis ee_009: float64, float64 
[ 2023-01-08 01:06:11,469 ] 85 root - INFO - Hypothesis ef_000: float64, float64 
[ 2023-01-08 01:06:11,504 ] 85 root - INFO - Hypothesis eg_000: float64, float64 
[ 2023-01-08 01:06:11,539 ] 140 root - INFO - As all column are available in test df hence detecting data drift
[ 2023-01-08 01:06:11,539 ] 85 root - INFO - Hypothesis class: object, object 
[ 2023-01-08 01:06:11,614 ] 85 root - INFO - Hypothesis aa_000: float64, float64 
[ 2023-01-08 01:06:11,621 ] 85 root - INFO - Hypothesis ac_000: float64, float64 
[ 2023-01-08 01:06:11,626 ] 85 root - INFO - Hypothesis ae_000: float64, float64 
[ 2023-01-08 01:06:11,641 ] 85 root - INFO - Hypothesis af_000: float64, float64 
[ 2023-01-08 01:06:11,656 ] 85 root - INFO - Hypothesis ag_000: float64, float64 
[ 2023-01-08 01:06:11,671 ] 85 root - INFO - Hypothesis ag_001: float64, float64 
[ 2023-01-08 01:06:11,685 ] 85 root - INFO - Hypothesis ag_002: float64, float64 
[ 2023-01-08 01:06:11,688 ] 85 root - INFO - Hypothesis ag_003: float64, float64 
[ 2023-01-08 01:06:11,692 ] 85 root - INFO - Hypothesis ag_004: float64, float64 
[ 2023-01-08 01:06:11,699 ] 85 root - INFO - Hypothesis ag_005: float64, float64 
[ 2023-01-08 01:06:11,706 ] 85 root - INFO - Hypothesis ag_006: float64, float64 
[ 2023-01-08 01:06:11,713 ] 85 root - INFO - Hypothesis ag_007: float64, float64 
[ 2023-01-08 01:06:11,719 ] 85 root - INFO - Hypothesis ag_008: float64, float64 
[ 2023-01-08 01:06:11,725 ] 85 root - INFO - Hypothesis ag_009: float64, float64 
[ 2023-01-08 01:06:11,729 ] 85 root - INFO - Hypothesis ah_000: float64, float64 
[ 2023-01-08 01:06:11,736 ] 85 root - INFO - Hypothesis ai_000: float64, float64 
[ 2023-01-08 01:06:11,739 ] 85 root - INFO - Hypothesis aj_000: float64, float64 
[ 2023-01-08 01:06:11,743 ] 85 root - INFO - Hypothesis ak_000: float64, float64 
[ 2023-01-08 01:06:11,746 ] 85 root - INFO - Hypothesis al_000: float64, float64 
[ 2023-01-08 01:06:11,751 ] 85 root - INFO - Hypothesis am_0: float64, float64 
[ 2023-01-08 01:06:11,756 ] 85 root - INFO - Hypothesis an_000: float64, float64 
[ 2023-01-08 01:06:11,763 ] 85 root - INFO - Hypothesis ao_000: float64, float64 
[ 2023-01-08 01:06:11,770 ] 85 root - INFO - Hypothesis ap_000: float64, float64 
[ 2023-01-08 01:06:11,777 ] 85 root - INFO - Hypothesis aq_000: float64, float64 
[ 2023-01-08 01:06:11,784 ] 85 root - INFO - Hypothesis ar_000: float64, float64 
[ 2023-01-08 01:06:11,799 ] 85 root - INFO - Hypothesis as_000: float64, float64 
[ 2023-01-08 01:06:11,813 ] 85 root - INFO - Hypothesis at_000: float64, float64 
[ 2023-01-08 01:06:11,829 ] 85 root - INFO - Hypothesis au_000: float64, float64 
[ 2023-01-08 01:06:11,843 ] 85 root - INFO - Hypothesis av_000: float64, float64 
[ 2023-01-08 01:06:11,849 ] 85 root - INFO - Hypothesis ax_000: float64, float64 
[ 2023-01-08 01:06:11,854 ] 85 root - INFO - Hypothesis ay_000: float64, float64 
[ 2023-01-08 01:06:11,869 ] 85 root - INFO - Hypothesis ay_001: float64, float64 
[ 2023-01-08 01:06:11,883 ] 85 root - INFO - Hypothesis ay_002: float64, float64 
[ 2023-01-08 01:06:11,898 ] 85 root - INFO - Hypothesis ay_003: float64, float64 
[ 2023-01-08 01:06:11,913 ] 85 root - INFO - Hypothesis ay_004: float64, float64 
[ 2023-01-08 01:06:11,928 ] 85 root - INFO - Hypothesis ay_005: float64, float64 
[ 2023-01-08 01:06:11,933 ] 85 root - INFO - Hypothesis ay_006: float64, float64 
[ 2023-01-08 01:06:11,939 ] 85 root - INFO - Hypothesis ay_007: float64, float64 
[ 2023-01-08 01:06:11,946 ] 85 root - INFO - Hypothesis ay_008: float64, float64 
[ 2023-01-08 01:06:11,952 ] 85 root - INFO - Hypothesis ay_009: float64, float64 
[ 2023-01-08 01:06:11,967 ] 85 root - INFO - Hypothesis az_000: float64, float64 
[ 2023-01-08 01:06:11,974 ] 85 root - INFO - Hypothesis az_001: float64, float64 
[ 2023-01-08 01:06:11,980 ] 85 root - INFO - Hypothesis az_002: float64, float64 
[ 2023-01-08 01:06:11,986 ] 85 root - INFO - Hypothesis az_003: float64, float64 
[ 2023-01-08 01:06:11,993 ] 85 root - INFO - Hypothesis az_004: float64, float64 
[ 2023-01-08 01:06:11,999 ] 85 root - INFO - Hypothesis az_005: float64, float64 
[ 2023-01-08 01:06:12,007 ] 85 root - INFO - Hypothesis az_006: float64, float64 
[ 2023-01-08 01:06:12,013 ] 85 root - INFO - Hypothesis az_007: float64, float64 
[ 2023-01-08 01:06:12,017 ] 85 root - INFO - Hypothesis az_008: float64, float64 
[ 2023-01-08 01:06:12,032 ] 85 root - INFO - Hypothesis az_009: float64, float64 
[ 2023-01-08 01:06:12,046 ] 85 root - INFO - Hypothesis ba_000: float64, float64 
[ 2023-01-08 01:06:12,053 ] 85 root - INFO - Hypothesis ba_001: float64, float64 
[ 2023-01-08 01:06:12,060 ] 85 root - INFO - Hypothesis ba_002: float64, float64 
[ 2023-01-08 01:06:12,067 ] 85 root - INFO - Hypothesis ba_003: float64, float64 
[ 2023-01-08 01:06:12,074 ] 85 root - INFO - Hypothesis ba_004: float64, float64 
[ 2023-01-08 01:06:12,081 ] 85 root - INFO - Hypothesis ba_005: float64, float64 
[ 2023-01-08 01:06:12,087 ] 85 root - INFO - Hypothesis ba_006: float64, float64 
[ 2023-01-08 01:06:12,094 ] 85 root - INFO - Hypothesis ba_007: float64, float64 
[ 2023-01-08 01:06:12,100 ] 85 root - INFO - Hypothesis ba_008: float64, float64 
[ 2023-01-08 01:06:12,105 ] 85 root - INFO - Hypothesis ba_009: float64, float64 
[ 2023-01-08 01:06:12,110 ] 85 root - INFO - Hypothesis bb_000: float64, float64 
[ 2023-01-08 01:06:12,117 ] 85 root - INFO - Hypothesis bc_000: float64, float64 
[ 2023-01-08 01:06:12,122 ] 85 root - INFO - Hypothesis bd_000: float64, float64 
[ 2023-01-08 01:06:12,127 ] 85 root - INFO - Hypothesis be_000: float64, float64 
[ 2023-01-08 01:06:12,133 ] 85 root - INFO - Hypothesis bf_000: float64, float64 
[ 2023-01-08 01:06:12,137 ] 85 root - INFO - Hypothesis bg_000: float64, float64 
[ 2023-01-08 01:06:12,144 ] 85 root - INFO - Hypothesis bh_000: float64, float64 
[ 2023-01-08 01:06:12,151 ] 85 root - INFO - Hypothesis bi_000: float64, float64 
[ 2023-01-08 01:06:12,158 ] 85 root - INFO - Hypothesis bj_000: float64, float64 
[ 2023-01-08 01:06:12,165 ] 85 root - INFO - Hypothesis bs_000: float64, float64 
[ 2023-01-08 01:06:12,172 ] 85 root - INFO - Hypothesis bt_000: float64, float64 
[ 2023-01-08 01:06:12,179 ] 85 root - INFO - Hypothesis bu_000: float64, float64 
[ 2023-01-08 01:06:12,186 ] 85 root - INFO - Hypothesis bv_000: float64, float64 
[ 2023-01-08 01:06:12,193 ] 85 root - INFO - Hypothesis bx_000: float64, float64 
[ 2023-01-08 01:06:12,199 ] 85 root - INFO - Hypothesis by_000: float64, float64 
[ 2023-01-08 01:06:12,206 ] 85 root - INFO - Hypothesis bz_000: float64, float64 
[ 2023-01-08 01:06:12,212 ] 85 root - INFO - Hypothesis ca_000: float64, float64 
[ 2023-01-08 01:06:12,219 ] 85 root - INFO - Hypothesis cb_000: float64, float64 
[ 2023-01-08 01:06:12,226 ] 85 root - INFO - Hypothesis cc_000: float64, float64 
[ 2023-01-08 01:06:12,233 ] 85 root - INFO - Hypothesis cd_000: float64, float64 
[ 2023-01-08 01:06:12,247 ] 85 root - INFO - Hypothesis ce_000: float64, float64 
[ 2023-01-08 01:06:12,254 ] 85 root - INFO - Hypothesis ci_000: float64, float64 
[ 2023-01-08 01:06:12,261 ] 85 root - INFO - Hypothesis cj_000: float64, float64 
[ 2023-01-08 01:06:12,264 ] 85 root - INFO - Hypothesis ck_000: float64, float64 
[ 2023-01-08 01:06:12,271 ] 85 root - INFO - Hypothesis cl_000: float64, float64 
[ 2023-01-08 01:06:12,275 ] 85 root - INFO - Hypothesis cm_000: float64, float64 
[ 2023-01-08 01:06:12,280 ] 85 root - INFO - Hypothesis cn_000: float64, float64 
[ 2023-01-08 01:06:12,295 ] 85 root - INFO - Hypothesis cn_001: float64, float64 
[ 2023-01-08 01:06:12,299 ] 85 root - INFO - Hypothesis cn_002: float64, float64 
[ 2023-01-08 01:06:12,304 ] 85 root - INFO - Hypothesis cn_003: float64, float64 
[ 2023-01-08 01:06:12,311 ] 85 root - INFO - Hypothesis cn_004: float64, float64 
[ 2023-01-08 01:06:12,318 ] 85 root - INFO - Hypothesis cn_005: float64, float64 
[ 2023-01-08 01:06:12,325 ] 85 root - INFO - Hypothesis cn_006: float64, float64 
[ 2023-01-08 01:06:12,332 ] 85 root - INFO - Hypothesis cn_007: float64, float64 
[ 2023-01-08 01:06:12,338 ] 85 root - INFO - Hypothesis cn_008: float64, float64 
[ 2023-01-08 01:06:12,345 ] 85 root - INFO - Hypothesis cn_009: float64, float64 
[ 2023-01-08 01:06:12,350 ] 85 root - INFO - Hypothesis cp_000: float64, float64 
[ 2023-01-08 01:06:12,355 ] 85 root - INFO - Hypothesis cq_000: float64, float64 
[ 2023-01-08 01:06:12,362 ] 85 root - INFO - Hypothesis cs_000: float64, float64 
[ 2023-01-08 01:06:12,369 ] 85 root - INFO - Hypothesis cs_001: float64, float64 
[ 2023-01-08 01:06:12,375 ] 85 root - INFO - Hypothesis cs_002: float64, float64 
[ 2023-01-08 01:06:12,381 ] 85 root - INFO - Hypothesis cs_003: float64, float64 
[ 2023-01-08 01:06:12,388 ] 85 root - INFO - Hypothesis cs_004: float64, float64 
[ 2023-01-08 01:06:12,395 ] 85 root - INFO - Hypothesis cs_005: float64, float64 
[ 2023-01-08 01:06:12,402 ] 85 root - INFO - Hypothesis cs_006: float64, float64 
[ 2023-01-08 01:06:12,409 ] 85 root - INFO - Hypothesis cs_007: float64, float64 
[ 2023-01-08 01:06:12,416 ] 85 root - INFO - Hypothesis cs_008: float64, float64 
[ 2023-01-08 01:06:12,421 ] 85 root - INFO - Hypothesis cs_009: float64, float64 
[ 2023-01-08 01:06:12,435 ] 85 root - INFO - Hypothesis dd_000: float64, float64 
[ 2023-01-08 01:06:12,442 ] 85 root - INFO - Hypothesis de_000: float64, float64 
[ 2023-01-08 01:06:12,447 ] 85 root - INFO - Hypothesis df_000: float64, float64 
[ 2023-01-08 01:06:12,450 ] 85 root - INFO - Hypothesis dg_000: float64, float64 
[ 2023-01-08 01:06:12,454 ] 85 root - INFO - Hypothesis dh_000: float64, float64 
[ 2023-01-08 01:06:12,457 ] 85 root - INFO - Hypothesis di_000: float64, float64 
[ 2023-01-08 01:06:12,461 ] 85 root - INFO - Hypothesis dj_000: float64, float64 
[ 2023-01-08 01:06:12,476 ] 85 root - INFO - Hypothesis dk_000: float64, float64 
[ 2023-01-08 01:06:12,479 ] 85 root - INFO - Hypothesis dl_000: float64, float64 
[ 2023-01-08 01:06:12,494 ] 85 root - INFO - Hypothesis dm_000: float64, float64 
[ 2023-01-08 01:06:12,509 ] 85 root - INFO - Hypothesis dn_000: float64, float64 
[ 2023-01-08 01:06:12,516 ] 85 root - INFO - Hypothesis do_000: float64, float64 
[ 2023-01-08 01:06:12,522 ] 85 root - INFO - Hypothesis dp_000: float64, float64 
[ 2023-01-08 01:06:12,528 ] 85 root - INFO - Hypothesis dq_000: float64, float64 
[ 2023-01-08 01:06:12,533 ] 85 root - INFO - Hypothesis dr_000: float64, float64 
[ 2023-01-08 01:06:12,537 ] 85 root - INFO - Hypothesis ds_000: float64, float64 
[ 2023-01-08 01:06:12,543 ] 85 root - INFO - Hypothesis dt_000: float64, float64 
[ 2023-01-08 01:06:12,550 ] 85 root - INFO - Hypothesis du_000: float64, float64 
[ 2023-01-08 01:06:12,557 ] 85 root - INFO - Hypothesis dv_000: float64, float64 
[ 2023-01-08 01:06:12,563 ] 85 root - INFO - Hypothesis dx_000: float64, float64 
[ 2023-01-08 01:06:12,568 ] 85 root - INFO - Hypothesis dy_000: float64, float64 
[ 2023-01-08 01:06:12,573 ] 85 root - INFO - Hypothesis dz_000: float64, float64 
[ 2023-01-08 01:06:12,588 ] 85 root - INFO - Hypothesis ea_000: float64, float64 
[ 2023-01-08 01:06:12,602 ] 85 root - INFO - Hypothesis eb_000: float64, float64 
[ 2023-01-08 01:06:12,608 ] 85 root - INFO - Hypothesis ec_00: float64, float64 
[ 2023-01-08 01:06:12,614 ] 85 root - INFO - Hypothesis ed_000: float64, float64 
[ 2023-01-08 01:06:12,620 ] 85 root - INFO - Hypothesis ee_000: float64, float64 
[ 2023-01-08 01:06:12,627 ] 85 root - INFO - Hypothesis ee_001: float64, float64 
[ 2023-01-08 01:06:12,634 ] 85 root - INFO - Hypothesis ee_002: float64, float64 
[ 2023-01-08 01:06:12,641 ] 85 root - INFO - Hypothesis ee_003: float64, float64 
[ 2023-01-08 01:06:12,648 ] 85 root - INFO - Hypothesis ee_004: float64, float64 
[ 2023-01-08 01:06:12,655 ] 85 root - INFO - Hypothesis ee_005: float64, float64 
[ 2023-01-08 01:06:12,661 ] 85 root - INFO - Hypothesis ee_006: float64, float64 
[ 2023-01-08 01:06:12,668 ] 85 root - INFO - Hypothesis ee_007: float64, float64 
[ 2023-01-08 01:06:12,674 ] 85 root - INFO - Hypothesis ee_008: float64, float64 
[ 2023-01-08 01:06:12,680 ] 85 root - INFO - Hypothesis ee_009: float64, float64 
[ 2023-01-08 01:06:12,685 ] 85 root - INFO - Hypothesis ef_000: float64, float64 
[ 2023-01-08 01:06:12,700 ] 85 root - INFO - Hypothesis eg_000: float64, float64 
[ 2023-01-08 01:06:12,715 ] 144 root - INFO - Write reprt in yaml file
[ 2023-01-08 01:06:12,751 ] 148 root - INFO - Data validation artifact: DataValidationArtifact(report_file_path='/config/workspace/artifact/01082023__010548/data_validation/report.yaml')
[ 2023-01-08 01:06:13,630 ] 71 root - INFO - Before resampling in training set Input: (28950, 170) Target:(28950,)
[ 2023-01-08 01:06:18,725 ] 73 root - INFO - After resampling in training set Input: (56152, 170) Target:(56152,)
[ 2023-01-08 01:06:18,725 ] 75 root - INFO - Before resampling in testing set Input: (7238, 170) Target:(7238,)
[ 2023-01-08 01:06:19,284 ] 77 root - INFO - After resampling in testing set Input: (14072, 170) Target:(14072,)
[ 2023-01-08 01:06:19,394 ] 54 root - INFO - Entered the save_object method of utils
[ 2023-01-08 01:06:19,396 ] 58 root - INFO - Exited the save_object method of utils
[ 2023-01-08 01:06:19,396 ] 54 root - INFO - Entered the save_object method of utils
[ 2023-01-08 01:06:19,397 ] 58 root - INFO - Exited the save_object method of utils
[ 2023-01-08 01:06:19,397 ] 108 root - INFO - Data transformation object DataTransformationArtifact(transform_object_path='/config/workspace/artifact/01082023__010548/data_transformation/transformer/transformer.pkl', transformed_train_path='/config/workspace/artifact/01082023__010548/data_transformation/transformed/train.npz', transformed_test_path='/config/workspace/artifact/01082023__010548/data_transformation/transformed/test.npz', target_encoder_path='/config/workspace/artifact/01082023__010548/data_transformation/target_encoder/target_encoder.pkl')
[ 2023-01-08 01:06:19,398 ] 16 root - INFO - >>>>>>>>>>>>>>>>>>>>>>>>>>>>>>>>>>>>>>>> Model Trainer <<<<<<<<<<<<<<<<<<<<<<<<<<<<<<<<<<<<<<<<
[ 2023-01-08 01:06:19,398 ] 45 root - INFO - Loading train and test array.
[ 2023-01-08 01:06:19,430 ] 49 root - INFO - Splitting input and target feature from both train and test arr.
[ 2023-01-08 01:06:19,430 ] 53 root - INFO - Train the model
[ 2023-01-08 01:06:27,173 ] 56 root - INFO - Calculating f1 train score
[ 2023-01-08 01:06:27,229 ] 60 root - INFO - Calculating f1 test score
[ 2023-01-08 01:06:27,248 ] 64 root - INFO - train score:0.9999821908781678 and tests score 0.9694011365292147
[ 2023-01-08 01:06:27,248 ] 66 root - INFO - Checking if our model is underfitting or not
[ 2023-01-08 01:06:27,248 ] 71 root - INFO - Checking if our model is overfiiting or not
[ 2023-01-08 01:06:27,248 ] 78 root - INFO - Saving mode object
[ 2023-01-08 01:06:27,248 ] 54 root - INFO - Entered the save_object method of utils
[ 2023-01-08 01:06:27,254 ] 58 root - INFO - Exited the save_object method of utils
[ 2023-01-08 01:06:27,255 ] 82 root - INFO - Prepare the artifact
[ 2023-01-08 01:06:27,255 ] 85 root - INFO - Model trainer artifact: ModelTrainerArtifact(model_path='/config/workspace/artifact/01082023__010548/model_trainer/model/model.pkl', f1_train_score=0.9999821908781678, f1_test_score=0.9694011365292147)
[ 2023-01-08 01:06:27,257 ] 19 root - INFO - >>>>>>>>>>>>>>>>>>>>>>>>>>>>>>>>>>>>>>>>  Model Evaluation <<<<<<<<<<<<<<<<<<<<<<<<<<<<<<<<<<<<<<<<
[ 2023-01-08 01:06:27,257 ] 35 root - INFO - if saved model folder has model the we will compare which model is best trained or the model from saved model folder
[ 2023-01-08 01:06:27,257 ] 46 root - INFO - Finding location of transformer model and target encoder
[ 2023-01-08 01:06:27,257 ] 51 root - INFO - Previous trained objects of transformer, model and target encoder
