[ 2023-01-08 01:00:28,761 ] 15 root - INFO - >>>>>>>>>>>>>>>>>>>>>>>>>>>>>>>>>>>>>>>> Data Ingestion <<<<<<<<<<<<<<<<<<<<<<<<<<<<<<<<<<<<<<<<
[ 2023-01-08 01:00:28,762 ] 22 root - INFO - Exporting collection data as pandas dataframe
[ 2023-01-08 01:00:28,762 ] 21 root - INFO - Reading data from database: aps and collection: sensor
[ 2023-01-08 01:00:32,274 ] 23 root - INFO - Found columns: Index(['_id', 'class', 'aa_000', 'ab_000', 'ac_000', 'ad_000', 'ae_000',
       'af_000', 'ag_000', 'ag_001',
       ...
       'ee_002', 'ee_003', 'ee_004', 'ee_005', 'ee_006', 'ee_007', 'ee_008',
       'ee_009', 'ef_000', 'eg_000'],
      dtype='object', length=172)
[ 2023-01-08 01:00:32,274 ] 25 root - INFO - Dropping column: _id 
[ 2023-01-08 01:00:32,469 ] 27 root - INFO - Row and columns in df: (36188, 171)
[ 2023-01-08 01:00:32,470 ] 28 root - INFO - Save data in feature store
[ 2023-01-08 01:00:32,996 ] 34 root - INFO - Create feature store folder if not available
[ 2023-01-08 01:00:32,996 ] 38 root - INFO - Save df to feature store folder
[ 2023-01-08 01:00:35,338 ] 43 root - INFO - split dataset into train and test set
[ 2023-01-08 01:00:35,858 ] 47 root - INFO - create dataset directory folder if not available
[ 2023-01-08 01:00:35,858 ] 52 root - INFO - Save df to feature store folder
[ 2023-01-08 01:00:37,963 ] 64 root - INFO - Data ingestion artifact: DataIngestionArtifact(feature_store_file_path='/config/workspace/artifact/01082023__010028/data_ingestion/feature_store/sensor.csv', train_file_path='/config/workspace/artifact/01082023__010028/data_ingestion/dataset/train.csv', test_file_path='/config/workspace/artifact/01082023__010028/data_ingestion/dataset/test.csv')
[ 2023-01-08 01:00:38,378 ] 20 root - INFO - >>>>>>>>>>>>>>>>>>>>>>>>>>>>>>>>>>>>>>>>Data Validation <<<<<<<<<<<<<<<<<<<<<<<<<<<<<<<<<<<<<<<<
[ 2023-01-08 01:00:38,378 ] 107 root - INFO - Reading base dataframe
[ 2023-01-08 01:00:39,954 ] 109 root - INFO - Replace na value with NaN
[ 2023-01-08 01:00:41,237 ] 112 root - INFO - Drop null values column from base df
[ 2023-01-08 01:00:42,127 ] 42 root - INFO - selecting column name which contains null above to 0.2
[ 2023-01-08 01:00:42,127 ] 45 root - INFO - Columns to drop: ['ab_000', 'ad_000', 'bk_000', 'bl_000', 'bm_000', 'bn_000', 'bo_000', 'bp_000', 'bq_000', 'br_000', 'cf_000', 'cg_000', 'ch_000', 'co_000', 'cr_000', 'ct_000', 'cu_000', 'cv_000', 'cx_000', 'cy_000', 'cz_000', 'da_000', 'db_000', 'dc_000']
[ 2023-01-08 01:00:42,208 ] 115 root - INFO - Reading train dataframe
[ 2023-01-08 01:00:42,592 ] 117 root - INFO - Reading test dataframe
[ 2023-01-08 01:00:42,695 ] 120 root - INFO - Drop null values columns from train df
[ 2023-01-08 01:00:42,707 ] 42 root - INFO - selecting column name which contains null above to 0.2
[ 2023-01-08 01:00:42,708 ] 45 root - INFO - Columns to drop: ['ab_000', 'ad_000', 'bk_000', 'bl_000', 'bm_000', 'bn_000', 'bo_000', 'bp_000', 'bq_000', 'br_000', 'cf_000', 'cg_000', 'ch_000', 'co_000', 'cr_000', 'ct_000', 'cu_000', 'cv_000', 'cx_000', 'cy_000', 'cz_000', 'da_000', 'db_000', 'dc_000']
[ 2023-01-08 01:00:42,716 ] 122 root - INFO - Drop null values columns from test df
[ 2023-01-08 01:00:42,720 ] 42 root - INFO - selecting column name which contains null above to 0.2
[ 2023-01-08 01:00:42,721 ] 45 root - INFO - Columns to drop: ['ab_000', 'ad_000', 'bk_000', 'bl_000', 'bm_000', 'bn_000', 'bo_000', 'bp_000', 'bq_000', 'br_000', 'cf_000', 'cg_000', 'ch_000', 'co_000', 'cr_000', 'ct_000', 'cu_000', 'cv_000', 'cx_000', 'cy_000', 'cz_000', 'da_000', 'db_000', 'dc_000']
[ 2023-01-08 01:00:48,694 ] 130 root - INFO - Is all required columns present in train df
[ 2023-01-08 01:00:48,694 ] 132 root - INFO - Is all required columns present in test df
[ 2023-01-08 01:00:48,694 ] 136 root - INFO - As all column are available in train df hence detecting data drift
[ 2023-01-08 01:00:48,694 ] 85 root - INFO - Hypothesis class: object, object 
[ 2023-01-08 01:00:48,831 ] 85 root - INFO - Hypothesis aa_000: float64, float64 
[ 2023-01-08 01:00:48,841 ] 85 root - INFO - Hypothesis ac_000: float64, float64 
[ 2023-01-08 01:00:48,881 ] 85 root - INFO - Hypothesis ae_000: float64, float64 
[ 2023-01-08 01:00:48,917 ] 85 root - INFO - Hypothesis af_000: float64, float64 
[ 2023-01-08 01:00:48,953 ] 85 root - INFO - Hypothesis ag_000: float64, float64 
[ 2023-01-08 01:00:48,989 ] 85 root - INFO - Hypothesis ag_001: float64, float64 
[ 2023-01-08 01:00:49,026 ] 85 root - INFO - Hypothesis ag_002: float64, float64 
[ 2023-01-08 01:00:49,063 ] 85 root - INFO - Hypothesis ag_003: float64, float64 
[ 2023-01-08 01:00:49,069 ] 85 root - INFO - Hypothesis ag_004: float64, float64 
[ 2023-01-08 01:00:49,079 ] 85 root - INFO - Hypothesis ag_005: float64, float64 
[ 2023-01-08 01:00:49,089 ] 85 root - INFO - Hypothesis ag_006: float64, float64 
[ 2023-01-08 01:00:49,100 ] 85 root - INFO - Hypothesis ag_007: float64, float64 
[ 2023-01-08 01:00:49,109 ] 85 root - INFO - Hypothesis ag_008: float64, float64 
[ 2023-01-08 01:00:49,118 ] 85 root - INFO - Hypothesis ag_009: float64, float64 
[ 2023-01-08 01:00:49,124 ] 85 root - INFO - Hypothesis ah_000: float64, float64 
[ 2023-01-08 01:00:49,135 ] 85 root - INFO - Hypothesis ai_000: float64, float64 
[ 2023-01-08 01:00:49,172 ] 85 root - INFO - Hypothesis aj_000: float64, float64 
[ 2023-01-08 01:00:49,178 ] 85 root - INFO - Hypothesis ak_000: float64, float64 
[ 2023-01-08 01:00:49,215 ] 85 root - INFO - Hypothesis al_000: float64, float64 
[ 2023-01-08 01:00:49,223 ] 85 root - INFO - Hypothesis am_0: float64, float64 
[ 2023-01-08 01:00:49,230 ] 85 root - INFO - Hypothesis an_000: float64, float64 
[ 2023-01-08 01:00:49,240 ] 85 root - INFO - Hypothesis ao_000: float64, float64 
[ 2023-01-08 01:00:49,251 ] 85 root - INFO - Hypothesis ap_000: float64, float64 
[ 2023-01-08 01:00:49,261 ] 85 root - INFO - Hypothesis aq_000: float64, float64 
[ 2023-01-08 01:00:49,272 ] 85 root - INFO - Hypothesis ar_000: float64, float64 
[ 2023-01-08 01:00:49,308 ] 85 root - INFO - Hypothesis as_000: float64, float64 
[ 2023-01-08 01:00:49,346 ] 85 root - INFO - Hypothesis at_000: float64, float64 
[ 2023-01-08 01:00:49,383 ] 85 root - INFO - Hypothesis au_000: float64, float64 
[ 2023-01-08 01:00:49,418 ] 85 root - INFO - Hypothesis av_000: float64, float64 
[ 2023-01-08 01:00:49,426 ] 85 root - INFO - Hypothesis ax_000: float64, float64 
[ 2023-01-08 01:00:49,434 ] 85 root - INFO - Hypothesis ay_000: float64, float64 
[ 2023-01-08 01:00:49,470 ] 85 root - INFO - Hypothesis ay_001: float64, float64 
[ 2023-01-08 01:00:49,506 ] 85 root - INFO - Hypothesis ay_002: float64, float64 
[ 2023-01-08 01:00:49,542 ] 85 root - INFO - Hypothesis ay_003: float64, float64 
[ 2023-01-08 01:00:49,579 ] 85 root - INFO - Hypothesis ay_004: float64, float64 
[ 2023-01-08 01:00:49,614 ] 85 root - INFO - Hypothesis ay_005: float64, float64 
[ 2023-01-08 01:00:49,655 ] 85 root - INFO - Hypothesis ay_006: float64, float64 
[ 2023-01-08 01:00:49,664 ] 85 root - INFO - Hypothesis ay_007: float64, float64 
[ 2023-01-08 01:00:49,674 ] 85 root - INFO - Hypothesis ay_008: float64, float64 
[ 2023-01-08 01:00:49,684 ] 85 root - INFO - Hypothesis ay_009: float64, float64 
[ 2023-01-08 01:00:49,719 ] 85 root - INFO - Hypothesis az_000: float64, float64 
[ 2023-01-08 01:00:49,729 ] 85 root - INFO - Hypothesis az_001: float64, float64 
[ 2023-01-08 01:00:49,738 ] 85 root - INFO - Hypothesis az_002: float64, float64 
[ 2023-01-08 01:00:49,748 ] 85 root - INFO - Hypothesis az_003: float64, float64 
[ 2023-01-08 01:00:49,758 ] 85 root - INFO - Hypothesis az_004: float64, float64 
[ 2023-01-08 01:00:49,768 ] 85 root - INFO - Hypothesis az_005: float64, float64 
[ 2023-01-08 01:00:49,779 ] 85 root - INFO - Hypothesis az_006: float64, float64 
[ 2023-01-08 01:00:49,820 ] 85 root - INFO - Hypothesis az_007: float64, float64 
[ 2023-01-08 01:00:49,858 ] 85 root - INFO - Hypothesis az_008: float64, float64 
[ 2023-01-08 01:00:49,895 ] 85 root - INFO - Hypothesis az_009: float64, float64 
[ 2023-01-08 01:00:49,931 ] 85 root - INFO - Hypothesis ba_000: float64, float64 
[ 2023-01-08 01:00:49,942 ] 85 root - INFO - Hypothesis ba_001: float64, float64 
[ 2023-01-08 01:00:49,952 ] 85 root - INFO - Hypothesis ba_002: float64, float64 
[ 2023-01-08 01:00:49,963 ] 85 root - INFO - Hypothesis ba_003: float64, float64 
[ 2023-01-08 01:00:49,975 ] 85 root - INFO - Hypothesis ba_004: float64, float64 
[ 2023-01-08 01:00:49,986 ] 85 root - INFO - Hypothesis ba_005: float64, float64 
[ 2023-01-08 01:00:49,996 ] 85 root - INFO - Hypothesis ba_006: float64, float64 
[ 2023-01-08 01:00:50,007 ] 85 root - INFO - Hypothesis ba_007: float64, float64 
[ 2023-01-08 01:00:50,016 ] 85 root - INFO - Hypothesis ba_008: float64, float64 
[ 2023-01-08 01:00:50,057 ] 85 root - INFO - Hypothesis ba_009: float64, float64 
[ 2023-01-08 01:00:50,096 ] 85 root - INFO - Hypothesis bb_000: float64, float64 
[ 2023-01-08 01:00:50,106 ] 85 root - INFO - Hypothesis bc_000: float64, float64 
[ 2023-01-08 01:00:50,146 ] 85 root - INFO - Hypothesis bd_000: float64, float64 
[ 2023-01-08 01:00:50,154 ] 85 root - INFO - Hypothesis be_000: float64, float64 
[ 2023-01-08 01:00:50,163 ] 85 root - INFO - Hypothesis bf_000: float64, float64 
[ 2023-01-08 01:00:50,169 ] 85 root - INFO - Hypothesis bg_000: float64, float64 
[ 2023-01-08 01:00:50,180 ] 85 root - INFO - Hypothesis bh_000: float64, float64 
[ 2023-01-08 01:00:50,190 ] 85 root - INFO - Hypothesis bi_000: float64, float64 
[ 2023-01-08 01:00:50,201 ] 85 root - INFO - Hypothesis bj_000: float64, float64 
[ 2023-01-08 01:00:50,211 ] 85 root - INFO - Hypothesis bs_000: float64, float64 
[ 2023-01-08 01:00:50,222 ] 85 root - INFO - Hypothesis bt_000: float64, float64 
[ 2023-01-08 01:00:50,232 ] 85 root - INFO - Hypothesis bu_000: float64, float64 
[ 2023-01-08 01:00:50,242 ] 85 root - INFO - Hypothesis bv_000: float64, float64 
[ 2023-01-08 01:00:50,253 ] 85 root - INFO - Hypothesis bx_000: float64, float64 
[ 2023-01-08 01:00:50,263 ] 85 root - INFO - Hypothesis by_000: float64, float64 
[ 2023-01-08 01:00:50,273 ] 85 root - INFO - Hypothesis bz_000: float64, float64 
[ 2023-01-08 01:00:50,282 ] 85 root - INFO - Hypothesis ca_000: float64, float64 
[ 2023-01-08 01:00:50,292 ] 85 root - INFO - Hypothesis cb_000: float64, float64 
[ 2023-01-08 01:00:50,303 ] 85 root - INFO - Hypothesis cc_000: float64, float64 
[ 2023-01-08 01:00:50,314 ] 85 root - INFO - Hypothesis cd_000: float64, float64 
[ 2023-01-08 01:00:50,350 ] 85 root - INFO - Hypothesis ce_000: float64, float64 
[ 2023-01-08 01:00:50,359 ] 85 root - INFO - Hypothesis ci_000: float64, float64 
[ 2023-01-08 01:00:50,370 ] 85 root - INFO - Hypothesis cj_000: float64, float64 
[ 2023-01-08 01:00:50,407 ] 85 root - INFO - Hypothesis ck_000: float64, float64 
[ 2023-01-08 01:00:50,418 ] 85 root - INFO - Hypothesis cl_000: float64, float64 
[ 2023-01-08 01:00:50,423 ] 85 root - INFO - Hypothesis cm_000: float64, float64 
[ 2023-01-08 01:00:50,430 ] 85 root - INFO - Hypothesis cn_000: float64, float64 
[ 2023-01-08 01:00:50,466 ] 85 root - INFO - Hypothesis cn_001: float64, float64 
[ 2023-01-08 01:00:50,504 ] 85 root - INFO - Hypothesis cn_002: float64, float64 
[ 2023-01-08 01:00:50,512 ] 85 root - INFO - Hypothesis cn_003: float64, float64 
[ 2023-01-08 01:00:50,522 ] 85 root - INFO - Hypothesis cn_004: float64, float64 
[ 2023-01-08 01:00:50,533 ] 85 root - INFO - Hypothesis cn_005: float64, float64 
[ 2023-01-08 01:00:50,543 ] 85 root - INFO - Hypothesis cn_006: float64, float64 
[ 2023-01-08 01:00:50,553 ] 85 root - INFO - Hypothesis cn_007: float64, float64 
[ 2023-01-08 01:00:50,562 ] 85 root - INFO - Hypothesis cn_008: float64, float64 
[ 2023-01-08 01:00:50,571 ] 85 root - INFO - Hypothesis cn_009: float64, float64 
[ 2023-01-08 01:00:50,611 ] 85 root - INFO - Hypothesis cp_000: float64, float64 
[ 2023-01-08 01:00:50,651 ] 85 root - INFO - Hypothesis cq_000: float64, float64 
[ 2023-01-08 01:00:50,662 ] 85 root - INFO - Hypothesis cs_000: float64, float64 
[ 2023-01-08 01:00:50,671 ] 85 root - INFO - Hypothesis cs_001: float64, float64 
[ 2023-01-08 01:00:50,680 ] 85 root - INFO - Hypothesis cs_002: float64, float64 
[ 2023-01-08 01:00:50,690 ] 85 root - INFO - Hypothesis cs_003: float64, float64 
[ 2023-01-08 01:00:50,700 ] 85 root - INFO - Hypothesis cs_004: float64, float64 
[ 2023-01-08 01:00:50,710 ] 85 root - INFO - Hypothesis cs_005: float64, float64 
[ 2023-01-08 01:00:50,721 ] 85 root - INFO - Hypothesis cs_006: float64, float64 
[ 2023-01-08 01:00:50,731 ] 85 root - INFO - Hypothesis cs_007: float64, float64 
[ 2023-01-08 01:00:50,742 ] 85 root - INFO - Hypothesis cs_008: float64, float64 
[ 2023-01-08 01:00:50,781 ] 85 root - INFO - Hypothesis cs_009: float64, float64 
[ 2023-01-08 01:00:50,817 ] 85 root - INFO - Hypothesis dd_000: float64, float64 
[ 2023-01-08 01:00:50,826 ] 85 root - INFO - Hypothesis de_000: float64, float64 
[ 2023-01-08 01:00:50,834 ] 85 root - INFO - Hypothesis df_000: float64, float64 
[ 2023-01-08 01:00:50,871 ] 85 root - INFO - Hypothesis dg_000: float64, float64 
[ 2023-01-08 01:00:50,907 ] 85 root - INFO - Hypothesis dh_000: float64, float64 
[ 2023-01-08 01:00:50,912 ] 85 root - INFO - Hypothesis di_000: float64, float64 
[ 2023-01-08 01:00:50,951 ] 85 root - INFO - Hypothesis dj_000: float64, float64 
[ 2023-01-08 01:00:50,987 ] 85 root - INFO - Hypothesis dk_000: float64, float64 
[ 2023-01-08 01:00:51,023 ] 85 root - INFO - Hypothesis dl_000: float64, float64 
[ 2023-01-08 01:00:51,058 ] 85 root - INFO - Hypothesis dm_000: float64, float64 
[ 2023-01-08 01:00:51,094 ] 85 root - INFO - Hypothesis dn_000: float64, float64 
[ 2023-01-08 01:00:51,104 ] 85 root - INFO - Hypothesis do_000: float64, float64 
[ 2023-01-08 01:00:51,114 ] 85 root - INFO - Hypothesis dp_000: float64, float64 
[ 2023-01-08 01:00:51,123 ] 85 root - INFO - Hypothesis dq_000: float64, float64 
[ 2023-01-08 01:00:51,161 ] 85 root - INFO - Hypothesis dr_000: float64, float64 
[ 2023-01-08 01:00:51,199 ] 85 root - INFO - Hypothesis ds_000: float64, float64 
[ 2023-01-08 01:00:51,209 ] 85 root - INFO - Hypothesis dt_000: float64, float64 
[ 2023-01-08 01:00:51,219 ] 85 root - INFO - Hypothesis du_000: float64, float64 
[ 2023-01-08 01:00:51,229 ] 85 root - INFO - Hypothesis dv_000: float64, float64 
[ 2023-01-08 01:00:51,239 ] 85 root - INFO - Hypothesis dx_000: float64, float64 
[ 2023-01-08 01:00:51,278 ] 85 root - INFO - Hypothesis dy_000: float64, float64 
[ 2023-01-08 01:00:51,316 ] 85 root - INFO - Hypothesis dz_000: float64, float64 
[ 2023-01-08 01:00:51,354 ] 85 root - INFO - Hypothesis ea_000: float64, float64 
[ 2023-01-08 01:00:51,391 ] 85 root - INFO - Hypothesis eb_000: float64, float64 
[ 2023-01-08 01:00:51,400 ] 85 root - INFO - Hypothesis ec_00: float64, float64 
[ 2023-01-08 01:00:51,409 ] 85 root - INFO - Hypothesis ed_000: float64, float64 
[ 2023-01-08 01:00:51,418 ] 85 root - INFO - Hypothesis ee_000: float64, float64 
[ 2023-01-08 01:00:51,429 ] 85 root - INFO - Hypothesis ee_001: float64, float64 
[ 2023-01-08 01:00:51,440 ] 85 root - INFO - Hypothesis ee_002: float64, float64 
[ 2023-01-08 01:00:51,450 ] 85 root - INFO - Hypothesis ee_003: float64, float64 
[ 2023-01-08 01:00:51,460 ] 85 root - INFO - Hypothesis ee_004: float64, float64 
[ 2023-01-08 01:00:51,470 ] 85 root - INFO - Hypothesis ee_005: float64, float64 
[ 2023-01-08 01:00:51,480 ] 85 root - INFO - Hypothesis ee_006: float64, float64 
[ 2023-01-08 01:00:51,490 ] 85 root - INFO - Hypothesis ee_007: float64, float64 
[ 2023-01-08 01:00:51,499 ] 85 root - INFO - Hypothesis ee_008: float64, float64 
[ 2023-01-08 01:00:51,508 ] 85 root - INFO - Hypothesis ee_009: float64, float64 
[ 2023-01-08 01:00:51,516 ] 85 root - INFO - Hypothesis ef_000: float64, float64 
[ 2023-01-08 01:00:51,552 ] 85 root - INFO - Hypothesis eg_000: float64, float64 
[ 2023-01-08 01:00:51,588 ] 140 root - INFO - As all column are available in test df hence detecting data drift
[ 2023-01-08 01:00:51,589 ] 85 root - INFO - Hypothesis class: object, object 
[ 2023-01-08 01:00:51,662 ] 85 root - INFO - Hypothesis aa_000: float64, float64 
[ 2023-01-08 01:00:51,669 ] 85 root - INFO - Hypothesis ac_000: float64, float64 
[ 2023-01-08 01:00:51,675 ] 85 root - INFO - Hypothesis ae_000: float64, float64 
[ 2023-01-08 01:00:51,690 ] 85 root - INFO - Hypothesis af_000: float64, float64 
[ 2023-01-08 01:00:51,705 ] 85 root - INFO - Hypothesis ag_000: float64, float64 
[ 2023-01-08 01:00:51,720 ] 85 root - INFO - Hypothesis ag_001: float64, float64 
[ 2023-01-08 01:00:51,735 ] 85 root - INFO - Hypothesis ag_002: float64, float64 
[ 2023-01-08 01:00:51,738 ] 85 root - INFO - Hypothesis ag_003: float64, float64 
[ 2023-01-08 01:00:51,742 ] 85 root - INFO - Hypothesis ag_004: float64, float64 
[ 2023-01-08 01:00:51,749 ] 85 root - INFO - Hypothesis ag_005: float64, float64 
[ 2023-01-08 01:00:51,756 ] 85 root - INFO - Hypothesis ag_006: float64, float64 
[ 2023-01-08 01:00:51,763 ] 85 root - INFO - Hypothesis ag_007: float64, float64 
[ 2023-01-08 01:00:51,769 ] 85 root - INFO - Hypothesis ag_008: float64, float64 
[ 2023-01-08 01:00:51,775 ] 85 root - INFO - Hypothesis ag_009: float64, float64 
[ 2023-01-08 01:00:51,779 ] 85 root - INFO - Hypothesis ah_000: float64, float64 
[ 2023-01-08 01:00:51,786 ] 85 root - INFO - Hypothesis ai_000: float64, float64 
[ 2023-01-08 01:00:51,789 ] 85 root - INFO - Hypothesis aj_000: float64, float64 
[ 2023-01-08 01:00:51,793 ] 85 root - INFO - Hypothesis ak_000: float64, float64 
[ 2023-01-08 01:00:51,797 ] 85 root - INFO - Hypothesis al_000: float64, float64 
[ 2023-01-08 01:00:51,801 ] 85 root - INFO - Hypothesis am_0: float64, float64 
[ 2023-01-08 01:00:51,806 ] 85 root - INFO - Hypothesis an_000: float64, float64 
[ 2023-01-08 01:00:51,813 ] 85 root - INFO - Hypothesis ao_000: float64, float64 
[ 2023-01-08 01:00:51,820 ] 85 root - INFO - Hypothesis ap_000: float64, float64 
[ 2023-01-08 01:00:51,827 ] 85 root - INFO - Hypothesis aq_000: float64, float64 
[ 2023-01-08 01:00:51,834 ] 85 root - INFO - Hypothesis ar_000: float64, float64 
[ 2023-01-08 01:00:51,850 ] 85 root - INFO - Hypothesis as_000: float64, float64 
[ 2023-01-08 01:00:51,865 ] 85 root - INFO - Hypothesis at_000: float64, float64 
[ 2023-01-08 01:00:51,880 ] 85 root - INFO - Hypothesis au_000: float64, float64 
[ 2023-01-08 01:00:51,895 ] 85 root - INFO - Hypothesis av_000: float64, float64 
[ 2023-01-08 01:00:51,901 ] 85 root - INFO - Hypothesis ax_000: float64, float64 
[ 2023-01-08 01:00:51,906 ] 85 root - INFO - Hypothesis ay_000: float64, float64 
[ 2023-01-08 01:00:51,921 ] 85 root - INFO - Hypothesis ay_001: float64, float64 
[ 2023-01-08 01:00:51,936 ] 85 root - INFO - Hypothesis ay_002: float64, float64 
[ 2023-01-08 01:00:51,951 ] 85 root - INFO - Hypothesis ay_003: float64, float64 
[ 2023-01-08 01:00:51,966 ] 85 root - INFO - Hypothesis ay_004: float64, float64 
[ 2023-01-08 01:00:51,983 ] 85 root - INFO - Hypothesis ay_005: float64, float64 
[ 2023-01-08 01:00:51,989 ] 85 root - INFO - Hypothesis ay_006: float64, float64 
[ 2023-01-08 01:00:51,996 ] 85 root - INFO - Hypothesis ay_007: float64, float64 
[ 2023-01-08 01:00:52,003 ] 85 root - INFO - Hypothesis ay_008: float64, float64 
[ 2023-01-08 01:00:52,010 ] 85 root - INFO - Hypothesis ay_009: float64, float64 
[ 2023-01-08 01:00:52,025 ] 85 root - INFO - Hypothesis az_000: float64, float64 
[ 2023-01-08 01:00:52,032 ] 85 root - INFO - Hypothesis az_001: float64, float64 
[ 2023-01-08 01:00:52,038 ] 85 root - INFO - Hypothesis az_002: float64, float64 
[ 2023-01-08 01:00:52,044 ] 85 root - INFO - Hypothesis az_003: float64, float64 
[ 2023-01-08 01:00:52,051 ] 85 root - INFO - Hypothesis az_004: float64, float64 
[ 2023-01-08 01:00:52,058 ] 85 root - INFO - Hypothesis az_005: float64, float64 
[ 2023-01-08 01:00:52,065 ] 85 root - INFO - Hypothesis az_006: float64, float64 
[ 2023-01-08 01:00:52,070 ] 85 root - INFO - Hypothesis az_007: float64, float64 
[ 2023-01-08 01:00:52,074 ] 85 root - INFO - Hypothesis az_008: float64, float64 
[ 2023-01-08 01:00:52,094 ] 85 root - INFO - Hypothesis az_009: float64, float64 
[ 2023-01-08 01:00:52,110 ] 85 root - INFO - Hypothesis ba_000: float64, float64 
[ 2023-01-08 01:00:52,117 ] 85 root - INFO - Hypothesis ba_001: float64, float64 
[ 2023-01-08 01:00:52,124 ] 85 root - INFO - Hypothesis ba_002: float64, float64 
[ 2023-01-08 01:00:52,130 ] 85 root - INFO - Hypothesis ba_003: float64, float64 
[ 2023-01-08 01:00:52,137 ] 85 root - INFO - Hypothesis ba_004: float64, float64 
[ 2023-01-08 01:00:52,144 ] 85 root - INFO - Hypothesis ba_005: float64, float64 
[ 2023-01-08 01:00:52,151 ] 85 root - INFO - Hypothesis ba_006: float64, float64 
[ 2023-01-08 01:00:52,157 ] 85 root - INFO - Hypothesis ba_007: float64, float64 
[ 2023-01-08 01:00:52,164 ] 85 root - INFO - Hypothesis ba_008: float64, float64 
[ 2023-01-08 01:00:52,169 ] 85 root - INFO - Hypothesis ba_009: float64, float64 
[ 2023-01-08 01:00:52,173 ] 85 root - INFO - Hypothesis bb_000: float64, float64 
[ 2023-01-08 01:00:52,180 ] 85 root - INFO - Hypothesis bc_000: float64, float64 
[ 2023-01-08 01:00:52,185 ] 85 root - INFO - Hypothesis bd_000: float64, float64 
[ 2023-01-08 01:00:52,191 ] 85 root - INFO - Hypothesis be_000: float64, float64 
[ 2023-01-08 01:00:52,197 ] 85 root - INFO - Hypothesis bf_000: float64, float64 
[ 2023-01-08 01:00:52,201 ] 85 root - INFO - Hypothesis bg_000: float64, float64 
[ 2023-01-08 01:00:52,208 ] 85 root - INFO - Hypothesis bh_000: float64, float64 
[ 2023-01-08 01:00:52,215 ] 85 root - INFO - Hypothesis bi_000: float64, float64 
[ 2023-01-08 01:00:52,222 ] 85 root - INFO - Hypothesis bj_000: float64, float64 
[ 2023-01-08 01:00:52,229 ] 85 root - INFO - Hypothesis bs_000: float64, float64 
[ 2023-01-08 01:00:52,236 ] 85 root - INFO - Hypothesis bt_000: float64, float64 
[ 2023-01-08 01:00:52,243 ] 85 root - INFO - Hypothesis bu_000: float64, float64 
[ 2023-01-08 01:00:52,250 ] 85 root - INFO - Hypothesis bv_000: float64, float64 
[ 2023-01-08 01:00:52,257 ] 85 root - INFO - Hypothesis bx_000: float64, float64 
[ 2023-01-08 01:00:52,264 ] 85 root - INFO - Hypothesis by_000: float64, float64 
[ 2023-01-08 01:00:52,271 ] 85 root - INFO - Hypothesis bz_000: float64, float64 
[ 2023-01-08 01:00:52,277 ] 85 root - INFO - Hypothesis ca_000: float64, float64 
[ 2023-01-08 01:00:52,284 ] 85 root - INFO - Hypothesis cb_000: float64, float64 
[ 2023-01-08 01:00:52,291 ] 85 root - INFO - Hypothesis cc_000: float64, float64 
[ 2023-01-08 01:00:52,298 ] 85 root - INFO - Hypothesis cd_000: float64, float64 
[ 2023-01-08 01:00:52,313 ] 85 root - INFO - Hypothesis ce_000: float64, float64 
[ 2023-01-08 01:00:52,320 ] 85 root - INFO - Hypothesis ci_000: float64, float64 
[ 2023-01-08 01:00:52,327 ] 85 root - INFO - Hypothesis cj_000: float64, float64 
[ 2023-01-08 01:00:52,331 ] 85 root - INFO - Hypothesis ck_000: float64, float64 
[ 2023-01-08 01:00:52,338 ] 85 root - INFO - Hypothesis cl_000: float64, float64 
[ 2023-01-08 01:00:52,343 ] 85 root - INFO - Hypothesis cm_000: float64, float64 
[ 2023-01-08 01:00:52,347 ] 85 root - INFO - Hypothesis cn_000: float64, float64 
[ 2023-01-08 01:00:52,363 ] 85 root - INFO - Hypothesis cn_001: float64, float64 
[ 2023-01-08 01:00:52,366 ] 85 root - INFO - Hypothesis cn_002: float64, float64 
[ 2023-01-08 01:00:52,372 ] 85 root - INFO - Hypothesis cn_003: float64, float64 
[ 2023-01-08 01:00:52,379 ] 85 root - INFO - Hypothesis cn_004: float64, float64 
[ 2023-01-08 01:00:52,386 ] 85 root - INFO - Hypothesis cn_005: float64, float64 
[ 2023-01-08 01:00:52,393 ] 85 root - INFO - Hypothesis cn_006: float64, float64 
[ 2023-01-08 01:00:52,399 ] 85 root - INFO - Hypothesis cn_007: float64, float64 
[ 2023-01-08 01:00:52,406 ] 85 root - INFO - Hypothesis cn_008: float64, float64 
[ 2023-01-08 01:00:52,412 ] 85 root - INFO - Hypothesis cn_009: float64, float64 
[ 2023-01-08 01:00:52,417 ] 85 root - INFO - Hypothesis cp_000: float64, float64 
[ 2023-01-08 01:00:52,422 ] 85 root - INFO - Hypothesis cq_000: float64, float64 
[ 2023-01-08 01:00:52,429 ] 85 root - INFO - Hypothesis cs_000: float64, float64 
[ 2023-01-08 01:00:52,436 ] 85 root - INFO - Hypothesis cs_001: float64, float64 
[ 2023-01-08 01:00:52,442 ] 85 root - INFO - Hypothesis cs_002: float64, float64 
[ 2023-01-08 01:00:52,449 ] 85 root - INFO - Hypothesis cs_003: float64, float64 
[ 2023-01-08 01:00:52,455 ] 85 root - INFO - Hypothesis cs_004: float64, float64 
[ 2023-01-08 01:00:52,462 ] 85 root - INFO - Hypothesis cs_005: float64, float64 
[ 2023-01-08 01:00:52,470 ] 85 root - INFO - Hypothesis cs_006: float64, float64 
[ 2023-01-08 01:00:52,477 ] 85 root - INFO - Hypothesis cs_007: float64, float64 
[ 2023-01-08 01:00:52,483 ] 85 root - INFO - Hypothesis cs_008: float64, float64 
[ 2023-01-08 01:00:52,489 ] 85 root - INFO - Hypothesis cs_009: float64, float64 
[ 2023-01-08 01:00:52,504 ] 85 root - INFO - Hypothesis dd_000: float64, float64 
[ 2023-01-08 01:00:52,510 ] 85 root - INFO - Hypothesis de_000: float64, float64 
[ 2023-01-08 01:00:52,516 ] 85 root - INFO - Hypothesis df_000: float64, float64 
[ 2023-01-08 01:00:52,519 ] 85 root - INFO - Hypothesis dg_000: float64, float64 
[ 2023-01-08 01:00:52,522 ] 85 root - INFO - Hypothesis dh_000: float64, float64 
[ 2023-01-08 01:00:52,526 ] 85 root - INFO - Hypothesis di_000: float64, float64 
[ 2023-01-08 01:00:52,530 ] 85 root - INFO - Hypothesis dj_000: float64, float64 
[ 2023-01-08 01:00:52,545 ] 85 root - INFO - Hypothesis dk_000: float64, float64 
[ 2023-01-08 01:00:52,548 ] 85 root - INFO - Hypothesis dl_000: float64, float64 
[ 2023-01-08 01:00:52,564 ] 85 root - INFO - Hypothesis dm_000: float64, float64 
[ 2023-01-08 01:00:52,579 ] 85 root - INFO - Hypothesis dn_000: float64, float64 
[ 2023-01-08 01:00:52,586 ] 85 root - INFO - Hypothesis do_000: float64, float64 
[ 2023-01-08 01:00:52,592 ] 85 root - INFO - Hypothesis dp_000: float64, float64 
[ 2023-01-08 01:00:52,599 ] 85 root - INFO - Hypothesis dq_000: float64, float64 
[ 2023-01-08 01:00:52,603 ] 85 root - INFO - Hypothesis dr_000: float64, float64 
[ 2023-01-08 01:00:52,607 ] 85 root - INFO - Hypothesis ds_000: float64, float64 
[ 2023-01-08 01:00:52,614 ] 85 root - INFO - Hypothesis dt_000: float64, float64 
[ 2023-01-08 01:00:52,621 ] 85 root - INFO - Hypothesis du_000: float64, float64 
[ 2023-01-08 01:00:52,627 ] 85 root - INFO - Hypothesis dv_000: float64, float64 
[ 2023-01-08 01:00:52,634 ] 85 root - INFO - Hypothesis dx_000: float64, float64 
[ 2023-01-08 01:00:52,639 ] 85 root - INFO - Hypothesis dy_000: float64, float64 
[ 2023-01-08 01:00:52,643 ] 85 root - INFO - Hypothesis dz_000: float64, float64 
[ 2023-01-08 01:00:52,659 ] 85 root - INFO - Hypothesis ea_000: float64, float64 
[ 2023-01-08 01:00:52,674 ] 85 root - INFO - Hypothesis eb_000: float64, float64 
[ 2023-01-08 01:00:52,680 ] 85 root - INFO - Hypothesis ec_00: float64, float64 
[ 2023-01-08 01:00:52,686 ] 85 root - INFO - Hypothesis ed_000: float64, float64 
[ 2023-01-08 01:00:52,692 ] 85 root - INFO - Hypothesis ee_000: float64, float64 
[ 2023-01-08 01:00:52,699 ] 85 root - INFO - Hypothesis ee_001: float64, float64 
[ 2023-01-08 01:00:52,706 ] 85 root - INFO - Hypothesis ee_002: float64, float64 
[ 2023-01-08 01:00:52,713 ] 85 root - INFO - Hypothesis ee_003: float64, float64 
[ 2023-01-08 01:00:52,720 ] 85 root - INFO - Hypothesis ee_004: float64, float64 
[ 2023-01-08 01:00:52,727 ] 85 root - INFO - Hypothesis ee_005: float64, float64 
[ 2023-01-08 01:00:52,734 ] 85 root - INFO - Hypothesis ee_006: float64, float64 
[ 2023-01-08 01:00:52,741 ] 85 root - INFO - Hypothesis ee_007: float64, float64 
[ 2023-01-08 01:00:52,747 ] 85 root - INFO - Hypothesis ee_008: float64, float64 
[ 2023-01-08 01:00:52,753 ] 85 root - INFO - Hypothesis ee_009: float64, float64 
[ 2023-01-08 01:00:52,758 ] 85 root - INFO - Hypothesis ef_000: float64, float64 
[ 2023-01-08 01:00:52,773 ] 85 root - INFO - Hypothesis eg_000: float64, float64 
[ 2023-01-08 01:00:52,788 ] 144 root - INFO - Write reprt in yaml file
[ 2023-01-08 01:00:52,825 ] 148 root - INFO - Data validation artifact: DataValidationArtifact(report_file_path='/config/workspace/artifact/01082023__010028/data_validation/report.yaml')
[ 2023-01-08 01:00:53,715 ] 71 root - INFO - Before resampling in training set Input: (28950, 170) Target:(28950,)
[ 2023-01-08 01:01:00,481 ] 73 root - INFO - After resampling in training set Input: (56152, 170) Target:(56152,)
[ 2023-01-08 01:01:00,481 ] 75 root - INFO - Before resampling in testing set Input: (7238, 170) Target:(7238,)
[ 2023-01-08 01:01:00,992 ] 77 root - INFO - After resampling in testing set Input: (14072, 170) Target:(14072,)
[ 2023-01-08 01:01:01,101 ] 53 root - INFO - Entered the save_object method of utils
[ 2023-01-08 01:01:01,104 ] 57 root - INFO - Exited the save_object method of utils
[ 2023-01-08 01:01:01,104 ] 53 root - INFO - Entered the save_object method of utils
[ 2023-01-08 01:01:01,105 ] 57 root - INFO - Exited the save_object method of utils
[ 2023-01-08 01:01:01,105 ] 108 root - INFO - Data transformation object DataTransformationArtifact(transform_object_path='/config/workspace/artifact/01082023__010028/data_transformation/transformer/transformer.pkl', transformed_train_path='/config/workspace/artifact/01082023__010028/data_transformation/transformed/train.npz', transformed_test_path='/config/workspace/artifact/01082023__010028/data_transformation/transformed/test.npz', target_encoder_path='/config/workspace/artifact/01082023__010028/data_transformation/target_encoder/target_encoder.pkl')
[ 2023-01-08 01:01:01,106 ] 16 root - INFO - >>>>>>>>>>>>>>>>>>>>>>>>>>>>>>>>>>>>>>>> Model Trainer <<<<<<<<<<<<<<<<<<<<<<<<<<<<<<<<<<<<<<<<
[ 2023-01-08 01:01:01,106 ] 45 root - INFO - Loading train and test array.
[ 2023-01-08 01:01:01,138 ] 49 root - INFO - Splitting input and target feature from both train and test arr.
[ 2023-01-08 01:01:01,138 ] 53 root - INFO - Train the model
[ 2023-01-08 01:01:09,085 ] 56 root - INFO - Calculating f1 train score
[ 2023-01-08 01:01:09,140 ] 60 root - INFO - Calculating f1 test score
[ 2023-01-08 01:01:09,156 ] 64 root - INFO - train score:0.9999821908781678 and tests score 0.9694011365292147
[ 2023-01-08 01:01:09,156 ] 66 root - INFO - Checking if our model is underfitting or not
[ 2023-01-08 01:01:09,157 ] 71 root - INFO - Checking if our model is overfiiting or not
[ 2023-01-08 01:01:09,157 ] 78 root - INFO - Saving mode object
[ 2023-01-08 01:01:09,157 ] 53 root - INFO - Entered the save_object method of utils
[ 2023-01-08 01:01:09,163 ] 57 root - INFO - Exited the save_object method of utils
[ 2023-01-08 01:01:09,163 ] 82 root - INFO - Prepare the artifact
[ 2023-01-08 01:01:09,163 ] 85 root - INFO - Model trainer artifact: ModelTrainerArtifact(model_path='/config/workspace/artifact/01082023__010028/model_trainer/model/model.pkl', f1_train_score=0.9999821908781678, f1_test_score=0.9694011365292147)
[ 2023-01-08 01:01:09,165 ] 19 root - INFO - >>>>>>>>>>>>>>>>>>>>>>>>>>>>>>>>>>>>>>>>  Model Evaluation <<<<<<<<<<<<<<<<<<<<<<<<<<<<<<<<<<<<<<<<
[ 2023-01-08 01:01:09,165 ] 35 root - INFO - if saved model folder has model the we will compare which model is best trained or the model from saved model folder
[ 2023-01-08 01:01:09,165 ] 46 root - INFO - Finding location of transformer model and target encoder
[ 2023-01-08 01:01:09,166 ] 51 root - INFO - Previous trained objects of transformer, model and target encoder
