[ 2023-01-10 00:40:54,698 ] 15 root - INFO - >>>>>>>>>>>>>>>>>>>>>>>>>>>>>>>>>>>>>>>> Data Ingestion <<<<<<<<<<<<<<<<<<<<<<<<<<<<<<<<<<<<<<<<
[ 2023-01-10 00:40:54,698 ] 22 root - INFO - Exporting collection data as pandas dataframe
[ 2023-01-10 00:40:54,699 ] 21 root - INFO - Reading data from database: aps and collection: sensor
[ 2023-01-10 00:40:58,397 ] 23 root - INFO - Found columns: Index(['_id', 'class', 'aa_000', 'ab_000', 'ac_000', 'ad_000', 'ae_000',
       'af_000', 'ag_000', 'ag_001',
       ...
       'ee_002', 'ee_003', 'ee_004', 'ee_005', 'ee_006', 'ee_007', 'ee_008',
       'ee_009', 'ef_000', 'eg_000'],
      dtype='object', length=172)
[ 2023-01-10 00:40:58,398 ] 25 root - INFO - Dropping column: _id 
[ 2023-01-10 00:40:58,601 ] 27 root - INFO - Row and columns in df: (36188, 171)
[ 2023-01-10 00:40:58,601 ] 28 root - INFO - Save data in feature store
[ 2023-01-10 00:40:59,169 ] 34 root - INFO - Create feature store folder if not available
[ 2023-01-10 00:40:59,169 ] 38 root - INFO - Save df to feature store folder
[ 2023-01-10 00:41:01,569 ] 43 root - INFO - split dataset into train and test set
[ 2023-01-10 00:41:02,240 ] 47 root - INFO - create dataset directory folder if not available
[ 2023-01-10 00:41:02,241 ] 52 root - INFO - Save df to feature store folder
[ 2023-01-10 00:41:04,440 ] 64 root - INFO - Data ingestion artifact: DataIngestionArtifact(feature_store_file_path='/config/workspace/artifact/01102023__004054/data_ingestion/feature_store/sensor.csv', train_file_path='/config/workspace/artifact/01102023__004054/data_ingestion/dataset/train.csv', test_file_path='/config/workspace/artifact/01102023__004054/data_ingestion/dataset/test.csv')
[ 2023-01-10 00:41:04,889 ] 20 root - INFO - >>>>>>>>>>>>>>>>>>>>>>>>>>>>>>>>>>>>>>>>Data Validation <<<<<<<<<<<<<<<<<<<<<<<<<<<<<<<<<<<<<<<<
[ 2023-01-10 00:41:04,889 ] 107 root - INFO - Reading base dataframe
[ 2023-01-10 00:41:06,477 ] 109 root - INFO - Replace na value with NaN
[ 2023-01-10 00:41:07,765 ] 112 root - INFO - Drop null values column from base df
[ 2023-01-10 00:41:08,711 ] 42 root - INFO - selecting column name which contains null above to 0.2
[ 2023-01-10 00:41:08,711 ] 45 root - INFO - Columns to drop: ['ab_000', 'ad_000', 'bk_000', 'bl_000', 'bm_000', 'bn_000', 'bo_000', 'bp_000', 'bq_000', 'br_000', 'cf_000', 'cg_000', 'ch_000', 'co_000', 'cr_000', 'ct_000', 'cu_000', 'cv_000', 'cx_000', 'cy_000', 'cz_000', 'da_000', 'db_000', 'dc_000']
[ 2023-01-10 00:41:08,813 ] 115 root - INFO - Reading train dataframe
[ 2023-01-10 00:41:09,207 ] 117 root - INFO - Reading test dataframe
[ 2023-01-10 00:41:09,307 ] 120 root - INFO - Drop null values columns from train df
[ 2023-01-10 00:41:09,318 ] 42 root - INFO - selecting column name which contains null above to 0.2
[ 2023-01-10 00:41:09,319 ] 45 root - INFO - Columns to drop: ['ab_000', 'ad_000', 'bk_000', 'bl_000', 'bm_000', 'bn_000', 'bo_000', 'bp_000', 'bq_000', 'br_000', 'cf_000', 'cg_000', 'ch_000', 'co_000', 'cr_000', 'ct_000', 'cu_000', 'cv_000', 'cx_000', 'cy_000', 'cz_000', 'da_000', 'db_000', 'dc_000']
[ 2023-01-10 00:41:09,328 ] 122 root - INFO - Drop null values columns from test df
[ 2023-01-10 00:41:09,332 ] 42 root - INFO - selecting column name which contains null above to 0.2
[ 2023-01-10 00:41:09,332 ] 45 root - INFO - Columns to drop: ['ab_000', 'ad_000', 'bk_000', 'bl_000', 'bm_000', 'bn_000', 'bo_000', 'bp_000', 'bq_000', 'br_000', 'cf_000', 'cg_000', 'ch_000', 'co_000', 'cr_000', 'ct_000', 'cu_000', 'cv_000', 'cx_000', 'cy_000', 'cz_000', 'da_000', 'db_000', 'dc_000']
[ 2023-01-10 00:41:15,380 ] 130 root - INFO - Is all required columns present in train df
[ 2023-01-10 00:41:15,381 ] 132 root - INFO - Is all required columns present in test df
[ 2023-01-10 00:41:15,381 ] 136 root - INFO - As all column are available in train df hence detecting data drift
[ 2023-01-10 00:41:15,381 ] 85 root - INFO - Hypothesis class: object, object 
[ 2023-01-10 00:41:15,515 ] 85 root - INFO - Hypothesis aa_000: float64, float64 
[ 2023-01-10 00:41:15,526 ] 85 root - INFO - Hypothesis ac_000: float64, float64 
[ 2023-01-10 00:41:15,566 ] 85 root - INFO - Hypothesis ae_000: float64, float64 
[ 2023-01-10 00:41:15,602 ] 85 root - INFO - Hypothesis af_000: float64, float64 
[ 2023-01-10 00:41:15,638 ] 85 root - INFO - Hypothesis ag_000: float64, float64 
[ 2023-01-10 00:41:15,673 ] 85 root - INFO - Hypothesis ag_001: float64, float64 
[ 2023-01-10 00:41:15,708 ] 85 root - INFO - Hypothesis ag_002: float64, float64 
[ 2023-01-10 00:41:15,744 ] 85 root - INFO - Hypothesis ag_003: float64, float64 
[ 2023-01-10 00:41:15,750 ] 85 root - INFO - Hypothesis ag_004: float64, float64 
[ 2023-01-10 00:41:15,760 ] 85 root - INFO - Hypothesis ag_005: float64, float64 
[ 2023-01-10 00:41:15,771 ] 85 root - INFO - Hypothesis ag_006: float64, float64 
[ 2023-01-10 00:41:15,781 ] 85 root - INFO - Hypothesis ag_007: float64, float64 
[ 2023-01-10 00:41:15,790 ] 85 root - INFO - Hypothesis ag_008: float64, float64 
[ 2023-01-10 00:41:15,799 ] 85 root - INFO - Hypothesis ag_009: float64, float64 
[ 2023-01-10 00:41:15,806 ] 85 root - INFO - Hypothesis ah_000: float64, float64 
[ 2023-01-10 00:41:15,817 ] 85 root - INFO - Hypothesis ai_000: float64, float64 
[ 2023-01-10 00:41:15,853 ] 85 root - INFO - Hypothesis aj_000: float64, float64 
[ 2023-01-10 00:41:15,859 ] 85 root - INFO - Hypothesis ak_000: float64, float64 
[ 2023-01-10 00:41:15,896 ] 85 root - INFO - Hypothesis al_000: float64, float64 
[ 2023-01-10 00:41:15,904 ] 85 root - INFO - Hypothesis am_0: float64, float64 
[ 2023-01-10 00:41:15,911 ] 85 root - INFO - Hypothesis an_000: float64, float64 
[ 2023-01-10 00:41:15,921 ] 85 root - INFO - Hypothesis ao_000: float64, float64 
[ 2023-01-10 00:41:15,933 ] 85 root - INFO - Hypothesis ap_000: float64, float64 
[ 2023-01-10 00:41:15,945 ] 85 root - INFO - Hypothesis aq_000: float64, float64 
[ 2023-01-10 00:41:15,956 ] 85 root - INFO - Hypothesis ar_000: float64, float64 
[ 2023-01-10 00:41:15,994 ] 85 root - INFO - Hypothesis as_000: float64, float64 
[ 2023-01-10 00:41:16,030 ] 85 root - INFO - Hypothesis at_000: float64, float64 
[ 2023-01-10 00:41:16,067 ] 85 root - INFO - Hypothesis au_000: float64, float64 
[ 2023-01-10 00:41:16,102 ] 85 root - INFO - Hypothesis av_000: float64, float64 
[ 2023-01-10 00:41:16,111 ] 85 root - INFO - Hypothesis ax_000: float64, float64 
[ 2023-01-10 00:41:16,119 ] 85 root - INFO - Hypothesis ay_000: float64, float64 
[ 2023-01-10 00:41:16,154 ] 85 root - INFO - Hypothesis ay_001: float64, float64 
[ 2023-01-10 00:41:16,190 ] 85 root - INFO - Hypothesis ay_002: float64, float64 
[ 2023-01-10 00:41:16,225 ] 85 root - INFO - Hypothesis ay_003: float64, float64 
[ 2023-01-10 00:41:16,261 ] 85 root - INFO - Hypothesis ay_004: float64, float64 
[ 2023-01-10 00:41:16,297 ] 85 root - INFO - Hypothesis ay_005: float64, float64 
[ 2023-01-10 00:41:16,338 ] 85 root - INFO - Hypothesis ay_006: float64, float64 
[ 2023-01-10 00:41:16,348 ] 85 root - INFO - Hypothesis ay_007: float64, float64 
[ 2023-01-10 00:41:16,358 ] 85 root - INFO - Hypothesis ay_008: float64, float64 
[ 2023-01-10 00:41:16,368 ] 85 root - INFO - Hypothesis ay_009: float64, float64 
[ 2023-01-10 00:41:16,406 ] 85 root - INFO - Hypothesis az_000: float64, float64 
[ 2023-01-10 00:41:16,417 ] 85 root - INFO - Hypothesis az_001: float64, float64 
[ 2023-01-10 00:41:16,427 ] 85 root - INFO - Hypothesis az_002: float64, float64 
[ 2023-01-10 00:41:16,436 ] 85 root - INFO - Hypothesis az_003: float64, float64 
[ 2023-01-10 00:41:16,446 ] 85 root - INFO - Hypothesis az_004: float64, float64 
[ 2023-01-10 00:41:16,457 ] 85 root - INFO - Hypothesis az_005: float64, float64 
[ 2023-01-10 00:41:16,467 ] 85 root - INFO - Hypothesis az_006: float64, float64 
[ 2023-01-10 00:41:16,508 ] 85 root - INFO - Hypothesis az_007: float64, float64 
[ 2023-01-10 00:41:16,546 ] 85 root - INFO - Hypothesis az_008: float64, float64 
[ 2023-01-10 00:41:16,582 ] 85 root - INFO - Hypothesis az_009: float64, float64 
[ 2023-01-10 00:41:16,618 ] 85 root - INFO - Hypothesis ba_000: float64, float64 
[ 2023-01-10 00:41:16,628 ] 85 root - INFO - Hypothesis ba_001: float64, float64 
[ 2023-01-10 00:41:16,639 ] 85 root - INFO - Hypothesis ba_002: float64, float64 
[ 2023-01-10 00:41:16,649 ] 85 root - INFO - Hypothesis ba_003: float64, float64 
[ 2023-01-10 00:41:16,659 ] 85 root - INFO - Hypothesis ba_004: float64, float64 
[ 2023-01-10 00:41:16,669 ] 85 root - INFO - Hypothesis ba_005: float64, float64 
[ 2023-01-10 00:41:16,679 ] 85 root - INFO - Hypothesis ba_006: float64, float64 
[ 2023-01-10 00:41:16,689 ] 85 root - INFO - Hypothesis ba_007: float64, float64 
[ 2023-01-10 00:41:16,698 ] 85 root - INFO - Hypothesis ba_008: float64, float64 
[ 2023-01-10 00:41:16,738 ] 85 root - INFO - Hypothesis ba_009: float64, float64 
[ 2023-01-10 00:41:16,776 ] 85 root - INFO - Hypothesis bb_000: float64, float64 
[ 2023-01-10 00:41:16,786 ] 85 root - INFO - Hypothesis bc_000: float64, float64 
[ 2023-01-10 00:41:16,825 ] 85 root - INFO - Hypothesis bd_000: float64, float64 
[ 2023-01-10 00:41:16,833 ] 85 root - INFO - Hypothesis be_000: float64, float64 
[ 2023-01-10 00:41:16,842 ] 85 root - INFO - Hypothesis bf_000: float64, float64 
[ 2023-01-10 00:41:16,849 ] 85 root - INFO - Hypothesis bg_000: float64, float64 
[ 2023-01-10 00:41:16,859 ] 85 root - INFO - Hypothesis bh_000: float64, float64 
[ 2023-01-10 00:41:16,869 ] 85 root - INFO - Hypothesis bi_000: float64, float64 
[ 2023-01-10 00:41:16,880 ] 85 root - INFO - Hypothesis bj_000: float64, float64 
[ 2023-01-10 00:41:16,891 ] 85 root - INFO - Hypothesis bs_000: float64, float64 
[ 2023-01-10 00:41:16,901 ] 85 root - INFO - Hypothesis bt_000: float64, float64 
[ 2023-01-10 00:41:16,912 ] 85 root - INFO - Hypothesis bu_000: float64, float64 
[ 2023-01-10 00:41:16,922 ] 85 root - INFO - Hypothesis bv_000: float64, float64 
[ 2023-01-10 00:41:16,933 ] 85 root - INFO - Hypothesis bx_000: float64, float64 
[ 2023-01-10 00:41:16,945 ] 85 root - INFO - Hypothesis by_000: float64, float64 
[ 2023-01-10 00:41:16,955 ] 85 root - INFO - Hypothesis bz_000: float64, float64 
[ 2023-01-10 00:41:16,965 ] 85 root - INFO - Hypothesis ca_000: float64, float64 
[ 2023-01-10 00:41:16,976 ] 85 root - INFO - Hypothesis cb_000: float64, float64 
[ 2023-01-10 00:41:16,986 ] 85 root - INFO - Hypothesis cc_000: float64, float64 
[ 2023-01-10 00:41:16,997 ] 85 root - INFO - Hypothesis cd_000: float64, float64 
[ 2023-01-10 00:41:17,032 ] 85 root - INFO - Hypothesis ce_000: float64, float64 
[ 2023-01-10 00:41:17,042 ] 85 root - INFO - Hypothesis ci_000: float64, float64 
[ 2023-01-10 00:41:17,052 ] 85 root - INFO - Hypothesis cj_000: float64, float64 
[ 2023-01-10 00:41:17,090 ] 85 root - INFO - Hypothesis ck_000: float64, float64 
[ 2023-01-10 00:41:17,100 ] 85 root - INFO - Hypothesis cl_000: float64, float64 
[ 2023-01-10 00:41:17,106 ] 85 root - INFO - Hypothesis cm_000: float64, float64 
[ 2023-01-10 00:41:17,113 ] 85 root - INFO - Hypothesis cn_000: float64, float64 
[ 2023-01-10 00:41:17,148 ] 85 root - INFO - Hypothesis cn_001: float64, float64 
[ 2023-01-10 00:41:17,186 ] 85 root - INFO - Hypothesis cn_002: float64, float64 
[ 2023-01-10 00:41:17,194 ] 85 root - INFO - Hypothesis cn_003: float64, float64 
[ 2023-01-10 00:41:17,204 ] 85 root - INFO - Hypothesis cn_004: float64, float64 
[ 2023-01-10 00:41:17,215 ] 85 root - INFO - Hypothesis cn_005: float64, float64 
[ 2023-01-10 00:41:17,225 ] 85 root - INFO - Hypothesis cn_006: float64, float64 
[ 2023-01-10 00:41:17,235 ] 85 root - INFO - Hypothesis cn_007: float64, float64 
[ 2023-01-10 00:41:17,245 ] 85 root - INFO - Hypothesis cn_008: float64, float64 
[ 2023-01-10 00:41:17,254 ] 85 root - INFO - Hypothesis cn_009: float64, float64 
[ 2023-01-10 00:41:17,293 ] 85 root - INFO - Hypothesis cp_000: float64, float64 
[ 2023-01-10 00:41:17,332 ] 85 root - INFO - Hypothesis cq_000: float64, float64 
[ 2023-01-10 00:41:17,342 ] 85 root - INFO - Hypothesis cs_000: float64, float64 
[ 2023-01-10 00:41:17,353 ] 85 root - INFO - Hypothesis cs_001: float64, float64 
[ 2023-01-10 00:41:17,362 ] 85 root - INFO - Hypothesis cs_002: float64, float64 
[ 2023-01-10 00:41:17,371 ] 85 root - INFO - Hypothesis cs_003: float64, float64 
[ 2023-01-10 00:41:17,382 ] 85 root - INFO - Hypothesis cs_004: float64, float64 
[ 2023-01-10 00:41:17,392 ] 85 root - INFO - Hypothesis cs_005: float64, float64 
[ 2023-01-10 00:41:17,405 ] 85 root - INFO - Hypothesis cs_006: float64, float64 
[ 2023-01-10 00:41:17,415 ] 85 root - INFO - Hypothesis cs_007: float64, float64 
[ 2023-01-10 00:41:17,426 ] 85 root - INFO - Hypothesis cs_008: float64, float64 
[ 2023-01-10 00:41:17,465 ] 85 root - INFO - Hypothesis cs_009: float64, float64 
[ 2023-01-10 00:41:17,501 ] 85 root - INFO - Hypothesis dd_000: float64, float64 
[ 2023-01-10 00:41:17,510 ] 85 root - INFO - Hypothesis de_000: float64, float64 
[ 2023-01-10 00:41:17,519 ] 85 root - INFO - Hypothesis df_000: float64, float64 
[ 2023-01-10 00:41:17,555 ] 85 root - INFO - Hypothesis dg_000: float64, float64 
[ 2023-01-10 00:41:17,596 ] 85 root - INFO - Hypothesis dh_000: float64, float64 
[ 2023-01-10 00:41:17,601 ] 85 root - INFO - Hypothesis di_000: float64, float64 
[ 2023-01-10 00:41:17,639 ] 85 root - INFO - Hypothesis dj_000: float64, float64 
[ 2023-01-10 00:41:17,675 ] 85 root - INFO - Hypothesis dk_000: float64, float64 
[ 2023-01-10 00:41:17,711 ] 85 root - INFO - Hypothesis dl_000: float64, float64 
[ 2023-01-10 00:41:17,747 ] 85 root - INFO - Hypothesis dm_000: float64, float64 
[ 2023-01-10 00:41:17,783 ] 85 root - INFO - Hypothesis dn_000: float64, float64 
[ 2023-01-10 00:41:17,794 ] 85 root - INFO - Hypothesis do_000: float64, float64 
[ 2023-01-10 00:41:17,803 ] 85 root - INFO - Hypothesis dp_000: float64, float64 
[ 2023-01-10 00:41:17,812 ] 85 root - INFO - Hypothesis dq_000: float64, float64 
[ 2023-01-10 00:41:17,850 ] 85 root - INFO - Hypothesis dr_000: float64, float64 
[ 2023-01-10 00:41:17,888 ] 85 root - INFO - Hypothesis ds_000: float64, float64 
[ 2023-01-10 00:41:17,899 ] 85 root - INFO - Hypothesis dt_000: float64, float64 
[ 2023-01-10 00:41:17,909 ] 85 root - INFO - Hypothesis du_000: float64, float64 
[ 2023-01-10 00:41:17,919 ] 85 root - INFO - Hypothesis dv_000: float64, float64 
[ 2023-01-10 00:41:17,929 ] 85 root - INFO - Hypothesis dx_000: float64, float64 
[ 2023-01-10 00:41:17,969 ] 85 root - INFO - Hypothesis dy_000: float64, float64 
[ 2023-01-10 00:41:18,007 ] 85 root - INFO - Hypothesis dz_000: float64, float64 
[ 2023-01-10 00:41:18,042 ] 85 root - INFO - Hypothesis ea_000: float64, float64 
[ 2023-01-10 00:41:18,078 ] 85 root - INFO - Hypothesis eb_000: float64, float64 
[ 2023-01-10 00:41:18,087 ] 85 root - INFO - Hypothesis ec_00: float64, float64 
[ 2023-01-10 00:41:18,097 ] 85 root - INFO - Hypothesis ed_000: float64, float64 
[ 2023-01-10 00:41:18,106 ] 85 root - INFO - Hypothesis ee_000: float64, float64 
[ 2023-01-10 00:41:18,116 ] 85 root - INFO - Hypothesis ee_001: float64, float64 
[ 2023-01-10 00:41:18,127 ] 85 root - INFO - Hypothesis ee_002: float64, float64 
[ 2023-01-10 00:41:18,137 ] 85 root - INFO - Hypothesis ee_003: float64, float64 
[ 2023-01-10 00:41:18,147 ] 85 root - INFO - Hypothesis ee_004: float64, float64 
[ 2023-01-10 00:41:18,157 ] 85 root - INFO - Hypothesis ee_005: float64, float64 
[ 2023-01-10 00:41:18,167 ] 85 root - INFO - Hypothesis ee_006: float64, float64 
[ 2023-01-10 00:41:18,177 ] 85 root - INFO - Hypothesis ee_007: float64, float64 
[ 2023-01-10 00:41:18,187 ] 85 root - INFO - Hypothesis ee_008: float64, float64 
[ 2023-01-10 00:41:18,196 ] 85 root - INFO - Hypothesis ee_009: float64, float64 
[ 2023-01-10 00:41:18,203 ] 85 root - INFO - Hypothesis ef_000: float64, float64 
[ 2023-01-10 00:41:18,239 ] 85 root - INFO - Hypothesis eg_000: float64, float64 
[ 2023-01-10 00:41:18,275 ] 140 root - INFO - As all column are available in test df hence detecting data drift
[ 2023-01-10 00:41:18,275 ] 85 root - INFO - Hypothesis class: object, object 
[ 2023-01-10 00:41:18,349 ] 85 root - INFO - Hypothesis aa_000: float64, float64 
[ 2023-01-10 00:41:18,356 ] 85 root - INFO - Hypothesis ac_000: float64, float64 
[ 2023-01-10 00:41:18,362 ] 85 root - INFO - Hypothesis ae_000: float64, float64 
[ 2023-01-10 00:41:18,377 ] 85 root - INFO - Hypothesis af_000: float64, float64 
[ 2023-01-10 00:41:18,393 ] 85 root - INFO - Hypothesis ag_000: float64, float64 
[ 2023-01-10 00:41:18,407 ] 85 root - INFO - Hypothesis ag_001: float64, float64 
[ 2023-01-10 00:41:18,422 ] 85 root - INFO - Hypothesis ag_002: float64, float64 
[ 2023-01-10 00:41:18,425 ] 85 root - INFO - Hypothesis ag_003: float64, float64 
[ 2023-01-10 00:41:18,429 ] 85 root - INFO - Hypothesis ag_004: float64, float64 
[ 2023-01-10 00:41:18,436 ] 85 root - INFO - Hypothesis ag_005: float64, float64 
[ 2023-01-10 00:41:18,443 ] 85 root - INFO - Hypothesis ag_006: float64, float64 
[ 2023-01-10 00:41:18,450 ] 85 root - INFO - Hypothesis ag_007: float64, float64 
[ 2023-01-10 00:41:18,456 ] 85 root - INFO - Hypothesis ag_008: float64, float64 
[ 2023-01-10 00:41:18,462 ] 85 root - INFO - Hypothesis ag_009: float64, float64 
[ 2023-01-10 00:41:18,467 ] 85 root - INFO - Hypothesis ah_000: float64, float64 
[ 2023-01-10 00:41:18,473 ] 85 root - INFO - Hypothesis ai_000: float64, float64 
[ 2023-01-10 00:41:18,477 ] 85 root - INFO - Hypothesis aj_000: float64, float64 
[ 2023-01-10 00:41:18,481 ] 85 root - INFO - Hypothesis ak_000: float64, float64 
[ 2023-01-10 00:41:18,484 ] 85 root - INFO - Hypothesis al_000: float64, float64 
[ 2023-01-10 00:41:18,489 ] 85 root - INFO - Hypothesis am_0: float64, float64 
[ 2023-01-10 00:41:18,494 ] 85 root - INFO - Hypothesis an_000: float64, float64 
[ 2023-01-10 00:41:18,501 ] 85 root - INFO - Hypothesis ao_000: float64, float64 
[ 2023-01-10 00:41:18,509 ] 85 root - INFO - Hypothesis ap_000: float64, float64 
[ 2023-01-10 00:41:18,516 ] 85 root - INFO - Hypothesis aq_000: float64, float64 
[ 2023-01-10 00:41:18,523 ] 85 root - INFO - Hypothesis ar_000: float64, float64 
[ 2023-01-10 00:41:18,538 ] 85 root - INFO - Hypothesis as_000: float64, float64 
[ 2023-01-10 00:41:18,553 ] 85 root - INFO - Hypothesis at_000: float64, float64 
[ 2023-01-10 00:41:18,568 ] 85 root - INFO - Hypothesis au_000: float64, float64 
[ 2023-01-10 00:41:18,583 ] 85 root - INFO - Hypothesis av_000: float64, float64 
[ 2023-01-10 00:41:18,589 ] 85 root - INFO - Hypothesis ax_000: float64, float64 
[ 2023-01-10 00:41:18,594 ] 85 root - INFO - Hypothesis ay_000: float64, float64 
[ 2023-01-10 00:41:18,608 ] 85 root - INFO - Hypothesis ay_001: float64, float64 
[ 2023-01-10 00:41:18,623 ] 85 root - INFO - Hypothesis ay_002: float64, float64 
[ 2023-01-10 00:41:18,638 ] 85 root - INFO - Hypothesis ay_003: float64, float64 
[ 2023-01-10 00:41:18,652 ] 85 root - INFO - Hypothesis ay_004: float64, float64 
[ 2023-01-10 00:41:18,667 ] 85 root - INFO - Hypothesis ay_005: float64, float64 
[ 2023-01-10 00:41:18,672 ] 85 root - INFO - Hypothesis ay_006: float64, float64 
[ 2023-01-10 00:41:18,678 ] 85 root - INFO - Hypothesis ay_007: float64, float64 
[ 2023-01-10 00:41:18,685 ] 85 root - INFO - Hypothesis ay_008: float64, float64 
[ 2023-01-10 00:41:18,692 ] 85 root - INFO - Hypothesis ay_009: float64, float64 
[ 2023-01-10 00:41:18,706 ] 85 root - INFO - Hypothesis az_000: float64, float64 
[ 2023-01-10 00:41:18,713 ] 85 root - INFO - Hypothesis az_001: float64, float64 
[ 2023-01-10 00:41:18,719 ] 85 root - INFO - Hypothesis az_002: float64, float64 
[ 2023-01-10 00:41:18,726 ] 85 root - INFO - Hypothesis az_003: float64, float64 
[ 2023-01-10 00:41:18,732 ] 85 root - INFO - Hypothesis az_004: float64, float64 
[ 2023-01-10 00:41:18,739 ] 85 root - INFO - Hypothesis az_005: float64, float64 
[ 2023-01-10 00:41:18,746 ] 85 root - INFO - Hypothesis az_006: float64, float64 
[ 2023-01-10 00:41:18,752 ] 85 root - INFO - Hypothesis az_007: float64, float64 
[ 2023-01-10 00:41:18,757 ] 85 root - INFO - Hypothesis az_008: float64, float64 
[ 2023-01-10 00:41:18,772 ] 85 root - INFO - Hypothesis az_009: float64, float64 
[ 2023-01-10 00:41:18,787 ] 85 root - INFO - Hypothesis ba_000: float64, float64 
[ 2023-01-10 00:41:18,794 ] 85 root - INFO - Hypothesis ba_001: float64, float64 
[ 2023-01-10 00:41:18,801 ] 85 root - INFO - Hypothesis ba_002: float64, float64 
[ 2023-01-10 00:41:18,808 ] 85 root - INFO - Hypothesis ba_003: float64, float64 
[ 2023-01-10 00:41:18,816 ] 85 root - INFO - Hypothesis ba_004: float64, float64 
[ 2023-01-10 00:41:18,823 ] 85 root - INFO - Hypothesis ba_005: float64, float64 
[ 2023-01-10 00:41:18,830 ] 85 root - INFO - Hypothesis ba_006: float64, float64 
[ 2023-01-10 00:41:18,837 ] 85 root - INFO - Hypothesis ba_007: float64, float64 
[ 2023-01-10 00:41:18,843 ] 85 root - INFO - Hypothesis ba_008: float64, float64 
[ 2023-01-10 00:41:18,849 ] 85 root - INFO - Hypothesis ba_009: float64, float64 
[ 2023-01-10 00:41:18,853 ] 85 root - INFO - Hypothesis bb_000: float64, float64 
[ 2023-01-10 00:41:18,860 ] 85 root - INFO - Hypothesis bc_000: float64, float64 
[ 2023-01-10 00:41:18,865 ] 85 root - INFO - Hypothesis bd_000: float64, float64 
[ 2023-01-10 00:41:18,871 ] 85 root - INFO - Hypothesis be_000: float64, float64 
[ 2023-01-10 00:41:18,877 ] 85 root - INFO - Hypothesis bf_000: float64, float64 
[ 2023-01-10 00:41:18,882 ] 85 root - INFO - Hypothesis bg_000: float64, float64 
[ 2023-01-10 00:41:18,889 ] 85 root - INFO - Hypothesis bh_000: float64, float64 
[ 2023-01-10 00:41:18,896 ] 85 root - INFO - Hypothesis bi_000: float64, float64 
[ 2023-01-10 00:41:18,903 ] 85 root - INFO - Hypothesis bj_000: float64, float64 
[ 2023-01-10 00:41:18,910 ] 85 root - INFO - Hypothesis bs_000: float64, float64 
[ 2023-01-10 00:41:18,917 ] 85 root - INFO - Hypothesis bt_000: float64, float64 
[ 2023-01-10 00:41:18,924 ] 85 root - INFO - Hypothesis bu_000: float64, float64 
[ 2023-01-10 00:41:18,931 ] 85 root - INFO - Hypothesis bv_000: float64, float64 
[ 2023-01-10 00:41:18,939 ] 85 root - INFO - Hypothesis bx_000: float64, float64 
[ 2023-01-10 00:41:18,946 ] 85 root - INFO - Hypothesis by_000: float64, float64 
[ 2023-01-10 00:41:18,953 ] 85 root - INFO - Hypothesis bz_000: float64, float64 
[ 2023-01-10 00:41:18,960 ] 85 root - INFO - Hypothesis ca_000: float64, float64 
[ 2023-01-10 00:41:18,967 ] 85 root - INFO - Hypothesis cb_000: float64, float64 
[ 2023-01-10 00:41:18,974 ] 85 root - INFO - Hypothesis cc_000: float64, float64 
[ 2023-01-10 00:41:18,981 ] 85 root - INFO - Hypothesis cd_000: float64, float64 
[ 2023-01-10 00:41:18,996 ] 85 root - INFO - Hypothesis ce_000: float64, float64 
[ 2023-01-10 00:41:19,002 ] 85 root - INFO - Hypothesis ci_000: float64, float64 
[ 2023-01-10 00:41:19,009 ] 85 root - INFO - Hypothesis cj_000: float64, float64 
[ 2023-01-10 00:41:19,013 ] 85 root - INFO - Hypothesis ck_000: float64, float64 
[ 2023-01-10 00:41:19,020 ] 85 root - INFO - Hypothesis cl_000: float64, float64 
[ 2023-01-10 00:41:19,024 ] 85 root - INFO - Hypothesis cm_000: float64, float64 
[ 2023-01-10 00:41:19,029 ] 85 root - INFO - Hypothesis cn_000: float64, float64 
[ 2023-01-10 00:41:19,044 ] 85 root - INFO - Hypothesis cn_001: float64, float64 
[ 2023-01-10 00:41:19,048 ] 85 root - INFO - Hypothesis cn_002: float64, float64 
[ 2023-01-10 00:41:19,053 ] 85 root - INFO - Hypothesis cn_003: float64, float64 
[ 2023-01-10 00:41:19,060 ] 85 root - INFO - Hypothesis cn_004: float64, float64 
[ 2023-01-10 00:41:19,068 ] 85 root - INFO - Hypothesis cn_005: float64, float64 
[ 2023-01-10 00:41:19,074 ] 85 root - INFO - Hypothesis cn_006: float64, float64 
[ 2023-01-10 00:41:19,081 ] 85 root - INFO - Hypothesis cn_007: float64, float64 
[ 2023-01-10 00:41:19,088 ] 85 root - INFO - Hypothesis cn_008: float64, float64 
[ 2023-01-10 00:41:19,094 ] 85 root - INFO - Hypothesis cn_009: float64, float64 
[ 2023-01-10 00:41:19,099 ] 85 root - INFO - Hypothesis cp_000: float64, float64 
[ 2023-01-10 00:41:19,104 ] 85 root - INFO - Hypothesis cq_000: float64, float64 
[ 2023-01-10 00:41:19,111 ] 85 root - INFO - Hypothesis cs_000: float64, float64 
[ 2023-01-10 00:41:19,118 ] 85 root - INFO - Hypothesis cs_001: float64, float64 
[ 2023-01-10 00:41:19,123 ] 85 root - INFO - Hypothesis cs_002: float64, float64 
[ 2023-01-10 00:41:19,130 ] 85 root - INFO - Hypothesis cs_003: float64, float64 
[ 2023-01-10 00:41:19,137 ] 85 root - INFO - Hypothesis cs_004: float64, float64 
[ 2023-01-10 00:41:19,144 ] 85 root - INFO - Hypothesis cs_005: float64, float64 
[ 2023-01-10 00:41:19,151 ] 85 root - INFO - Hypothesis cs_006: float64, float64 
[ 2023-01-10 00:41:19,158 ] 85 root - INFO - Hypothesis cs_007: float64, float64 
[ 2023-01-10 00:41:19,165 ] 85 root - INFO - Hypothesis cs_008: float64, float64 
[ 2023-01-10 00:41:19,170 ] 85 root - INFO - Hypothesis cs_009: float64, float64 
[ 2023-01-10 00:41:19,185 ] 85 root - INFO - Hypothesis dd_000: float64, float64 
[ 2023-01-10 00:41:19,191 ] 85 root - INFO - Hypothesis de_000: float64, float64 
[ 2023-01-10 00:41:19,197 ] 85 root - INFO - Hypothesis df_000: float64, float64 
[ 2023-01-10 00:41:19,200 ] 85 root - INFO - Hypothesis dg_000: float64, float64 
[ 2023-01-10 00:41:19,203 ] 85 root - INFO - Hypothesis dh_000: float64, float64 
[ 2023-01-10 00:41:19,207 ] 85 root - INFO - Hypothesis di_000: float64, float64 
[ 2023-01-10 00:41:19,211 ] 85 root - INFO - Hypothesis dj_000: float64, float64 
[ 2023-01-10 00:41:19,226 ] 85 root - INFO - Hypothesis dk_000: float64, float64 
[ 2023-01-10 00:41:19,229 ] 85 root - INFO - Hypothesis dl_000: float64, float64 
[ 2023-01-10 00:41:19,245 ] 85 root - INFO - Hypothesis dm_000: float64, float64 
[ 2023-01-10 00:41:19,260 ] 85 root - INFO - Hypothesis dn_000: float64, float64 
[ 2023-01-10 00:41:19,267 ] 85 root - INFO - Hypothesis do_000: float64, float64 
[ 2023-01-10 00:41:19,273 ] 85 root - INFO - Hypothesis dp_000: float64, float64 
[ 2023-01-10 00:41:19,279 ] 85 root - INFO - Hypothesis dq_000: float64, float64 
[ 2023-01-10 00:41:19,283 ] 85 root - INFO - Hypothesis dr_000: float64, float64 
[ 2023-01-10 00:41:19,289 ] 85 root - INFO - Hypothesis ds_000: float64, float64 
[ 2023-01-10 00:41:19,296 ] 85 root - INFO - Hypothesis dt_000: float64, float64 
[ 2023-01-10 00:41:19,303 ] 85 root - INFO - Hypothesis du_000: float64, float64 
[ 2023-01-10 00:41:19,309 ] 85 root - INFO - Hypothesis dv_000: float64, float64 
[ 2023-01-10 00:41:19,316 ] 85 root - INFO - Hypothesis dx_000: float64, float64 
[ 2023-01-10 00:41:19,321 ] 85 root - INFO - Hypothesis dy_000: float64, float64 
[ 2023-01-10 00:41:19,326 ] 85 root - INFO - Hypothesis dz_000: float64, float64 
[ 2023-01-10 00:41:19,341 ] 85 root - INFO - Hypothesis ea_000: float64, float64 
[ 2023-01-10 00:41:19,356 ] 85 root - INFO - Hypothesis eb_000: float64, float64 
[ 2023-01-10 00:41:19,365 ] 85 root - INFO - Hypothesis ec_00: float64, float64 
[ 2023-01-10 00:41:19,373 ] 85 root - INFO - Hypothesis ed_000: float64, float64 
[ 2023-01-10 00:41:19,379 ] 85 root - INFO - Hypothesis ee_000: float64, float64 
[ 2023-01-10 00:41:19,387 ] 85 root - INFO - Hypothesis ee_001: float64, float64 
[ 2023-01-10 00:41:19,395 ] 85 root - INFO - Hypothesis ee_002: float64, float64 
[ 2023-01-10 00:41:19,403 ] 85 root - INFO - Hypothesis ee_003: float64, float64 
[ 2023-01-10 00:41:19,410 ] 85 root - INFO - Hypothesis ee_004: float64, float64 
[ 2023-01-10 00:41:19,417 ] 85 root - INFO - Hypothesis ee_005: float64, float64 
[ 2023-01-10 00:41:19,424 ] 85 root - INFO - Hypothesis ee_006: float64, float64 
[ 2023-01-10 00:41:19,431 ] 85 root - INFO - Hypothesis ee_007: float64, float64 
[ 2023-01-10 00:41:19,437 ] 85 root - INFO - Hypothesis ee_008: float64, float64 
[ 2023-01-10 00:41:19,443 ] 85 root - INFO - Hypothesis ee_009: float64, float64 
[ 2023-01-10 00:41:19,448 ] 85 root - INFO - Hypothesis ef_000: float64, float64 
[ 2023-01-10 00:41:19,463 ] 85 root - INFO - Hypothesis eg_000: float64, float64 
[ 2023-01-10 00:41:19,478 ] 144 root - INFO - Write reprt in yaml file
[ 2023-01-10 00:41:19,515 ] 148 root - INFO - Data validation artifact: DataValidationArtifact(report_file_path='/config/workspace/artifact/01102023__004054/data_validation/report.yaml')
[ 2023-01-10 00:41:20,422 ] 71 root - INFO - Before resampling in training set Input: (28950, 170) Target:(28950,)
[ 2023-01-10 00:41:25,618 ] 73 root - INFO - After resampling in training set Input: (56152, 170) Target:(56152,)
[ 2023-01-10 00:41:25,618 ] 75 root - INFO - Before resampling in testing set Input: (7238, 170) Target:(7238,)
[ 2023-01-10 00:41:26,185 ] 77 root - INFO - After resampling in testing set Input: (14072, 170) Target:(14072,)
[ 2023-01-10 00:41:26,304 ] 54 root - INFO - Entered the save_object method of utils
[ 2023-01-10 00:41:26,307 ] 58 root - INFO - Exited the save_object method of utils
[ 2023-01-10 00:41:26,307 ] 54 root - INFO - Entered the save_object method of utils
[ 2023-01-10 00:41:26,308 ] 58 root - INFO - Exited the save_object method of utils
[ 2023-01-10 00:41:26,308 ] 108 root - INFO - Data transformation object DataTransformationArtifact(transform_object_path='/config/workspace/artifact/01102023__004054/data_transformation/transformer/transformer.pkl', transformed_train_path='/config/workspace/artifact/01102023__004054/data_transformation/transformed/train.npz', transformed_test_path='/config/workspace/artifact/01102023__004054/data_transformation/transformed/test.npz', target_encoder_path='/config/workspace/artifact/01102023__004054/data_transformation/target_encoder/target_encoder.pkl')
[ 2023-01-10 00:41:26,309 ] 16 root - INFO - >>>>>>>>>>>>>>>>>>>>>>>>>>>>>>>>>>>>>>>> Model Trainer <<<<<<<<<<<<<<<<<<<<<<<<<<<<<<<<<<<<<<<<
[ 2023-01-10 00:41:26,309 ] 45 root - INFO - Loading train and test array.
[ 2023-01-10 00:41:26,339 ] 49 root - INFO - Splitting input and target feature from both train and test arr.
[ 2023-01-10 00:41:26,339 ] 53 root - INFO - Train the model
[ 2023-01-10 00:41:36,479 ] 56 root - INFO - Calculating f1 train score
[ 2023-01-10 00:41:36,537 ] 60 root - INFO - Calculating f1 test score
[ 2023-01-10 00:41:36,554 ] 64 root - INFO - train score:0.9999821908781678 and tests score 0.9694011365292147
[ 2023-01-10 00:41:36,554 ] 66 root - INFO - Checking if our model is underfitting or not
[ 2023-01-10 00:41:36,554 ] 71 root - INFO - Checking if our model is overfiiting or not
[ 2023-01-10 00:41:36,554 ] 78 root - INFO - Saving mode object
[ 2023-01-10 00:41:36,554 ] 54 root - INFO - Entered the save_object method of utils
[ 2023-01-10 00:41:36,561 ] 58 root - INFO - Exited the save_object method of utils
[ 2023-01-10 00:41:36,561 ] 82 root - INFO - Prepare the artifact
[ 2023-01-10 00:41:36,561 ] 85 root - INFO - Model trainer artifact: ModelTrainerArtifact(model_path='/config/workspace/artifact/01102023__004054/model_trainer/model/model.pkl', f1_train_score=0.9999821908781678, f1_test_score=0.9694011365292147)
[ 2023-01-10 00:41:36,563 ] 19 root - INFO - >>>>>>>>>>>>>>>>>>>>>>>>>>>>>>>>>>>>>>>>  Model Evaluation <<<<<<<<<<<<<<<<<<<<<<<<<<<<<<<<<<<<<<<<
[ 2023-01-10 00:41:36,563 ] 35 root - INFO - if saved model folder has model the we will compare which model is best trained or the model from saved model folder
[ 2023-01-10 00:41:36,563 ] 46 root - INFO - Finding location of transformer model and target encoder
[ 2023-01-10 00:41:36,563 ] 51 root - INFO - Previous trained objects of transformer, model and target encoder
[ 2023-01-10 00:41:36,569 ] 58 root - INFO - Currently trained model objects
[ 2023-01-10 00:41:36,787 ] 76 root - INFO - Accuracy using previous trained model: 0.8
[ 2023-01-10 00:41:36,831 ] 85 root - INFO - Accuracy using current trained model: 0.8
[ 2023-01-10 00:41:36,831 ] 87 root - INFO - Current trained model is not better than previous model
