[ 2023-01-10 01:09:40,987 ] 15 root - INFO - >>>>>>>>>>>>>>>>>>>>>>>>>>>>>>>>>>>>>>>> Data Ingestion <<<<<<<<<<<<<<<<<<<<<<<<<<<<<<<<<<<<<<<<
[ 2023-01-10 01:09:40,987 ] 22 root - INFO - Exporting collection data as pandas dataframe
[ 2023-01-10 01:09:40,987 ] 21 root - INFO - Reading data from database: aps and collection: sensor
[ 2023-01-10 01:09:44,716 ] 23 root - INFO - Found columns: Index(['_id', 'class', 'aa_000', 'ab_000', 'ac_000', 'ad_000', 'ae_000',
       'af_000', 'ag_000', 'ag_001',
       ...
       'ee_002', 'ee_003', 'ee_004', 'ee_005', 'ee_006', 'ee_007', 'ee_008',
       'ee_009', 'ef_000', 'eg_000'],
      dtype='object', length=172)
[ 2023-01-10 01:09:44,717 ] 25 root - INFO - Dropping column: _id 
[ 2023-01-10 01:09:44,917 ] 27 root - INFO - Row and columns in df: (36188, 171)
[ 2023-01-10 01:09:44,917 ] 28 root - INFO - Save data in feature store
[ 2023-01-10 01:09:45,486 ] 34 root - INFO - Create feature store folder if not available
[ 2023-01-10 01:09:45,486 ] 38 root - INFO - Save df to feature store folder
[ 2023-01-10 01:09:47,980 ] 43 root - INFO - split dataset into train and test set
[ 2023-01-10 01:09:48,623 ] 47 root - INFO - create dataset directory folder if not available
[ 2023-01-10 01:09:48,623 ] 52 root - INFO - Save df to feature store folder
[ 2023-01-10 01:09:50,901 ] 64 root - INFO - Data ingestion artifact: DataIngestionArtifact(feature_store_file_path='/config/workspace/artifact/01102023__010940/data_ingestion/feature_store/sensor.csv', train_file_path='/config/workspace/artifact/01102023__010940/data_ingestion/dataset/train.csv', test_file_path='/config/workspace/artifact/01102023__010940/data_ingestion/dataset/test.csv')
[ 2023-01-10 01:09:51,386 ] 20 root - INFO - >>>>>>>>>>>>>>>>>>>>>>>>>>>>>>>>>>>>>>>>Data Validation <<<<<<<<<<<<<<<<<<<<<<<<<<<<<<<<<<<<<<<<
[ 2023-01-10 01:09:51,387 ] 107 root - INFO - Reading base dataframe
[ 2023-01-10 01:09:53,009 ] 109 root - INFO - Replace na value with NaN
[ 2023-01-10 01:09:54,326 ] 112 root - INFO - Drop null values column from base df
[ 2023-01-10 01:09:55,259 ] 42 root - INFO - selecting column name which contains null above to 0.2
[ 2023-01-10 01:09:55,260 ] 45 root - INFO - Columns to drop: ['ab_000', 'ad_000', 'bk_000', 'bl_000', 'bm_000', 'bn_000', 'bo_000', 'bp_000', 'bq_000', 'br_000', 'cf_000', 'cg_000', 'ch_000', 'co_000', 'cr_000', 'ct_000', 'cu_000', 'cv_000', 'cx_000', 'cy_000', 'cz_000', 'da_000', 'db_000', 'dc_000']
[ 2023-01-10 01:09:55,348 ] 115 root - INFO - Reading train dataframe
[ 2023-01-10 01:09:55,755 ] 117 root - INFO - Reading test dataframe
[ 2023-01-10 01:09:55,856 ] 120 root - INFO - Drop null values columns from train df
[ 2023-01-10 01:09:55,867 ] 42 root - INFO - selecting column name which contains null above to 0.2
[ 2023-01-10 01:09:55,868 ] 45 root - INFO - Columns to drop: ['ab_000', 'ad_000', 'bk_000', 'bl_000', 'bm_000', 'bn_000', 'bo_000', 'bp_000', 'bq_000', 'br_000', 'cf_000', 'cg_000', 'ch_000', 'co_000', 'cr_000', 'ct_000', 'cu_000', 'cv_000', 'cx_000', 'cy_000', 'cz_000', 'da_000', 'db_000', 'dc_000']
[ 2023-01-10 01:09:55,879 ] 122 root - INFO - Drop null values columns from test df
[ 2023-01-10 01:09:55,883 ] 42 root - INFO - selecting column name which contains null above to 0.2
[ 2023-01-10 01:09:55,884 ] 45 root - INFO - Columns to drop: ['ab_000', 'ad_000', 'bk_000', 'bl_000', 'bm_000', 'bn_000', 'bo_000', 'bp_000', 'bq_000', 'br_000', 'cf_000', 'cg_000', 'ch_000', 'co_000', 'cr_000', 'ct_000', 'cu_000', 'cv_000', 'cx_000', 'cy_000', 'cz_000', 'da_000', 'db_000', 'dc_000']
[ 2023-01-10 01:10:01,765 ] 130 root - INFO - Is all required columns present in train df
[ 2023-01-10 01:10:01,766 ] 132 root - INFO - Is all required columns present in test df
[ 2023-01-10 01:10:01,766 ] 136 root - INFO - As all column are available in train df hence detecting data drift
[ 2023-01-10 01:10:01,766 ] 85 root - INFO - Hypothesis class: object, object 
[ 2023-01-10 01:10:01,897 ] 85 root - INFO - Hypothesis aa_000: float64, float64 
[ 2023-01-10 01:10:01,908 ] 85 root - INFO - Hypothesis ac_000: float64, float64 
[ 2023-01-10 01:10:01,947 ] 85 root - INFO - Hypothesis ae_000: float64, float64 
[ 2023-01-10 01:10:01,983 ] 85 root - INFO - Hypothesis af_000: float64, float64 
[ 2023-01-10 01:10:02,019 ] 85 root - INFO - Hypothesis ag_000: float64, float64 
[ 2023-01-10 01:10:02,054 ] 85 root - INFO - Hypothesis ag_001: float64, float64 
[ 2023-01-10 01:10:02,091 ] 85 root - INFO - Hypothesis ag_002: float64, float64 
[ 2023-01-10 01:10:02,128 ] 85 root - INFO - Hypothesis ag_003: float64, float64 
[ 2023-01-10 01:10:02,134 ] 85 root - INFO - Hypothesis ag_004: float64, float64 
[ 2023-01-10 01:10:02,144 ] 85 root - INFO - Hypothesis ag_005: float64, float64 
[ 2023-01-10 01:10:02,155 ] 85 root - INFO - Hypothesis ag_006: float64, float64 
[ 2023-01-10 01:10:02,166 ] 85 root - INFO - Hypothesis ag_007: float64, float64 
[ 2023-01-10 01:10:02,175 ] 85 root - INFO - Hypothesis ag_008: float64, float64 
[ 2023-01-10 01:10:02,184 ] 85 root - INFO - Hypothesis ag_009: float64, float64 
[ 2023-01-10 01:10:02,191 ] 85 root - INFO - Hypothesis ah_000: float64, float64 
[ 2023-01-10 01:10:02,201 ] 85 root - INFO - Hypothesis ai_000: float64, float64 
[ 2023-01-10 01:10:02,238 ] 85 root - INFO - Hypothesis aj_000: float64, float64 
[ 2023-01-10 01:10:02,244 ] 85 root - INFO - Hypothesis ak_000: float64, float64 
[ 2023-01-10 01:10:02,283 ] 85 root - INFO - Hypothesis al_000: float64, float64 
[ 2023-01-10 01:10:02,291 ] 85 root - INFO - Hypothesis am_0: float64, float64 
[ 2023-01-10 01:10:02,298 ] 85 root - INFO - Hypothesis an_000: float64, float64 
[ 2023-01-10 01:10:02,309 ] 85 root - INFO - Hypothesis ao_000: float64, float64 
[ 2023-01-10 01:10:02,319 ] 85 root - INFO - Hypothesis ap_000: float64, float64 
[ 2023-01-10 01:10:02,330 ] 85 root - INFO - Hypothesis aq_000: float64, float64 
[ 2023-01-10 01:10:02,341 ] 85 root - INFO - Hypothesis ar_000: float64, float64 
[ 2023-01-10 01:10:02,378 ] 85 root - INFO - Hypothesis as_000: float64, float64 
[ 2023-01-10 01:10:02,414 ] 85 root - INFO - Hypothesis at_000: float64, float64 
[ 2023-01-10 01:10:02,450 ] 85 root - INFO - Hypothesis au_000: float64, float64 
[ 2023-01-10 01:10:02,486 ] 85 root - INFO - Hypothesis av_000: float64, float64 
[ 2023-01-10 01:10:02,494 ] 85 root - INFO - Hypothesis ax_000: float64, float64 
[ 2023-01-10 01:10:02,502 ] 85 root - INFO - Hypothesis ay_000: float64, float64 
[ 2023-01-10 01:10:02,538 ] 85 root - INFO - Hypothesis ay_001: float64, float64 
[ 2023-01-10 01:10:02,574 ] 85 root - INFO - Hypothesis ay_002: float64, float64 
[ 2023-01-10 01:10:02,610 ] 85 root - INFO - Hypothesis ay_003: float64, float64 
[ 2023-01-10 01:10:02,645 ] 85 root - INFO - Hypothesis ay_004: float64, float64 
[ 2023-01-10 01:10:02,681 ] 85 root - INFO - Hypothesis ay_005: float64, float64 
[ 2023-01-10 01:10:02,722 ] 85 root - INFO - Hypothesis ay_006: float64, float64 
[ 2023-01-10 01:10:02,731 ] 85 root - INFO - Hypothesis ay_007: float64, float64 
[ 2023-01-10 01:10:02,742 ] 85 root - INFO - Hypothesis ay_008: float64, float64 
[ 2023-01-10 01:10:02,752 ] 85 root - INFO - Hypothesis ay_009: float64, float64 
[ 2023-01-10 01:10:02,788 ] 85 root - INFO - Hypothesis az_000: float64, float64 
[ 2023-01-10 01:10:02,798 ] 85 root - INFO - Hypothesis az_001: float64, float64 
[ 2023-01-10 01:10:02,807 ] 85 root - INFO - Hypothesis az_002: float64, float64 
[ 2023-01-10 01:10:02,818 ] 85 root - INFO - Hypothesis az_003: float64, float64 
[ 2023-01-10 01:10:02,828 ] 85 root - INFO - Hypothesis az_004: float64, float64 
[ 2023-01-10 01:10:02,838 ] 85 root - INFO - Hypothesis az_005: float64, float64 
[ 2023-01-10 01:10:02,849 ] 85 root - INFO - Hypothesis az_006: float64, float64 
[ 2023-01-10 01:10:02,890 ] 85 root - INFO - Hypothesis az_007: float64, float64 
[ 2023-01-10 01:10:02,931 ] 85 root - INFO - Hypothesis az_008: float64, float64 
[ 2023-01-10 01:10:02,968 ] 85 root - INFO - Hypothesis az_009: float64, float64 
[ 2023-01-10 01:10:03,004 ] 85 root - INFO - Hypothesis ba_000: float64, float64 
[ 2023-01-10 01:10:03,015 ] 85 root - INFO - Hypothesis ba_001: float64, float64 
[ 2023-01-10 01:10:03,025 ] 85 root - INFO - Hypothesis ba_002: float64, float64 
[ 2023-01-10 01:10:03,036 ] 85 root - INFO - Hypothesis ba_003: float64, float64 
[ 2023-01-10 01:10:03,046 ] 85 root - INFO - Hypothesis ba_004: float64, float64 
[ 2023-01-10 01:10:03,056 ] 85 root - INFO - Hypothesis ba_005: float64, float64 
[ 2023-01-10 01:10:03,066 ] 85 root - INFO - Hypothesis ba_006: float64, float64 
[ 2023-01-10 01:10:03,076 ] 85 root - INFO - Hypothesis ba_007: float64, float64 
[ 2023-01-10 01:10:03,086 ] 85 root - INFO - Hypothesis ba_008: float64, float64 
[ 2023-01-10 01:10:03,126 ] 85 root - INFO - Hypothesis ba_009: float64, float64 
[ 2023-01-10 01:10:03,166 ] 85 root - INFO - Hypothesis bb_000: float64, float64 
[ 2023-01-10 01:10:03,176 ] 85 root - INFO - Hypothesis bc_000: float64, float64 
[ 2023-01-10 01:10:03,216 ] 85 root - INFO - Hypothesis bd_000: float64, float64 
[ 2023-01-10 01:10:03,225 ] 85 root - INFO - Hypothesis be_000: float64, float64 
[ 2023-01-10 01:10:03,233 ] 85 root - INFO - Hypothesis bf_000: float64, float64 
[ 2023-01-10 01:10:03,240 ] 85 root - INFO - Hypothesis bg_000: float64, float64 
[ 2023-01-10 01:10:03,251 ] 85 root - INFO - Hypothesis bh_000: float64, float64 
[ 2023-01-10 01:10:03,261 ] 85 root - INFO - Hypothesis bi_000: float64, float64 
[ 2023-01-10 01:10:03,272 ] 85 root - INFO - Hypothesis bj_000: float64, float64 
[ 2023-01-10 01:10:03,283 ] 85 root - INFO - Hypothesis bs_000: float64, float64 
[ 2023-01-10 01:10:03,294 ] 85 root - INFO - Hypothesis bt_000: float64, float64 
[ 2023-01-10 01:10:03,306 ] 85 root - INFO - Hypothesis bu_000: float64, float64 
[ 2023-01-10 01:10:03,317 ] 85 root - INFO - Hypothesis bv_000: float64, float64 
[ 2023-01-10 01:10:03,330 ] 85 root - INFO - Hypothesis bx_000: float64, float64 
[ 2023-01-10 01:10:03,340 ] 85 root - INFO - Hypothesis by_000: float64, float64 
[ 2023-01-10 01:10:03,351 ] 85 root - INFO - Hypothesis bz_000: float64, float64 
[ 2023-01-10 01:10:03,360 ] 85 root - INFO - Hypothesis ca_000: float64, float64 
[ 2023-01-10 01:10:03,370 ] 85 root - INFO - Hypothesis cb_000: float64, float64 
[ 2023-01-10 01:10:03,382 ] 85 root - INFO - Hypothesis cc_000: float64, float64 
[ 2023-01-10 01:10:03,392 ] 85 root - INFO - Hypothesis cd_000: float64, float64 
[ 2023-01-10 01:10:03,429 ] 85 root - INFO - Hypothesis ce_000: float64, float64 
[ 2023-01-10 01:10:03,439 ] 85 root - INFO - Hypothesis ci_000: float64, float64 
[ 2023-01-10 01:10:03,449 ] 85 root - INFO - Hypothesis cj_000: float64, float64 
[ 2023-01-10 01:10:03,487 ] 85 root - INFO - Hypothesis ck_000: float64, float64 
[ 2023-01-10 01:10:03,498 ] 85 root - INFO - Hypothesis cl_000: float64, float64 
[ 2023-01-10 01:10:03,504 ] 85 root - INFO - Hypothesis cm_000: float64, float64 
[ 2023-01-10 01:10:03,511 ] 85 root - INFO - Hypothesis cn_000: float64, float64 
[ 2023-01-10 01:10:03,547 ] 85 root - INFO - Hypothesis cn_001: float64, float64 
[ 2023-01-10 01:10:03,585 ] 85 root - INFO - Hypothesis cn_002: float64, float64 
[ 2023-01-10 01:10:03,593 ] 85 root - INFO - Hypothesis cn_003: float64, float64 
[ 2023-01-10 01:10:03,605 ] 85 root - INFO - Hypothesis cn_004: float64, float64 
[ 2023-01-10 01:10:03,616 ] 85 root - INFO - Hypothesis cn_005: float64, float64 
[ 2023-01-10 01:10:03,626 ] 85 root - INFO - Hypothesis cn_006: float64, float64 
[ 2023-01-10 01:10:03,636 ] 85 root - INFO - Hypothesis cn_007: float64, float64 
[ 2023-01-10 01:10:03,646 ] 85 root - INFO - Hypothesis cn_008: float64, float64 
[ 2023-01-10 01:10:03,655 ] 85 root - INFO - Hypothesis cn_009: float64, float64 
[ 2023-01-10 01:10:03,695 ] 85 root - INFO - Hypothesis cp_000: float64, float64 
[ 2023-01-10 01:10:03,734 ] 85 root - INFO - Hypothesis cq_000: float64, float64 
[ 2023-01-10 01:10:03,744 ] 85 root - INFO - Hypothesis cs_000: float64, float64 
[ 2023-01-10 01:10:03,754 ] 85 root - INFO - Hypothesis cs_001: float64, float64 
[ 2023-01-10 01:10:03,763 ] 85 root - INFO - Hypothesis cs_002: float64, float64 
[ 2023-01-10 01:10:03,773 ] 85 root - INFO - Hypothesis cs_003: float64, float64 
[ 2023-01-10 01:10:03,783 ] 85 root - INFO - Hypothesis cs_004: float64, float64 
[ 2023-01-10 01:10:03,794 ] 85 root - INFO - Hypothesis cs_005: float64, float64 
[ 2023-01-10 01:10:03,804 ] 85 root - INFO - Hypothesis cs_006: float64, float64 
[ 2023-01-10 01:10:03,815 ] 85 root - INFO - Hypothesis cs_007: float64, float64 
[ 2023-01-10 01:10:03,825 ] 85 root - INFO - Hypothesis cs_008: float64, float64 
[ 2023-01-10 01:10:03,865 ] 85 root - INFO - Hypothesis cs_009: float64, float64 
[ 2023-01-10 01:10:03,901 ] 85 root - INFO - Hypothesis dd_000: float64, float64 
[ 2023-01-10 01:10:03,910 ] 85 root - INFO - Hypothesis de_000: float64, float64 
[ 2023-01-10 01:10:03,919 ] 85 root - INFO - Hypothesis df_000: float64, float64 
[ 2023-01-10 01:10:03,955 ] 85 root - INFO - Hypothesis dg_000: float64, float64 
[ 2023-01-10 01:10:03,992 ] 85 root - INFO - Hypothesis dh_000: float64, float64 
[ 2023-01-10 01:10:03,997 ] 85 root - INFO - Hypothesis di_000: float64, float64 
[ 2023-01-10 01:10:04,038 ] 85 root - INFO - Hypothesis dj_000: float64, float64 
[ 2023-01-10 01:10:04,075 ] 85 root - INFO - Hypothesis dk_000: float64, float64 
[ 2023-01-10 01:10:04,111 ] 85 root - INFO - Hypothesis dl_000: float64, float64 
[ 2023-01-10 01:10:04,147 ] 85 root - INFO - Hypothesis dm_000: float64, float64 
[ 2023-01-10 01:10:04,185 ] 85 root - INFO - Hypothesis dn_000: float64, float64 
[ 2023-01-10 01:10:04,196 ] 85 root - INFO - Hypothesis do_000: float64, float64 
[ 2023-01-10 01:10:04,206 ] 85 root - INFO - Hypothesis dp_000: float64, float64 
[ 2023-01-10 01:10:04,215 ] 85 root - INFO - Hypothesis dq_000: float64, float64 
[ 2023-01-10 01:10:04,254 ] 85 root - INFO - Hypothesis dr_000: float64, float64 
[ 2023-01-10 01:10:04,293 ] 85 root - INFO - Hypothesis ds_000: float64, float64 
[ 2023-01-10 01:10:04,304 ] 85 root - INFO - Hypothesis dt_000: float64, float64 
[ 2023-01-10 01:10:04,314 ] 85 root - INFO - Hypothesis du_000: float64, float64 
[ 2023-01-10 01:10:04,324 ] 85 root - INFO - Hypothesis dv_000: float64, float64 
[ 2023-01-10 01:10:04,335 ] 85 root - INFO - Hypothesis dx_000: float64, float64 
[ 2023-01-10 01:10:04,375 ] 85 root - INFO - Hypothesis dy_000: float64, float64 
[ 2023-01-10 01:10:04,414 ] 85 root - INFO - Hypothesis dz_000: float64, float64 
[ 2023-01-10 01:10:04,451 ] 85 root - INFO - Hypothesis ea_000: float64, float64 
[ 2023-01-10 01:10:04,487 ] 85 root - INFO - Hypothesis eb_000: float64, float64 
[ 2023-01-10 01:10:04,496 ] 85 root - INFO - Hypothesis ec_00: float64, float64 
[ 2023-01-10 01:10:04,506 ] 85 root - INFO - Hypothesis ed_000: float64, float64 
[ 2023-01-10 01:10:04,514 ] 85 root - INFO - Hypothesis ee_000: float64, float64 
[ 2023-01-10 01:10:04,525 ] 85 root - INFO - Hypothesis ee_001: float64, float64 
[ 2023-01-10 01:10:04,535 ] 85 root - INFO - Hypothesis ee_002: float64, float64 
[ 2023-01-10 01:10:04,546 ] 85 root - INFO - Hypothesis ee_003: float64, float64 
[ 2023-01-10 01:10:04,556 ] 85 root - INFO - Hypothesis ee_004: float64, float64 
[ 2023-01-10 01:10:04,566 ] 85 root - INFO - Hypothesis ee_005: float64, float64 
[ 2023-01-10 01:10:04,576 ] 85 root - INFO - Hypothesis ee_006: float64, float64 
[ 2023-01-10 01:10:04,586 ] 85 root - INFO - Hypothesis ee_007: float64, float64 
[ 2023-01-10 01:10:04,596 ] 85 root - INFO - Hypothesis ee_008: float64, float64 
[ 2023-01-10 01:10:04,605 ] 85 root - INFO - Hypothesis ee_009: float64, float64 
[ 2023-01-10 01:10:04,613 ] 85 root - INFO - Hypothesis ef_000: float64, float64 
[ 2023-01-10 01:10:04,649 ] 85 root - INFO - Hypothesis eg_000: float64, float64 
[ 2023-01-10 01:10:04,685 ] 140 root - INFO - As all column are available in test df hence detecting data drift
[ 2023-01-10 01:10:04,685 ] 85 root - INFO - Hypothesis class: object, object 
[ 2023-01-10 01:10:04,762 ] 85 root - INFO - Hypothesis aa_000: float64, float64 
[ 2023-01-10 01:10:04,769 ] 85 root - INFO - Hypothesis ac_000: float64, float64 
[ 2023-01-10 01:10:04,774 ] 85 root - INFO - Hypothesis ae_000: float64, float64 
[ 2023-01-10 01:10:04,789 ] 85 root - INFO - Hypothesis af_000: float64, float64 
[ 2023-01-10 01:10:04,805 ] 85 root - INFO - Hypothesis ag_000: float64, float64 
[ 2023-01-10 01:10:04,820 ] 85 root - INFO - Hypothesis ag_001: float64, float64 
[ 2023-01-10 01:10:04,835 ] 85 root - INFO - Hypothesis ag_002: float64, float64 
[ 2023-01-10 01:10:04,838 ] 85 root - INFO - Hypothesis ag_003: float64, float64 
[ 2023-01-10 01:10:04,842 ] 85 root - INFO - Hypothesis ag_004: float64, float64 
[ 2023-01-10 01:10:04,849 ] 85 root - INFO - Hypothesis ag_005: float64, float64 
[ 2023-01-10 01:10:04,856 ] 85 root - INFO - Hypothesis ag_006: float64, float64 
[ 2023-01-10 01:10:04,863 ] 85 root - INFO - Hypothesis ag_007: float64, float64 
[ 2023-01-10 01:10:04,869 ] 85 root - INFO - Hypothesis ag_008: float64, float64 
[ 2023-01-10 01:10:04,875 ] 85 root - INFO - Hypothesis ag_009: float64, float64 
[ 2023-01-10 01:10:04,880 ] 85 root - INFO - Hypothesis ah_000: float64, float64 
[ 2023-01-10 01:10:04,887 ] 85 root - INFO - Hypothesis ai_000: float64, float64 
[ 2023-01-10 01:10:04,890 ] 85 root - INFO - Hypothesis aj_000: float64, float64 
[ 2023-01-10 01:10:04,894 ] 85 root - INFO - Hypothesis ak_000: float64, float64 
[ 2023-01-10 01:10:04,897 ] 85 root - INFO - Hypothesis al_000: float64, float64 
[ 2023-01-10 01:10:04,902 ] 85 root - INFO - Hypothesis am_0: float64, float64 
[ 2023-01-10 01:10:04,907 ] 85 root - INFO - Hypothesis an_000: float64, float64 
[ 2023-01-10 01:10:04,914 ] 85 root - INFO - Hypothesis ao_000: float64, float64 
[ 2023-01-10 01:10:04,921 ] 85 root - INFO - Hypothesis ap_000: float64, float64 
[ 2023-01-10 01:10:04,928 ] 85 root - INFO - Hypothesis aq_000: float64, float64 
[ 2023-01-10 01:10:04,936 ] 85 root - INFO - Hypothesis ar_000: float64, float64 
[ 2023-01-10 01:10:04,951 ] 85 root - INFO - Hypothesis as_000: float64, float64 
[ 2023-01-10 01:10:04,966 ] 85 root - INFO - Hypothesis at_000: float64, float64 
[ 2023-01-10 01:10:04,982 ] 85 root - INFO - Hypothesis au_000: float64, float64 
[ 2023-01-10 01:10:04,997 ] 85 root - INFO - Hypothesis av_000: float64, float64 
[ 2023-01-10 01:10:05,002 ] 85 root - INFO - Hypothesis ax_000: float64, float64 
[ 2023-01-10 01:10:05,008 ] 85 root - INFO - Hypothesis ay_000: float64, float64 
[ 2023-01-10 01:10:05,023 ] 85 root - INFO - Hypothesis ay_001: float64, float64 
[ 2023-01-10 01:10:05,038 ] 85 root - INFO - Hypothesis ay_002: float64, float64 
[ 2023-01-10 01:10:05,054 ] 85 root - INFO - Hypothesis ay_003: float64, float64 
[ 2023-01-10 01:10:05,069 ] 85 root - INFO - Hypothesis ay_004: float64, float64 
[ 2023-01-10 01:10:05,084 ] 85 root - INFO - Hypothesis ay_005: float64, float64 
[ 2023-01-10 01:10:05,089 ] 85 root - INFO - Hypothesis ay_006: float64, float64 
[ 2023-01-10 01:10:05,096 ] 85 root - INFO - Hypothesis ay_007: float64, float64 
[ 2023-01-10 01:10:05,102 ] 85 root - INFO - Hypothesis ay_008: float64, float64 
[ 2023-01-10 01:10:05,109 ] 85 root - INFO - Hypothesis ay_009: float64, float64 
[ 2023-01-10 01:10:05,124 ] 85 root - INFO - Hypothesis az_000: float64, float64 
[ 2023-01-10 01:10:05,130 ] 85 root - INFO - Hypothesis az_001: float64, float64 
[ 2023-01-10 01:10:05,137 ] 85 root - INFO - Hypothesis az_002: float64, float64 
[ 2023-01-10 01:10:05,143 ] 85 root - INFO - Hypothesis az_003: float64, float64 
[ 2023-01-10 01:10:05,150 ] 85 root - INFO - Hypothesis az_004: float64, float64 
[ 2023-01-10 01:10:05,157 ] 85 root - INFO - Hypothesis az_005: float64, float64 
[ 2023-01-10 01:10:05,164 ] 85 root - INFO - Hypothesis az_006: float64, float64 
[ 2023-01-10 01:10:05,170 ] 85 root - INFO - Hypothesis az_007: float64, float64 
[ 2023-01-10 01:10:05,174 ] 85 root - INFO - Hypothesis az_008: float64, float64 
[ 2023-01-10 01:10:05,189 ] 85 root - INFO - Hypothesis az_009: float64, float64 
[ 2023-01-10 01:10:05,205 ] 85 root - INFO - Hypothesis ba_000: float64, float64 
[ 2023-01-10 01:10:05,212 ] 85 root - INFO - Hypothesis ba_001: float64, float64 
[ 2023-01-10 01:10:05,219 ] 85 root - INFO - Hypothesis ba_002: float64, float64 
[ 2023-01-10 01:10:05,226 ] 85 root - INFO - Hypothesis ba_003: float64, float64 
[ 2023-01-10 01:10:05,232 ] 85 root - INFO - Hypothesis ba_004: float64, float64 
[ 2023-01-10 01:10:05,239 ] 85 root - INFO - Hypothesis ba_005: float64, float64 
[ 2023-01-10 01:10:05,246 ] 85 root - INFO - Hypothesis ba_006: float64, float64 
[ 2023-01-10 01:10:05,253 ] 85 root - INFO - Hypothesis ba_007: float64, float64 
[ 2023-01-10 01:10:05,259 ] 85 root - INFO - Hypothesis ba_008: float64, float64 
[ 2023-01-10 01:10:05,265 ] 85 root - INFO - Hypothesis ba_009: float64, float64 
[ 2023-01-10 01:10:05,269 ] 85 root - INFO - Hypothesis bb_000: float64, float64 
[ 2023-01-10 01:10:05,276 ] 85 root - INFO - Hypothesis bc_000: float64, float64 
[ 2023-01-10 01:10:05,281 ] 85 root - INFO - Hypothesis bd_000: float64, float64 
[ 2023-01-10 01:10:05,287 ] 85 root - INFO - Hypothesis be_000: float64, float64 
[ 2023-01-10 01:10:05,294 ] 85 root - INFO - Hypothesis bf_000: float64, float64 
[ 2023-01-10 01:10:05,299 ] 85 root - INFO - Hypothesis bg_000: float64, float64 
[ 2023-01-10 01:10:05,306 ] 85 root - INFO - Hypothesis bh_000: float64, float64 
[ 2023-01-10 01:10:05,313 ] 85 root - INFO - Hypothesis bi_000: float64, float64 
[ 2023-01-10 01:10:05,321 ] 85 root - INFO - Hypothesis bj_000: float64, float64 
[ 2023-01-10 01:10:05,328 ] 85 root - INFO - Hypothesis bs_000: float64, float64 
[ 2023-01-10 01:10:05,336 ] 85 root - INFO - Hypothesis bt_000: float64, float64 
[ 2023-01-10 01:10:05,343 ] 85 root - INFO - Hypothesis bu_000: float64, float64 
[ 2023-01-10 01:10:05,350 ] 85 root - INFO - Hypothesis bv_000: float64, float64 
[ 2023-01-10 01:10:05,358 ] 85 root - INFO - Hypothesis bx_000: float64, float64 
[ 2023-01-10 01:10:05,365 ] 85 root - INFO - Hypothesis by_000: float64, float64 
[ 2023-01-10 01:10:05,372 ] 85 root - INFO - Hypothesis bz_000: float64, float64 
[ 2023-01-10 01:10:05,379 ] 85 root - INFO - Hypothesis ca_000: float64, float64 
[ 2023-01-10 01:10:05,387 ] 85 root - INFO - Hypothesis cb_000: float64, float64 
[ 2023-01-10 01:10:05,394 ] 85 root - INFO - Hypothesis cc_000: float64, float64 
[ 2023-01-10 01:10:05,404 ] 85 root - INFO - Hypothesis cd_000: float64, float64 
[ 2023-01-10 01:10:05,421 ] 85 root - INFO - Hypothesis ce_000: float64, float64 
[ 2023-01-10 01:10:05,427 ] 85 root - INFO - Hypothesis ci_000: float64, float64 
[ 2023-01-10 01:10:05,435 ] 85 root - INFO - Hypothesis cj_000: float64, float64 
[ 2023-01-10 01:10:05,439 ] 85 root - INFO - Hypothesis ck_000: float64, float64 
[ 2023-01-10 01:10:05,446 ] 85 root - INFO - Hypothesis cl_000: float64, float64 
[ 2023-01-10 01:10:05,451 ] 85 root - INFO - Hypothesis cm_000: float64, float64 
[ 2023-01-10 01:10:05,456 ] 85 root - INFO - Hypothesis cn_000: float64, float64 
[ 2023-01-10 01:10:05,471 ] 85 root - INFO - Hypothesis cn_001: float64, float64 
[ 2023-01-10 01:10:05,476 ] 85 root - INFO - Hypothesis cn_002: float64, float64 
[ 2023-01-10 01:10:05,481 ] 85 root - INFO - Hypothesis cn_003: float64, float64 
[ 2023-01-10 01:10:05,488 ] 85 root - INFO - Hypothesis cn_004: float64, float64 
[ 2023-01-10 01:10:05,495 ] 85 root - INFO - Hypothesis cn_005: float64, float64 
[ 2023-01-10 01:10:05,502 ] 85 root - INFO - Hypothesis cn_006: float64, float64 
[ 2023-01-10 01:10:05,509 ] 85 root - INFO - Hypothesis cn_007: float64, float64 
[ 2023-01-10 01:10:05,515 ] 85 root - INFO - Hypothesis cn_008: float64, float64 
[ 2023-01-10 01:10:05,521 ] 85 root - INFO - Hypothesis cn_009: float64, float64 
[ 2023-01-10 01:10:05,526 ] 85 root - INFO - Hypothesis cp_000: float64, float64 
[ 2023-01-10 01:10:05,531 ] 85 root - INFO - Hypothesis cq_000: float64, float64 
[ 2023-01-10 01:10:05,538 ] 85 root - INFO - Hypothesis cs_000: float64, float64 
[ 2023-01-10 01:10:05,545 ] 85 root - INFO - Hypothesis cs_001: float64, float64 
[ 2023-01-10 01:10:05,550 ] 85 root - INFO - Hypothesis cs_002: float64, float64 
[ 2023-01-10 01:10:05,557 ] 85 root - INFO - Hypothesis cs_003: float64, float64 
[ 2023-01-10 01:10:05,564 ] 85 root - INFO - Hypothesis cs_004: float64, float64 
[ 2023-01-10 01:10:05,571 ] 85 root - INFO - Hypothesis cs_005: float64, float64 
[ 2023-01-10 01:10:05,578 ] 85 root - INFO - Hypothesis cs_006: float64, float64 
[ 2023-01-10 01:10:05,585 ] 85 root - INFO - Hypothesis cs_007: float64, float64 
[ 2023-01-10 01:10:05,592 ] 85 root - INFO - Hypothesis cs_008: float64, float64 
[ 2023-01-10 01:10:05,597 ] 85 root - INFO - Hypothesis cs_009: float64, float64 
[ 2023-01-10 01:10:05,613 ] 85 root - INFO - Hypothesis dd_000: float64, float64 
[ 2023-01-10 01:10:05,619 ] 85 root - INFO - Hypothesis de_000: float64, float64 
[ 2023-01-10 01:10:05,625 ] 85 root - INFO - Hypothesis df_000: float64, float64 
[ 2023-01-10 01:10:05,628 ] 85 root - INFO - Hypothesis dg_000: float64, float64 
[ 2023-01-10 01:10:05,631 ] 85 root - INFO - Hypothesis dh_000: float64, float64 
[ 2023-01-10 01:10:05,635 ] 85 root - INFO - Hypothesis di_000: float64, float64 
[ 2023-01-10 01:10:05,639 ] 85 root - INFO - Hypothesis dj_000: float64, float64 
[ 2023-01-10 01:10:05,655 ] 85 root - INFO - Hypothesis dk_000: float64, float64 
[ 2023-01-10 01:10:05,658 ] 85 root - INFO - Hypothesis dl_000: float64, float64 
[ 2023-01-10 01:10:05,676 ] 85 root - INFO - Hypothesis dm_000: float64, float64 
[ 2023-01-10 01:10:05,692 ] 85 root - INFO - Hypothesis dn_000: float64, float64 
[ 2023-01-10 01:10:05,698 ] 85 root - INFO - Hypothesis do_000: float64, float64 
[ 2023-01-10 01:10:05,705 ] 85 root - INFO - Hypothesis dp_000: float64, float64 
[ 2023-01-10 01:10:05,711 ] 85 root - INFO - Hypothesis dq_000: float64, float64 
[ 2023-01-10 01:10:05,716 ] 85 root - INFO - Hypothesis dr_000: float64, float64 
[ 2023-01-10 01:10:05,720 ] 85 root - INFO - Hypothesis ds_000: float64, float64 
[ 2023-01-10 01:10:05,727 ] 85 root - INFO - Hypothesis dt_000: float64, float64 
[ 2023-01-10 01:10:05,734 ] 85 root - INFO - Hypothesis du_000: float64, float64 
[ 2023-01-10 01:10:05,740 ] 85 root - INFO - Hypothesis dv_000: float64, float64 
[ 2023-01-10 01:10:05,747 ] 85 root - INFO - Hypothesis dx_000: float64, float64 
[ 2023-01-10 01:10:05,752 ] 85 root - INFO - Hypothesis dy_000: float64, float64 
[ 2023-01-10 01:10:05,757 ] 85 root - INFO - Hypothesis dz_000: float64, float64 
[ 2023-01-10 01:10:05,773 ] 85 root - INFO - Hypothesis ea_000: float64, float64 
[ 2023-01-10 01:10:05,788 ] 85 root - INFO - Hypothesis eb_000: float64, float64 
[ 2023-01-10 01:10:05,794 ] 85 root - INFO - Hypothesis ec_00: float64, float64 
[ 2023-01-10 01:10:05,801 ] 85 root - INFO - Hypothesis ed_000: float64, float64 
[ 2023-01-10 01:10:05,807 ] 85 root - INFO - Hypothesis ee_000: float64, float64 
[ 2023-01-10 01:10:05,814 ] 85 root - INFO - Hypothesis ee_001: float64, float64 
[ 2023-01-10 01:10:05,821 ] 85 root - INFO - Hypothesis ee_002: float64, float64 
[ 2023-01-10 01:10:05,828 ] 85 root - INFO - Hypothesis ee_003: float64, float64 
[ 2023-01-10 01:10:05,835 ] 85 root - INFO - Hypothesis ee_004: float64, float64 
[ 2023-01-10 01:10:05,841 ] 85 root - INFO - Hypothesis ee_005: float64, float64 
[ 2023-01-10 01:10:05,848 ] 85 root - INFO - Hypothesis ee_006: float64, float64 
[ 2023-01-10 01:10:05,855 ] 85 root - INFO - Hypothesis ee_007: float64, float64 
[ 2023-01-10 01:10:05,861 ] 85 root - INFO - Hypothesis ee_008: float64, float64 
[ 2023-01-10 01:10:05,867 ] 85 root - INFO - Hypothesis ee_009: float64, float64 
[ 2023-01-10 01:10:05,872 ] 85 root - INFO - Hypothesis ef_000: float64, float64 
[ 2023-01-10 01:10:05,888 ] 85 root - INFO - Hypothesis eg_000: float64, float64 
[ 2023-01-10 01:10:05,903 ] 144 root - INFO - Write reprt in yaml file
[ 2023-01-10 01:10:05,944 ] 148 root - INFO - Data validation artifact: DataValidationArtifact(report_file_path='/config/workspace/artifact/01102023__010940/data_validation/report.yaml')
[ 2023-01-10 01:10:06,855 ] 71 root - INFO - Before resampling in training set Input: (28950, 170) Target:(28950,)
[ 2023-01-10 01:10:13,121 ] 73 root - INFO - After resampling in training set Input: (56152, 170) Target:(56152,)
[ 2023-01-10 01:10:13,122 ] 75 root - INFO - Before resampling in testing set Input: (7238, 170) Target:(7238,)
[ 2023-01-10 01:10:13,708 ] 77 root - INFO - After resampling in testing set Input: (14072, 170) Target:(14072,)
[ 2023-01-10 01:10:13,820 ] 54 root - INFO - Entered the save_object method of utils
[ 2023-01-10 01:10:13,823 ] 58 root - INFO - Exited the save_object method of utils
[ 2023-01-10 01:10:13,823 ] 54 root - INFO - Entered the save_object method of utils
[ 2023-01-10 01:10:13,824 ] 58 root - INFO - Exited the save_object method of utils
[ 2023-01-10 01:10:13,824 ] 108 root - INFO - Data transformation object DataTransformationArtifact(transform_object_path='/config/workspace/artifact/01102023__010940/data_transformation/transformer/transformer.pkl', transformed_train_path='/config/workspace/artifact/01102023__010940/data_transformation/transformed/train.npz', transformed_test_path='/config/workspace/artifact/01102023__010940/data_transformation/transformed/test.npz', target_encoder_path='/config/workspace/artifact/01102023__010940/data_transformation/target_encoder/target_encoder.pkl')
[ 2023-01-10 01:10:13,825 ] 16 root - INFO - >>>>>>>>>>>>>>>>>>>>>>>>>>>>>>>>>>>>>>>> Model Trainer <<<<<<<<<<<<<<<<<<<<<<<<<<<<<<<<<<<<<<<<
[ 2023-01-10 01:10:13,825 ] 45 root - INFO - Loading train and test array.
[ 2023-01-10 01:10:13,856 ] 49 root - INFO - Splitting input and target feature from both train and test arr.
[ 2023-01-10 01:10:13,856 ] 53 root - INFO - Train the model
[ 2023-01-10 01:10:24,387 ] 56 root - INFO - Calculating f1 train score
[ 2023-01-10 01:10:24,436 ] 60 root - INFO - Calculating f1 test score
[ 2023-01-10 01:10:24,454 ] 64 root - INFO - train score:0.9999821908781678 and tests score 0.9694011365292147
[ 2023-01-10 01:10:24,454 ] 66 root - INFO - Checking if our model is underfitting or not
[ 2023-01-10 01:10:24,454 ] 71 root - INFO - Checking if our model is overfiiting or not
[ 2023-01-10 01:10:24,454 ] 78 root - INFO - Saving mode object
[ 2023-01-10 01:10:24,454 ] 54 root - INFO - Entered the save_object method of utils
[ 2023-01-10 01:10:24,459 ] 58 root - INFO - Exited the save_object method of utils
[ 2023-01-10 01:10:24,459 ] 82 root - INFO - Prepare the artifact
[ 2023-01-10 01:10:24,459 ] 85 root - INFO - Model trainer artifact: ModelTrainerArtifact(model_path='/config/workspace/artifact/01102023__010940/model_trainer/model/model.pkl', f1_train_score=0.9999821908781678, f1_test_score=0.9694011365292147)
[ 2023-01-10 01:10:24,460 ] 19 root - INFO - >>>>>>>>>>>>>>>>>>>>>>>>>>>>>>>>>>>>>>>>  Model Evaluation <<<<<<<<<<<<<<<<<<<<<<<<<<<<<<<<<<<<<<<<
[ 2023-01-10 01:10:24,461 ] 35 root - INFO - if saved model folder has model the we will compare which model is best trained or the model from saved model folder
[ 2023-01-10 01:10:24,461 ] 46 root - INFO - Finding location of transformer model and target encoder
[ 2023-01-10 01:10:24,461 ] 51 root - INFO - Previous trained objects of transformer, model and target encoder
[ 2023-01-10 01:10:24,466 ] 58 root - INFO - Currently trained model objects
[ 2023-01-10 01:10:24,626 ] 76 root - INFO - Accuracy using previous trained model: 0.8
[ 2023-01-10 01:10:24,663 ] 85 root - INFO - Accuracy using current trained model: 0.8
[ 2023-01-10 01:10:24,663 ] 87 root - INFO - Current trained model is not better than previous model
