[ 2023-01-10 00:45:01,507 ] 15 root - INFO - >>>>>>>>>>>>>>>>>>>>>>>>>>>>>>>>>>>>>>>> Data Ingestion <<<<<<<<<<<<<<<<<<<<<<<<<<<<<<<<<<<<<<<<
[ 2023-01-10 00:45:01,507 ] 22 root - INFO - Exporting collection data as pandas dataframe
[ 2023-01-10 00:45:01,507 ] 21 root - INFO - Reading data from database: aps and collection: sensor
[ 2023-01-10 00:45:04,978 ] 23 root - INFO - Found columns: Index(['_id', 'class', 'aa_000', 'ab_000', 'ac_000', 'ad_000', 'ae_000',
       'af_000', 'ag_000', 'ag_001',
       ...
       'ee_002', 'ee_003', 'ee_004', 'ee_005', 'ee_006', 'ee_007', 'ee_008',
       'ee_009', 'ef_000', 'eg_000'],
      dtype='object', length=172)
[ 2023-01-10 00:45:04,978 ] 25 root - INFO - Dropping column: _id 
[ 2023-01-10 00:45:05,176 ] 27 root - INFO - Row and columns in df: (36188, 171)
[ 2023-01-10 00:45:05,176 ] 28 root - INFO - Save data in feature store
[ 2023-01-10 00:45:05,722 ] 34 root - INFO - Create feature store folder if not available
[ 2023-01-10 00:45:05,723 ] 38 root - INFO - Save df to feature store folder
[ 2023-01-10 00:45:08,068 ] 43 root - INFO - split dataset into train and test set
[ 2023-01-10 00:45:08,603 ] 47 root - INFO - create dataset directory folder if not available
[ 2023-01-10 00:45:08,604 ] 52 root - INFO - Save df to feature store folder
[ 2023-01-10 00:45:10,739 ] 64 root - INFO - Data ingestion artifact: DataIngestionArtifact(feature_store_file_path='/config/workspace/artifact/01102023__004501/data_ingestion/feature_store/sensor.csv', train_file_path='/config/workspace/artifact/01102023__004501/data_ingestion/dataset/train.csv', test_file_path='/config/workspace/artifact/01102023__004501/data_ingestion/dataset/test.csv')
[ 2023-01-10 00:45:11,135 ] 20 root - INFO - >>>>>>>>>>>>>>>>>>>>>>>>>>>>>>>>>>>>>>>>Data Validation <<<<<<<<<<<<<<<<<<<<<<<<<<<<<<<<<<<<<<<<
[ 2023-01-10 00:45:11,135 ] 107 root - INFO - Reading base dataframe
[ 2023-01-10 00:45:12,700 ] 109 root - INFO - Replace na value with NaN
[ 2023-01-10 00:45:14,017 ] 112 root - INFO - Drop null values column from base df
[ 2023-01-10 00:45:14,905 ] 42 root - INFO - selecting column name which contains null above to 0.2
[ 2023-01-10 00:45:14,906 ] 45 root - INFO - Columns to drop: ['ab_000', 'ad_000', 'bk_000', 'bl_000', 'bm_000', 'bn_000', 'bo_000', 'bp_000', 'bq_000', 'br_000', 'cf_000', 'cg_000', 'ch_000', 'co_000', 'cr_000', 'ct_000', 'cu_000', 'cv_000', 'cx_000', 'cy_000', 'cz_000', 'da_000', 'db_000', 'dc_000']
[ 2023-01-10 00:45:14,985 ] 115 root - INFO - Reading train dataframe
[ 2023-01-10 00:45:15,371 ] 117 root - INFO - Reading test dataframe
[ 2023-01-10 00:45:15,472 ] 120 root - INFO - Drop null values columns from train df
[ 2023-01-10 00:45:15,484 ] 42 root - INFO - selecting column name which contains null above to 0.2
[ 2023-01-10 00:45:15,484 ] 45 root - INFO - Columns to drop: ['ab_000', 'ad_000', 'bk_000', 'bl_000', 'bm_000', 'bn_000', 'bo_000', 'bp_000', 'bq_000', 'br_000', 'cf_000', 'cg_000', 'ch_000', 'co_000', 'cr_000', 'ct_000', 'cu_000', 'cv_000', 'cx_000', 'cy_000', 'cz_000', 'da_000', 'db_000', 'dc_000']
[ 2023-01-10 00:45:15,493 ] 122 root - INFO - Drop null values columns from test df
[ 2023-01-10 00:45:15,497 ] 42 root - INFO - selecting column name which contains null above to 0.2
[ 2023-01-10 00:45:15,497 ] 45 root - INFO - Columns to drop: ['ab_000', 'ad_000', 'bk_000', 'bl_000', 'bm_000', 'bn_000', 'bo_000', 'bp_000', 'bq_000', 'br_000', 'cf_000', 'cg_000', 'ch_000', 'co_000', 'cr_000', 'ct_000', 'cu_000', 'cv_000', 'cx_000', 'cy_000', 'cz_000', 'da_000', 'db_000', 'dc_000']
[ 2023-01-10 00:45:21,464 ] 130 root - INFO - Is all required columns present in train df
[ 2023-01-10 00:45:21,465 ] 132 root - INFO - Is all required columns present in test df
[ 2023-01-10 00:45:21,465 ] 136 root - INFO - As all column are available in train df hence detecting data drift
[ 2023-01-10 00:45:21,465 ] 85 root - INFO - Hypothesis class: object, object 
[ 2023-01-10 00:45:21,599 ] 85 root - INFO - Hypothesis aa_000: float64, float64 
[ 2023-01-10 00:45:21,609 ] 85 root - INFO - Hypothesis ac_000: float64, float64 
[ 2023-01-10 00:45:21,649 ] 85 root - INFO - Hypothesis ae_000: float64, float64 
[ 2023-01-10 00:45:21,685 ] 85 root - INFO - Hypothesis af_000: float64, float64 
[ 2023-01-10 00:45:21,722 ] 85 root - INFO - Hypothesis ag_000: float64, float64 
[ 2023-01-10 00:45:21,757 ] 85 root - INFO - Hypothesis ag_001: float64, float64 
[ 2023-01-10 00:45:21,792 ] 85 root - INFO - Hypothesis ag_002: float64, float64 
[ 2023-01-10 00:45:21,829 ] 85 root - INFO - Hypothesis ag_003: float64, float64 
[ 2023-01-10 00:45:21,835 ] 85 root - INFO - Hypothesis ag_004: float64, float64 
[ 2023-01-10 00:45:21,846 ] 85 root - INFO - Hypothesis ag_005: float64, float64 
[ 2023-01-10 00:45:21,856 ] 85 root - INFO - Hypothesis ag_006: float64, float64 
[ 2023-01-10 00:45:21,867 ] 85 root - INFO - Hypothesis ag_007: float64, float64 
[ 2023-01-10 00:45:21,876 ] 85 root - INFO - Hypothesis ag_008: float64, float64 
[ 2023-01-10 00:45:21,884 ] 85 root - INFO - Hypothesis ag_009: float64, float64 
[ 2023-01-10 00:45:21,891 ] 85 root - INFO - Hypothesis ah_000: float64, float64 
[ 2023-01-10 00:45:21,902 ] 85 root - INFO - Hypothesis ai_000: float64, float64 
[ 2023-01-10 00:45:21,939 ] 85 root - INFO - Hypothesis aj_000: float64, float64 
[ 2023-01-10 00:45:21,945 ] 85 root - INFO - Hypothesis ak_000: float64, float64 
[ 2023-01-10 00:45:21,983 ] 85 root - INFO - Hypothesis al_000: float64, float64 
[ 2023-01-10 00:45:21,991 ] 85 root - INFO - Hypothesis am_0: float64, float64 
[ 2023-01-10 00:45:21,998 ] 85 root - INFO - Hypothesis an_000: float64, float64 
[ 2023-01-10 00:45:22,009 ] 85 root - INFO - Hypothesis ao_000: float64, float64 
[ 2023-01-10 00:45:22,019 ] 85 root - INFO - Hypothesis ap_000: float64, float64 
[ 2023-01-10 00:45:22,030 ] 85 root - INFO - Hypothesis aq_000: float64, float64 
[ 2023-01-10 00:45:22,040 ] 85 root - INFO - Hypothesis ar_000: float64, float64 
[ 2023-01-10 00:45:22,077 ] 85 root - INFO - Hypothesis as_000: float64, float64 
[ 2023-01-10 00:45:22,112 ] 85 root - INFO - Hypothesis at_000: float64, float64 
[ 2023-01-10 00:45:22,149 ] 85 root - INFO - Hypothesis au_000: float64, float64 
[ 2023-01-10 00:45:22,184 ] 85 root - INFO - Hypothesis av_000: float64, float64 
[ 2023-01-10 00:45:22,193 ] 85 root - INFO - Hypothesis ax_000: float64, float64 
[ 2023-01-10 00:45:22,201 ] 85 root - INFO - Hypothesis ay_000: float64, float64 
[ 2023-01-10 00:45:22,236 ] 85 root - INFO - Hypothesis ay_001: float64, float64 
[ 2023-01-10 00:45:22,272 ] 85 root - INFO - Hypothesis ay_002: float64, float64 
[ 2023-01-10 00:45:22,308 ] 85 root - INFO - Hypothesis ay_003: float64, float64 
[ 2023-01-10 00:45:22,346 ] 85 root - INFO - Hypothesis ay_004: float64, float64 
[ 2023-01-10 00:45:22,382 ] 85 root - INFO - Hypothesis ay_005: float64, float64 
[ 2023-01-10 00:45:22,422 ] 85 root - INFO - Hypothesis ay_006: float64, float64 
[ 2023-01-10 00:45:22,431 ] 85 root - INFO - Hypothesis ay_007: float64, float64 
[ 2023-01-10 00:45:22,441 ] 85 root - INFO - Hypothesis ay_008: float64, float64 
[ 2023-01-10 00:45:22,451 ] 85 root - INFO - Hypothesis ay_009: float64, float64 
[ 2023-01-10 00:45:22,487 ] 85 root - INFO - Hypothesis az_000: float64, float64 
[ 2023-01-10 00:45:22,497 ] 85 root - INFO - Hypothesis az_001: float64, float64 
[ 2023-01-10 00:45:22,506 ] 85 root - INFO - Hypothesis az_002: float64, float64 
[ 2023-01-10 00:45:22,516 ] 85 root - INFO - Hypothesis az_003: float64, float64 
[ 2023-01-10 00:45:22,526 ] 85 root - INFO - Hypothesis az_004: float64, float64 
[ 2023-01-10 00:45:22,536 ] 85 root - INFO - Hypothesis az_005: float64, float64 
[ 2023-01-10 00:45:22,546 ] 85 root - INFO - Hypothesis az_006: float64, float64 
[ 2023-01-10 00:45:22,587 ] 85 root - INFO - Hypothesis az_007: float64, float64 
[ 2023-01-10 00:45:22,624 ] 85 root - INFO - Hypothesis az_008: float64, float64 
[ 2023-01-10 00:45:22,661 ] 85 root - INFO - Hypothesis az_009: float64, float64 
[ 2023-01-10 00:45:22,696 ] 85 root - INFO - Hypothesis ba_000: float64, float64 
[ 2023-01-10 00:45:22,707 ] 85 root - INFO - Hypothesis ba_001: float64, float64 
[ 2023-01-10 00:45:22,717 ] 85 root - INFO - Hypothesis ba_002: float64, float64 
[ 2023-01-10 00:45:22,728 ] 85 root - INFO - Hypothesis ba_003: float64, float64 
[ 2023-01-10 00:45:22,738 ] 85 root - INFO - Hypothesis ba_004: float64, float64 
[ 2023-01-10 00:45:22,748 ] 85 root - INFO - Hypothesis ba_005: float64, float64 
[ 2023-01-10 00:45:22,758 ] 85 root - INFO - Hypothesis ba_006: float64, float64 
[ 2023-01-10 00:45:22,768 ] 85 root - INFO - Hypothesis ba_007: float64, float64 
[ 2023-01-10 00:45:22,777 ] 85 root - INFO - Hypothesis ba_008: float64, float64 
[ 2023-01-10 00:45:22,817 ] 85 root - INFO - Hypothesis ba_009: float64, float64 
[ 2023-01-10 00:45:22,856 ] 85 root - INFO - Hypothesis bb_000: float64, float64 
[ 2023-01-10 00:45:22,866 ] 85 root - INFO - Hypothesis bc_000: float64, float64 
[ 2023-01-10 00:45:22,906 ] 85 root - INFO - Hypothesis bd_000: float64, float64 
[ 2023-01-10 00:45:22,914 ] 85 root - INFO - Hypothesis be_000: float64, float64 
[ 2023-01-10 00:45:22,923 ] 85 root - INFO - Hypothesis bf_000: float64, float64 
[ 2023-01-10 00:45:22,929 ] 85 root - INFO - Hypothesis bg_000: float64, float64 
[ 2023-01-10 00:45:22,940 ] 85 root - INFO - Hypothesis bh_000: float64, float64 
[ 2023-01-10 00:45:22,951 ] 85 root - INFO - Hypothesis bi_000: float64, float64 
[ 2023-01-10 00:45:22,961 ] 85 root - INFO - Hypothesis bj_000: float64, float64 
[ 2023-01-10 00:45:22,972 ] 85 root - INFO - Hypothesis bs_000: float64, float64 
[ 2023-01-10 00:45:22,982 ] 85 root - INFO - Hypothesis bt_000: float64, float64 
[ 2023-01-10 00:45:22,993 ] 85 root - INFO - Hypothesis bu_000: float64, float64 
[ 2023-01-10 00:45:23,004 ] 85 root - INFO - Hypothesis bv_000: float64, float64 
[ 2023-01-10 00:45:23,015 ] 85 root - INFO - Hypothesis bx_000: float64, float64 
[ 2023-01-10 00:45:23,025 ] 85 root - INFO - Hypothesis by_000: float64, float64 
[ 2023-01-10 00:45:23,035 ] 85 root - INFO - Hypothesis bz_000: float64, float64 
[ 2023-01-10 00:45:23,044 ] 85 root - INFO - Hypothesis ca_000: float64, float64 
[ 2023-01-10 00:45:23,055 ] 85 root - INFO - Hypothesis cb_000: float64, float64 
[ 2023-01-10 00:45:23,065 ] 85 root - INFO - Hypothesis cc_000: float64, float64 
[ 2023-01-10 00:45:23,076 ] 85 root - INFO - Hypothesis cd_000: float64, float64 
[ 2023-01-10 00:45:23,111 ] 85 root - INFO - Hypothesis ce_000: float64, float64 
[ 2023-01-10 00:45:23,121 ] 85 root - INFO - Hypothesis ci_000: float64, float64 
[ 2023-01-10 00:45:23,131 ] 85 root - INFO - Hypothesis cj_000: float64, float64 
[ 2023-01-10 00:45:23,169 ] 85 root - INFO - Hypothesis ck_000: float64, float64 
[ 2023-01-10 00:45:23,180 ] 85 root - INFO - Hypothesis cl_000: float64, float64 
[ 2023-01-10 00:45:23,186 ] 85 root - INFO - Hypothesis cm_000: float64, float64 
[ 2023-01-10 00:45:23,193 ] 85 root - INFO - Hypothesis cn_000: float64, float64 
[ 2023-01-10 00:45:23,229 ] 85 root - INFO - Hypothesis cn_001: float64, float64 
[ 2023-01-10 00:45:23,267 ] 85 root - INFO - Hypothesis cn_002: float64, float64 
[ 2023-01-10 00:45:23,275 ] 85 root - INFO - Hypothesis cn_003: float64, float64 
[ 2023-01-10 00:45:23,285 ] 85 root - INFO - Hypothesis cn_004: float64, float64 
[ 2023-01-10 00:45:23,296 ] 85 root - INFO - Hypothesis cn_005: float64, float64 
[ 2023-01-10 00:45:23,307 ] 85 root - INFO - Hypothesis cn_006: float64, float64 
[ 2023-01-10 00:45:23,317 ] 85 root - INFO - Hypothesis cn_007: float64, float64 
[ 2023-01-10 00:45:23,326 ] 85 root - INFO - Hypothesis cn_008: float64, float64 
[ 2023-01-10 00:45:23,335 ] 85 root - INFO - Hypothesis cn_009: float64, float64 
[ 2023-01-10 00:45:23,374 ] 85 root - INFO - Hypothesis cp_000: float64, float64 
[ 2023-01-10 00:45:23,416 ] 85 root - INFO - Hypothesis cq_000: float64, float64 
[ 2023-01-10 00:45:23,426 ] 85 root - INFO - Hypothesis cs_000: float64, float64 
[ 2023-01-10 00:45:23,437 ] 85 root - INFO - Hypothesis cs_001: float64, float64 
[ 2023-01-10 00:45:23,446 ] 85 root - INFO - Hypothesis cs_002: float64, float64 
[ 2023-01-10 00:45:23,455 ] 85 root - INFO - Hypothesis cs_003: float64, float64 
[ 2023-01-10 00:45:23,466 ] 85 root - INFO - Hypothesis cs_004: float64, float64 
[ 2023-01-10 00:45:23,476 ] 85 root - INFO - Hypothesis cs_005: float64, float64 
[ 2023-01-10 00:45:23,486 ] 85 root - INFO - Hypothesis cs_006: float64, float64 
[ 2023-01-10 00:45:23,497 ] 85 root - INFO - Hypothesis cs_007: float64, float64 
[ 2023-01-10 00:45:23,507 ] 85 root - INFO - Hypothesis cs_008: float64, float64 
[ 2023-01-10 00:45:23,547 ] 85 root - INFO - Hypothesis cs_009: float64, float64 
[ 2023-01-10 00:45:23,583 ] 85 root - INFO - Hypothesis dd_000: float64, float64 
[ 2023-01-10 00:45:23,592 ] 85 root - INFO - Hypothesis de_000: float64, float64 
[ 2023-01-10 00:45:23,601 ] 85 root - INFO - Hypothesis df_000: float64, float64 
[ 2023-01-10 00:45:23,637 ] 85 root - INFO - Hypothesis dg_000: float64, float64 
[ 2023-01-10 00:45:23,675 ] 85 root - INFO - Hypothesis dh_000: float64, float64 
[ 2023-01-10 00:45:23,680 ] 85 root - INFO - Hypothesis di_000: float64, float64 
[ 2023-01-10 00:45:23,719 ] 85 root - INFO - Hypothesis dj_000: float64, float64 
[ 2023-01-10 00:45:23,755 ] 85 root - INFO - Hypothesis dk_000: float64, float64 
[ 2023-01-10 00:45:23,791 ] 85 root - INFO - Hypothesis dl_000: float64, float64 
[ 2023-01-10 00:45:23,828 ] 85 root - INFO - Hypothesis dm_000: float64, float64 
[ 2023-01-10 00:45:23,864 ] 85 root - INFO - Hypothesis dn_000: float64, float64 
[ 2023-01-10 00:45:23,874 ] 85 root - INFO - Hypothesis do_000: float64, float64 
[ 2023-01-10 00:45:23,883 ] 85 root - INFO - Hypothesis dp_000: float64, float64 
[ 2023-01-10 00:45:23,892 ] 85 root - INFO - Hypothesis dq_000: float64, float64 
[ 2023-01-10 00:45:23,931 ] 85 root - INFO - Hypothesis dr_000: float64, float64 
[ 2023-01-10 00:45:23,970 ] 85 root - INFO - Hypothesis ds_000: float64, float64 
[ 2023-01-10 00:45:23,980 ] 85 root - INFO - Hypothesis dt_000: float64, float64 
[ 2023-01-10 00:45:23,990 ] 85 root - INFO - Hypothesis du_000: float64, float64 
[ 2023-01-10 00:45:24,000 ] 85 root - INFO - Hypothesis dv_000: float64, float64 
[ 2023-01-10 00:45:24,010 ] 85 root - INFO - Hypothesis dx_000: float64, float64 
[ 2023-01-10 00:45:24,050 ] 85 root - INFO - Hypothesis dy_000: float64, float64 
[ 2023-01-10 00:45:24,088 ] 85 root - INFO - Hypothesis dz_000: float64, float64 
[ 2023-01-10 00:45:24,125 ] 85 root - INFO - Hypothesis ea_000: float64, float64 
[ 2023-01-10 00:45:24,160 ] 85 root - INFO - Hypothesis eb_000: float64, float64 
[ 2023-01-10 00:45:24,169 ] 85 root - INFO - Hypothesis ec_00: float64, float64 
[ 2023-01-10 00:45:24,179 ] 85 root - INFO - Hypothesis ed_000: float64, float64 
[ 2023-01-10 00:45:24,187 ] 85 root - INFO - Hypothesis ee_000: float64, float64 
[ 2023-01-10 00:45:24,198 ] 85 root - INFO - Hypothesis ee_001: float64, float64 
[ 2023-01-10 00:45:24,208 ] 85 root - INFO - Hypothesis ee_002: float64, float64 
[ 2023-01-10 00:45:24,219 ] 85 root - INFO - Hypothesis ee_003: float64, float64 
[ 2023-01-10 00:45:24,229 ] 85 root - INFO - Hypothesis ee_004: float64, float64 
[ 2023-01-10 00:45:24,239 ] 85 root - INFO - Hypothesis ee_005: float64, float64 
[ 2023-01-10 00:45:24,249 ] 85 root - INFO - Hypothesis ee_006: float64, float64 
[ 2023-01-10 00:45:24,259 ] 85 root - INFO - Hypothesis ee_007: float64, float64 
[ 2023-01-10 00:45:24,269 ] 85 root - INFO - Hypothesis ee_008: float64, float64 
[ 2023-01-10 00:45:24,278 ] 85 root - INFO - Hypothesis ee_009: float64, float64 
[ 2023-01-10 00:45:24,286 ] 85 root - INFO - Hypothesis ef_000: float64, float64 
[ 2023-01-10 00:45:24,322 ] 85 root - INFO - Hypothesis eg_000: float64, float64 
[ 2023-01-10 00:45:24,360 ] 140 root - INFO - As all column are available in test df hence detecting data drift
[ 2023-01-10 00:45:24,360 ] 85 root - INFO - Hypothesis class: object, object 
[ 2023-01-10 00:45:24,435 ] 85 root - INFO - Hypothesis aa_000: float64, float64 
[ 2023-01-10 00:45:24,442 ] 85 root - INFO - Hypothesis ac_000: float64, float64 
[ 2023-01-10 00:45:24,447 ] 85 root - INFO - Hypothesis ae_000: float64, float64 
[ 2023-01-10 00:45:24,462 ] 85 root - INFO - Hypothesis af_000: float64, float64 
[ 2023-01-10 00:45:24,477 ] 85 root - INFO - Hypothesis ag_000: float64, float64 
[ 2023-01-10 00:45:24,492 ] 85 root - INFO - Hypothesis ag_001: float64, float64 
[ 2023-01-10 00:45:24,507 ] 85 root - INFO - Hypothesis ag_002: float64, float64 
[ 2023-01-10 00:45:24,510 ] 85 root - INFO - Hypothesis ag_003: float64, float64 
[ 2023-01-10 00:45:24,514 ] 85 root - INFO - Hypothesis ag_004: float64, float64 
[ 2023-01-10 00:45:24,521 ] 85 root - INFO - Hypothesis ag_005: float64, float64 
[ 2023-01-10 00:45:24,528 ] 85 root - INFO - Hypothesis ag_006: float64, float64 
[ 2023-01-10 00:45:24,535 ] 85 root - INFO - Hypothesis ag_007: float64, float64 
[ 2023-01-10 00:45:24,541 ] 85 root - INFO - Hypothesis ag_008: float64, float64 
[ 2023-01-10 00:45:24,547 ] 85 root - INFO - Hypothesis ag_009: float64, float64 
[ 2023-01-10 00:45:24,551 ] 85 root - INFO - Hypothesis ah_000: float64, float64 
[ 2023-01-10 00:45:24,558 ] 85 root - INFO - Hypothesis ai_000: float64, float64 
[ 2023-01-10 00:45:24,562 ] 85 root - INFO - Hypothesis aj_000: float64, float64 
[ 2023-01-10 00:45:24,565 ] 85 root - INFO - Hypothesis ak_000: float64, float64 
[ 2023-01-10 00:45:24,569 ] 85 root - INFO - Hypothesis al_000: float64, float64 
[ 2023-01-10 00:45:24,573 ] 85 root - INFO - Hypothesis am_0: float64, float64 
[ 2023-01-10 00:45:24,578 ] 85 root - INFO - Hypothesis an_000: float64, float64 
[ 2023-01-10 00:45:24,585 ] 85 root - INFO - Hypothesis ao_000: float64, float64 
[ 2023-01-10 00:45:24,592 ] 85 root - INFO - Hypothesis ap_000: float64, float64 
[ 2023-01-10 00:45:24,599 ] 85 root - INFO - Hypothesis aq_000: float64, float64 
[ 2023-01-10 00:45:24,606 ] 85 root - INFO - Hypothesis ar_000: float64, float64 
[ 2023-01-10 00:45:24,622 ] 85 root - INFO - Hypothesis as_000: float64, float64 
[ 2023-01-10 00:45:24,636 ] 85 root - INFO - Hypothesis at_000: float64, float64 
[ 2023-01-10 00:45:24,652 ] 85 root - INFO - Hypothesis au_000: float64, float64 
[ 2023-01-10 00:45:24,667 ] 85 root - INFO - Hypothesis av_000: float64, float64 
[ 2023-01-10 00:45:24,672 ] 85 root - INFO - Hypothesis ax_000: float64, float64 
[ 2023-01-10 00:45:24,678 ] 85 root - INFO - Hypothesis ay_000: float64, float64 
[ 2023-01-10 00:45:24,692 ] 85 root - INFO - Hypothesis ay_001: float64, float64 
[ 2023-01-10 00:45:24,707 ] 85 root - INFO - Hypothesis ay_002: float64, float64 
[ 2023-01-10 00:45:24,722 ] 85 root - INFO - Hypothesis ay_003: float64, float64 
[ 2023-01-10 00:45:24,737 ] 85 root - INFO - Hypothesis ay_004: float64, float64 
[ 2023-01-10 00:45:24,752 ] 85 root - INFO - Hypothesis ay_005: float64, float64 
[ 2023-01-10 00:45:24,757 ] 85 root - INFO - Hypothesis ay_006: float64, float64 
[ 2023-01-10 00:45:24,764 ] 85 root - INFO - Hypothesis ay_007: float64, float64 
[ 2023-01-10 00:45:24,770 ] 85 root - INFO - Hypothesis ay_008: float64, float64 
[ 2023-01-10 00:45:24,777 ] 85 root - INFO - Hypothesis ay_009: float64, float64 
[ 2023-01-10 00:45:24,791 ] 85 root - INFO - Hypothesis az_000: float64, float64 
[ 2023-01-10 00:45:24,798 ] 85 root - INFO - Hypothesis az_001: float64, float64 
[ 2023-01-10 00:45:24,804 ] 85 root - INFO - Hypothesis az_002: float64, float64 
[ 2023-01-10 00:45:24,810 ] 85 root - INFO - Hypothesis az_003: float64, float64 
[ 2023-01-10 00:45:24,817 ] 85 root - INFO - Hypothesis az_004: float64, float64 
[ 2023-01-10 00:45:24,824 ] 85 root - INFO - Hypothesis az_005: float64, float64 
[ 2023-01-10 00:45:24,831 ] 85 root - INFO - Hypothesis az_006: float64, float64 
[ 2023-01-10 00:45:24,837 ] 85 root - INFO - Hypothesis az_007: float64, float64 
[ 2023-01-10 00:45:24,841 ] 85 root - INFO - Hypothesis az_008: float64, float64 
[ 2023-01-10 00:45:24,856 ] 85 root - INFO - Hypothesis az_009: float64, float64 
[ 2023-01-10 00:45:24,872 ] 85 root - INFO - Hypothesis ba_000: float64, float64 
[ 2023-01-10 00:45:24,878 ] 85 root - INFO - Hypothesis ba_001: float64, float64 
[ 2023-01-10 00:45:24,885 ] 85 root - INFO - Hypothesis ba_002: float64, float64 
[ 2023-01-10 00:45:24,892 ] 85 root - INFO - Hypothesis ba_003: float64, float64 
[ 2023-01-10 00:45:24,899 ] 85 root - INFO - Hypothesis ba_004: float64, float64 
[ 2023-01-10 00:45:24,906 ] 85 root - INFO - Hypothesis ba_005: float64, float64 
[ 2023-01-10 00:45:24,912 ] 85 root - INFO - Hypothesis ba_006: float64, float64 
[ 2023-01-10 00:45:24,919 ] 85 root - INFO - Hypothesis ba_007: float64, float64 
[ 2023-01-10 00:45:24,926 ] 85 root - INFO - Hypothesis ba_008: float64, float64 
[ 2023-01-10 00:45:24,932 ] 85 root - INFO - Hypothesis ba_009: float64, float64 
[ 2023-01-10 00:45:24,937 ] 85 root - INFO - Hypothesis bb_000: float64, float64 
[ 2023-01-10 00:45:24,945 ] 85 root - INFO - Hypothesis bc_000: float64, float64 
[ 2023-01-10 00:45:24,950 ] 85 root - INFO - Hypothesis bd_000: float64, float64 
[ 2023-01-10 00:45:24,956 ] 85 root - INFO - Hypothesis be_000: float64, float64 
[ 2023-01-10 00:45:24,962 ] 85 root - INFO - Hypothesis bf_000: float64, float64 
[ 2023-01-10 00:45:24,966 ] 85 root - INFO - Hypothesis bg_000: float64, float64 
[ 2023-01-10 00:45:24,973 ] 85 root - INFO - Hypothesis bh_000: float64, float64 
[ 2023-01-10 00:45:24,980 ] 85 root - INFO - Hypothesis bi_000: float64, float64 
[ 2023-01-10 00:45:24,987 ] 85 root - INFO - Hypothesis bj_000: float64, float64 
[ 2023-01-10 00:45:24,994 ] 85 root - INFO - Hypothesis bs_000: float64, float64 
[ 2023-01-10 00:45:25,001 ] 85 root - INFO - Hypothesis bt_000: float64, float64 
[ 2023-01-10 00:45:25,008 ] 85 root - INFO - Hypothesis bu_000: float64, float64 
[ 2023-01-10 00:45:25,016 ] 85 root - INFO - Hypothesis bv_000: float64, float64 
[ 2023-01-10 00:45:25,023 ] 85 root - INFO - Hypothesis bx_000: float64, float64 
[ 2023-01-10 00:45:25,030 ] 85 root - INFO - Hypothesis by_000: float64, float64 
[ 2023-01-10 00:45:25,037 ] 85 root - INFO - Hypothesis bz_000: float64, float64 
[ 2023-01-10 00:45:25,043 ] 85 root - INFO - Hypothesis ca_000: float64, float64 
[ 2023-01-10 00:45:25,050 ] 85 root - INFO - Hypothesis cb_000: float64, float64 
[ 2023-01-10 00:45:25,057 ] 85 root - INFO - Hypothesis cc_000: float64, float64 
[ 2023-01-10 00:45:25,064 ] 85 root - INFO - Hypothesis cd_000: float64, float64 
[ 2023-01-10 00:45:25,079 ] 85 root - INFO - Hypothesis ce_000: float64, float64 
[ 2023-01-10 00:45:25,085 ] 85 root - INFO - Hypothesis ci_000: float64, float64 
[ 2023-01-10 00:45:25,092 ] 85 root - INFO - Hypothesis cj_000: float64, float64 
[ 2023-01-10 00:45:25,096 ] 85 root - INFO - Hypothesis ck_000: float64, float64 
[ 2023-01-10 00:45:25,103 ] 85 root - INFO - Hypothesis cl_000: float64, float64 
[ 2023-01-10 00:45:25,107 ] 85 root - INFO - Hypothesis cm_000: float64, float64 
[ 2023-01-10 00:45:25,112 ] 85 root - INFO - Hypothesis cn_000: float64, float64 
[ 2023-01-10 00:45:25,127 ] 85 root - INFO - Hypothesis cn_001: float64, float64 
[ 2023-01-10 00:45:25,131 ] 85 root - INFO - Hypothesis cn_002: float64, float64 
[ 2023-01-10 00:45:25,136 ] 85 root - INFO - Hypothesis cn_003: float64, float64 
[ 2023-01-10 00:45:25,143 ] 85 root - INFO - Hypothesis cn_004: float64, float64 
[ 2023-01-10 00:45:25,150 ] 85 root - INFO - Hypothesis cn_005: float64, float64 
[ 2023-01-10 00:45:25,157 ] 85 root - INFO - Hypothesis cn_006: float64, float64 
[ 2023-01-10 00:45:25,164 ] 85 root - INFO - Hypothesis cn_007: float64, float64 
[ 2023-01-10 00:45:25,170 ] 85 root - INFO - Hypothesis cn_008: float64, float64 
[ 2023-01-10 00:45:25,176 ] 85 root - INFO - Hypothesis cn_009: float64, float64 
[ 2023-01-10 00:45:25,181 ] 85 root - INFO - Hypothesis cp_000: float64, float64 
[ 2023-01-10 00:45:25,186 ] 85 root - INFO - Hypothesis cq_000: float64, float64 
[ 2023-01-10 00:45:25,193 ] 85 root - INFO - Hypothesis cs_000: float64, float64 
[ 2023-01-10 00:45:25,199 ] 85 root - INFO - Hypothesis cs_001: float64, float64 
[ 2023-01-10 00:45:25,205 ] 85 root - INFO - Hypothesis cs_002: float64, float64 
[ 2023-01-10 00:45:25,212 ] 85 root - INFO - Hypothesis cs_003: float64, float64 
[ 2023-01-10 00:45:25,219 ] 85 root - INFO - Hypothesis cs_004: float64, float64 
[ 2023-01-10 00:45:25,226 ] 85 root - INFO - Hypothesis cs_005: float64, float64 
[ 2023-01-10 00:45:25,232 ] 85 root - INFO - Hypothesis cs_006: float64, float64 
[ 2023-01-10 00:45:25,240 ] 85 root - INFO - Hypothesis cs_007: float64, float64 
[ 2023-01-10 00:45:25,246 ] 85 root - INFO - Hypothesis cs_008: float64, float64 
[ 2023-01-10 00:45:25,251 ] 85 root - INFO - Hypothesis cs_009: float64, float64 
[ 2023-01-10 00:45:25,266 ] 85 root - INFO - Hypothesis dd_000: float64, float64 
[ 2023-01-10 00:45:25,273 ] 85 root - INFO - Hypothesis de_000: float64, float64 
[ 2023-01-10 00:45:25,279 ] 85 root - INFO - Hypothesis df_000: float64, float64 
[ 2023-01-10 00:45:25,282 ] 85 root - INFO - Hypothesis dg_000: float64, float64 
[ 2023-01-10 00:45:25,285 ] 85 root - INFO - Hypothesis dh_000: float64, float64 
[ 2023-01-10 00:45:25,288 ] 85 root - INFO - Hypothesis di_000: float64, float64 
[ 2023-01-10 00:45:25,292 ] 85 root - INFO - Hypothesis dj_000: float64, float64 
[ 2023-01-10 00:45:25,309 ] 85 root - INFO - Hypothesis dk_000: float64, float64 
[ 2023-01-10 00:45:25,312 ] 85 root - INFO - Hypothesis dl_000: float64, float64 
[ 2023-01-10 00:45:25,328 ] 85 root - INFO - Hypothesis dm_000: float64, float64 
[ 2023-01-10 00:45:25,344 ] 85 root - INFO - Hypothesis dn_000: float64, float64 
[ 2023-01-10 00:45:25,351 ] 85 root - INFO - Hypothesis do_000: float64, float64 
[ 2023-01-10 00:45:25,357 ] 85 root - INFO - Hypothesis dp_000: float64, float64 
[ 2023-01-10 00:45:25,364 ] 85 root - INFO - Hypothesis dq_000: float64, float64 
[ 2023-01-10 00:45:25,368 ] 85 root - INFO - Hypothesis dr_000: float64, float64 
[ 2023-01-10 00:45:25,373 ] 85 root - INFO - Hypothesis ds_000: float64, float64 
[ 2023-01-10 00:45:25,382 ] 85 root - INFO - Hypothesis dt_000: float64, float64 
[ 2023-01-10 00:45:25,390 ] 85 root - INFO - Hypothesis du_000: float64, float64 
[ 2023-01-10 00:45:25,397 ] 85 root - INFO - Hypothesis dv_000: float64, float64 
[ 2023-01-10 00:45:25,404 ] 85 root - INFO - Hypothesis dx_000: float64, float64 
[ 2023-01-10 00:45:25,408 ] 85 root - INFO - Hypothesis dy_000: float64, float64 
[ 2023-01-10 00:45:25,413 ] 85 root - INFO - Hypothesis dz_000: float64, float64 
[ 2023-01-10 00:45:25,427 ] 85 root - INFO - Hypothesis ea_000: float64, float64 
[ 2023-01-10 00:45:25,442 ] 85 root - INFO - Hypothesis eb_000: float64, float64 
[ 2023-01-10 00:45:25,448 ] 85 root - INFO - Hypothesis ec_00: float64, float64 
[ 2023-01-10 00:45:25,454 ] 85 root - INFO - Hypothesis ed_000: float64, float64 
[ 2023-01-10 00:45:25,460 ] 85 root - INFO - Hypothesis ee_000: float64, float64 
[ 2023-01-10 00:45:25,467 ] 85 root - INFO - Hypothesis ee_001: float64, float64 
[ 2023-01-10 00:45:25,474 ] 85 root - INFO - Hypothesis ee_002: float64, float64 
[ 2023-01-10 00:45:25,481 ] 85 root - INFO - Hypothesis ee_003: float64, float64 
[ 2023-01-10 00:45:25,488 ] 85 root - INFO - Hypothesis ee_004: float64, float64 
[ 2023-01-10 00:45:25,495 ] 85 root - INFO - Hypothesis ee_005: float64, float64 
[ 2023-01-10 00:45:25,502 ] 85 root - INFO - Hypothesis ee_006: float64, float64 
[ 2023-01-10 00:45:25,508 ] 85 root - INFO - Hypothesis ee_007: float64, float64 
[ 2023-01-10 00:45:25,515 ] 85 root - INFO - Hypothesis ee_008: float64, float64 
[ 2023-01-10 00:45:25,521 ] 85 root - INFO - Hypothesis ee_009: float64, float64 
[ 2023-01-10 00:45:25,526 ] 85 root - INFO - Hypothesis ef_000: float64, float64 
[ 2023-01-10 00:45:25,541 ] 85 root - INFO - Hypothesis eg_000: float64, float64 
[ 2023-01-10 00:45:25,556 ] 144 root - INFO - Write reprt in yaml file
[ 2023-01-10 00:45:25,592 ] 148 root - INFO - Data validation artifact: DataValidationArtifact(report_file_path='/config/workspace/artifact/01102023__004501/data_validation/report.yaml')
[ 2023-01-10 00:45:26,488 ] 71 root - INFO - Before resampling in training set Input: (28950, 170) Target:(28950,)
[ 2023-01-10 00:45:31,817 ] 73 root - INFO - After resampling in training set Input: (56152, 170) Target:(56152,)
[ 2023-01-10 00:45:31,817 ] 75 root - INFO - Before resampling in testing set Input: (7238, 170) Target:(7238,)
[ 2023-01-10 00:45:32,375 ] 77 root - INFO - After resampling in testing set Input: (14072, 170) Target:(14072,)
[ 2023-01-10 00:45:32,486 ] 54 root - INFO - Entered the save_object method of utils
[ 2023-01-10 00:45:32,489 ] 58 root - INFO - Exited the save_object method of utils
[ 2023-01-10 00:45:32,490 ] 54 root - INFO - Entered the save_object method of utils
[ 2023-01-10 00:45:32,490 ] 58 root - INFO - Exited the save_object method of utils
[ 2023-01-10 00:45:32,490 ] 108 root - INFO - Data transformation object DataTransformationArtifact(transform_object_path='/config/workspace/artifact/01102023__004501/data_transformation/transformer/transformer.pkl', transformed_train_path='/config/workspace/artifact/01102023__004501/data_transformation/transformed/train.npz', transformed_test_path='/config/workspace/artifact/01102023__004501/data_transformation/transformed/test.npz', target_encoder_path='/config/workspace/artifact/01102023__004501/data_transformation/target_encoder/target_encoder.pkl')
[ 2023-01-10 00:45:32,491 ] 16 root - INFO - >>>>>>>>>>>>>>>>>>>>>>>>>>>>>>>>>>>>>>>> Model Trainer <<<<<<<<<<<<<<<<<<<<<<<<<<<<<<<<<<<<<<<<
[ 2023-01-10 00:45:32,491 ] 45 root - INFO - Loading train and test array.
[ 2023-01-10 00:45:32,522 ] 49 root - INFO - Splitting input and target feature from both train and test arr.
[ 2023-01-10 00:45:32,522 ] 53 root - INFO - Train the model
[ 2023-01-10 00:45:41,122 ] 56 root - INFO - Calculating f1 train score
[ 2023-01-10 00:45:41,169 ] 60 root - INFO - Calculating f1 test score
[ 2023-01-10 00:45:41,186 ] 64 root - INFO - train score:0.9999821908781678 and tests score 0.9694011365292147
[ 2023-01-10 00:45:41,186 ] 66 root - INFO - Checking if our model is underfitting or not
[ 2023-01-10 00:45:41,186 ] 71 root - INFO - Checking if our model is overfiiting or not
[ 2023-01-10 00:45:41,186 ] 78 root - INFO - Saving mode object
[ 2023-01-10 00:45:41,186 ] 54 root - INFO - Entered the save_object method of utils
[ 2023-01-10 00:45:41,192 ] 58 root - INFO - Exited the save_object method of utils
[ 2023-01-10 00:45:41,192 ] 82 root - INFO - Prepare the artifact
[ 2023-01-10 00:45:41,192 ] 85 root - INFO - Model trainer artifact: ModelTrainerArtifact(model_path='/config/workspace/artifact/01102023__004501/model_trainer/model/model.pkl', f1_train_score=0.9999821908781678, f1_test_score=0.9694011365292147)
[ 2023-01-10 00:45:41,194 ] 19 root - INFO - >>>>>>>>>>>>>>>>>>>>>>>>>>>>>>>>>>>>>>>>  Model Evaluation <<<<<<<<<<<<<<<<<<<<<<<<<<<<<<<<<<<<<<<<
[ 2023-01-10 00:45:41,194 ] 35 root - INFO - if saved model folder has model the we will compare which model is best trained or the model from saved model folder
[ 2023-01-10 00:45:41,194 ] 46 root - INFO - Finding location of transformer model and target encoder
[ 2023-01-10 00:45:41,194 ] 51 root - INFO - Previous trained objects of transformer, model and target encoder
[ 2023-01-10 00:45:41,200 ] 58 root - INFO - Currently trained model objects
[ 2023-01-10 00:45:41,371 ] 76 root - INFO - Accuracy using previous trained model: 0.8
[ 2023-01-10 00:45:41,415 ] 85 root - INFO - Accuracy using current trained model: 0.8
[ 2023-01-10 00:45:41,415 ] 87 root - INFO - Current trained model is not better than previous model
